
RAxML-NG v. 1.0.0 released on 07.08.2020 by The Exelixis Lab.
Developed by: Alexey M. Kozlov and Alexandros Stamatakis.
Contributors: Diego Darriba, Tomas Flouri, Benoit Morel, Sarah Lutteropp, Ben Bettisworth.
Latest version: https://github.com/amkozlov/raxml-ng
Questions/problems/suggestions? Please visit: https://groups.google.com/forum/#!forum/raxml

System: Intel(R) Xeon(R) CPU E5-2670 v2 @ 2.50GHz, 20 cores, 62 GB RAM

RAxML-NG was called at 22-Jul-2022 14:10:49 as follows:

/global/home/users/uricchio/software/raxml-ng-master/raxml-ng --model GTR+G --prefix trees_xenPum_ref_HPfixed_DNA/t56d10k45.orig --redo --msa trees_xenPum_ref_HPfixed_DNA/t56d10k45.orig.raxml.rba

Analysis options:
  run mode: ML tree search
  start tree(s): random (10) + parsimony (10)
  random seed: 1658524249
  tip-inner: OFF
  pattern compression: ON
  per-rate scalers: OFF
  site repeats: ON
  fast spr radius: AUTO
  spr subtree cutoff: 1.000000
  branch lengths: proportional (ML estimate, algorithm: NR-FAST)
  SIMD kernels: AVX
  parallelization: coarse-grained (auto), PTHREADS (auto)

WARNING: Running in REDO mode: existing checkpoints are ignored, and all result files will be overwritten!

WARNING: The model you specified on the command line (GTR+G) will be ignored 
         since the binary MSA file already contains a model definition.
         If you want to change the model, please re-run RAxML-NG 
         with the original PHYLIP/FASTA alignment and --redo option.

[00:00:00] Loading binary alignment from file: trees_xenPum_ref_HPfixed_DNA/t56d10k45.orig.raxml.rba
[00:00:00] Alignment comprises 60 taxa, 1 partitions and 5189 patterns

Partition 0: noname
Model: GTR+FO+G4m
Alignment sites / patterns: 9393 / 5189
Gaps: 46.91 %
Invariant sites: 47.29 %


Parallelization scheme autoconfig: 5 worker(s) x 4 thread(s)

Parallel reduction/worker buffer size: 1 KB  / 0 KB

[00:00:00] Generating 10 random starting tree(s) with 60 taxa
[00:00:00] Generating 10 parsimony starting tree(s) with 60 taxa
[00:00:00] Data distribution: max. partitions/sites/weight per thread: 1 / 1298 / 20768
[00:00:00] Data distribution: max. searches per worker: 4

Starting ML tree search with 20 distinct starting trees

[00:00:00 -204377.082222] Initial branch length optimization
[00:00:00 -183404.074074] Model parameter optimization (eps = 10.000000)
[00:00:04 -174951.269218] AUTODETECT spr round 1 (radius: 5)
[00:00:06 -111515.566130] AUTODETECT spr round 2 (radius: 10)
[00:00:07 -105753.590895] AUTODETECT spr round 3 (radius: 15)
[00:00:09 -105753.281456] AUTODETECT spr round 4 (radius: 20)
[00:00:10 -105753.258409] SPR radius for FAST iterations: 15 (autodetect)
[00:00:10 -105753.258409] Model parameter optimization (eps = 3.000000)
[00:00:11 -105113.325543] FAST spr round 1 (radius: 15)
[00:00:14 -101887.694502] FAST spr round 2 (radius: 15)
[00:00:15 -101847.618610] FAST spr round 3 (radius: 15)
[00:00:17 -101834.430652] FAST spr round 4 (radius: 15)
[00:00:18 -101830.200055] FAST spr round 5 (radius: 15)
[00:00:19 -101828.103451] FAST spr round 6 (radius: 15)
[00:00:21 -101828.103105] Model parameter optimization (eps = 1.000000)
[00:00:21 -101816.838186] SLOW spr round 1 (radius: 5)
[00:00:25 -101816.643669] SLOW spr round 2 (radius: 5)
[00:00:31 -101816.643408] SLOW spr round 3 (radius: 10)
[00:00:36 -101816.643403] SLOW spr round 4 (radius: 15)
[00:00:39] [worker #4] ML tree search #5, logLikelihood: -101814.372606
[00:00:40] [worker #1] ML tree search #2, logLikelihood: -101801.093287
[00:00:42] [worker #2] ML tree search #3, logLikelihood: -101801.093454
[00:00:42] [worker #3] ML tree search #4, logLikelihood: -101815.357678
[00:00:42 -101816.643402] SLOW spr round 5 (radius: 20)
[00:00:44 -101816.643402] SLOW spr round 6 (radius: 25)
[00:00:44 -101816.643402] Model parameter optimization (eps = 0.100000)

[00:00:44] [worker #0] ML tree search #1, logLikelihood: -101816.621601

[00:00:44 -212929.992488] Initial branch length optimization
[00:00:44 -189415.551853] Model parameter optimization (eps = 10.000000)
[00:00:48 -180242.357768] AUTODETECT spr round 1 (radius: 5)
[00:00:49 -124984.996660] AUTODETECT spr round 2 (radius: 10)
[00:00:50 -106985.594882] AUTODETECT spr round 3 (radius: 15)
[00:00:52 -106870.661292] AUTODETECT spr round 4 (radius: 20)
[00:00:52 -106870.648488] SPR radius for FAST iterations: 15 (autodetect)
[00:00:52 -106870.648488] Model parameter optimization (eps = 3.000000)
[00:00:53 -106031.064253] FAST spr round 1 (radius: 15)
[00:00:56 -101998.154487] FAST spr round 2 (radius: 15)
[00:00:58 -101848.255533] FAST spr round 3 (radius: 15)
[00:00:59 -101841.184111] FAST spr round 4 (radius: 15)
[00:01:01 -101831.649763] FAST spr round 5 (radius: 15)
[00:01:02 -101829.376438] FAST spr round 6 (radius: 15)
[00:01:03 -101829.376315] Model parameter optimization (eps = 1.000000)
[00:01:03 -101818.847871] SLOW spr round 1 (radius: 5)
[00:01:08 -101817.596637] SLOW spr round 2 (radius: 5)
[00:01:12 -101814.416006] SLOW spr round 3 (radius: 5)
[00:01:16 -101814.415907] SLOW spr round 4 (radius: 10)
[00:01:16] [worker #2] ML tree search #8, logLikelihood: -101802.353557
[00:01:18] [worker #4] ML tree search #10, logLikelihood: -101802.351404
[00:01:20] [worker #3] ML tree search #9, logLikelihood: -101801.092172
[00:01:21 -101814.415905] SLOW spr round 5 (radius: 15)
[00:01:26 -101814.415905] SLOW spr round 6 (radius: 20)
[00:01:27 -101814.415905] SLOW spr round 7 (radius: 25)
[00:01:27 -101814.415905] Model parameter optimization (eps = 0.100000)
[00:01:27] [worker #1] ML tree search #7, logLikelihood: -101814.373347

[00:01:27] [worker #0] ML tree search #6, logLikelihood: -101814.375682

[00:01:27 -113423.882537] Initial branch length optimization
[00:01:27 -104990.649592] Model parameter optimization (eps = 10.000000)
[00:01:28 -102284.255635] AUTODETECT spr round 1 (radius: 5)
[00:01:29 -101840.641225] AUTODETECT spr round 2 (radius: 10)
[00:01:30 -101840.634424] SPR radius for FAST iterations: 5 (autodetect)
[00:01:30 -101840.634424] Model parameter optimization (eps = 3.000000)
[00:01:31 -101840.410412] FAST spr round 1 (radius: 5)
[00:01:32 -101832.894434] FAST spr round 2 (radius: 5)
[00:01:33 -101825.766360] FAST spr round 3 (radius: 5)
[00:01:34 -101820.197051] FAST spr round 4 (radius: 5)
[00:01:36 -101818.377935] FAST spr round 5 (radius: 5)
[00:01:37 -101815.939987] FAST spr round 6 (radius: 5)
[00:01:38 -101815.938720] Model parameter optimization (eps = 1.000000)
[00:01:38 -101815.907480] SLOW spr round 1 (radius: 5)
[00:01:42] [worker #2] ML tree search #13, logLikelihood: -101811.159347
[00:01:43 -101813.905519] SLOW spr round 2 (radius: 5)
[00:01:43] [worker #4] ML tree search #15, logLikelihood: -101813.400909
[00:01:47 -101812.578573] SLOW spr round 3 (radius: 5)
[00:01:51 -101811.796672] SLOW spr round 4 (radius: 5)
[00:01:51] [worker #3] ML tree search #14, logLikelihood: -101811.159738
[00:01:54] [worker #1] ML tree search #12, logLikelihood: -101811.386458
[00:01:55 -101811.197319] SLOW spr round 5 (radius: 5)
[00:01:59 -101811.196893] SLOW spr round 6 (radius: 10)
[00:02:03 -101811.196887] SLOW spr round 7 (radius: 15)
[00:02:09 -101811.196887] SLOW spr round 8 (radius: 20)
[00:02:11 -101811.196887] SLOW spr round 9 (radius: 25)
[00:02:11 -101811.196887] Model parameter optimization (eps = 0.100000)

[00:02:11] [worker #0] ML tree search #11, logLikelihood: -101811.162683

[00:02:11 -113362.428422] Initial branch length optimization
[00:02:11 -104630.449877] Model parameter optimization (eps = 10.000000)
[00:02:12 -101928.222041] AUTODETECT spr round 1 (radius: 5)
[00:02:13 -101844.709056] AUTODETECT spr round 2 (radius: 10)
[00:02:14 -101844.707006] SPR radius for FAST iterations: 5 (autodetect)
[00:02:14 -101844.707006] Model parameter optimization (eps = 3.000000)
[00:02:15 -101844.422297] FAST spr round 1 (radius: 5)
[00:02:15] [worker #4] ML tree search #20, logLikelihood: -101804.419392
[00:02:16 -101816.839458] FAST spr round 2 (radius: 5)
[00:02:16] [worker #1] ML tree search #17, logLikelihood: -101811.386546
[00:02:17] [worker #2] ML tree search #18, logLikelihood: -101804.419497
[00:02:17 -101815.744958] FAST spr round 3 (radius: 5)
[00:02:18 -101815.241620] FAST spr round 4 (radius: 5)
[00:02:18] [worker #3] ML tree search #19, logLikelihood: -101813.400265
[00:02:20 -101815.239944] Model parameter optimization (eps = 1.000000)
[00:02:20 -101815.182204] SLOW spr round 1 (radius: 5)
[00:02:24 -101811.166286] SLOW spr round 2 (radius: 5)
[00:02:28 -101811.166269] SLOW spr round 3 (radius: 10)
[00:02:32 -101811.166269] SLOW spr round 4 (radius: 15)
[00:02:38 -101811.166269] SLOW spr round 5 (radius: 20)
[00:02:39 -101811.166269] SLOW spr round 6 (radius: 25)
[00:02:40 -101811.166269] Model parameter optimization (eps = 0.100000)

[00:02:40] [worker #0] ML tree search #16, logLikelihood: -101811.160056


Optimized model parameters:

   Partition 0: noname
   Rate heterogeneity: GAMMA (4 cats, mean),  alpha: 0.629204 (ML),  weights&rates: (0.250000,0.059182) (0.250000,0.328121) (0.250000,0.895517) (0.250000,2.717180) 
   Base frequencies (ML): 0.285160 0.208897 0.210601 0.295342 
   Substitution rates (ML): 1.479946 3.222217 1.234546 1.128320 3.923490 1.000000 


Final LogLikelihood: -101801.092172

AIC score: 203854.184345 / AICc score: 203857.638262 / BIC score: 204754.797066
Free parameters (model + branch lengths): 126

Best ML tree saved to: /global/home/users/uricchio/software/HybPiper-master/sodiumChannelPaperAnalyses/trees_xenPum_ref_HPfixed_DNA/t56d10k45.orig.raxml.bestTree
All ML trees saved to: /global/home/users/uricchio/software/HybPiper-master/sodiumChannelPaperAnalyses/trees_xenPum_ref_HPfixed_DNA/t56d10k45.orig.raxml.mlTrees
Optimized model saved to: /global/home/users/uricchio/software/HybPiper-master/sodiumChannelPaperAnalyses/trees_xenPum_ref_HPfixed_DNA/t56d10k45.orig.raxml.bestModel

Execution log saved to: /global/home/users/uricchio/software/HybPiper-master/sodiumChannelPaperAnalyses/trees_xenPum_ref_HPfixed_DNA/t56d10k45.orig.raxml.log

Analysis started: 22-Jul-2022 14:10:49 / finished: 22-Jul-2022 14:13:29

Elapsed time: 160.231 seconds

Consumed energy: 7.971 Wh

