
RAxML-NG v. 1.0.0 released on 07.08.2020 by The Exelixis Lab.
Developed by: Alexey M. Kozlov and Alexandros Stamatakis.
Contributors: Diego Darriba, Tomas Flouri, Benoit Morel, Sarah Lutteropp, Ben Bettisworth.
Latest version: https://github.com/amkozlov/raxml-ng
Questions/problems/suggestions? Please visit: https://groups.google.com/forum/#!forum/raxml

System: Intel(R) Xeon(R) CPU E5-2670 v2 @ 2.50GHz, 20 cores, 62 GB RAM

RAxML-NG was called at 22-Jul-2022 14:10:56 as follows:

/global/home/users/uricchio/software/raxml-ng-master/raxml-ng --model GTR+G --prefix trees_xenPum_ref_HPfixed_DNA/t60d10k45.orig --redo --msa trees_xenPum_ref_HPfixed_DNA/t60d10k45.orig.raxml.rba

Analysis options:
  run mode: ML tree search
  start tree(s): random (10) + parsimony (10)
  random seed: 1658524256
  tip-inner: OFF
  pattern compression: ON
  per-rate scalers: OFF
  site repeats: ON
  fast spr radius: AUTO
  spr subtree cutoff: 1.000000
  branch lengths: proportional (ML estimate, algorithm: NR-FAST)
  SIMD kernels: AVX
  parallelization: coarse-grained (auto), PTHREADS (auto)

WARNING: Running in REDO mode: existing checkpoints are ignored, and all result files will be overwritten!

WARNING: The model you specified on the command line (GTR+G) will be ignored 
         since the binary MSA file already contains a model definition.
         If you want to change the model, please re-run RAxML-NG 
         with the original PHYLIP/FASTA alignment and --redo option.

[00:00:00] Loading binary alignment from file: trees_xenPum_ref_HPfixed_DNA/t60d10k45.orig.raxml.rba
[00:00:00] Alignment comprises 60 taxa, 1 partitions and 5221 patterns

Partition 0: noname
Model: GTR+FO+G4m
Alignment sites / patterns: 9282 / 5221
Gaps: 46.26 %
Invariant sites: 46.48 %


Parallelization scheme autoconfig: 5 worker(s) x 4 thread(s)

Parallel reduction/worker buffer size: 1 KB  / 0 KB

[00:00:00] Generating 10 random starting tree(s) with 60 taxa
[00:00:00] Generating 10 parsimony starting tree(s) with 60 taxa
[00:00:00] Data distribution: max. partitions/sites/weight per thread: 1 / 1306 / 20896
[00:00:00] Data distribution: max. searches per worker: 4

Starting ML tree search with 20 distinct starting trees

[00:00:00 -205621.427945] Initial branch length optimization
[00:00:00 -180908.727999] Model parameter optimization (eps = 10.000000)
[00:00:03 -172385.739737] AUTODETECT spr round 1 (radius: 5)
[00:00:05 -119358.662079] AUTODETECT spr round 2 (radius: 10)
[00:00:07 -105069.666543] AUTODETECT spr round 3 (radius: 15)
[00:00:08 -105067.884272] AUTODETECT spr round 4 (radius: 20)
[00:00:09 -105067.868732] SPR radius for FAST iterations: 15 (autodetect)
[00:00:09 -105067.868732] Model parameter optimization (eps = 3.000000)
[00:00:10 -104291.029730] FAST spr round 1 (radius: 15)
[00:00:16 -101846.091067] FAST spr round 2 (radius: 15)
[00:00:18 -101756.112998] FAST spr round 3 (radius: 15)
[00:00:19 -101748.671448] FAST spr round 4 (radius: 15)
[00:00:21 -101745.005451] FAST spr round 5 (radius: 15)
[00:00:25 -101742.736775] FAST spr round 6 (radius: 15)
[00:00:27 -101740.623918] FAST spr round 7 (radius: 15)
[00:00:28 -101740.381131] FAST spr round 8 (radius: 15)
[00:00:30 -101740.191398] FAST spr round 9 (radius: 15)
[00:00:31 -101740.191309] Model parameter optimization (eps = 1.000000)
[00:00:32 -101730.702243] SLOW spr round 1 (radius: 5)
[00:00:36 -101730.683938] SLOW spr round 2 (radius: 10)
[00:00:40 -101730.683187] SLOW spr round 3 (radius: 15)
[00:00:43] [worker #3] ML tree search #4, logLikelihood: -101727.096906
[00:00:44] [worker #1] ML tree search #2, logLikelihood: -101729.332350
[00:00:46 -101730.683163] SLOW spr round 4 (radius: 20)
[00:00:46] [worker #4] ML tree search #5, logLikelihood: -101729.331712
[00:00:48 -101730.683163] SLOW spr round 5 (radius: 25)
[00:00:48 -101730.683163] Model parameter optimization (eps = 0.100000)

[00:00:49] [worker #0] ML tree search #1, logLikelihood: -101730.642265

[00:00:49 -209792.171582] Initial branch length optimization
[00:00:49 -185934.779075] Model parameter optimization (eps = 10.000000)
[00:00:54 -177106.185892] AUTODETECT spr round 1 (radius: 5)
[00:00:55 -118630.334912] AUTODETECT spr round 2 (radius: 10)
[00:00:56] [worker #2] ML tree search #3, logLikelihood: -101729.330597
[00:00:56 -105416.215318] AUTODETECT spr round 3 (radius: 15)
[00:00:58 -105392.659799] AUTODETECT spr round 4 (radius: 20)
[00:00:59 -105392.637075] SPR radius for FAST iterations: 15 (autodetect)
[00:00:59 -105392.637075] Model parameter optimization (eps = 3.000000)
[00:01:00 -104619.662156] FAST spr round 1 (radius: 15)
[00:01:02 -101893.425348] FAST spr round 2 (radius: 15)
[00:01:04 -101785.385284] FAST spr round 3 (radius: 15)
[00:01:05 -101773.639307] FAST spr round 4 (radius: 15)
[00:01:07 -101750.834882] FAST spr round 5 (radius: 15)
[00:01:08 -101745.296528] FAST spr round 6 (radius: 15)
[00:01:10 -101741.064904] FAST spr round 7 (radius: 15)
[00:01:11 -101740.066267] FAST spr round 8 (radius: 15)
[00:01:12 -101739.772170] FAST spr round 9 (radius: 15)
[00:01:13 -101735.059115] FAST spr round 10 (radius: 15)
[00:01:15 -101734.045945] FAST spr round 11 (radius: 15)
[00:01:16 -101733.005749] FAST spr round 12 (radius: 15)
[00:01:17 -101733.005725] Model parameter optimization (eps = 1.000000)
[00:01:18 -101727.123712] SLOW spr round 1 (radius: 5)
[00:01:20] [worker #3] ML tree search #9, logLikelihood: -101729.333836
[00:01:22 -101727.123327] SLOW spr round 2 (radius: 10)
[00:01:25 -101727.123322] SLOW spr round 3 (radius: 15)
[00:01:28] [worker #1] ML tree search #7, logLikelihood: -101727.096545
[00:01:30] [worker #4] ML tree search #10, logLikelihood: -101736.760840
[00:01:32 -101727.123322] SLOW spr round 4 (radius: 20)
[00:01:34 -101727.123322] SLOW spr round 5 (radius: 25)
[00:01:34 -101727.123322] Model parameter optimization (eps = 0.100000)
[00:01:34] [worker #2] ML tree search #8, logLikelihood: -101729.333138

[00:01:34] [worker #0] ML tree search #6, logLikelihood: -101727.098462

[00:01:35 -113658.630469] Initial branch length optimization
[00:01:35 -105265.523903] Model parameter optimization (eps = 10.000000)
[00:01:35 -102544.266925] AUTODETECT spr round 1 (radius: 5)
[00:01:36 -101785.642909] AUTODETECT spr round 2 (radius: 10)
[00:01:38 -101785.638888] SPR radius for FAST iterations: 5 (autodetect)
[00:01:38 -101785.638888] Model parameter optimization (eps = 3.000000)
[00:01:38 -101784.855095] FAST spr round 1 (radius: 5)
[00:01:40 -101745.821618] FAST spr round 2 (radius: 5)
[00:01:42 -101743.825207] FAST spr round 3 (radius: 5)
[00:01:44 -101742.869884] FAST spr round 4 (radius: 5)
[00:01:45 -101742.869688] Model parameter optimization (eps = 1.000000)
[00:01:45 -101742.562295] SLOW spr round 1 (radius: 5)
[00:01:49] [worker #3] ML tree search #14, logLikelihood: -101729.853714
[00:01:49 -101733.074965] SLOW spr round 2 (radius: 5)
[00:01:53 -101729.409453] SLOW spr round 3 (radius: 5)
[00:01:57 -101729.409377] SLOW spr round 4 (radius: 10)
[00:01:58] [worker #1] ML tree search #12, logLikelihood: -101730.637733
[00:02:00] [worker #4] ML tree search #15, logLikelihood: -101729.853821
[00:02:01 -101729.409374] SLOW spr round 5 (radius: 15)
[00:02:04] [worker #2] ML tree search #13, logLikelihood: -101730.636449
[00:02:07 -101729.409374] SLOW spr round 6 (radius: 20)
[00:02:09 -101729.409374] SLOW spr round 7 (radius: 25)
[00:02:09 -101729.409374] Model parameter optimization (eps = 0.100000)

[00:02:09] [worker #0] ML tree search #11, logLikelihood: -101729.339730

[00:02:09 -113275.251348] Initial branch length optimization
[00:02:09 -104769.384750] Model parameter optimization (eps = 10.000000)
[00:02:10 -102096.464803] AUTODETECT spr round 1 (radius: 5)
[00:02:11 -101777.832306] AUTODETECT spr round 2 (radius: 10)
[00:02:13 -101777.828369] SPR radius for FAST iterations: 5 (autodetect)
[00:02:13 -101777.828369] Model parameter optimization (eps = 3.000000)
[00:02:13 -101777.539691] FAST spr round 1 (radius: 5)
[00:02:14 -101754.039507] FAST spr round 2 (radius: 5)
[00:02:15 -101748.751393] FAST spr round 3 (radius: 5)
[00:02:17 -101748.635159] FAST spr round 4 (radius: 5)
[00:02:18 -101748.634900] Model parameter optimization (eps = 1.000000)
[00:02:18 -101748.525558] SLOW spr round 1 (radius: 5)
[00:02:18] [worker #3] ML tree search #19, logLikelihood: -101727.096262
[00:02:23 -101727.129151] SLOW spr round 2 (radius: 5)
[00:02:26 -101727.128982] SLOW spr round 3 (radius: 10)
[00:02:30 -101727.128978] SLOW spr round 4 (radius: 15)
[00:02:31] [worker #4] ML tree search #20, logLikelihood: -101729.345713
[00:02:32] [worker #2] ML tree search #18, logLikelihood: -101730.636922
[00:02:35] [worker #1] ML tree search #17, logLikelihood: -101727.093853
[00:02:36 -101727.128978] SLOW spr round 5 (radius: 20)
[00:02:38 -101727.128978] SLOW spr round 6 (radius: 25)
[00:02:38 -101727.128978] Model parameter optimization (eps = 0.100000)

[00:02:39] [worker #0] ML tree search #16, logLikelihood: -101727.095818


Optimized model parameters:

   Partition 0: noname
   Rate heterogeneity: GAMMA (4 cats, mean),  alpha: 0.633077 (ML),  weights&rates: (0.250000,0.059994) (0.250000,0.330166) (0.250000,0.897299) (0.250000,2.712541) 
   Base frequencies (ML): 0.285322 0.210361 0.210358 0.293958 
   Substitution rates (ML): 1.448446 3.255187 1.257552 1.165523 3.891250 1.000000 


Final LogLikelihood: -101727.093853

AIC score: 203706.187705 / AICc score: 203709.683500 / BIC score: 204605.302578
Free parameters (model + branch lengths): 126

Best ML tree saved to: /global/home/users/uricchio/software/HybPiper-master/sodiumChannelPaperAnalyses/trees_xenPum_ref_HPfixed_DNA/t60d10k45.orig.raxml.bestTree
All ML trees saved to: /global/home/users/uricchio/software/HybPiper-master/sodiumChannelPaperAnalyses/trees_xenPum_ref_HPfixed_DNA/t60d10k45.orig.raxml.mlTrees
Optimized model saved to: /global/home/users/uricchio/software/HybPiper-master/sodiumChannelPaperAnalyses/trees_xenPum_ref_HPfixed_DNA/t60d10k45.orig.raxml.bestModel

Execution log saved to: /global/home/users/uricchio/software/HybPiper-master/sodiumChannelPaperAnalyses/trees_xenPum_ref_HPfixed_DNA/t60d10k45.orig.raxml.log

Analysis started: 22-Jul-2022 14:10:56 / finished: 22-Jul-2022 14:13:35

Elapsed time: 159.233 seconds

Consumed energy: 7.887 Wh

