
RAxML-NG v. 1.0.0 released on 07.08.2020 by The Exelixis Lab.
Developed by: Alexey M. Kozlov and Alexandros Stamatakis.
Contributors: Diego Darriba, Tomas Flouri, Benoit Morel, Sarah Lutteropp, Ben Bettisworth.
Latest version: https://github.com/amkozlov/raxml-ng
Questions/problems/suggestions? Please visit: https://groups.google.com/forum/#!forum/raxml

System: Intel(R) Xeon(R) CPU E5-2670 v2 @ 2.50GHz, 20 cores, 62 GB RAM

RAxML-NG was called at 22-Jul-2022 14:13:41 as follows:

/global/home/users/uricchio/software/raxml-ng-master/raxml-ng --model GTR+G --prefix trees_xenPum_ref_HPfixed_DNA/t80d10k45.orig --redo --msa trees_xenPum_ref_HPfixed_DNA/t80d10k45.orig.raxml.rba

Analysis options:
  run mode: ML tree search
  start tree(s): random (10) + parsimony (10)
  random seed: 1658524421
  tip-inner: OFF
  pattern compression: ON
  per-rate scalers: OFF
  site repeats: ON
  fast spr radius: AUTO
  spr subtree cutoff: 1.000000
  branch lengths: proportional (ML estimate, algorithm: NR-FAST)
  SIMD kernels: AVX
  parallelization: coarse-grained (auto), PTHREADS (auto)

WARNING: Running in REDO mode: existing checkpoints are ignored, and all result files will be overwritten!

WARNING: The model you specified on the command line (GTR+G) will be ignored 
         since the binary MSA file already contains a model definition.
         If you want to change the model, please re-run RAxML-NG 
         with the original PHYLIP/FASTA alignment and --redo option.

[00:00:00] Loading binary alignment from file: trees_xenPum_ref_HPfixed_DNA/t80d10k45.orig.raxml.rba
[00:00:00] Alignment comprises 60 taxa, 1 partitions and 4627 patterns

Partition 0: noname
Model: GTR+FO+G4m
Alignment sites / patterns: 7941 / 4627
Gaps: 41.85 %
Invariant sites: 44.00 %


Parallelization scheme autoconfig: 5 worker(s) x 4 thread(s)

Parallel reduction/worker buffer size: 1 KB  / 0 KB

[00:00:00] Generating 10 random starting tree(s) with 60 taxa
[00:00:00] Generating 10 parsimony starting tree(s) with 60 taxa
[00:00:00] Data distribution: max. partitions/sites/weight per thread: 1 / 1157 / 18512
[00:00:00] Data distribution: max. searches per worker: 4

Starting ML tree search with 20 distinct starting trees

[00:00:00 -194185.496948] Initial branch length optimization
[00:00:00 -167941.162794] Model parameter optimization (eps = 10.000000)
[00:00:04 -158572.855562] AUTODETECT spr round 1 (radius: 5)
[00:00:05 -99682.873564] AUTODETECT spr round 2 (radius: 10)
[00:00:06 -90688.433682] AUTODETECT spr round 3 (radius: 15)
[00:00:08 -90676.890208] AUTODETECT spr round 4 (radius: 20)
[00:00:08 -90676.855562] SPR radius for FAST iterations: 15 (autodetect)
[00:00:08 -90676.855562] Model parameter optimization (eps = 3.000000)
[00:00:09 -89657.406518] FAST spr round 1 (radius: 15)
[00:00:11 -87805.993003] FAST spr round 2 (radius: 15)
[00:00:13 -87716.082924] FAST spr round 3 (radius: 15)
[00:00:15 -87709.032172] FAST spr round 4 (radius: 15)
[00:00:16 -87704.760521] FAST spr round 5 (radius: 15)
[00:00:18 -87701.341445] FAST spr round 6 (radius: 15)
[00:00:19 -87701.337653] Model parameter optimization (eps = 1.000000)
[00:00:19 -87696.562759] SLOW spr round 1 (radius: 5)
[00:00:23 -87696.560125] SLOW spr round 2 (radius: 10)
[00:00:28 -87696.560052] SLOW spr round 3 (radius: 15)
[00:00:34 -87696.560050] SLOW spr round 4 (radius: 20)
[00:00:35] [worker #2] ML tree search #3, logLikelihood: -87698.817254
[00:00:36 -87696.560050] SLOW spr round 5 (radius: 25)
[00:00:36 -87696.560050] Model parameter optimization (eps = 0.100000)
[00:00:36] [worker #3] ML tree search #4, logLikelihood: -87698.816243

[00:00:36] [worker #0] ML tree search #1, logLikelihood: -87696.547817

[00:00:36 -190830.242152] Initial branch length optimization
[00:00:36 -166003.467394] Model parameter optimization (eps = 10.000000)
[00:00:37] [worker #1] ML tree search #2, logLikelihood: -87696.546866
[00:00:39 -157333.300293] AUTODETECT spr round 1 (radius: 5)
[00:00:40 -97099.888923] AUTODETECT spr round 2 (radius: 10)
[00:00:41 -90944.825738] AUTODETECT spr round 3 (radius: 15)
[00:00:42 -90939.610929] AUTODETECT spr round 4 (radius: 20)
[00:00:42 -90939.584722] SPR radius for FAST iterations: 15 (autodetect)
[00:00:42 -90939.584722] Model parameter optimization (eps = 3.000000)
[00:00:43] [worker #4] ML tree search #5, logLikelihood: -87698.818104
[00:00:44 -90299.832970] FAST spr round 1 (radius: 15)
[00:00:46 -87935.500091] FAST spr round 2 (radius: 15)
[00:00:47 -87724.204429] FAST spr round 3 (radius: 15)
[00:00:48 -87718.993266] FAST spr round 4 (radius: 15)
[00:00:50 -87716.263799] FAST spr round 5 (radius: 15)
[00:00:51 -87710.737805] FAST spr round 6 (radius: 15)
[00:00:52 -87704.266792] FAST spr round 7 (radius: 15)
[00:00:53 -87704.223026] Model parameter optimization (eps = 1.000000)
[00:00:53 -87696.574901] SLOW spr round 1 (radius: 5)
[00:00:57 -87696.573760] SLOW spr round 2 (radius: 10)
[00:01:02 -87696.573742] SLOW spr round 3 (radius: 15)
[00:01:06] [worker #3] ML tree search #9, logLikelihood: -87696.548077
[00:01:07 -87696.573742] SLOW spr round 4 (radius: 20)
[00:01:08] [worker #1] ML tree search #7, logLikelihood: -87696.548590
[00:01:09 -87696.573742] SLOW spr round 5 (radius: 25)
[00:01:09 -87696.573742] Model parameter optimization (eps = 0.100000)

[00:01:09] [worker #0] ML tree search #6, logLikelihood: -87696.551259

[00:01:09 -99177.257426] Initial branch length optimization
[00:01:09 -90573.345863] Model parameter optimization (eps = 10.000000)
[00:01:10 -88101.604231] AUTODETECT spr round 1 (radius: 5)
[00:01:11 -87707.439648] AUTODETECT spr round 2 (radius: 10)
[00:01:12] [worker #2] ML tree search #8, logLikelihood: -87698.816917
[00:01:12 -87707.430389] SPR radius for FAST iterations: 5 (autodetect)
[00:01:12 -87707.430389] Model parameter optimization (eps = 3.000000)
[00:01:12 -87706.961081] FAST spr round 1 (radius: 5)
[00:01:13 -87698.493373] FAST spr round 2 (radius: 5)
[00:01:15 -87696.937488] FAST spr round 3 (radius: 5)
[00:01:16 -87696.673422] FAST spr round 4 (radius: 5)
[00:01:17 -87696.673413] Model parameter optimization (eps = 1.000000)
[00:01:17 -87696.564809] SLOW spr round 1 (radius: 5)
[00:01:21 -87696.564783] SLOW spr round 2 (radius: 10)
[00:01:25 -87696.564783] SLOW spr round 3 (radius: 15)
[00:01:26] [worker #4] ML tree search #10, logLikelihood: -87696.548044
[00:01:31 -87696.564783] SLOW spr round 4 (radius: 20)
[00:01:32 -87696.564783] SLOW spr round 5 (radius: 25)
[00:01:32 -87696.564783] Model parameter optimization (eps = 0.100000)

[00:01:33] [worker #0] ML tree search #11, logLikelihood: -87696.549872

[00:01:33 -98593.642093] Initial branch length optimization
[00:01:33 -90170.102325] Model parameter optimization (eps = 10.000000)
[00:01:33] [worker #3] ML tree search #14, logLikelihood: -87696.546963
[00:01:34 -87724.064681] AUTODETECT spr round 1 (radius: 5)
[00:01:34 -87698.231194] AUTODETECT spr round 2 (radius: 10)
[00:01:35] [worker #1] ML tree search #12, logLikelihood: -87696.546945
[00:01:36 -87698.226720] SPR radius for FAST iterations: 5 (autodetect)
[00:01:36 -87698.226720] Model parameter optimization (eps = 3.000000)
[00:01:36 -87698.073648] FAST spr round 1 (radius: 5)
[00:01:36] [worker #2] ML tree search #13, logLikelihood: -87696.549568
[00:01:37 -87698.073491] Model parameter optimization (eps = 1.000000)
[00:01:37 -87698.057938] SLOW spr round 1 (radius: 5)
[00:01:40 -87696.592727] SLOW spr round 2 (radius: 5)
[00:01:44 -87696.564529] SLOW spr round 3 (radius: 10)
[00:01:48 -87696.564446] SLOW spr round 4 (radius: 15)
[00:01:49] [worker #4] ML tree search #15, logLikelihood: -87698.814855
[00:01:54 -87696.564444] SLOW spr round 5 (radius: 20)
[00:01:56 -87696.564444] SLOW spr round 6 (radius: 25)
[00:01:56 -87696.564444] Model parameter optimization (eps = 0.100000)

[00:01:56] [worker #0] ML tree search #16, logLikelihood: -87696.547322

[00:01:58] [worker #1] ML tree search #17, logLikelihood: -87698.815186
[00:01:58] [worker #3] ML tree search #19, logLikelihood: -87696.546872
[00:02:01] [worker #2] ML tree search #18, logLikelihood: -87696.546787
[00:02:15] [worker #4] ML tree search #20, logLikelihood: -87698.814459

Optimized model parameters:

   Partition 0: noname
   Rate heterogeneity: GAMMA (4 cats, mean),  alpha: 0.600417 (ML),  weights&rates: (0.250000,0.053194) (0.250000,0.312504) (0.250000,0.881531) (0.250000,2.752771) 
   Base frequencies (ML): 0.285596 0.210664 0.212196 0.291544 
   Substitution rates (ML): 1.448002 3.274770 1.187438 1.126505 4.002256 1.000000 


Final LogLikelihood: -87696.546787

AIC score: 175645.093574 / AICc score: 175649.189299 / BIC score: 176524.547680
Free parameters (model + branch lengths): 126

Best ML tree saved to: /global/home/users/uricchio/software/HybPiper-master/sodiumChannelPaperAnalyses/trees_xenPum_ref_HPfixed_DNA/t80d10k45.orig.raxml.bestTree
All ML trees saved to: /global/home/users/uricchio/software/HybPiper-master/sodiumChannelPaperAnalyses/trees_xenPum_ref_HPfixed_DNA/t80d10k45.orig.raxml.mlTrees
Optimized model saved to: /global/home/users/uricchio/software/HybPiper-master/sodiumChannelPaperAnalyses/trees_xenPum_ref_HPfixed_DNA/t80d10k45.orig.raxml.bestModel

Execution log saved to: /global/home/users/uricchio/software/HybPiper-master/sodiumChannelPaperAnalyses/trees_xenPum_ref_HPfixed_DNA/t80d10k45.orig.raxml.log

Analysis started: 22-Jul-2022 14:13:41 / finished: 22-Jul-2022 14:15:57

Elapsed time: 135.098 seconds

Consumed energy: 6.721 Wh

