Building DAG of jobs...
Using shell: /bin/bash
Provided cores: 8
Rules claiming more threads will be scaled down.
Job stats:
job                       count    min threads    max threads
----------------------  -------  -------------  -------------
all                           1              1              1
get_remaining_DNA_seqs        6              1              1
makeDNA                       5              1              1
makeHyphyAnnotInput           5              1              1
makeHyphyInput                5              1              1
makeTree                      5              1              1
remove_stars                  6              1              1
runBUSTED                     5              1              1
runMeme                       5              1              1
run_mafft                     6              1              1
trim_bad_columns              5              1              1
trim_bad_seqs                 6              1              1
total                        60              1              1

Select jobs to execute...

[Tue Aug 16 13:30:44 2022]
rule run_mafft:
    input: ../../Data/alignments_full_assemb/align_SCN8A/SCN8A.spec.fa
    output: ../../Data/alignments_full_assemb/align_SCN8A/SCN8A.t68d10k45.all.renamed.fa.mafft
    jobid: 6
    reason: Forced execution
    wildcards: sample=SCN8A
    resources: tmpdir=/var/folders/2l/zp0wk9q9097fqhyymq39vg880000gn/T


[Tue Aug 16 13:30:44 2022]
rule run_mafft:
    input: ../../Data/alignments_full_assemb/align_SCN1A/SCN1A.spec.fa
    output: ../../Data/alignments_full_assemb/align_SCN1A/SCN1A.t68d10k45.all.renamed.fa.mafft
    jobid: 1
    reason: Forced execution
    wildcards: sample=SCN1A
    resources: tmpdir=/var/folders/2l/zp0wk9q9097fqhyymq39vg880000gn/T


[Tue Aug 16 13:30:44 2022]
rule run_mafft:
    input: ../../Data/alignments_full_assemb/align_SCN3A/SCN3A.spec.fa
    output: ../../Data/alignments_full_assemb/align_SCN3A/SCN3A.t68d10k45.all.renamed.fa.mafft
    jobid: 3
    reason: Forced execution
    wildcards: sample=SCN3A
    resources: tmpdir=/var/folders/2l/zp0wk9q9097fqhyymq39vg880000gn/T


[Tue Aug 16 13:30:44 2022]
rule run_mafft:
    input: ../../Data/alignments_full_assemb/align_SCN5A/SCN5A.spec.fa
    output: ../../Data/alignments_full_assemb/align_SCN5A/SCN5A.t68d10k45.all.renamed.fa.mafft
    jobid: 5
    reason: Forced execution
    wildcards: sample=SCN5A
    resources: tmpdir=/var/folders/2l/zp0wk9q9097fqhyymq39vg880000gn/T


[Tue Aug 16 13:30:44 2022]
rule run_mafft:
    input: ../../Data/alignments_full_assemb/align_SCN2A/SCN2A.spec.fa
    output: ../../Data/alignments_full_assemb/align_SCN2A/SCN2A.t68d10k45.all.renamed.fa.mafft
    jobid: 2
    reason: Forced execution
    wildcards: sample=SCN2A
    resources: tmpdir=/var/folders/2l/zp0wk9q9097fqhyymq39vg880000gn/T


[Tue Aug 16 13:30:44 2022]
rule run_mafft:
    input: ../../Data/alignments_full_assemb/align_SCN4A/SCN4A.spec.fa
    output: ../../Data/alignments_full_assemb/align_SCN4A/SCN4A.t68d10k45.all.renamed.fa.mafft
    jobid: 4
    reason: Forced execution
    wildcards: sample=SCN4A
    resources: tmpdir=/var/folders/2l/zp0wk9q9097fqhyymq39vg880000gn/T

[Tue Aug 16 13:30:50 2022]
Finished job 4.
1 of 60 steps (2%) done
Select jobs to execute...

[Tue Aug 16 13:30:50 2022]
rule remove_stars:
    input: ../../Data/alignments_full_assemb/align_SCN4A/SCN4A.t68d10k45.all.renamed.fa.mafft
    output: ../../Data/alignments_full_assemb/align_SCN4A/SCN4A.t68d10k45.all.renamed.fa.mafft.noStars
    jobid: 10
    reason: Input files updated by another job: ../../Data/alignments_full_assemb/align_SCN4A/SCN4A.t68d10k45.all.renamed.fa.mafft
    wildcards: sample=SCN4A
    resources: tmpdir=/var/folders/2l/zp0wk9q9097fqhyymq39vg880000gn/T

[Tue Aug 16 13:30:50 2022]
Finished job 10.
2 of 60 steps (3%) done
Select jobs to execute...

[Tue Aug 16 13:30:50 2022]
rule trim_bad_seqs:
    input: ../../Data/alignments_full_assemb/align_SCN4A/SCN4A.t68d10k45.all.renamed.fa.mafft.noStars
    output: plot_data/SCN4A.fa
    jobid: 16
    reason: Input files updated by another job: ../../Data/alignments_full_assemb/align_SCN4A/SCN4A.t68d10k45.all.renamed.fa.mafft.noStars
    wildcards: sample=SCN4A
    resources: tmpdir=/var/folders/2l/zp0wk9q9097fqhyymq39vg880000gn/T


[Tue Aug 16 13:30:50 2022]
rule trim_bad_columns:
    input: ../../Data/alignments_full_assemb/align_SCN4A/SCN4A.t68d10k45.all.renamed.fa.mafft.noStars
    output: plot_data/SCN4A.columns
    jobid: 27
    reason: Input files updated by another job: ../../Data/alignments_full_assemb/align_SCN4A/SCN4A.t68d10k45.all.renamed.fa.mafft.noStars
    wildcards: sample=SCN4A
    resources: tmpdir=/var/folders/2l/zp0wk9q9097fqhyymq39vg880000gn/T

[Tue Aug 16 13:30:50 2022]
Finished job 6.
3 of 60 steps (5%) done
Select jobs to execute...

[Tue Aug 16 13:30:50 2022]
rule remove_stars:
    input: ../../Data/alignments_full_assemb/align_SCN8A/SCN8A.t68d10k45.all.renamed.fa.mafft
    output: ../../Data/alignments_full_assemb/align_SCN8A/SCN8A.t68d10k45.all.renamed.fa.mafft.noStars
    jobid: 12
    reason: Input files updated by another job: ../../Data/alignments_full_assemb/align_SCN8A/SCN8A.t68d10k45.all.renamed.fa.mafft
    wildcards: sample=SCN8A
    resources: tmpdir=/var/folders/2l/zp0wk9q9097fqhyymq39vg880000gn/T

[Tue Aug 16 13:30:50 2022]
Finished job 12.
4 of 60 steps (7%) done
Select jobs to execute...

[Tue Aug 16 13:30:50 2022]
rule trim_bad_columns:
    input: ../../Data/alignments_full_assemb/align_SCN8A/SCN8A.t68d10k45.all.renamed.fa.mafft.noStars
    output: plot_data/SCN8A.columns
    jobid: 29
    reason: Input files updated by another job: ../../Data/alignments_full_assemb/align_SCN8A/SCN8A.t68d10k45.all.renamed.fa.mafft.noStars
    wildcards: sample=SCN8A
    resources: tmpdir=/var/folders/2l/zp0wk9q9097fqhyymq39vg880000gn/T


[Tue Aug 16 13:30:50 2022]
rule trim_bad_seqs:
    input: ../../Data/alignments_full_assemb/align_SCN8A/SCN8A.t68d10k45.all.renamed.fa.mafft.noStars
    output: plot_data/SCN8A.fa
    jobid: 18
    reason: Input files updated by another job: ../../Data/alignments_full_assemb/align_SCN8A/SCN8A.t68d10k45.all.renamed.fa.mafft.noStars
    wildcards: sample=SCN8A
    resources: tmpdir=/var/folders/2l/zp0wk9q9097fqhyymq39vg880000gn/T

[Tue Aug 16 13:30:50 2022]
Finished job 16.
5 of 60 steps (8%) done
Select jobs to execute...

[Tue Aug 16 13:30:50 2022]
rule get_remaining_DNA_seqs:
    input: plot_data/SCN4A.fa, ../../Data/alignments_full_assemb/align_SCN4A/SCN4A.t68d10k45.all.renamed.fa.mafft, ../../Data/alignments_full_assemb/align_SCN4A/SCN4A.DNA.spec.fa
    output: plot_data/SCN4A.DNA.fa
    jobid: 22
    reason: Input files updated by another job: ../../Data/alignments_full_assemb/align_SCN4A/SCN4A.t68d10k45.all.renamed.fa.mafft, plot_data/SCN4A.fa
    wildcards: sample=SCN4A
    resources: tmpdir=/var/folders/2l/zp0wk9q9097fqhyymq39vg880000gn/T

[Tue Aug 16 13:30:50 2022]
Finished job 27.
6 of 60 steps (10%) done
[Tue Aug 16 13:30:50 2022]
Finished job 18.
7 of 60 steps (12%) done
Select jobs to execute...

[Tue Aug 16 13:30:50 2022]
rule get_remaining_DNA_seqs:
    input: plot_data/SCN8A.fa, ../../Data/alignments_full_assemb/align_SCN8A/SCN8A.t68d10k45.all.renamed.fa.mafft, ../../Data/alignments_full_assemb/align_SCN8A/SCN8A.DNA.spec.fa
    output: plot_data/SCN8A.DNA.fa
    jobid: 24
    reason: Input files updated by another job: plot_data/SCN8A.fa, ../../Data/alignments_full_assemb/align_SCN8A/SCN8A.t68d10k45.all.renamed.fa.mafft
    wildcards: sample=SCN8A
    resources: tmpdir=/var/folders/2l/zp0wk9q9097fqhyymq39vg880000gn/T

[Tue Aug 16 13:30:50 2022]
Finished job 22.
8 of 60 steps (13%) done
Select jobs to execute...

[Tue Aug 16 13:30:50 2022]
rule makeDNA:
    input: plot_data/SCN4A.columns, plot_data/SCN4A.DNA.fa
    output: plot_data/SCN4A.DNA.trimmed.fa
    jobid: 32
    reason: Input files updated by another job: plot_data/SCN4A.DNA.fa, plot_data/SCN4A.columns
    wildcards: sample=SCN4A
    resources: tmpdir=/var/folders/2l/zp0wk9q9097fqhyymq39vg880000gn/T

[Tue Aug 16 13:30:51 2022]
Finished job 29.
9 of 60 steps (15%) done
[Tue Aug 16 13:30:51 2022]
Finished job 24.
10 of 60 steps (17%) done
Select jobs to execute...

[Tue Aug 16 13:30:51 2022]
rule makeDNA:
    input: plot_data/SCN8A.columns, plot_data/SCN8A.DNA.fa
    output: plot_data/SCN8A.DNA.trimmed.fa
    jobid: 34
    reason: Input files updated by another job: plot_data/SCN8A.DNA.fa, plot_data/SCN8A.columns
    wildcards: sample=SCN8A
    resources: tmpdir=/var/folders/2l/zp0wk9q9097fqhyymq39vg880000gn/T

[Tue Aug 16 13:30:51 2022]
Finished job 5.
11 of 60 steps (18%) done
Select jobs to execute...

[Tue Aug 16 13:30:51 2022]
rule remove_stars:
    input: ../../Data/alignments_full_assemb/align_SCN5A/SCN5A.t68d10k45.all.renamed.fa.mafft
    output: ../../Data/alignments_full_assemb/align_SCN5A/SCN5A.t68d10k45.all.renamed.fa.mafft.noStars
    jobid: 11
    reason: Input files updated by another job: ../../Data/alignments_full_assemb/align_SCN5A/SCN5A.t68d10k45.all.renamed.fa.mafft
    wildcards: sample=SCN5A
    resources: tmpdir=/var/folders/2l/zp0wk9q9097fqhyymq39vg880000gn/T

[Tue Aug 16 13:30:51 2022]
Finished job 32.
12 of 60 steps (20%) done
Select jobs to execute...

[Tue Aug 16 13:30:51 2022]
rule makeTree:
    input: plot_data/SCN4A.DNA.trimmed.fa
    output: plot_data/SCN4A.DNA.trimmed.fa.raxml.bestTree
    jobid: 37
    reason: Missing output files: plot_data/SCN4A.DNA.trimmed.fa.raxml.bestTree; Input files updated by another job: plot_data/SCN4A.DNA.trimmed.fa
    wildcards: sample=SCN4A
    resources: tmpdir=/var/folders/2l/zp0wk9q9097fqhyymq39vg880000gn/T


[Tue Aug 16 13:30:51 2022]
rule makeHyphyAnnotInput:
    input: plot_data/SCN4A.DNA.trimmed.fa, plot_data/SCN4A.DNA.trimmed.wTree.manual.fa.BUSTED.json.tree.annot
    output: plot_data/SCN4A.DNA.trimmed.wTree.annot.fa
    jobid: 55
    reason: Input files updated by another job: plot_data/SCN4A.DNA.trimmed.fa
    wildcards: sample=SCN4A
    resources: tmpdir=/var/folders/2l/zp0wk9q9097fqhyymq39vg880000gn/T

[Tue Aug 16 13:30:51 2022]
Finished job 11.
13 of 60 steps (22%) done
Select jobs to execute...

[Tue Aug 16 13:30:51 2022]
rule trim_bad_seqs:
    input: ../../Data/alignments_full_assemb/align_SCN5A/SCN5A.t68d10k45.all.renamed.fa.mafft.noStars
    output: plot_data/SCN5A.fa
    jobid: 17
    reason: Input files updated by another job: ../../Data/alignments_full_assemb/align_SCN5A/SCN5A.t68d10k45.all.renamed.fa.mafft.noStars
    wildcards: sample=SCN5A
    resources: tmpdir=/var/folders/2l/zp0wk9q9097fqhyymq39vg880000gn/T


[Tue Aug 16 13:30:51 2022]
rule trim_bad_columns:
    input: ../../Data/alignments_full_assemb/align_SCN5A/SCN5A.t68d10k45.all.renamed.fa.mafft.noStars
    output: plot_data/SCN5A.columns
    jobid: 28
    reason: Input files updated by another job: ../../Data/alignments_full_assemb/align_SCN5A/SCN5A.t68d10k45.all.renamed.fa.mafft.noStars
    wildcards: sample=SCN5A
    resources: tmpdir=/var/folders/2l/zp0wk9q9097fqhyymq39vg880000gn/T

[Tue Aug 16 13:30:51 2022]
Finished job 55.
14 of 60 steps (23%) done
Select jobs to execute...

[Tue Aug 16 13:30:51 2022]
rule runBUSTED:
    input: plot_data/SCN4A.DNA.trimmed.wTree.annot.fa
    output: plot_data/SCN4A.DNA.trimmed.wTree.annot.fa.BUSTED.json
    jobid: 54
    reason: Input files updated by another job: plot_data/SCN4A.DNA.trimmed.wTree.annot.fa
    wildcards: sample=SCN4A
    resources: tmpdir=/var/folders/2l/zp0wk9q9097fqhyymq39vg880000gn/T

[Tue Aug 16 13:30:51 2022]
Finished job 34.
15 of 60 steps (25%) done
Select jobs to execute...

[Tue Aug 16 13:30:51 2022]
rule makeTree:
    input: plot_data/SCN8A.DNA.trimmed.fa
    output: plot_data/SCN8A.DNA.trimmed.fa.raxml.bestTree
    jobid: 39
    reason: Missing output files: plot_data/SCN8A.DNA.trimmed.fa.raxml.bestTree; Input files updated by another job: plot_data/SCN8A.DNA.trimmed.fa
    wildcards: sample=SCN8A
    resources: tmpdir=/var/folders/2l/zp0wk9q9097fqhyymq39vg880000gn/T

[Tue Aug 16 13:30:51 2022]
Finished job 17.
16 of 60 steps (27%) done
Select jobs to execute...

[Tue Aug 16 13:30:51 2022]
rule makeHyphyAnnotInput:
    input: plot_data/SCN8A.DNA.trimmed.fa, plot_data/SCN8A.DNA.trimmed.wTree.manual.fa.BUSTED.json.tree.annot
    output: plot_data/SCN8A.DNA.trimmed.wTree.annot.fa
    jobid: 59
    reason: Input files updated by another job: plot_data/SCN8A.DNA.trimmed.fa
    wildcards: sample=SCN8A
    resources: tmpdir=/var/folders/2l/zp0wk9q9097fqhyymq39vg880000gn/T

[Tue Aug 16 13:30:51 2022]
Finished job 59.
17 of 60 steps (28%) done
Select jobs to execute...

[Tue Aug 16 13:30:51 2022]
rule runBUSTED:
    input: plot_data/SCN8A.DNA.trimmed.wTree.annot.fa
    output: plot_data/SCN8A.DNA.trimmed.wTree.annot.fa.BUSTED.json
    jobid: 58
    reason: Input files updated by another job: plot_data/SCN8A.DNA.trimmed.wTree.annot.fa
    wildcards: sample=SCN8A
    resources: tmpdir=/var/folders/2l/zp0wk9q9097fqhyymq39vg880000gn/T

[Tue Aug 16 13:30:51 2022]
Finished job 3.
18 of 60 steps (30%) done
Select jobs to execute...

[Tue Aug 16 13:30:51 2022]
rule get_remaining_DNA_seqs:
    input: plot_data/SCN5A.fa, ../../Data/alignments_full_assemb/align_SCN5A/SCN5A.t68d10k45.all.renamed.fa.mafft, ../../Data/alignments_full_assemb/align_SCN5A/SCN5A.DNA.spec.fa
    output: plot_data/SCN5A.DNA.fa
    jobid: 23
    reason: Input files updated by another job: plot_data/SCN5A.fa, ../../Data/alignments_full_assemb/align_SCN5A/SCN5A.t68d10k45.all.renamed.fa.mafft
    wildcards: sample=SCN5A
    resources: tmpdir=/var/folders/2l/zp0wk9q9097fqhyymq39vg880000gn/T

[Tue Aug 16 13:30:52 2022]
Finished job 28.
19 of 60 steps (32%) done
Select jobs to execute...

[Tue Aug 16 13:30:52 2022]
rule remove_stars:
    input: ../../Data/alignments_full_assemb/align_SCN3A/SCN3A.t68d10k45.all.renamed.fa.mafft
    output: ../../Data/alignments_full_assemb/align_SCN3A/SCN3A.t68d10k45.all.renamed.fa.mafft.noStars
    jobid: 9
    reason: Input files updated by another job: ../../Data/alignments_full_assemb/align_SCN3A/SCN3A.t68d10k45.all.renamed.fa.mafft
    wildcards: sample=SCN3A
    resources: tmpdir=/var/folders/2l/zp0wk9q9097fqhyymq39vg880000gn/T

[Tue Aug 16 13:30:52 2022]
Finished job 9.
20 of 60 steps (33%) done
Select jobs to execute...

[Tue Aug 16 13:30:52 2022]
rule trim_bad_seqs:
    input: ../../Data/alignments_full_assemb/align_SCN3A/SCN3A.t68d10k45.all.renamed.fa.mafft.noStars
    output: plot_data/SCN3A.fa
    jobid: 15
    reason: Input files updated by another job: ../../Data/alignments_full_assemb/align_SCN3A/SCN3A.t68d10k45.all.renamed.fa.mafft.noStars
    wildcards: sample=SCN3A
    resources: tmpdir=/var/folders/2l/zp0wk9q9097fqhyymq39vg880000gn/T

[Tue Aug 16 13:30:52 2022]
Finished job 23.
21 of 60 steps (35%) done
Select jobs to execute...

[Tue Aug 16 13:30:52 2022]
rule makeDNA:
    input: plot_data/SCN5A.columns, plot_data/SCN5A.DNA.fa
    output: plot_data/SCN5A.DNA.trimmed.fa
    jobid: 33
    reason: Input files updated by another job: plot_data/SCN5A.columns, plot_data/SCN5A.DNA.fa
    wildcards: sample=SCN5A
    resources: tmpdir=/var/folders/2l/zp0wk9q9097fqhyymq39vg880000gn/T

[Tue Aug 16 13:30:52 2022]
Finished job 15.
22 of 60 steps (37%) done
Select jobs to execute...

[Tue Aug 16 13:30:52 2022]
rule get_remaining_DNA_seqs:
    input: plot_data/SCN3A.fa, ../../Data/alignments_full_assemb/align_SCN3A/SCN3A.t68d10k45.all.renamed.fa.mafft, ../../Data/alignments_full_assemb/align_SCN3A/SCN3A.DNA.spec.fa
    output: plot_data/SCN3A.DNA.fa
    jobid: 21
    reason: Input files updated by another job: plot_data/SCN3A.fa, ../../Data/alignments_full_assemb/align_SCN3A/SCN3A.t68d10k45.all.renamed.fa.mafft
    wildcards: sample=SCN3A
    resources: tmpdir=/var/folders/2l/zp0wk9q9097fqhyymq39vg880000gn/T

[Tue Aug 16 13:30:52 2022]
Finished job 33.
23 of 60 steps (38%) done
Select jobs to execute...

[Tue Aug 16 13:30:52 2022]
rule trim_bad_columns:
    input: ../../Data/alignments_full_assemb/align_SCN3A/SCN3A.t68d10k45.all.renamed.fa.mafft.noStars
    output: plot_data/SCN3A.columns
    jobid: 26
    reason: Input files updated by another job: ../../Data/alignments_full_assemb/align_SCN3A/SCN3A.t68d10k45.all.renamed.fa.mafft.noStars
    wildcards: sample=SCN3A
    resources: tmpdir=/var/folders/2l/zp0wk9q9097fqhyymq39vg880000gn/T

[Tue Aug 16 13:30:52 2022]
Finished job 21.
24 of 60 steps (40%) done
Select jobs to execute...

[Tue Aug 16 13:30:53 2022]
rule makeHyphyAnnotInput:
    input: plot_data/SCN5A.DNA.trimmed.fa, plot_data/SCN5A.DNA.trimmed.wTree.manual.fa.BUSTED.json.tree.annot
    output: plot_data/SCN5A.DNA.trimmed.wTree.annot.fa
    jobid: 57
    reason: Input files updated by another job: plot_data/SCN5A.DNA.trimmed.fa
    wildcards: sample=SCN5A
    resources: tmpdir=/var/folders/2l/zp0wk9q9097fqhyymq39vg880000gn/T

[Tue Aug 16 13:30:53 2022]
Finished job 57.
25 of 60 steps (42%) done
Select jobs to execute...

[Tue Aug 16 13:30:53 2022]
rule makeTree:
    input: plot_data/SCN5A.DNA.trimmed.fa
    output: plot_data/SCN5A.DNA.trimmed.fa.raxml.bestTree
    jobid: 38
    reason: Missing output files: plot_data/SCN5A.DNA.trimmed.fa.raxml.bestTree; Input files updated by another job: plot_data/SCN5A.DNA.trimmed.fa
    wildcards: sample=SCN5A
    resources: tmpdir=/var/folders/2l/zp0wk9q9097fqhyymq39vg880000gn/T

[Tue Aug 16 13:30:53 2022]
Finished job 1.
26 of 60 steps (43%) done
Select jobs to execute...

[Tue Aug 16 13:30:53 2022]
rule remove_stars:
    input: ../../Data/alignments_full_assemb/align_SCN1A/SCN1A.t68d10k45.all.renamed.fa.mafft
    output: ../../Data/alignments_full_assemb/align_SCN1A/SCN1A.t68d10k45.all.renamed.fa.mafft.noStars
    jobid: 7
    reason: Input files updated by another job: ../../Data/alignments_full_assemb/align_SCN1A/SCN1A.t68d10k45.all.renamed.fa.mafft
    wildcards: sample=SCN1A
    resources: tmpdir=/var/folders/2l/zp0wk9q9097fqhyymq39vg880000gn/T

[Tue Aug 16 13:30:53 2022]
Finished job 7.
27 of 60 steps (45%) done
Select jobs to execute...

[Tue Aug 16 13:30:54 2022]
rule runBUSTED:
    input: plot_data/SCN5A.DNA.trimmed.wTree.annot.fa
    output: plot_data/SCN5A.DNA.trimmed.wTree.annot.fa.BUSTED.json
    jobid: 56
    reason: Input files updated by another job: plot_data/SCN5A.DNA.trimmed.wTree.annot.fa
    wildcards: sample=SCN5A
    resources: tmpdir=/var/folders/2l/zp0wk9q9097fqhyymq39vg880000gn/T

[Tue Aug 16 13:30:54 2022]
Finished job 26.
28 of 60 steps (47%) done
Select jobs to execute...

[Tue Aug 16 13:30:54 2022]
rule trim_bad_columns:
    input: ../../Data/alignments_full_assemb/align_SCN1A/SCN1A.t68d10k45.all.renamed.fa.mafft.noStars
    output: plot_data/SCN1A.columns
    jobid: 25
    reason: Input files updated by another job: ../../Data/alignments_full_assemb/align_SCN1A/SCN1A.t68d10k45.all.renamed.fa.mafft.noStars
    wildcards: sample=SCN1A
    resources: tmpdir=/var/folders/2l/zp0wk9q9097fqhyymq39vg880000gn/T

[Tue Aug 16 13:30:55 2022]
Finished job 25.
29 of 60 steps (48%) done
Select jobs to execute...

[Tue Aug 16 13:30:55 2022]
rule trim_bad_seqs:
    input: ../../Data/alignments_full_assemb/align_SCN1A/SCN1A.t68d10k45.all.renamed.fa.mafft.noStars
    output: plot_data/SCN1A.fa
    jobid: 13
    reason: Input files updated by another job: ../../Data/alignments_full_assemb/align_SCN1A/SCN1A.t68d10k45.all.renamed.fa.mafft.noStars
    wildcards: sample=SCN1A
    resources: tmpdir=/var/folders/2l/zp0wk9q9097fqhyymq39vg880000gn/T

[Tue Aug 16 13:30:55 2022]
Finished job 13.
30 of 60 steps (50%) done
Select jobs to execute...

[Tue Aug 16 13:30:55 2022]
rule makeDNA:
    input: plot_data/SCN3A.columns, plot_data/SCN3A.DNA.fa
    output: plot_data/SCN3A.DNA.trimmed.fa
    jobid: 31
    reason: Input files updated by another job: plot_data/SCN3A.columns, plot_data/SCN3A.DNA.fa
    wildcards: sample=SCN3A
    resources: tmpdir=/var/folders/2l/zp0wk9q9097fqhyymq39vg880000gn/T

[Tue Aug 16 13:30:56 2022]
Finished job 31.
31 of 60 steps (52%) done
Select jobs to execute...

[Tue Aug 16 13:30:56 2022]
rule makeTree:
    input: plot_data/SCN3A.DNA.trimmed.fa
    output: plot_data/SCN3A.DNA.trimmed.fa.raxml.bestTree
    jobid: 36
    reason: Missing output files: plot_data/SCN3A.DNA.trimmed.fa.raxml.bestTree; Input files updated by another job: plot_data/SCN3A.DNA.trimmed.fa
    wildcards: sample=SCN3A
    resources: tmpdir=/var/folders/2l/zp0wk9q9097fqhyymq39vg880000gn/T

[Tue Aug 16 13:33:06 2022]
Finished job 2.
32 of 60 steps (53%) done
Select jobs to execute...

[Tue Aug 16 13:33:06 2022]
rule get_remaining_DNA_seqs:
    input: plot_data/SCN1A.fa, ../../Data/alignments_full_assemb/align_SCN1A/SCN1A.t68d10k45.all.renamed.fa.mafft, ../../Data/alignments_full_assemb/align_SCN1A/SCN1A.DNA.spec.fa
    output: plot_data/SCN1A.DNA.fa
    jobid: 19
    reason: Input files updated by another job: ../../Data/alignments_full_assemb/align_SCN1A/SCN1A.t68d10k45.all.renamed.fa.mafft, plot_data/SCN1A.fa
    wildcards: sample=SCN1A
    resources: tmpdir=/var/folders/2l/zp0wk9q9097fqhyymq39vg880000gn/T

[Tue Aug 16 13:33:06 2022]
Finished job 19.
33 of 60 steps (55%) done
Select jobs to execute...

[Tue Aug 16 13:33:06 2022]
rule makeHyphyAnnotInput:
    input: plot_data/SCN3A.DNA.trimmed.fa, plot_data/SCN3A.DNA.trimmed.wTree.manual.fa.BUSTED.json.tree.annot
    output: plot_data/SCN3A.DNA.trimmed.wTree.annot.fa
    jobid: 53
    reason: Input files updated by another job: plot_data/SCN3A.DNA.trimmed.fa
    wildcards: sample=SCN3A
    resources: tmpdir=/var/folders/2l/zp0wk9q9097fqhyymq39vg880000gn/T

[Tue Aug 16 13:33:43 2022]
Finished job 53.
34 of 60 steps (57%) done
Select jobs to execute...

[Tue Aug 16 13:33:43 2022]
rule runBUSTED:
    input: plot_data/SCN3A.DNA.trimmed.wTree.annot.fa
    output: plot_data/SCN3A.DNA.trimmed.wTree.annot.fa.BUSTED.json
    jobid: 52
    reason: Input files updated by another job: plot_data/SCN3A.DNA.trimmed.wTree.annot.fa
    wildcards: sample=SCN3A
    resources: tmpdir=/var/folders/2l/zp0wk9q9097fqhyymq39vg880000gn/T

Terminating processes on user request, this might take some time.
[Tue Aug 16 15:48:08 2022]
[Tue Aug 16 15:48:08 2022]
Error in rule makeTree:
    jobid: 36
    output: plot_data/SCN3A.DNA.trimmed.fa.raxml.bestTree
    shell:
        ../../scripts/make_tree.sh plot_data/SCN3A.DNA.trimmed.fa
        (one of the commands exited with non-zero exit code; note that snakemake uses bash strict mode!)

Error in rule makeTree:
    jobid: 37
    output: plot_data/SCN4A.DNA.trimmed.fa.raxml.bestTree
    shell:
        ../../scripts/make_tree.sh plot_data/SCN4A.DNA.trimmed.fa
        (one of the commands exited with non-zero exit code; note that snakemake uses bash strict mode!)

[Tue Aug 16 15:48:08 2022]
Error in rule makeTree:
    jobid: 39
    output: plot_data/SCN8A.DNA.trimmed.fa.raxml.bestTree
    shell:
        ../../scripts/make_tree.sh plot_data/SCN8A.DNA.trimmed.fa
        (one of the commands exited with non-zero exit code; note that snakemake uses bash strict mode!)

[Tue Aug 16 15:48:08 2022]
Error in rule makeTree:
    jobid: 38
    output: plot_data/SCN5A.DNA.trimmed.fa.raxml.bestTree
    shell:
        ../../scripts/make_tree.sh plot_data/SCN5A.DNA.trimmed.fa
        (one of the commands exited with non-zero exit code; note that snakemake uses bash strict mode!)

Cancelling snakemake on user request.
