Building DAG of jobs...
MissingInputException in line 3 of /Users/uricchio/projects/poison/sodiumChannelPaper/Figures/Figure2/Snakefile:
Missing input files for rule all:
    affected files:
        plot_data/SCN8A.DNA.trimmed.wTree.manual.fa.MEME.json
        plot_data/SCN1A.DNA.trimmed.wTree.manual.fa.MEME.json
        plot_data/SCN1A.DNA.trimmed.manual.fa.raxml.bestTree
        plot_data/SCN4A.DNA.trimmed.manual.fa.raxml.bestTree
        plot_data/SCN5A.DNA.trimmed.wTree.manual.fa.MEME.json
        plot_data/SCN4A.DNA.trimmed.wTree.manual.fa
        plot_data/SCN4A.DNA.trimmed.manual.spec.fa
        plot_data/SCN8A.DNA.trimmed.manual.fa.raxml.bestTree
        plot_data/SCN1A.DNA.trimmed.wTree.manual.fa
        plot_data/SCN8A.DNA.trimmed.manual.spec.fa
        plot_data/SCN5A.DNA.trimmed.manual.spec.fa
        plot_data/SCN3A.DNA.trimmed.manual.spec.fa
        plot_data/SCN5A.DNA.trimmed.wTree.manual.fa
        plot_data/SCN5A.DNA.trimmed.manual.fa.raxml.bestTree
        plot_data/SCN3A.DNA.trimmed.manual.fa.raxml.bestTree
        plot_data/SCN8A.DNA.trimmed.wTree.manual.fa
        plot_data/SCN3A.DNA.trimmed.wTree.manual.fa.MEME.json
        plot_data/SCN4A.DNA.trimmed.wTree.manual.fa.MEME.json
        plot_data/SCN3A.DNA.trimmed.wTree.manual.fa
        plot_data/SCN1A.DNA.trimmed.manual.spec.fa
