Building DAG of jobs...
Using shell: /bin/bash
Provided cores: 8
Rules claiming more threads will be scaled down.
Job stats:
job                       count    min threads    max threads
----------------------  -------  -------------  -------------
all                           1              1              1
get_remaining_DNA_seqs        6              1              1
makeDNA                       5              1              1
makeHyphyAnnotInput           5              1              1
remove_stars                  6              1              1
runBUSTED                     5              1              1
run_mafft                     6              1              1
trim_bad_columns              5              1              1
trim_bad_seqs                 6              1              1
total                        45              1              1

Select jobs to execute...

[Tue Aug 16 15:49:30 2022]
rule run_mafft:
    input: ../../Data/alignments_full_assemb/align_SCN8A/SCN8A.spec.fa
    output: ../../Data/alignments_full_assemb/align_SCN8A/SCN8A.t68d10k45.all.renamed.fa.mafft
    jobid: 6
    reason: Forced execution
    wildcards: sample=SCN8A
    resources: tmpdir=/var/folders/2l/zp0wk9q9097fqhyymq39vg880000gn/T


[Tue Aug 16 15:49:31 2022]
rule run_mafft:
    input: ../../Data/alignments_full_assemb/align_SCN1A/SCN1A.spec.fa
    output: ../../Data/alignments_full_assemb/align_SCN1A/SCN1A.t68d10k45.all.renamed.fa.mafft
    jobid: 1
    reason: Forced execution
    wildcards: sample=SCN1A
    resources: tmpdir=/var/folders/2l/zp0wk9q9097fqhyymq39vg880000gn/T


[Tue Aug 16 15:49:31 2022]
rule run_mafft:
    input: ../../Data/alignments_full_assemb/align_SCN3A/SCN3A.spec.fa
    output: ../../Data/alignments_full_assemb/align_SCN3A/SCN3A.t68d10k45.all.renamed.fa.mafft
    jobid: 3
    reason: Forced execution
    wildcards: sample=SCN3A
    resources: tmpdir=/var/folders/2l/zp0wk9q9097fqhyymq39vg880000gn/T


[Tue Aug 16 15:49:31 2022]
rule run_mafft:
    input: ../../Data/alignments_full_assemb/align_SCN5A/SCN5A.spec.fa
    output: ../../Data/alignments_full_assemb/align_SCN5A/SCN5A.t68d10k45.all.renamed.fa.mafft
    jobid: 5
    reason: Forced execution
    wildcards: sample=SCN5A
    resources: tmpdir=/var/folders/2l/zp0wk9q9097fqhyymq39vg880000gn/T


[Tue Aug 16 15:49:31 2022]
rule run_mafft:
    input: ../../Data/alignments_full_assemb/align_SCN2A/SCN2A.spec.fa
    output: ../../Data/alignments_full_assemb/align_SCN2A/SCN2A.t68d10k45.all.renamed.fa.mafft
    jobid: 2
    reason: Forced execution
    wildcards: sample=SCN2A
    resources: tmpdir=/var/folders/2l/zp0wk9q9097fqhyymq39vg880000gn/T


[Tue Aug 16 15:49:31 2022]
rule run_mafft:
    input: ../../Data/alignments_full_assemb/align_SCN4A/SCN4A.spec.fa
    output: ../../Data/alignments_full_assemb/align_SCN4A/SCN4A.t68d10k45.all.renamed.fa.mafft
    jobid: 4
    reason: Forced execution
    wildcards: sample=SCN4A
    resources: tmpdir=/var/folders/2l/zp0wk9q9097fqhyymq39vg880000gn/T

[Tue Aug 16 15:49:37 2022]
Finished job 4.
1 of 45 steps (2%) done
Select jobs to execute...

[Tue Aug 16 15:49:37 2022]
rule remove_stars:
    input: ../../Data/alignments_full_assemb/align_SCN4A/SCN4A.t68d10k45.all.renamed.fa.mafft
    output: ../../Data/alignments_full_assemb/align_SCN4A/SCN4A.t68d10k45.all.renamed.fa.mafft.noStars
    jobid: 10
    reason: Input files updated by another job: ../../Data/alignments_full_assemb/align_SCN4A/SCN4A.t68d10k45.all.renamed.fa.mafft
    wildcards: sample=SCN4A
    resources: tmpdir=/var/folders/2l/zp0wk9q9097fqhyymq39vg880000gn/T

[Tue Aug 16 15:49:37 2022]
Finished job 6.
2 of 45 steps (4%) done
Select jobs to execute...

[Tue Aug 16 15:49:37 2022]
rule remove_stars:
    input: ../../Data/alignments_full_assemb/align_SCN8A/SCN8A.t68d10k45.all.renamed.fa.mafft
    output: ../../Data/alignments_full_assemb/align_SCN8A/SCN8A.t68d10k45.all.renamed.fa.mafft.noStars
    jobid: 12
    reason: Input files updated by another job: ../../Data/alignments_full_assemb/align_SCN8A/SCN8A.t68d10k45.all.renamed.fa.mafft
    wildcards: sample=SCN8A
    resources: tmpdir=/var/folders/2l/zp0wk9q9097fqhyymq39vg880000gn/T

[Tue Aug 16 15:49:37 2022]
Finished job 10.
3 of 45 steps (7%) done
Select jobs to execute...

[Tue Aug 16 15:49:37 2022]
rule trim_bad_seqs:
    input: ../../Data/alignments_full_assemb/align_SCN4A/SCN4A.t68d10k45.all.renamed.fa.mafft.noStars
    output: plot_data/SCN4A.fa
    jobid: 16
    reason: Input files updated by another job: ../../Data/alignments_full_assemb/align_SCN4A/SCN4A.t68d10k45.all.renamed.fa.mafft.noStars
    wildcards: sample=SCN4A
    resources: tmpdir=/var/folders/2l/zp0wk9q9097fqhyymq39vg880000gn/T


[Tue Aug 16 15:49:37 2022]
rule trim_bad_columns:
    input: ../../Data/alignments_full_assemb/align_SCN4A/SCN4A.t68d10k45.all.renamed.fa.mafft.noStars
    output: plot_data/SCN4A.columns
    jobid: 27
    reason: Input files updated by another job: ../../Data/alignments_full_assemb/align_SCN4A/SCN4A.t68d10k45.all.renamed.fa.mafft.noStars
    wildcards: sample=SCN4A
    resources: tmpdir=/var/folders/2l/zp0wk9q9097fqhyymq39vg880000gn/T

[Tue Aug 16 15:49:37 2022]
Finished job 12.
4 of 45 steps (9%) done
Select jobs to execute...

[Tue Aug 16 15:49:37 2022]
rule trim_bad_columns:
    input: ../../Data/alignments_full_assemb/align_SCN8A/SCN8A.t68d10k45.all.renamed.fa.mafft.noStars
    output: plot_data/SCN8A.columns
    jobid: 29
    reason: Input files updated by another job: ../../Data/alignments_full_assemb/align_SCN8A/SCN8A.t68d10k45.all.renamed.fa.mafft.noStars
    wildcards: sample=SCN8A
    resources: tmpdir=/var/folders/2l/zp0wk9q9097fqhyymq39vg880000gn/T


[Tue Aug 16 15:49:37 2022]
rule trim_bad_seqs:
    input: ../../Data/alignments_full_assemb/align_SCN8A/SCN8A.t68d10k45.all.renamed.fa.mafft.noStars
    output: plot_data/SCN8A.fa
    jobid: 18
    reason: Input files updated by another job: ../../Data/alignments_full_assemb/align_SCN8A/SCN8A.t68d10k45.all.renamed.fa.mafft.noStars
    wildcards: sample=SCN8A
    resources: tmpdir=/var/folders/2l/zp0wk9q9097fqhyymq39vg880000gn/T

[Tue Aug 16 15:49:37 2022]
Finished job 16.
5 of 45 steps (11%) done
Select jobs to execute...

[Tue Aug 16 15:49:37 2022]
rule get_remaining_DNA_seqs:
    input: plot_data/SCN4A.fa, ../../Data/alignments_full_assemb/align_SCN4A/SCN4A.t68d10k45.all.renamed.fa.mafft, ../../Data/alignments_full_assemb/align_SCN4A/SCN4A.DNA.spec.fa
    output: plot_data/SCN4A.DNA.fa
    jobid: 22
    reason: Input files updated by another job: ../../Data/alignments_full_assemb/align_SCN4A/SCN4A.t68d10k45.all.renamed.fa.mafft, plot_data/SCN4A.fa
    wildcards: sample=SCN4A
    resources: tmpdir=/var/folders/2l/zp0wk9q9097fqhyymq39vg880000gn/T

[Tue Aug 16 15:49:37 2022]
Finished job 18.
6 of 45 steps (13%) done
Select jobs to execute...

[Tue Aug 16 15:49:37 2022]
rule get_remaining_DNA_seqs:
    input: plot_data/SCN8A.fa, ../../Data/alignments_full_assemb/align_SCN8A/SCN8A.t68d10k45.all.renamed.fa.mafft, ../../Data/alignments_full_assemb/align_SCN8A/SCN8A.DNA.spec.fa
    output: plot_data/SCN8A.DNA.fa
    jobid: 24
    reason: Input files updated by another job: ../../Data/alignments_full_assemb/align_SCN8A/SCN8A.t68d10k45.all.renamed.fa.mafft, plot_data/SCN8A.fa
    wildcards: sample=SCN8A
    resources: tmpdir=/var/folders/2l/zp0wk9q9097fqhyymq39vg880000gn/T

[Tue Aug 16 15:49:37 2022]
Finished job 27.
7 of 45 steps (16%) done
[Tue Aug 16 15:49:37 2022]
Finished job 22.
8 of 45 steps (18%) done
Select jobs to execute...

[Tue Aug 16 15:49:37 2022]
rule makeDNA:
    input: plot_data/SCN4A.columns, plot_data/SCN4A.DNA.fa
    output: plot_data/SCN4A.DNA.trimmed.fa
    jobid: 32
    reason: Input files updated by another job: plot_data/SCN4A.DNA.fa, plot_data/SCN4A.columns
    wildcards: sample=SCN4A
    resources: tmpdir=/var/folders/2l/zp0wk9q9097fqhyymq39vg880000gn/T

[Tue Aug 16 15:49:37 2022]
Finished job 29.
9 of 45 steps (20%) done
[Tue Aug 16 15:49:38 2022]
Finished job 5.
10 of 45 steps (22%) done
Select jobs to execute...

[Tue Aug 16 15:49:38 2022]
rule remove_stars:
    input: ../../Data/alignments_full_assemb/align_SCN5A/SCN5A.t68d10k45.all.renamed.fa.mafft
    output: ../../Data/alignments_full_assemb/align_SCN5A/SCN5A.t68d10k45.all.renamed.fa.mafft.noStars
    jobid: 11
    reason: Input files updated by another job: ../../Data/alignments_full_assemb/align_SCN5A/SCN5A.t68d10k45.all.renamed.fa.mafft
    wildcards: sample=SCN5A
    resources: tmpdir=/var/folders/2l/zp0wk9q9097fqhyymq39vg880000gn/T

[Tue Aug 16 15:49:38 2022]
Finished job 24.
11 of 45 steps (24%) done
Select jobs to execute...

[Tue Aug 16 15:49:38 2022]
rule makeDNA:
    input: plot_data/SCN8A.columns, plot_data/SCN8A.DNA.fa
    output: plot_data/SCN8A.DNA.trimmed.fa
    jobid: 34
    reason: Input files updated by another job: plot_data/SCN8A.columns, plot_data/SCN8A.DNA.fa
    wildcards: sample=SCN8A
    resources: tmpdir=/var/folders/2l/zp0wk9q9097fqhyymq39vg880000gn/T

[Tue Aug 16 15:49:38 2022]
Finished job 11.
12 of 45 steps (27%) done
Select jobs to execute...

[Tue Aug 16 15:49:38 2022]
rule trim_bad_seqs:
    input: ../../Data/alignments_full_assemb/align_SCN5A/SCN5A.t68d10k45.all.renamed.fa.mafft.noStars
    output: plot_data/SCN5A.fa
    jobid: 17
    reason: Input files updated by another job: ../../Data/alignments_full_assemb/align_SCN5A/SCN5A.t68d10k45.all.renamed.fa.mafft.noStars
    wildcards: sample=SCN5A
    resources: tmpdir=/var/folders/2l/zp0wk9q9097fqhyymq39vg880000gn/T


[Tue Aug 16 15:49:38 2022]
rule trim_bad_columns:
    input: ../../Data/alignments_full_assemb/align_SCN5A/SCN5A.t68d10k45.all.renamed.fa.mafft.noStars
    output: plot_data/SCN5A.columns
    jobid: 28
    reason: Input files updated by another job: ../../Data/alignments_full_assemb/align_SCN5A/SCN5A.t68d10k45.all.renamed.fa.mafft.noStars
    wildcards: sample=SCN5A
    resources: tmpdir=/var/folders/2l/zp0wk9q9097fqhyymq39vg880000gn/T

[Tue Aug 16 15:49:38 2022]
Finished job 32.
13 of 45 steps (29%) done
Select jobs to execute...

[Tue Aug 16 15:49:38 2022]
rule makeHyphyAnnotInput:
    input: plot_data/SCN4A.DNA.trimmed.fa, plot_data/SCN4A.DNA.trimmed.wTree.manual.fa.BUSTED.json.tree.annot
    output: plot_data/SCN4A.DNA.trimmed.wTree.annot.fa
    jobid: 40
    reason: Input files updated by another job: plot_data/SCN4A.DNA.trimmed.fa
    wildcards: sample=SCN4A
    resources: tmpdir=/var/folders/2l/zp0wk9q9097fqhyymq39vg880000gn/T

[Tue Aug 16 15:49:38 2022]
Finished job 40.
14 of 45 steps (31%) done
Select jobs to execute...

[Tue Aug 16 15:49:38 2022]
rule runBUSTED:
    input: plot_data/SCN4A.DNA.trimmed.wTree.annot.fa
    output: plot_data/SCN4A.DNA.trimmed.wTree.annot.fa.BUSTED.json
    jobid: 39
    reason: Input files updated by another job: plot_data/SCN4A.DNA.trimmed.wTree.annot.fa
    wildcards: sample=SCN4A
    resources: tmpdir=/var/folders/2l/zp0wk9q9097fqhyymq39vg880000gn/T

[Tue Aug 16 15:49:38 2022]
Finished job 34.
15 of 45 steps (33%) done
Select jobs to execute...

[Tue Aug 16 15:49:38 2022]
rule makeHyphyAnnotInput:
    input: plot_data/SCN8A.DNA.trimmed.fa, plot_data/SCN8A.DNA.trimmed.wTree.manual.fa.BUSTED.json.tree.annot
    output: plot_data/SCN8A.DNA.trimmed.wTree.annot.fa
    jobid: 44
    reason: Input files updated by another job: plot_data/SCN8A.DNA.trimmed.fa
    wildcards: sample=SCN8A
    resources: tmpdir=/var/folders/2l/zp0wk9q9097fqhyymq39vg880000gn/T

[Tue Aug 16 15:49:38 2022]
Finished job 17.
16 of 45 steps (36%) done
Select jobs to execute...

[Tue Aug 16 15:49:38 2022]
rule get_remaining_DNA_seqs:
    input: plot_data/SCN5A.fa, ../../Data/alignments_full_assemb/align_SCN5A/SCN5A.t68d10k45.all.renamed.fa.mafft, ../../Data/alignments_full_assemb/align_SCN5A/SCN5A.DNA.spec.fa
    output: plot_data/SCN5A.DNA.fa
    jobid: 23
    reason: Input files updated by another job: plot_data/SCN5A.fa, ../../Data/alignments_full_assemb/align_SCN5A/SCN5A.t68d10k45.all.renamed.fa.mafft
    wildcards: sample=SCN5A
    resources: tmpdir=/var/folders/2l/zp0wk9q9097fqhyymq39vg880000gn/T

[Tue Aug 16 15:49:38 2022]
Finished job 44.
17 of 45 steps (38%) done
Select jobs to execute...

[Tue Aug 16 15:49:38 2022]
rule runBUSTED:
    input: plot_data/SCN8A.DNA.trimmed.wTree.annot.fa
    output: plot_data/SCN8A.DNA.trimmed.wTree.annot.fa.BUSTED.json
    jobid: 43
    reason: Input files updated by another job: plot_data/SCN8A.DNA.trimmed.wTree.annot.fa
    wildcards: sample=SCN8A
    resources: tmpdir=/var/folders/2l/zp0wk9q9097fqhyymq39vg880000gn/T

[Tue Aug 16 15:49:38 2022]
Finished job 28.
18 of 45 steps (40%) done
[Tue Aug 16 15:49:38 2022]
Finished job 23.
19 of 45 steps (42%) done
Select jobs to execute...

[Tue Aug 16 15:49:38 2022]
rule makeDNA:
    input: plot_data/SCN5A.columns, plot_data/SCN5A.DNA.fa
    output: plot_data/SCN5A.DNA.trimmed.fa
    jobid: 33
    reason: Input files updated by another job: plot_data/SCN5A.DNA.fa, plot_data/SCN5A.columns
    wildcards: sample=SCN5A
    resources: tmpdir=/var/folders/2l/zp0wk9q9097fqhyymq39vg880000gn/T

[Tue Aug 16 15:49:38 2022]
Finished job 3.
20 of 45 steps (44%) done
Select jobs to execute...

[Tue Aug 16 15:49:38 2022]
rule remove_stars:
    input: ../../Data/alignments_full_assemb/align_SCN3A/SCN3A.t68d10k45.all.renamed.fa.mafft
    output: ../../Data/alignments_full_assemb/align_SCN3A/SCN3A.t68d10k45.all.renamed.fa.mafft.noStars
    jobid: 9
    reason: Input files updated by another job: ../../Data/alignments_full_assemb/align_SCN3A/SCN3A.t68d10k45.all.renamed.fa.mafft
    wildcards: sample=SCN3A
    resources: tmpdir=/var/folders/2l/zp0wk9q9097fqhyymq39vg880000gn/T

[Tue Aug 16 15:49:38 2022]
Finished job 33.
21 of 45 steps (47%) done
Select jobs to execute...

[Tue Aug 16 15:49:38 2022]
rule makeHyphyAnnotInput:
    input: plot_data/SCN5A.DNA.trimmed.fa, plot_data/SCN5A.DNA.trimmed.wTree.manual.fa.BUSTED.json.tree.annot
    output: plot_data/SCN5A.DNA.trimmed.wTree.annot.fa
    jobid: 42
    reason: Input files updated by another job: plot_data/SCN5A.DNA.trimmed.fa
    wildcards: sample=SCN5A
    resources: tmpdir=/var/folders/2l/zp0wk9q9097fqhyymq39vg880000gn/T

[Tue Aug 16 15:49:38 2022]
Finished job 9.
22 of 45 steps (49%) done
Select jobs to execute...

[Tue Aug 16 15:49:38 2022]
rule trim_bad_seqs:
    input: ../../Data/alignments_full_assemb/align_SCN3A/SCN3A.t68d10k45.all.renamed.fa.mafft.noStars
    output: plot_data/SCN3A.fa
    jobid: 15
    reason: Input files updated by another job: ../../Data/alignments_full_assemb/align_SCN3A/SCN3A.t68d10k45.all.renamed.fa.mafft.noStars
    wildcards: sample=SCN3A
    resources: tmpdir=/var/folders/2l/zp0wk9q9097fqhyymq39vg880000gn/T


[Tue Aug 16 15:49:38 2022]
rule trim_bad_columns:
    input: ../../Data/alignments_full_assemb/align_SCN3A/SCN3A.t68d10k45.all.renamed.fa.mafft.noStars
    output: plot_data/SCN3A.columns
    jobid: 26
    reason: Input files updated by another job: ../../Data/alignments_full_assemb/align_SCN3A/SCN3A.t68d10k45.all.renamed.fa.mafft.noStars
    wildcards: sample=SCN3A
    resources: tmpdir=/var/folders/2l/zp0wk9q9097fqhyymq39vg880000gn/T

[Tue Aug 16 15:49:38 2022]
Finished job 42.
23 of 45 steps (51%) done
Select jobs to execute...

[Tue Aug 16 15:49:38 2022]
rule runBUSTED:
    input: plot_data/SCN5A.DNA.trimmed.wTree.annot.fa
    output: plot_data/SCN5A.DNA.trimmed.wTree.annot.fa.BUSTED.json
    jobid: 41
    reason: Input files updated by another job: plot_data/SCN5A.DNA.trimmed.wTree.annot.fa
    wildcards: sample=SCN5A
    resources: tmpdir=/var/folders/2l/zp0wk9q9097fqhyymq39vg880000gn/T

[Tue Aug 16 15:49:38 2022]
Finished job 15.
24 of 45 steps (53%) done
Select jobs to execute...

[Tue Aug 16 15:49:38 2022]
rule get_remaining_DNA_seqs:
    input: plot_data/SCN3A.fa, ../../Data/alignments_full_assemb/align_SCN3A/SCN3A.t68d10k45.all.renamed.fa.mafft, ../../Data/alignments_full_assemb/align_SCN3A/SCN3A.DNA.spec.fa
    output: plot_data/SCN3A.DNA.fa
    jobid: 21
    reason: Input files updated by another job: ../../Data/alignments_full_assemb/align_SCN3A/SCN3A.t68d10k45.all.renamed.fa.mafft, plot_data/SCN3A.fa
    wildcards: sample=SCN3A
    resources: tmpdir=/var/folders/2l/zp0wk9q9097fqhyymq39vg880000gn/T

[Tue Aug 16 15:49:39 2022]
Finished job 26.
25 of 45 steps (56%) done
[Tue Aug 16 15:49:39 2022]
Finished job 21.
26 of 45 steps (58%) done
Select jobs to execute...

[Tue Aug 16 15:49:39 2022]
rule makeDNA:
    input: plot_data/SCN3A.columns, plot_data/SCN3A.DNA.fa
    output: plot_data/SCN3A.DNA.trimmed.fa
    jobid: 31
    reason: Input files updated by another job: plot_data/SCN3A.DNA.fa, plot_data/SCN3A.columns
    wildcards: sample=SCN3A
    resources: tmpdir=/var/folders/2l/zp0wk9q9097fqhyymq39vg880000gn/T

[Tue Aug 16 15:49:39 2022]
Finished job 1.
27 of 45 steps (60%) done
Select jobs to execute...

[Tue Aug 16 15:49:39 2022]
rule remove_stars:
    input: ../../Data/alignments_full_assemb/align_SCN1A/SCN1A.t68d10k45.all.renamed.fa.mafft
    output: ../../Data/alignments_full_assemb/align_SCN1A/SCN1A.t68d10k45.all.renamed.fa.mafft.noStars
    jobid: 7
    reason: Input files updated by another job: ../../Data/alignments_full_assemb/align_SCN1A/SCN1A.t68d10k45.all.renamed.fa.mafft
    wildcards: sample=SCN1A
    resources: tmpdir=/var/folders/2l/zp0wk9q9097fqhyymq39vg880000gn/T

[Tue Aug 16 15:49:39 2022]
Finished job 7.
28 of 45 steps (62%) done
Select jobs to execute...

[Tue Aug 16 15:49:39 2022]
rule trim_bad_seqs:
    input: ../../Data/alignments_full_assemb/align_SCN1A/SCN1A.t68d10k45.all.renamed.fa.mafft.noStars
    output: plot_data/SCN1A.fa
    jobid: 13
    reason: Input files updated by another job: ../../Data/alignments_full_assemb/align_SCN1A/SCN1A.t68d10k45.all.renamed.fa.mafft.noStars
    wildcards: sample=SCN1A
    resources: tmpdir=/var/folders/2l/zp0wk9q9097fqhyymq39vg880000gn/T


[Tue Aug 16 15:49:39 2022]
rule trim_bad_columns:
    input: ../../Data/alignments_full_assemb/align_SCN1A/SCN1A.t68d10k45.all.renamed.fa.mafft.noStars
    output: plot_data/SCN1A.columns
    jobid: 25
    reason: Input files updated by another job: ../../Data/alignments_full_assemb/align_SCN1A/SCN1A.t68d10k45.all.renamed.fa.mafft.noStars
    wildcards: sample=SCN1A
    resources: tmpdir=/var/folders/2l/zp0wk9q9097fqhyymq39vg880000gn/T

[Tue Aug 16 15:49:39 2022]
Finished job 31.
29 of 45 steps (64%) done
Select jobs to execute...

[Tue Aug 16 15:49:39 2022]
rule makeHyphyAnnotInput:
    input: plot_data/SCN3A.DNA.trimmed.fa, plot_data/SCN3A.DNA.trimmed.wTree.manual.fa.BUSTED.json.tree.annot
    output: plot_data/SCN3A.DNA.trimmed.wTree.annot.fa
    jobid: 38
    reason: Input files updated by another job: plot_data/SCN3A.DNA.trimmed.fa
    wildcards: sample=SCN3A
    resources: tmpdir=/var/folders/2l/zp0wk9q9097fqhyymq39vg880000gn/T

[Tue Aug 16 15:49:39 2022]
Finished job 38.
30 of 45 steps (67%) done
Select jobs to execute...

[Tue Aug 16 15:49:39 2022]
rule runBUSTED:
    input: plot_data/SCN3A.DNA.trimmed.wTree.annot.fa
    output: plot_data/SCN3A.DNA.trimmed.wTree.annot.fa.BUSTED.json
    jobid: 37
    reason: Input files updated by another job: plot_data/SCN3A.DNA.trimmed.wTree.annot.fa
    wildcards: sample=SCN3A
    resources: tmpdir=/var/folders/2l/zp0wk9q9097fqhyymq39vg880000gn/T

[Tue Aug 16 15:49:39 2022]
Finished job 13.
31 of 45 steps (69%) done
Select jobs to execute...

[Tue Aug 16 15:49:39 2022]
rule get_remaining_DNA_seqs:
    input: plot_data/SCN1A.fa, ../../Data/alignments_full_assemb/align_SCN1A/SCN1A.t68d10k45.all.renamed.fa.mafft, ../../Data/alignments_full_assemb/align_SCN1A/SCN1A.DNA.spec.fa
    output: plot_data/SCN1A.DNA.fa
    jobid: 19
    reason: Input files updated by another job: ../../Data/alignments_full_assemb/align_SCN1A/SCN1A.t68d10k45.all.renamed.fa.mafft, plot_data/SCN1A.fa
    wildcards: sample=SCN1A
    resources: tmpdir=/var/folders/2l/zp0wk9q9097fqhyymq39vg880000gn/T

[Tue Aug 16 15:49:39 2022]
Finished job 19.
32 of 45 steps (71%) done
[Tue Aug 16 15:49:39 2022]
Finished job 25.
33 of 45 steps (73%) done
Select jobs to execute...

[Tue Aug 16 15:49:39 2022]
rule makeDNA:
    input: plot_data/SCN1A.columns, plot_data/SCN1A.DNA.fa
    output: plot_data/SCN1A.DNA.trimmed.fa
    jobid: 30
    reason: Missing output files: plot_data/SCN1A.DNA.trimmed.fa; Input files updated by another job: plot_data/SCN1A.DNA.fa, plot_data/SCN1A.columns
    wildcards: sample=SCN1A
    resources: tmpdir=/var/folders/2l/zp0wk9q9097fqhyymq39vg880000gn/T

[Tue Aug 16 15:49:39 2022]
Finished job 30.
34 of 45 steps (76%) done
Select jobs to execute...

[Tue Aug 16 15:49:39 2022]
rule makeHyphyAnnotInput:
    input: plot_data/SCN1A.DNA.trimmed.fa, plot_data/SCN1A.DNA.trimmed.wTree.manual.fa.BUSTED.json.tree.annot
    output: plot_data/SCN1A.DNA.trimmed.wTree.annot.fa
    jobid: 36
    reason: Input files updated by another job: plot_data/SCN1A.DNA.trimmed.fa
    wildcards: sample=SCN1A
    resources: tmpdir=/var/folders/2l/zp0wk9q9097fqhyymq39vg880000gn/T

[Tue Aug 16 15:49:39 2022]
Finished job 36.
35 of 45 steps (78%) done
Select jobs to execute...

[Tue Aug 16 15:49:39 2022]
rule runBUSTED:
    input: plot_data/SCN1A.DNA.trimmed.wTree.annot.fa
    output: plot_data/SCN1A.DNA.trimmed.wTree.annot.fa.BUSTED.json
    jobid: 35
    reason: Missing output files: plot_data/SCN1A.DNA.trimmed.wTree.annot.fa.BUSTED.json; Input files updated by another job: plot_data/SCN1A.DNA.trimmed.wTree.annot.fa
    wildcards: sample=SCN1A
    resources: tmpdir=/var/folders/2l/zp0wk9q9097fqhyymq39vg880000gn/T

[Tue Aug 16 15:49:49 2022]
Finished job 2.
36 of 45 steps (80%) done
Select jobs to execute...

[Tue Aug 16 15:49:49 2022]
rule remove_stars:
    input: ../../Data/alignments_full_assemb/align_SCN2A/SCN2A.t68d10k45.all.renamed.fa.mafft
    output: ../../Data/alignments_full_assemb/align_SCN2A/SCN2A.t68d10k45.all.renamed.fa.mafft.noStars
    jobid: 8
    reason: Input files updated by another job: ../../Data/alignments_full_assemb/align_SCN2A/SCN2A.t68d10k45.all.renamed.fa.mafft
    wildcards: sample=SCN2A
    resources: tmpdir=/var/folders/2l/zp0wk9q9097fqhyymq39vg880000gn/T

[Tue Aug 16 15:49:49 2022]
Finished job 8.
37 of 45 steps (82%) done
Select jobs to execute...

[Tue Aug 16 15:49:49 2022]
rule trim_bad_seqs:
    input: ../../Data/alignments_full_assemb/align_SCN2A/SCN2A.t68d10k45.all.renamed.fa.mafft.noStars
    output: plot_data/SCN2A.fa
    jobid: 14
    reason: Input files updated by another job: ../../Data/alignments_full_assemb/align_SCN2A/SCN2A.t68d10k45.all.renamed.fa.mafft.noStars
    wildcards: sample=SCN2A
    resources: tmpdir=/var/folders/2l/zp0wk9q9097fqhyymq39vg880000gn/T

[Tue Aug 16 15:49:49 2022]
Finished job 14.
38 of 45 steps (84%) done
Select jobs to execute...

[Tue Aug 16 15:49:49 2022]
rule get_remaining_DNA_seqs:
    input: plot_data/SCN2A.fa, ../../Data/alignments_full_assemb/align_SCN2A/SCN2A.t68d10k45.all.renamed.fa.mafft, ../../Data/alignments_full_assemb/align_SCN2A/SCN2A.DNA.spec.fa
    output: plot_data/SCN2A.DNA.fa
    jobid: 20
    reason: Input files updated by another job: ../../Data/alignments_full_assemb/align_SCN2A/SCN2A.t68d10k45.all.renamed.fa.mafft, plot_data/SCN2A.fa
    wildcards: sample=SCN2A
    resources: tmpdir=/var/folders/2l/zp0wk9q9097fqhyymq39vg880000gn/T

[Tue Aug 16 15:49:49 2022]
Finished job 20.
39 of 45 steps (87%) done
[Tue Aug 16 17:40:37 2022]
Finished job 35.
40 of 45 steps (89%) done
[Wed Aug 17 00:06:22 2022]
Finished job 41.
41 of 45 steps (91%) done
[Wed Aug 17 02:32:13 2022]
Finished job 37.
42 of 45 steps (93%) done
[Wed Aug 17 06:41:22 2022]
Finished job 39.
43 of 45 steps (96%) done
[Wed Aug 17 07:07:44 2022]
Finished job 43.
44 of 45 steps (98%) done
Select jobs to execute...

[Wed Aug 17 07:07:44 2022]
localrule all:
    input: ../../Data/alignments_full_assemb/align_SCN1A/SCN1A.spec.fa, ../../Data/alignments_full_assemb/align_SCN2A/SCN2A.spec.fa, ../../Data/alignments_full_assemb/align_SCN3A/SCN3A.spec.fa, ../../Data/alignments_full_assemb/align_SCN4A/SCN4A.spec.fa, ../../Data/alignments_full_assemb/align_SCN5A/SCN5A.spec.fa, ../../Data/alignments_full_assemb/align_SCN8A/SCN8A.spec.fa, ../../Data/alignments_full_assemb/align_SCN1A/SCN1A.t68d10k45.all.renamed.spec.fa, ../../Data/alignments_full_assemb/align_SCN2A/SCN2A.t68d10k45.all.renamed.spec.fa, ../../Data/alignments_full_assemb/align_SCN3A/SCN3A.t68d10k45.all.renamed.spec.fa, ../../Data/alignments_full_assemb/align_SCN4A/SCN4A.t68d10k45.all.renamed.spec.fa, ../../Data/alignments_full_assemb/align_SCN5A/SCN5A.t68d10k45.all.renamed.spec.fa, ../../Data/alignments_full_assemb/align_SCN8A/SCN8A.t68d10k45.all.renamed.spec.fa, ../../Data/alignments_full_assemb/align_SCN1A/SCN1A.t68d10k45.all.renamed.fa.mafft, ../../Data/alignments_full_assemb/align_SCN2A/SCN2A.t68d10k45.all.renamed.fa.mafft, ../../Data/alignments_full_assemb/align_SCN3A/SCN3A.t68d10k45.all.renamed.fa.mafft, ../../Data/alignments_full_assemb/align_SCN4A/SCN4A.t68d10k45.all.renamed.fa.mafft, ../../Data/alignments_full_assemb/align_SCN5A/SCN5A.t68d10k45.all.renamed.fa.mafft, ../../Data/alignments_full_assemb/align_SCN8A/SCN8A.t68d10k45.all.renamed.fa.mafft, ../../Data/alignments_full_assemb/align_SCN1A/SCN1A.t68d10k45.all.renamed.fa.mafft.noStars, ../../Data/alignments_full_assemb/align_SCN2A/SCN2A.t68d10k45.all.renamed.fa.mafft.noStars, ../../Data/alignments_full_assemb/align_SCN3A/SCN3A.t68d10k45.all.renamed.fa.mafft.noStars, ../../Data/alignments_full_assemb/align_SCN4A/SCN4A.t68d10k45.all.renamed.fa.mafft.noStars, ../../Data/alignments_full_assemb/align_SCN5A/SCN5A.t68d10k45.all.renamed.fa.mafft.noStars, ../../Data/alignments_full_assemb/align_SCN8A/SCN8A.t68d10k45.all.renamed.fa.mafft.noStars, plot_data/SCN1A.fa, plot_data/SCN2A.fa, plot_data/SCN3A.fa, plot_data/SCN4A.fa, plot_data/SCN5A.fa, plot_data/SCN8A.fa, plot_data/SCN1A.DNA.fa, plot_data/SCN2A.DNA.fa, plot_data/SCN3A.DNA.fa, plot_data/SCN4A.DNA.fa, plot_data/SCN5A.DNA.fa, plot_data/SCN8A.DNA.fa, plot_data/SCN1A.columns, plot_data/SCN3A.columns, plot_data/SCN4A.columns, plot_data/SCN5A.columns, plot_data/SCN8A.columns, plot_data/SCN1A.DNA.trimmed.fa, plot_data/SCN3A.DNA.trimmed.fa, plot_data/SCN4A.DNA.trimmed.fa, plot_data/SCN5A.DNA.trimmed.fa, plot_data/SCN8A.DNA.trimmed.fa, plot_data/SCN1A.DNA.trimmed.wTree.annot.fa.BUSTED.json, plot_data/SCN3A.DNA.trimmed.wTree.annot.fa.BUSTED.json, plot_data/SCN4A.DNA.trimmed.wTree.annot.fa.BUSTED.json, plot_data/SCN5A.DNA.trimmed.wTree.annot.fa.BUSTED.json, plot_data/SCN8A.DNA.trimmed.wTree.annot.fa.BUSTED.json
    jobid: 0
    reason: Input files updated by another job: plot_data/SCN2A.fa, plot_data/SCN5A.DNA.trimmed.fa, ../../Data/alignments_full_assemb/align_SCN8A/SCN8A.t68d10k45.all.renamed.fa.mafft.noStars, plot_data/SCN3A.DNA.fa, plot_data/SCN3A.fa, ../../Data/alignments_full_assemb/align_SCN3A/SCN3A.t68d10k45.all.renamed.fa.mafft.noStars, plot_data/SCN8A.columns, plot_data/SCN8A.DNA.trimmed.wTree.annot.fa.BUSTED.json, plot_data/SCN3A.columns, ../../Data/alignments_full_assemb/align_SCN3A/SCN3A.t68d10k45.all.renamed.fa.mafft, plot_data/SCN1A.fa, plot_data/SCN8A.DNA.fa, plot_data/SCN4A.fa, plot_data/SCN1A.DNA.trimmed.wTree.annot.fa.BUSTED.json, ../../Data/alignments_full_assemb/align_SCN2A/SCN2A.t68d10k45.all.renamed.fa.mafft, plot_data/SCN2A.DNA.fa, ../../Data/alignments_full_assemb/align_SCN1A/SCN1A.t68d10k45.all.renamed.fa.mafft, plot_data/SCN5A.fa, plot_data/SCN4A.DNA.trimmed.fa, ../../Data/alignments_full_assemb/align_SCN8A/SCN8A.t68d10k45.all.renamed.fa.mafft, plot_data/SCN1A.DNA.trimmed.fa, ../../Data/alignments_full_assemb/align_SCN2A/SCN2A.t68d10k45.all.renamed.fa.mafft.noStars, plot_data/SCN4A.DNA.trimmed.wTree.annot.fa.BUSTED.json, ../../Data/alignments_full_assemb/align_SCN5A/SCN5A.t68d10k45.all.renamed.fa.mafft.noStars, ../../Data/alignments_full_assemb/align_SCN5A/SCN5A.t68d10k45.all.renamed.fa.mafft, plot_data/SCN5A.DNA.trimmed.wTree.annot.fa.BUSTED.json, plot_data/SCN3A.DNA.trimmed.wTree.annot.fa.BUSTED.json, plot_data/SCN8A.DNA.trimmed.fa, ../../Data/alignments_full_assemb/align_SCN1A/SCN1A.t68d10k45.all.renamed.fa.mafft.noStars, ../../Data/alignments_full_assemb/align_SCN4A/SCN4A.t68d10k45.all.renamed.fa.mafft.noStars, ../../Data/alignments_full_assemb/align_SCN4A/SCN4A.t68d10k45.all.renamed.fa.mafft, plot_data/SCN1A.DNA.fa, plot_data/SCN5A.columns, plot_data/SCN8A.fa, plot_data/SCN3A.DNA.trimmed.fa, plot_data/SCN4A.columns, plot_data/SCN5A.DNA.fa, plot_data/SCN4A.DNA.fa, plot_data/SCN1A.columns
    resources: tmpdir=/var/folders/2l/zp0wk9q9097fqhyymq39vg880000gn/T

[Wed Aug 17 07:07:44 2022]
Finished job 0.
45 of 45 steps (100%) done
Complete log: .snakemake/log/2022-08-16T154930.668801.snakemake.log
