Building DAG of jobs...
Using shell: /bin/bash
Provided cores: 8
Rules claiming more threads will be scaled down.
Job stats:
job                       count    min threads    max threads
----------------------  -------  -------------  -------------
all                           1              1              1
get_remaining_DNA_seqs        6              1              1
makeDNA                       5              1              1
makeHyphyAnnotInput           5              1              1
makeHyphyInput                5              1              1
makeTree                      5              1              1
remove_stars                  6              1              1
runBUSTED                     5              1              1
runMeme                       5              1              1
run_mafft                     6              1              1
trim_bad_columns              5              1              1
trim_bad_seqs                 6              1              1
total                        60              1              1

Select jobs to execute...

[Tue Aug 16 12:57:42 2022]
rule run_mafft:
    input: ../../Data/alignments_full_assemb/align_SCN8A/SCN8A.spec.fa
    output: ../../Data/alignments_full_assemb/align_SCN8A/SCN8A.t68d10k45.all.renamed.fa.mafft
    jobid: 6
    reason: Forced execution
    wildcards: sample=SCN8A
    resources: tmpdir=/var/folders/2l/zp0wk9q9097fqhyymq39vg880000gn/T


[Tue Aug 16 12:57:42 2022]
rule run_mafft:
    input: ../../Data/alignments_full_assemb/align_SCN1A/SCN1A.spec.fa
    output: ../../Data/alignments_full_assemb/align_SCN1A/SCN1A.t68d10k45.all.renamed.fa.mafft
    jobid: 1
    reason: Forced execution
    wildcards: sample=SCN1A
    resources: tmpdir=/var/folders/2l/zp0wk9q9097fqhyymq39vg880000gn/T


[Tue Aug 16 12:57:42 2022]
rule run_mafft:
    input: ../../Data/alignments_full_assemb/align_SCN3A/SCN3A.spec.fa
    output: ../../Data/alignments_full_assemb/align_SCN3A/SCN3A.t68d10k45.all.renamed.fa.mafft
    jobid: 3
    reason: Forced execution
    wildcards: sample=SCN3A
    resources: tmpdir=/var/folders/2l/zp0wk9q9097fqhyymq39vg880000gn/T


[Tue Aug 16 12:57:42 2022]
rule run_mafft:
    input: ../../Data/alignments_full_assemb/align_SCN5A/SCN5A.spec.fa
    output: ../../Data/alignments_full_assemb/align_SCN5A/SCN5A.t68d10k45.all.renamed.fa.mafft
    jobid: 5
    reason: Forced execution
    wildcards: sample=SCN5A
    resources: tmpdir=/var/folders/2l/zp0wk9q9097fqhyymq39vg880000gn/T


[Tue Aug 16 12:57:42 2022]
rule run_mafft:
    input: ../../Data/alignments_full_assemb/align_SCN2A/SCN2A.spec.fa
    output: ../../Data/alignments_full_assemb/align_SCN2A/SCN2A.t68d10k45.all.renamed.fa.mafft
    jobid: 2
    reason: Forced execution
    wildcards: sample=SCN2A
    resources: tmpdir=/var/folders/2l/zp0wk9q9097fqhyymq39vg880000gn/T


[Tue Aug 16 12:57:42 2022]
rule run_mafft:
    input: ../../Data/alignments_full_assemb/align_SCN4A/SCN4A.spec.fa
    output: ../../Data/alignments_full_assemb/align_SCN4A/SCN4A.t68d10k45.all.renamed.fa.mafft
    jobid: 4
    reason: Forced execution
    wildcards: sample=SCN4A
    resources: tmpdir=/var/folders/2l/zp0wk9q9097fqhyymq39vg880000gn/T

[Tue Aug 16 12:57:48 2022]
Finished job 4.
1 of 60 steps (2%) done
Select jobs to execute...

[Tue Aug 16 12:57:48 2022]
rule remove_stars:
    input: ../../Data/alignments_full_assemb/align_SCN4A/SCN4A.t68d10k45.all.renamed.fa.mafft
    output: ../../Data/alignments_full_assemb/align_SCN4A/SCN4A.t68d10k45.all.renamed.fa.mafft.noStars
    jobid: 10
    reason: Input files updated by another job: ../../Data/alignments_full_assemb/align_SCN4A/SCN4A.t68d10k45.all.renamed.fa.mafft
    wildcards: sample=SCN4A
    resources: tmpdir=/var/folders/2l/zp0wk9q9097fqhyymq39vg880000gn/T

[Tue Aug 16 12:57:48 2022]
Finished job 6.
2 of 60 steps (3%) done
Select jobs to execute...

[Tue Aug 16 12:57:48 2022]
rule remove_stars:
    input: ../../Data/alignments_full_assemb/align_SCN8A/SCN8A.t68d10k45.all.renamed.fa.mafft
    output: ../../Data/alignments_full_assemb/align_SCN8A/SCN8A.t68d10k45.all.renamed.fa.mafft.noStars
    jobid: 12
    reason: Input files updated by another job: ../../Data/alignments_full_assemb/align_SCN8A/SCN8A.t68d10k45.all.renamed.fa.mafft
    wildcards: sample=SCN8A
    resources: tmpdir=/var/folders/2l/zp0wk9q9097fqhyymq39vg880000gn/T

[Tue Aug 16 12:57:48 2022]
Finished job 10.
3 of 60 steps (5%) done
Select jobs to execute...

[Tue Aug 16 12:57:48 2022]
rule trim_bad_seqs:
    input: ../../Data/alignments_full_assemb/align_SCN4A/SCN4A.t68d10k45.all.renamed.fa.mafft.noStars
    output: plot_data/SCN4A.fa
    jobid: 16
    reason: Input files updated by another job: ../../Data/alignments_full_assemb/align_SCN4A/SCN4A.t68d10k45.all.renamed.fa.mafft.noStars
    wildcards: sample=SCN4A
    resources: tmpdir=/var/folders/2l/zp0wk9q9097fqhyymq39vg880000gn/T


[Tue Aug 16 12:57:48 2022]
rule trim_bad_columns:
    input: ../../Data/alignments_full_assemb/align_SCN4A/SCN4A.t68d10k45.all.renamed.fa.mafft.noStars
    output: plot_data/SCN4A.columns
    jobid: 27
    reason: Missing output files: plot_data/SCN4A.columns; Input files updated by another job: ../../Data/alignments_full_assemb/align_SCN4A/SCN4A.t68d10k45.all.renamed.fa.mafft.noStars
    wildcards: sample=SCN4A
    resources: tmpdir=/var/folders/2l/zp0wk9q9097fqhyymq39vg880000gn/T

[Tue Aug 16 12:57:48 2022]
Finished job 12.
4 of 60 steps (7%) done
Select jobs to execute...
[Tue Aug 16 12:57:48 2022]
Error in rule trim_bad_columns:
    jobid: 27
    output: plot_data/SCN4A.columns
    shell:
        ./trimAlCol.sh SCN4A -> plot_data/SCN4A.columns
        (one of the commands exited with non-zero exit code; note that snakemake uses bash strict mode!)


[Tue Aug 16 12:57:48 2022]
rule trim_bad_columns:
    input: ../../Data/alignments_full_assemb/align_SCN8A/SCN8A.t68d10k45.all.renamed.fa.mafft.noStars
    output: plot_data/SCN8A.columns
    jobid: 29
    reason: Missing output files: plot_data/SCN8A.columns; Input files updated by another job: ../../Data/alignments_full_assemb/align_SCN8A/SCN8A.t68d10k45.all.renamed.fa.mafft.noStars
    wildcards: sample=SCN8A
    resources: tmpdir=/var/folders/2l/zp0wk9q9097fqhyymq39vg880000gn/T


[Tue Aug 16 12:57:48 2022]
rule trim_bad_seqs:
    input: ../../Data/alignments_full_assemb/align_SCN8A/SCN8A.t68d10k45.all.renamed.fa.mafft.noStars
    output: plot_data/SCN8A.fa
    jobid: 18
    reason: Input files updated by another job: ../../Data/alignments_full_assemb/align_SCN8A/SCN8A.t68d10k45.all.renamed.fa.mafft.noStars
    wildcards: sample=SCN8A
    resources: tmpdir=/var/folders/2l/zp0wk9q9097fqhyymq39vg880000gn/T

Removing output files of failed job trim_bad_columns since they might be corrupted:
plot_data/SCN4A.columns
[Tue Aug 16 12:57:49 2022]
Error in rule trim_bad_columns:
    jobid: 29
    output: plot_data/SCN8A.columns
    shell:
        ./trimAlCol.sh SCN8A -> plot_data/SCN8A.columns
        (one of the commands exited with non-zero exit code; note that snakemake uses bash strict mode!)

Removing output files of failed job trim_bad_columns since they might be corrupted:
plot_data/SCN8A.columns
[Tue Aug 16 12:57:49 2022]
Finished job 16.
5 of 60 steps (8%) done
[Tue Aug 16 12:57:49 2022]
Finished job 18.
6 of 60 steps (10%) done
[Tue Aug 16 12:57:49 2022]
Finished job 5.
7 of 60 steps (12%) done
[Tue Aug 16 12:57:49 2022]
Finished job 3.
8 of 60 steps (13%) done
[Tue Aug 16 12:57:49 2022]
Finished job 1.
9 of 60 steps (15%) done
[Tue Aug 16 12:57:54 2022]
Finished job 2.
10 of 60 steps (17%) done
Shutting down, this might take some time.
Exiting because a job execution failed. Look above for error message
Complete log: .snakemake/log/2022-08-16T125742.112315.snakemake.log
