
RAxML-NG v. 1.0.0 released on 07.08.2020 by The Exelixis Lab.
Developed by: Alexey M. Kozlov and Alexandros Stamatakis.
Contributors: Diego Darriba, Tomas Flouri, Benoit Morel, Sarah Lutteropp, Ben Bettisworth.
Latest version: https://github.com/amkozlov/raxml-ng
Questions/problems/suggestions? Please visit: https://groups.google.com/forum/#!forum/raxml

System: Intel(R) Xeon(R) CPU E5-2670 v2 @ 2.50GHz, 20 cores, 62 GB RAM

RAxML-NG was called at 14-Jun-2021 14:53:59 as follows:

/global/home/users/uricchio/software/raxml-ng-master/raxml-ng --model GTR+G --prefix trees_xenPum_ref_DNA/t56d10k35.orig --redo --msa trees_xenPum_ref_DNA/t56d10k35.orig.raxml.rba

Analysis options:
  run mode: ML tree search
  start tree(s): random (10) + parsimony (10)
  random seed: 1623707639
  tip-inner: OFF
  pattern compression: ON
  per-rate scalers: OFF
  site repeats: ON
  fast spr radius: AUTO
  spr subtree cutoff: 1.000000
  branch lengths: proportional (ML estimate, algorithm: NR-FAST)
  SIMD kernels: AVX
  parallelization: coarse-grained (auto), PTHREADS (auto)

WARNING: Running in REDO mode: existing checkpoints are ignored, and all result files will be overwritten!

WARNING: The model you specified on the command line (GTR+G) will be ignored 
         since the binary MSA file already contains a model definition.
         If you want to change the model, please re-run RAxML-NG 
         with the original PHYLIP/FASTA alignment and --redo option.

[00:00:00] Loading binary alignment from file: trees_xenPum_ref_DNA/t56d10k35.orig.raxml.rba
[00:00:00] Alignment comprises 60 taxa, 1 partitions and 5253 patterns

Partition 0: noname
Model: GTR+FO+G4m
Alignment sites / patterns: 8748 / 5253
Gaps: 42.97 %
Invariant sites: 43.42 %


Parallelization scheme autoconfig: 5 worker(s) x 4 thread(s)

Parallel reduction/worker buffer size: 1 KB  / 0 KB

[00:00:00] Generating 10 random starting tree(s) with 60 taxa
[00:00:00] Generating 10 parsimony starting tree(s) with 60 taxa
[00:00:00] Data distribution: max. partitions/sites/weight per thread: 1 / 1314 / 21024
[00:00:00] Data distribution: max. searches per worker: 4

Starting ML tree search with 20 distinct starting trees

[00:00:00 -205753.980839] Initial branch length optimization
[00:00:00 -181501.662841] Model parameter optimization (eps = 10.000000)
[00:00:04 -171836.265012] AUTODETECT spr round 1 (radius: 5)
[00:00:05 -119502.029518] AUTODETECT spr round 2 (radius: 10)
[00:00:07 -104909.489484] AUTODETECT spr round 3 (radius: 15)
[00:00:09 -104890.703468] AUTODETECT spr round 4 (radius: 20)
[00:00:10 -104890.682873] SPR radius for FAST iterations: 15 (autodetect)
[00:00:10 -104890.682873] Model parameter optimization (eps = 3.000000)
[00:00:11 -103944.932011] FAST spr round 1 (radius: 15)
[00:00:14 -99860.974209] FAST spr round 2 (radius: 15)
[00:00:16 -99761.569890] FAST spr round 3 (radius: 15)
[00:00:18 -99718.091473] FAST spr round 4 (radius: 15)
[00:00:20 -99641.223532] FAST spr round 5 (radius: 15)
[00:00:22 -99638.796867] FAST spr round 6 (radius: 15)
[00:00:26 -99636.302429] FAST spr round 7 (radius: 15)
[00:00:27 -99632.356313] FAST spr round 8 (radius: 15)
[00:00:29 -99630.761704] FAST spr round 9 (radius: 15)
[00:00:31 -99629.402182] FAST spr round 10 (radius: 15)
[00:00:32 -99629.402141] Model parameter optimization (eps = 1.000000)
[00:00:33 -99616.709926] SLOW spr round 1 (radius: 5)
[00:00:37] [worker #2] ML tree search #3, logLikelihood: -99616.701088
[00:00:37 -99616.707816] SLOW spr round 2 (radius: 10)
[00:00:40] [worker #1] ML tree search #2, logLikelihood: -99619.557414
[00:00:42 -99616.707767] SLOW spr round 3 (radius: 15)
[00:00:42] [worker #3] ML tree search #4, logLikelihood: -99616.704084
[00:00:45] [worker #4] ML tree search #5, logLikelihood: -99619.559285
[00:00:47 -99616.707766] SLOW spr round 4 (radius: 20)
[00:00:49 -99616.707766] SLOW spr round 5 (radius: 25)
[00:00:49 -99616.707766] Model parameter optimization (eps = 0.100000)

[00:00:50] [worker #0] ML tree search #1, logLikelihood: -99616.701404

[00:00:50 -209053.837088] Initial branch length optimization
[00:00:50 -183013.441170] Model parameter optimization (eps = 10.000000)
[00:00:52 -172770.876687] AUTODETECT spr round 1 (radius: 5)
[00:00:53 -119305.159344] AUTODETECT spr round 2 (radius: 10)
[00:00:55 -103818.699104] AUTODETECT spr round 3 (radius: 15)
[00:00:56 -103810.059241] AUTODETECT spr round 4 (radius: 20)
[00:00:56 -103810.041102] SPR radius for FAST iterations: 15 (autodetect)
[00:00:56 -103810.041102] Model parameter optimization (eps = 3.000000)
[00:00:57 -102845.499748] FAST spr round 1 (radius: 15)
[00:01:00 -99760.090318] FAST spr round 2 (radius: 15)
[00:01:04 -99645.638917] FAST spr round 3 (radius: 15)
[00:01:05 -99633.926386] FAST spr round 4 (radius: 15)
[00:01:07 -99631.767285] FAST spr round 5 (radius: 15)
[00:01:08 -99630.240632] FAST spr round 6 (radius: 15)
[00:01:09 -99629.559789] FAST spr round 7 (radius: 15)
[00:01:11 -99629.100233] FAST spr round 8 (radius: 15)
[00:01:12 -99628.949108] FAST spr round 9 (radius: 15)
[00:01:13 -99628.949017] Model parameter optimization (eps = 1.000000)
[00:01:14 -99619.572690] SLOW spr round 1 (radius: 5)
[00:01:15] [worker #1] ML tree search #7, logLikelihood: -99638.994799
[00:01:16] [worker #2] ML tree search #8, logLikelihood: -99619.557885
[00:01:18 -99619.570963] SLOW spr round 2 (radius: 10)
[00:01:22 -99619.570921] SLOW spr round 3 (radius: 15)
[00:01:24] [worker #4] ML tree search #10, logLikelihood: -99638.996252
[00:01:27] [worker #3] ML tree search #9, logLikelihood: -99764.641431
[00:01:28 -99619.570920] SLOW spr round 4 (radius: 20)
[00:01:30 -99619.570920] SLOW spr round 5 (radius: 25)
[00:01:30 -99619.570920] Model parameter optimization (eps = 0.100000)

[00:01:30] [worker #0] ML tree search #6, logLikelihood: -99619.560163

[00:01:30 -111210.956368] Initial branch length optimization
[00:01:30 -102896.961807] Model parameter optimization (eps = 10.000000)
[00:01:31 -99847.718459] AUTODETECT spr round 1 (radius: 5)
[00:01:32 -99681.873840] AUTODETECT spr round 2 (radius: 10)
[00:01:34 -99681.866880] SPR radius for FAST iterations: 5 (autodetect)
[00:01:34 -99681.866880] Model parameter optimization (eps = 3.000000)
[00:01:34 -99681.488541] FAST spr round 1 (radius: 5)
[00:01:35 -99673.990232] FAST spr round 2 (radius: 5)
[00:01:36 -99666.669436] FAST spr round 3 (radius: 5)
[00:01:38 -99661.632796] FAST spr round 4 (radius: 5)
[00:01:40 -99623.687988] FAST spr round 5 (radius: 5)
[00:01:42 -99623.170822] FAST spr round 6 (radius: 5)
[00:01:43] [worker #2] ML tree search #13, logLikelihood: -99621.609452
[00:01:43 -99623.170624] Model parameter optimization (eps = 1.000000)
[00:01:43 -99622.770699] SLOW spr round 1 (radius: 5)
[00:01:44] [worker #1] ML tree search #12, logLikelihood: -99616.702306
[00:01:47 -99622.770583] SLOW spr round 2 (radius: 10)
[00:01:51 -99622.770579] SLOW spr round 3 (radius: 15)
[00:01:56] [worker #4] ML tree search #15, logLikelihood: -99638.999045
[00:01:57 -99622.770578] SLOW spr round 4 (radius: 20)
[00:01:59 -99622.770578] SLOW spr round 5 (radius: 25)
[00:01:59 -99622.770578] Model parameter optimization (eps = 0.100000)

[00:02:00] [worker #0] ML tree search #11, logLikelihood: -99622.767895

[00:02:00 -111445.630910] Initial branch length optimization
[00:02:00 -103168.436812] Model parameter optimization (eps = 10.000000)
[00:02:00] [worker #3] ML tree search #14, logLikelihood: -99639.003058
[00:02:01 -100089.469696] AUTODETECT spr round 1 (radius: 5)
[00:02:01 -99735.513112] AUTODETECT spr round 2 (radius: 10)
[00:02:03 -99735.499688] SPR radius for FAST iterations: 5 (autodetect)
[00:02:03 -99735.499688] Model parameter optimization (eps = 3.000000)
[00:02:03 -99735.132722] FAST spr round 1 (radius: 5)
[00:02:05 -99658.545866] FAST spr round 2 (radius: 5)
[00:02:06 -99649.418870] FAST spr round 3 (radius: 5)
[00:02:07 -99645.073043] FAST spr round 4 (radius: 5)
[00:02:09 -99642.671413] FAST spr round 5 (radius: 5)
[00:02:10] [worker #2] ML tree search #18, logLikelihood: -99619.561006
[00:02:10 -99640.690973] FAST spr round 6 (radius: 5)
[00:02:11 -99639.752124] FAST spr round 7 (radius: 5)
[00:02:13 -99639.336974] FAST spr round 8 (radius: 5)
[00:02:14 -99639.336926] Model parameter optimization (eps = 1.000000)
[00:02:14 -99639.029875] SLOW spr round 1 (radius: 5)
[00:02:18 -99639.029745] SLOW spr round 2 (radius: 10)
[00:02:18] [worker #1] ML tree search #17, logLikelihood: -99638.996577
[00:02:23 -99639.029741] SLOW spr round 3 (radius: 15)
[00:02:26] [worker #4] ML tree search #20, logLikelihood: -99619.557494
[00:02:28 -99639.029741] SLOW spr round 4 (radius: 20)
[00:02:28] [worker #3] ML tree search #19, logLikelihood: -99619.562484
[00:02:30 -99639.029741] SLOW spr round 5 (radius: 25)
[00:02:30 -99639.029741] Model parameter optimization (eps = 0.100000)

[00:02:30] [worker #0] ML tree search #16, logLikelihood: -99638.999588


Optimized model parameters:

   Partition 0: noname
   Rate heterogeneity: GAMMA (4 cats, mean),  alpha: 0.655578 (ML),  weights&rates: (0.250000,0.064737) (0.250000,0.341794) (0.250000,0.907225) (0.250000,2.686244) 
   Base frequencies (ML): 0.287906 0.208771 0.209069 0.294254 
   Substitution rates (ML): 1.393824 3.505862 1.205835 1.103582 4.244861 1.000000 


Final LogLikelihood: -99616.701088

AIC score: 199485.402175 / AICc score: 199489.114506 / BIC score: 200377.051303
Free parameters (model + branch lengths): 126

Best ML tree saved to: /global/home/users/uricchio/software/HybPiper-master/sodiumChannelPaperAnalyses/trees_xenPum_ref_DNA/t56d10k35.orig.raxml.bestTree
All ML trees saved to: /global/home/users/uricchio/software/HybPiper-master/sodiumChannelPaperAnalyses/trees_xenPum_ref_DNA/t56d10k35.orig.raxml.mlTrees
Optimized model saved to: /global/home/users/uricchio/software/HybPiper-master/sodiumChannelPaperAnalyses/trees_xenPum_ref_DNA/t56d10k35.orig.raxml.bestModel

Execution log saved to: /global/home/users/uricchio/software/HybPiper-master/sodiumChannelPaperAnalyses/trees_xenPum_ref_DNA/t56d10k35.orig.raxml.log

Analysis started: 14-Jun-2021 14:53:59 / finished: 14-Jun-2021 14:56:30

Elapsed time: 150.462 seconds

Consumed energy: 8.272 Wh

