
RAxML-NG v. 1.0.0 released on 07.08.2020 by The Exelixis Lab.
Developed by: Alexey M. Kozlov and Alexandros Stamatakis.
Contributors: Diego Darriba, Tomas Flouri, Benoit Morel, Sarah Lutteropp, Ben Bettisworth.
Latest version: https://github.com/amkozlov/raxml-ng
Questions/problems/suggestions? Please visit: https://groups.google.com/forum/#!forum/raxml

System: Intel(R) Xeon(R) CPU E5-2670 v2 @ 2.50GHz, 20 cores, 62 GB RAM

RAxML-NG was called at 14-Jun-2021 14:57:18 as follows:

/global/home/users/uricchio/software/raxml-ng-master/raxml-ng --model GTR+G --prefix trees_xenPum_ref_DNA/t60d10k45.orig --redo --msa trees_xenPum_ref_DNA/t60d10k45.orig.raxml.rba

Analysis options:
  run mode: ML tree search
  start tree(s): random (10) + parsimony (10)
  random seed: 1623707838
  tip-inner: OFF
  pattern compression: ON
  per-rate scalers: OFF
  site repeats: ON
  fast spr radius: AUTO
  spr subtree cutoff: 1.000000
  branch lengths: proportional (ML estimate, algorithm: NR-FAST)
  SIMD kernels: AVX
  parallelization: coarse-grained (auto), PTHREADS (auto)

WARNING: Running in REDO mode: existing checkpoints are ignored, and all result files will be overwritten!

WARNING: The model you specified on the command line (GTR+G) will be ignored 
         since the binary MSA file already contains a model definition.
         If you want to change the model, please re-run RAxML-NG 
         with the original PHYLIP/FASTA alignment and --redo option.

[00:00:00] Loading binary alignment from file: trees_xenPum_ref_DNA/t60d10k45.orig.raxml.rba
[00:00:00] Alignment comprises 60 taxa, 1 partitions and 5234 patterns

Partition 0: noname
Model: GTR+FO+G4m
Alignment sites / patterns: 9310 / 5234
Gaps: 46.37 %
Invariant sites: 46.80 %


Parallelization scheme autoconfig: 5 worker(s) x 4 thread(s)

Parallel reduction/worker buffer size: 1 KB  / 0 KB

[00:00:00] Generating 10 random starting tree(s) with 60 taxa
[00:00:00] Generating 10 parsimony starting tree(s) with 60 taxa
[00:00:00] Data distribution: max. partitions/sites/weight per thread: 1 / 1309 / 20944
[00:00:00] Data distribution: max. searches per worker: 4

Starting ML tree search with 20 distinct starting trees

[00:00:00 -206740.710812] Initial branch length optimization
[00:00:00 -179819.631746] Model parameter optimization (eps = 10.000000)
[00:00:04 -170367.027209] AUTODETECT spr round 1 (radius: 5)
[00:00:05 -123582.735547] AUTODETECT spr round 2 (radius: 10)
[00:00:07 -105437.799822] AUTODETECT spr round 3 (radius: 15)
[00:00:09 -105110.966576] AUTODETECT spr round 4 (radius: 20)
[00:00:11 -105110.947855] SPR radius for FAST iterations: 15 (autodetect)
[00:00:11 -105110.947855] Model parameter optimization (eps = 3.000000)
[00:00:12 -104250.452647] FAST spr round 1 (radius: 15)
[00:00:15 -101232.467902] FAST spr round 2 (radius: 15)
[00:00:17 -101204.591928] FAST spr round 3 (radius: 15)
[00:00:18 -101186.808695] FAST spr round 4 (radius: 15)
[00:00:20 -101164.061132] FAST spr round 5 (radius: 15)
[00:00:22 -101162.205546] FAST spr round 6 (radius: 15)
[00:00:23 -101162.205494] Model parameter optimization (eps = 1.000000)
[00:00:24 -101150.923786] SLOW spr round 1 (radius: 5)
[00:00:28 -101143.950252] SLOW spr round 2 (radius: 5)
[00:00:32 -101143.949497] SLOW spr round 3 (radius: 10)
[00:00:36 -101143.949493] SLOW spr round 4 (radius: 15)
[00:00:40] [worker #3] ML tree search #4, logLikelihood: -101138.899390
[00:00:40] [worker #1] ML tree search #2, logLikelihood: -101138.898467
[00:00:40] [worker #4] ML tree search #5, logLikelihood: -101138.898320
[00:00:43 -101143.949493] SLOW spr round 5 (radius: 20)
[00:00:45 -101143.949493] SLOW spr round 6 (radius: 25)
[00:00:45 -101143.949493] Model parameter optimization (eps = 0.100000)

[00:00:46] [worker #0] ML tree search #1, logLikelihood: -101143.776725

[00:00:46 -212345.180176] Initial branch length optimization
[00:00:46 -186478.588131] Model parameter optimization (eps = 10.000000)
[00:00:49 -176328.240901] AUTODETECT spr round 1 (radius: 5)
[00:00:49] [worker #2] ML tree search #3, logLikelihood: -101138.132008
[00:00:50 -117429.100605] AUTODETECT spr round 2 (radius: 10)
[00:00:51 -105471.678125] AUTODETECT spr round 3 (radius: 15)
[00:00:53 -105411.831451] AUTODETECT spr round 4 (radius: 20)
[00:00:53 -105411.676123] AUTODETECT spr round 5 (radius: 25)
[00:00:54 -105411.656034] SPR radius for FAST iterations: 20 (autodetect)
[00:00:54 -105411.656034] Model parameter optimization (eps = 3.000000)
[00:00:55 -104375.444323] FAST spr round 1 (radius: 20)
[00:00:57 -101298.491664] FAST spr round 2 (radius: 20)
[00:00:59 -101195.476269] FAST spr round 3 (radius: 20)
[00:01:01 -101172.932756] FAST spr round 4 (radius: 20)
[00:01:02 -101159.449110] FAST spr round 5 (radius: 20)
[00:01:03 -101157.283057] FAST spr round 6 (radius: 20)
[00:01:05 -101155.483299] FAST spr round 7 (radius: 20)
[00:01:06 -101155.483298] Model parameter optimization (eps = 1.000000)
[00:01:06 -101149.715794] SLOW spr round 1 (radius: 5)
[00:01:10 -101143.881128] SLOW spr round 2 (radius: 5)
[00:01:14 -101143.880365] SLOW spr round 3 (radius: 10)
[00:01:16] [worker #3] ML tree search #9, logLikelihood: -101141.197730
[00:01:18 -101143.880361] SLOW spr round 4 (radius: 15)
[00:01:20] [worker #4] ML tree search #10, logLikelihood: -101138.900007
[00:01:22] [worker #1] ML tree search #7, logLikelihood: -101138.899081
[00:01:24 -101143.880360] SLOW spr round 5 (radius: 20)
[00:01:26 -101143.880360] SLOW spr round 6 (radius: 25)
[00:01:27 -101143.880360] Model parameter optimization (eps = 0.100000)

[00:01:27] [worker #0] ML tree search #6, logLikelihood: -101143.780883

[00:01:27 -112823.073980] Initial branch length optimization
[00:01:27 -104442.266715] Model parameter optimization (eps = 10.000000)
[00:01:28 -101384.477031] AUTODETECT spr round 1 (radius: 5)
[00:01:29 -101206.248584] AUTODETECT spr round 2 (radius: 10)
[00:01:30 -101206.243028] SPR radius for FAST iterations: 5 (autodetect)
[00:01:30 -101206.243028] Model parameter optimization (eps = 3.000000)
[00:01:30 -101205.348488] FAST spr round 1 (radius: 5)
[00:01:32 -101163.676271] FAST spr round 2 (radius: 5)
[00:01:33 -101149.189210] FAST spr round 3 (radius: 5)
[00:01:34 -101142.319915] FAST spr round 4 (radius: 5)
[00:01:35] [worker #2] ML tree search #8, logLikelihood: -101138.898903
[00:01:36 -101140.057772] FAST spr round 5 (radius: 5)
[00:01:37 -101138.352713] FAST spr round 6 (radius: 5)
[00:01:38 -101138.352670] Model parameter optimization (eps = 1.000000)
[00:01:39 -101138.153001] SLOW spr round 1 (radius: 5)
[00:01:43 -101138.152886] SLOW spr round 2 (radius: 10)
[00:01:47] [worker #3] ML tree search #14, logLikelihood: -101141.198099
[00:01:47 -101138.152883] SLOW spr round 3 (radius: 15)
[00:01:48] [worker #4] ML tree search #15, logLikelihood: -101141.197500
[00:01:52 -101138.152883] SLOW spr round 4 (radius: 20)
[00:01:54 -101138.152883] SLOW spr round 5 (radius: 25)
[00:01:55 -101138.152883] Model parameter optimization (eps = 0.100000)

[00:01:55] [worker #0] ML tree search #11, logLikelihood: -101138.130361

[00:01:55 -113031.377791] Initial branch length optimization
[00:01:55 -104668.396815] Model parameter optimization (eps = 10.000000)
[00:01:56 -101610.660385] AUTODETECT spr round 1 (radius: 5)
[00:01:57 -101193.532498] AUTODETECT spr round 2 (radius: 10)
[00:01:58 -101193.524115] SPR radius for FAST iterations: 5 (autodetect)
[00:01:58 -101193.524115] Model parameter optimization (eps = 3.000000)
[00:01:58 -101192.849414] FAST spr round 1 (radius: 5)
[00:02:00 -101150.111270] FAST spr round 2 (radius: 5)
[00:02:01 -101142.165507] FAST spr round 3 (radius: 5)
[00:02:02] [worker #1] ML tree search #12, logLikelihood: -101138.900002
[00:02:02 -101139.235349] FAST spr round 4 (radius: 5)
[00:02:04 -101139.234994] Model parameter optimization (eps = 1.000000)
[00:02:04 -101138.935064] SLOW spr round 1 (radius: 5)
[00:02:07] [worker #2] ML tree search #13, logLikelihood: -101138.129320
[00:02:08 -101138.934978] SLOW spr round 2 (radius: 10)
[00:02:12 -101138.934977] SLOW spr round 3 (radius: 15)
[00:02:15] [worker #4] ML tree search #20, logLikelihood: -101138.131725
[00:02:18 -101138.934977] SLOW spr round 4 (radius: 20)
[00:02:21 -101138.934977] SLOW spr round 5 (radius: 25)
[00:02:21 -101138.934977] Model parameter optimization (eps = 0.100000)

[00:02:21] [worker #0] ML tree search #16, logLikelihood: -101138.904961

[00:02:22] [worker #3] ML tree search #19, logLikelihood: -101138.900325
[00:02:30] [worker #1] ML tree search #17, logLikelihood: -101138.899866
[00:02:36] [worker #2] ML tree search #18, logLikelihood: -101138.901928

Optimized model parameters:

   Partition 0: noname
   Rate heterogeneity: GAMMA (4 cats, mean),  alpha: 0.675893 (ML),  weights&rates: (0.250000,0.069048) (0.250000,0.351930) (0.250000,0.915597) (0.250000,2.663425) 
   Base frequencies (ML): 0.286515 0.209148 0.208827 0.295510 
   Substitution rates (ML): 1.335128 3.408793 1.182958 1.105254 4.141765 1.000000 


Final LogLikelihood: -101138.129320

AIC score: 202528.258639 / AICc score: 202531.743775 / BIC score: 203427.753030
Free parameters (model + branch lengths): 126

Best ML tree saved to: /global/home/users/uricchio/software/HybPiper-master/sodiumChannelPaperAnalyses/trees_xenPum_ref_DNA/t60d10k45.orig.raxml.bestTree
All ML trees saved to: /global/home/users/uricchio/software/HybPiper-master/sodiumChannelPaperAnalyses/trees_xenPum_ref_DNA/t60d10k45.orig.raxml.mlTrees
Optimized model saved to: /global/home/users/uricchio/software/HybPiper-master/sodiumChannelPaperAnalyses/trees_xenPum_ref_DNA/t60d10k45.orig.raxml.bestModel

Execution log saved to: /global/home/users/uricchio/software/HybPiper-master/sodiumChannelPaperAnalyses/trees_xenPum_ref_DNA/t60d10k45.orig.raxml.log

Analysis started: 14-Jun-2021 14:57:18 / finished: 14-Jun-2021 14:59:55

Elapsed time: 156.635 seconds

Consumed energy: 8.812 Wh

