
RAxML-NG v. 1.0.0 released on 07.08.2020 by The Exelixis Lab.
Developed by: Alexey M. Kozlov and Alexandros Stamatakis.
Contributors: Diego Darriba, Tomas Flouri, Benoit Morel, Sarah Lutteropp, Ben Bettisworth.
Latest version: https://github.com/amkozlov/raxml-ng
Questions/problems/suggestions? Please visit: https://groups.google.com/forum/#!forum/raxml

System: Intel(R) Xeon(R) CPU E5-2670 v2 @ 2.50GHz, 20 cores, 62 GB RAM

RAxML-NG was called at 14-Jun-2021 15:07:31 as follows:

/global/home/users/uricchio/software/raxml-ng-master/raxml-ng --model GTR+G --prefix trees_xenPum_ref_DNA/t80d10k35.orig --redo --msa trees_xenPum_ref_DNA/t80d10k35.orig.raxml.rba

Analysis options:
  run mode: ML tree search
  start tree(s): random (10) + parsimony (10)
  random seed: 1623708451
  tip-inner: OFF
  pattern compression: ON
  per-rate scalers: OFF
  site repeats: ON
  fast spr radius: AUTO
  spr subtree cutoff: 1.000000
  branch lengths: proportional (ML estimate, algorithm: NR-FAST)
  SIMD kernels: AVX
  parallelization: coarse-grained (auto), PTHREADS (auto)

WARNING: Running in REDO mode: existing checkpoints are ignored, and all result files will be overwritten!

WARNING: The model you specified on the command line (GTR+G) will be ignored 
         since the binary MSA file already contains a model definition.
         If you want to change the model, please re-run RAxML-NG 
         with the original PHYLIP/FASTA alignment and --redo option.

[00:00:00] Loading binary alignment from file: trees_xenPum_ref_DNA/t80d10k35.orig.raxml.rba
[00:00:00] Alignment comprises 60 taxa, 1 partitions and 4793 patterns

Partition 0: noname
Model: GTR+FO+G4m
Alignment sites / patterns: 7517 / 4793
Gaps: 38.47 %
Invariant sites: 41.16 %


Parallelization scheme autoconfig: 5 worker(s) x 4 thread(s)

Parallel reduction/worker buffer size: 1 KB  / 0 KB

[00:00:00] Generating 10 random starting tree(s) with 60 taxa
[00:00:00] Generating 10 parsimony starting tree(s) with 60 taxa
[00:00:00] Data distribution: max. partitions/sites/weight per thread: 1 / 1199 / 19184
[00:00:00] Data distribution: max. searches per worker: 4

Starting ML tree search with 20 distinct starting trees

[00:00:00 -189836.969035] Initial branch length optimization
[00:00:00 -165299.305952] Model parameter optimization (eps = 10.000000)
[00:00:04 -155982.218044] AUTODETECT spr round 1 (radius: 5)
[00:00:05 -101020.483639] AUTODETECT spr round 2 (radius: 10)
[00:00:07 -89760.069889] AUTODETECT spr round 3 (radius: 15)
[00:00:08 -89752.100439] AUTODETECT spr round 4 (radius: 20)
[00:00:09 -89752.057655] SPR radius for FAST iterations: 15 (autodetect)
[00:00:09 -89752.057655] Model parameter optimization (eps = 3.000000)
[00:00:10 -89037.848205] FAST spr round 1 (radius: 15)
[00:00:13 -86845.765146] FAST spr round 2 (radius: 15)
[00:00:14 -86831.928450] FAST spr round 3 (radius: 15)
[00:00:16 -86822.283640] FAST spr round 4 (radius: 15)
[00:00:18 -86818.584863] FAST spr round 5 (radius: 15)
[00:00:19 -86818.584765] Model parameter optimization (eps = 1.000000)
[00:00:19 -86813.684030] SLOW spr round 1 (radius: 5)
[00:00:24 -86813.499453] SLOW spr round 2 (radius: 5)
[00:00:28 -86792.906806] SLOW spr round 3 (radius: 5)
[00:00:32 -86792.906344] SLOW spr round 4 (radius: 10)
[00:00:34] [worker #4] ML tree search #5, logLikelihood: -86792.827718
[00:00:37 -86792.906334] SLOW spr round 5 (radius: 15)
[00:00:38] [worker #2] ML tree search #3, logLikelihood: -86792.831103
[00:00:39] [worker #3] ML tree search #4, logLikelihood: -86792.830296
[00:00:43 -86792.906334] SLOW spr round 6 (radius: 20)
[00:00:43] [worker #1] ML tree search #2, logLikelihood: -86792.827709
[00:00:44 -86792.906334] SLOW spr round 7 (radius: 25)
[00:00:44 -86792.906334] Model parameter optimization (eps = 0.100000)

[00:00:45] [worker #0] ML tree search #1, logLikelihood: -86792.834150

[00:00:45 -192023.905066] Initial branch length optimization
[00:00:45 -167875.511049] Model parameter optimization (eps = 10.000000)
[00:00:47 -157697.500056] AUTODETECT spr round 1 (radius: 5)
[00:00:48 -98366.005847] AUTODETECT spr round 2 (radius: 10)
[00:00:49 -89940.968162] AUTODETECT spr round 3 (radius: 15)
[00:00:50 -89720.409337] AUTODETECT spr round 4 (radius: 20)
[00:00:51 -89720.388259] SPR radius for FAST iterations: 15 (autodetect)
[00:00:51 -89720.388259] Model parameter optimization (eps = 3.000000)
[00:00:52 -88845.884301] FAST spr round 1 (radius: 15)
[00:00:54 -86897.045673] FAST spr round 2 (radius: 15)
[00:00:56 -86841.389831] FAST spr round 3 (radius: 15)
[00:00:57 -86810.300662] FAST spr round 4 (radius: 15)
[00:00:58 -86805.284234] FAST spr round 5 (radius: 15)
[00:01:00 -86800.813090] FAST spr round 6 (radius: 15)
[00:01:01 -86800.425264] FAST spr round 7 (radius: 15)
[00:01:02 -86800.424166] Model parameter optimization (eps = 1.000000)
[00:01:02 -86792.843545] SLOW spr round 1 (radius: 5)
[00:01:06] [worker #4] ML tree search #10, logLikelihood: -86792.827963
[00:01:06 -86792.841031] SLOW spr round 2 (radius: 10)
[00:01:09] [worker #3] ML tree search #9, logLikelihood: -86792.827747
[00:01:11 -86792.840991] SLOW spr round 3 (radius: 15)
[00:01:12] [worker #1] ML tree search #7, logLikelihood: -86792.828148
[00:01:17 -86792.840990] SLOW spr round 4 (radius: 20)
[00:01:17] [worker #2] ML tree search #8, logLikelihood: -86792.847496
[00:01:18 -86792.840990] SLOW spr round 5 (radius: 25)
[00:01:18 -86792.840990] Model parameter optimization (eps = 0.100000)

[00:01:18] [worker #0] ML tree search #6, logLikelihood: -86792.829223

[00:01:19 -97679.407535] Initial branch length optimization
[00:01:19 -89626.341837] Model parameter optimization (eps = 10.000000)
[00:01:19 -86965.628585] AUTODETECT spr round 1 (radius: 5)
[00:01:20 -86813.986866] AUTODETECT spr round 2 (radius: 10)
[00:01:22 -86813.983409] SPR radius for FAST iterations: 5 (autodetect)
[00:01:22 -86813.983409] Model parameter optimization (eps = 3.000000)
[00:01:22 -86813.480034] FAST spr round 1 (radius: 5)
[00:01:23 -86813.394014] Model parameter optimization (eps = 1.000000)
[00:01:23 -86813.351564] SLOW spr round 1 (radius: 5)
[00:01:27 -86792.895899] SLOW spr round 2 (radius: 5)
[00:01:31 -86792.895818] SLOW spr round 3 (radius: 10)
[00:01:31] [worker #3] ML tree search #14, logLikelihood: -86792.830198
[00:01:32] [worker #4] ML tree search #15, logLikelihood: -86792.834985
[00:01:36 -86792.895816] SLOW spr round 4 (radius: 15)
[00:01:38] [worker #1] ML tree search #12, logLikelihood: -86792.833063
[00:01:41 -86792.895816] SLOW spr round 5 (radius: 20)
[00:01:41] [worker #2] ML tree search #13, logLikelihood: -86792.833613
[00:01:43 -86792.895816] SLOW spr round 6 (radius: 25)
[00:01:43 -86792.895816] Model parameter optimization (eps = 0.100000)

[00:01:43] [worker #0] ML tree search #11, logLikelihood: -86792.831397

[00:01:43 -98230.172202] Initial branch length optimization
[00:01:43 -89760.313084] Model parameter optimization (eps = 10.000000)
[00:01:44 -87092.470467] AUTODETECT spr round 1 (radius: 5)
[00:01:45 -86820.861023] AUTODETECT spr round 2 (radius: 10)
[00:01:46 -86820.856760] SPR radius for FAST iterations: 5 (autodetect)
[00:01:46 -86820.856760] Model parameter optimization (eps = 3.000000)
[00:01:46 -86820.557570] FAST spr round 1 (radius: 5)
[00:01:47 -86796.502917] FAST spr round 2 (radius: 5)
[00:01:49 -86793.006806] FAST spr round 3 (radius: 5)
[00:01:50 -86793.002699] Model parameter optimization (eps = 1.000000)
[00:01:50 -86792.852682] SLOW spr round 1 (radius: 5)
[00:01:55 -86792.852371] SLOW spr round 2 (radius: 10)
[00:01:55] [worker #3] ML tree search #19, logLikelihood: -86792.832944
[00:01:57] [worker #4] ML tree search #20, logLikelihood: -86792.832918
[00:01:59 -86792.852369] SLOW spr round 3 (radius: 15)
[00:02:01] [worker #1] ML tree search #17, logLikelihood: -86792.828877
[00:02:05 -86792.852369] SLOW spr round 4 (radius: 20)
[00:02:06] [worker #2] ML tree search #18, logLikelihood: -86792.836318
[00:02:06 -86792.852369] SLOW spr round 5 (radius: 25)
[00:02:06 -86792.852369] Model parameter optimization (eps = 0.100000)

[00:02:07] [worker #0] ML tree search #16, logLikelihood: -86792.827831


Optimized model parameters:

   Partition 0: noname
   Rate heterogeneity: GAMMA (4 cats, mean),  alpha: 0.625524 (ML),  weights&rates: (0.250000,0.058411) (0.250000,0.326166) (0.250000,0.893802) (0.250000,2.721621) 
   Base frequencies (ML): 0.285823 0.213152 0.209612 0.291413 
   Substitution rates (ML): 1.357589 3.476291 1.154669 1.097678 4.182538 1.000000 


Final LogLikelihood: -86792.827709

AIC score: 173837.655418 / AICc score: 173841.986135 / BIC score: 174710.195641
Free parameters (model + branch lengths): 126

Best ML tree saved to: /global/home/users/uricchio/software/HybPiper-master/sodiumChannelPaperAnalyses/trees_xenPum_ref_DNA/t80d10k35.orig.raxml.bestTree
All ML trees saved to: /global/home/users/uricchio/software/HybPiper-master/sodiumChannelPaperAnalyses/trees_xenPum_ref_DNA/t80d10k35.orig.raxml.mlTrees
Optimized model saved to: /global/home/users/uricchio/software/HybPiper-master/sodiumChannelPaperAnalyses/trees_xenPum_ref_DNA/t80d10k35.orig.raxml.bestModel

Execution log saved to: /global/home/users/uricchio/software/HybPiper-master/sodiumChannelPaperAnalyses/trees_xenPum_ref_DNA/t80d10k35.orig.raxml.log

Analysis started: 14-Jun-2021 15:07:31 / finished: 14-Jun-2021 15:09:38

Elapsed time: 127.213 seconds

Consumed energy: 6.520 Wh

