
RAxML-NG v. 1.0.0 released on 07.08.2020 by The Exelixis Lab.
Developed by: Alexey M. Kozlov and Alexandros Stamatakis.
Contributors: Diego Darriba, Tomas Flouri, Benoit Morel, Sarah Lutteropp, Ben Bettisworth.
Latest version: https://github.com/amkozlov/raxml-ng
Questions/problems/suggestions? Please visit: https://groups.google.com/forum/#!forum/raxml

System: Intel(R) Xeon(R) CPU E5-2670 v2 @ 2.50GHz, 20 cores, 62 GB RAM

RAxML-NG was called at 14-Jun-2021 15:10:31 as follows:

/global/home/users/uricchio/software/raxml-ng-master/raxml-ng --model GTR+G --prefix trees_xenPum_ref_DNA/t84d10k45.orig --redo --msa trees_xenPum_ref_DNA/t84d10k45.orig.raxml.rba

Analysis options:
  run mode: ML tree search
  start tree(s): random (10) + parsimony (10)
  random seed: 1623708631
  tip-inner: OFF
  pattern compression: ON
  per-rate scalers: OFF
  site repeats: ON
  fast spr radius: AUTO
  spr subtree cutoff: 1.000000
  branch lengths: proportional (ML estimate, algorithm: NR-FAST)
  SIMD kernels: AVX
  parallelization: coarse-grained (auto), PTHREADS (auto)

WARNING: Running in REDO mode: existing checkpoints are ignored, and all result files will be overwritten!

WARNING: The model you specified on the command line (GTR+G) will be ignored 
         since the binary MSA file already contains a model definition.
         If you want to change the model, please re-run RAxML-NG 
         with the original PHYLIP/FASTA alignment and --redo option.

[00:00:00] Loading binary alignment from file: trees_xenPum_ref_DNA/t84d10k45.orig.raxml.rba
[00:00:00] Alignment comprises 60 taxa, 1 partitions and 4579 patterns

Partition 0: noname
Model: GTR+FO+G4m
Alignment sites / patterns: 6688 / 4579
Gaps: 36.87 %
Invariant sites: 36.83 %


Parallelization scheme autoconfig: 5 worker(s) x 4 thread(s)

Parallel reduction/worker buffer size: 1 KB  / 0 KB

[00:00:00] Generating 10 random starting tree(s) with 60 taxa
[00:00:00] Generating 10 parsimony starting tree(s) with 60 taxa
[00:00:00] Data distribution: max. partitions/sites/weight per thread: 1 / 1145 / 18320
[00:00:00] Data distribution: max. searches per worker: 4

Starting ML tree search with 20 distinct starting trees

[00:00:00 -165294.738153] Initial branch length optimization
[00:00:00 -146576.656678] Model parameter optimization (eps = 10.000000)
[00:00:03 -137840.948223] AUTODETECT spr round 1 (radius: 5)
[00:00:04 -88516.088158] AUTODETECT spr round 2 (radius: 10)
[00:00:06 -79443.361816] AUTODETECT spr round 3 (radius: 15)
[00:00:08 -79441.920863] AUTODETECT spr round 4 (radius: 20)
[00:00:08 -79441.893350] SPR radius for FAST iterations: 15 (autodetect)
[00:00:08 -79441.893350] Model parameter optimization (eps = 3.000000)
[00:00:09 -78766.924748] FAST spr round 1 (radius: 15)
[00:00:12 -77001.911026] FAST spr round 2 (radius: 15)
[00:00:14 -76941.124477] FAST spr round 3 (radius: 15)
[00:00:15 -76933.765920] FAST spr round 4 (radius: 15)
[00:00:16 -76932.027898] FAST spr round 5 (radius: 15)
[00:00:17 -76931.920786] FAST spr round 6 (radius: 15)
[00:00:19 -76931.920690] Model parameter optimization (eps = 1.000000)
[00:00:19 -76926.549741] SLOW spr round 1 (radius: 5)
[00:00:23 -76926.501752] SLOW spr round 2 (radius: 10)
[00:00:27 -76926.501519] SLOW spr round 3 (radius: 15)
[00:00:31] [worker #1] ML tree search #2, logLikelihood: -76933.564836
[00:00:32 -76926.501508] SLOW spr round 4 (radius: 20)
[00:00:33 -76926.501507] SLOW spr round 5 (radius: 25)
[00:00:34 -76926.501507] Model parameter optimization (eps = 0.100000)

[00:00:34] [worker #0] ML tree search #1, logLikelihood: -76926.471649

[00:00:34 -169239.493995] Initial branch length optimization
[00:00:34 -150042.074509] Model parameter optimization (eps = 10.000000)
[00:00:36 -140893.661427] AUTODETECT spr round 1 (radius: 5)
[00:00:36] [worker #3] ML tree search #4, logLikelihood: -76926.670280
[00:00:37 -88346.171709] AUTODETECT spr round 2 (radius: 10)
[00:00:38] [worker #4] ML tree search #5, logLikelihood: -76926.674469
[00:00:38 -80556.354810] AUTODETECT spr round 3 (radius: 15)
[00:00:39 -80023.336674] AUTODETECT spr round 4 (radius: 20)
[00:00:40 -80023.325358] SPR radius for FAST iterations: 15 (autodetect)
[00:00:40 -80023.325358] Model parameter optimization (eps = 3.000000)
[00:00:41 -79264.431609] FAST spr round 1 (radius: 15)
[00:00:41] [worker #2] ML tree search #3, logLikelihood: -76934.239556
[00:00:44 -77052.676070] FAST spr round 2 (radius: 15)
[00:00:45 -76954.230436] FAST spr round 3 (radius: 15)
[00:00:46 -76947.442538] FAST spr round 4 (radius: 15)
[00:00:47 -76944.129020] FAST spr round 5 (radius: 15)
[00:00:48 -76942.157848] FAST spr round 6 (radius: 15)
[00:00:50 -76941.836664] FAST spr round 7 (radius: 15)
[00:00:51 -76941.836539] Model parameter optimization (eps = 1.000000)
[00:00:51 -76933.574746] SLOW spr round 1 (radius: 5)
[00:00:55 -76933.572129] SLOW spr round 2 (radius: 10)
[00:00:59 -76933.572062] SLOW spr round 3 (radius: 15)
[00:01:02] [worker #1] ML tree search #7, logLikelihood: -76926.674433
[00:01:04 -76933.572059] SLOW spr round 4 (radius: 20)
[00:01:05 -76933.572059] SLOW spr round 5 (radius: 25)
[00:01:05 -76933.572059] Model parameter optimization (eps = 0.100000)

[00:01:05] [worker #0] ML tree search #6, logLikelihood: -76933.562664

[00:01:05 -87372.176499] Initial branch length optimization
[00:01:05 -79560.433890] Model parameter optimization (eps = 10.000000)
[00:01:06 -77026.627772] AUTODETECT spr round 1 (radius: 5)
[00:01:07 -76958.503534] AUTODETECT spr round 2 (radius: 10)
[00:01:08 -76958.485637] SPR radius for FAST iterations: 5 (autodetect)
[00:01:08 -76958.485637] Model parameter optimization (eps = 3.000000)
[00:01:08 -76958.310343] FAST spr round 1 (radius: 5)
[00:01:09 -76932.851630] FAST spr round 2 (radius: 5)
[00:01:10] [worker #3] ML tree search #9, logLikelihood: -76926.672307
[00:01:10 -76931.037663] FAST spr round 3 (radius: 5)
[00:01:11 -76926.783669] FAST spr round 4 (radius: 5)
[00:01:12 -76926.783605] Model parameter optimization (eps = 1.000000)
[00:01:13] [worker #2] ML tree search #8, logLikelihood: -76926.467459
[00:01:13 -76926.696695] SLOW spr round 1 (radius: 5)
[00:01:14] [worker #4] ML tree search #10, logLikelihood: -76926.675332
[00:01:16 -76926.696521] SLOW spr round 2 (radius: 10)
[00:01:20 -76926.696520] SLOW spr round 3 (radius: 15)
[00:01:25 -76926.696520] SLOW spr round 4 (radius: 20)
[00:01:26] [worker #1] ML tree search #12, logLikelihood: -76926.673386
[00:01:26 -76926.696520] SLOW spr round 5 (radius: 25)
[00:01:26 -76926.696520] Model parameter optimization (eps = 0.100000)

[00:01:26] [worker #0] ML tree search #11, logLikelihood: -76926.673626

[00:01:26 -87902.988536] Initial branch length optimization
[00:01:27 -79915.328014] Model parameter optimization (eps = 10.000000)
[00:01:27 -77324.375082] AUTODETECT spr round 1 (radius: 5)
[00:01:28 -77034.120435] AUTODETECT spr round 2 (radius: 10)
[00:01:30 -77034.104675] SPR radius for FAST iterations: 5 (autodetect)
[00:01:30 -77034.104675] Model parameter optimization (eps = 3.000000)
[00:01:30 -77033.962448] FAST spr round 1 (radius: 5)
[00:01:31 -76952.420292] FAST spr round 2 (radius: 5)
[00:01:32 -76942.125702] FAST spr round 3 (radius: 5)
[00:01:33 -76934.999750] FAST spr round 4 (radius: 5)
[00:01:34 -76931.768017] FAST spr round 5 (radius: 5)
[00:01:35 -76929.966908] FAST spr round 6 (radius: 5)
[00:01:36 -76929.966891] Model parameter optimization (eps = 1.000000)
[00:01:36 -76929.823054] SLOW spr round 1 (radius: 5)
[00:01:37] [worker #4] ML tree search #15, logLikelihood: -76926.667987
[00:01:37] [worker #3] ML tree search #14, logLikelihood: -76933.561392
[00:01:38] [worker #2] ML tree search #13, logLikelihood: -76933.561697
[00:01:40 -76926.717459] SLOW spr round 2 (radius: 5)
[00:01:44 -76926.717426] SLOW spr round 3 (radius: 10)
[00:01:48 -76926.717425] SLOW spr round 4 (radius: 15)
[00:01:53 -76926.717425] SLOW spr round 5 (radius: 20)
[00:01:54 -76926.717425] SLOW spr round 6 (radius: 25)
[00:01:54 -76926.717425] Model parameter optimization (eps = 0.100000)

[00:01:54] [worker #0] ML tree search #16, logLikelihood: -76926.675307

[00:01:56] [worker #1] ML tree search #17, logLikelihood: -76933.563178
[00:02:00] [worker #2] ML tree search #18, logLikelihood: -76926.674767
[00:02:01] [worker #4] ML tree search #20, logLikelihood: -76926.680444
[00:02:02] [worker #3] ML tree search #19, logLikelihood: -76926.674237

Optimized model parameters:

   Partition 0: noname
   Rate heterogeneity: GAMMA (4 cats, mean),  alpha: 0.618958 (ML),  weights&rates: (0.250000,0.057040) (0.250000,0.322647) (0.250000,0.890691) (0.250000,2.729622) 
   Base frequencies (ML): 0.289082 0.210298 0.215428 0.285193 
   Substitution rates (ML): 1.350205 3.446277 1.124076 1.036387 4.473891 1.000000 


Final LogLikelihood: -76926.467459

AIC score: 154104.934918 / AICc score: 154109.812833 / BIC score: 154962.751757
Free parameters (model + branch lengths): 126

Best ML tree saved to: /global/home/users/uricchio/software/HybPiper-master/sodiumChannelPaperAnalyses/trees_xenPum_ref_DNA/t84d10k45.orig.raxml.bestTree
All ML trees saved to: /global/home/users/uricchio/software/HybPiper-master/sodiumChannelPaperAnalyses/trees_xenPum_ref_DNA/t84d10k45.orig.raxml.mlTrees
Optimized model saved to: /global/home/users/uricchio/software/HybPiper-master/sodiumChannelPaperAnalyses/trees_xenPum_ref_DNA/t84d10k45.orig.raxml.bestModel

Execution log saved to: /global/home/users/uricchio/software/HybPiper-master/sodiumChannelPaperAnalyses/trees_xenPum_ref_DNA/t84d10k45.orig.raxml.log

Analysis started: 14-Jun-2021 15:10:31 / finished: 14-Jun-2021 15:12:33

Elapsed time: 122.522 seconds

Consumed energy: 6.289 Wh

