
RAxML-NG v. 1.0.0 released on 07.08.2020 by The Exelixis Lab.
Developed by: Alexey M. Kozlov and Alexandros Stamatakis.
Contributors: Diego Darriba, Tomas Flouri, Benoit Morel, Sarah Lutteropp, Ben Bettisworth.
Latest version: https://github.com/amkozlov/raxml-ng
Questions/problems/suggestions? Please visit: https://groups.google.com/forum/#!forum/raxml

System: Intel(R) Xeon(R) CPU E5-2670 v2 @ 2.50GHz, 20 cores, 62 GB RAM

RAxML-NG was called at 14-Jun-2021 15:08:21 as follows:

/global/home/users/uricchio/software/raxml-ng-master/raxml-ng --model GTR+G --prefix trees_xenPum_ref_DNA/t84d10k35.orig --redo --msa trees_xenPum_ref_DNA/t84d10k35.orig.raxml.rba

Analysis options:
  run mode: ML tree search
  start tree(s): random (10) + parsimony (10)
  random seed: 1623708501
  tip-inner: OFF
  pattern compression: ON
  per-rate scalers: OFF
  site repeats: ON
  fast spr radius: AUTO
  spr subtree cutoff: 1.000000
  branch lengths: proportional (ML estimate, algorithm: NR-FAST)
  SIMD kernels: AVX
  parallelization: coarse-grained (auto), PTHREADS (auto)

WARNING: Running in REDO mode: existing checkpoints are ignored, and all result files will be overwritten!

WARNING: The model you specified on the command line (GTR+G) will be ignored 
         since the binary MSA file already contains a model definition.
         If you want to change the model, please re-run RAxML-NG 
         with the original PHYLIP/FASTA alignment and --redo option.

[00:00:00] Loading binary alignment from file: trees_xenPum_ref_DNA/t84d10k35.orig.raxml.rba
[00:00:00] Alignment comprises 60 taxa, 1 partitions and 4533 patterns

Partition 0: noname
Model: GTR+FO+G4m
Alignment sites / patterns: 6743 / 4533
Gaps: 37.43 %
Invariant sites: 37.67 %


Parallelization scheme autoconfig: 5 worker(s) x 4 thread(s)

Parallel reduction/worker buffer size: 1 KB  / 0 KB

[00:00:00] Generating 10 random starting tree(s) with 60 taxa
[00:00:00] Generating 10 parsimony starting tree(s) with 60 taxa
[00:00:00] Data distribution: max. partitions/sites/weight per thread: 1 / 1134 / 18144
[00:00:00] Data distribution: max. searches per worker: 4

Starting ML tree search with 20 distinct starting trees

[00:00:00 -169605.786816] Initial branch length optimization
[00:00:00 -151185.673439] Model parameter optimization (eps = 10.000000)
[00:00:04 -141454.695320] AUTODETECT spr round 1 (radius: 5)
[00:00:05 -92998.842599] AUTODETECT spr round 2 (radius: 10)
[00:00:06 -81258.228013] AUTODETECT spr round 3 (radius: 15)
[00:00:08 -81058.479115] AUTODETECT spr round 4 (radius: 20)
[00:00:08 -81058.411875] SPR radius for FAST iterations: 15 (autodetect)
[00:00:08 -81058.411875] Model parameter optimization (eps = 3.000000)
[00:00:09 -79788.908329] FAST spr round 1 (radius: 15)
[00:00:12 -76592.773652] FAST spr round 2 (radius: 15)
[00:00:14 -76491.509510] FAST spr round 3 (radius: 15)
[00:00:15 -76484.230500] FAST spr round 4 (radius: 15)
[00:00:16 -76482.773011] FAST spr round 5 (radius: 15)
[00:00:17 -76481.434269] FAST spr round 6 (radius: 15)
[00:00:19 -76481.434210] Model parameter optimization (eps = 1.000000)
[00:00:19 -76469.646005] SLOW spr round 1 (radius: 5)
[00:00:23 -76465.828234] SLOW spr round 2 (radius: 5)
[00:00:27 -76465.828145] SLOW spr round 3 (radius: 10)
[00:00:31 -76465.828143] SLOW spr round 4 (radius: 15)
[00:00:33] [worker #4] ML tree search #5, logLikelihood: -76465.821709
[00:00:34] [worker #3] ML tree search #4, logLikelihood: -76465.823895
[00:00:35] [worker #1] ML tree search #2, logLikelihood: -76465.818651
[00:00:36 -76465.828143] SLOW spr round 5 (radius: 20)
[00:00:36] [worker #2] ML tree search #3, logLikelihood: -76467.025776
[00:00:37 -76465.828143] SLOW spr round 6 (radius: 25)
[00:00:37 -76465.828143] Model parameter optimization (eps = 0.100000)

[00:00:37] [worker #0] ML tree search #1, logLikelihood: -76465.820341

[00:00:37 -172597.691323] Initial branch length optimization
[00:00:38 -153057.693682] Model parameter optimization (eps = 10.000000)
[00:00:40 -143520.462120] AUTODETECT spr round 1 (radius: 5)
[00:00:41 -89573.066175] AUTODETECT spr round 2 (radius: 10)
[00:00:42 -87191.894502] AUTODETECT spr round 3 (radius: 15)
[00:00:43 -85074.601423] AUTODETECT spr round 4 (radius: 20)
[00:00:44 -85074.576010] SPR radius for FAST iterations: 15 (autodetect)
[00:00:44 -85074.576010] Model parameter optimization (eps = 3.000000)
[00:00:45 -84462.975631] FAST spr round 1 (radius: 15)
[00:00:48 -77557.897675] FAST spr round 2 (radius: 15)
[00:00:50 -76588.925198] FAST spr round 3 (radius: 15)
[00:00:51 -76520.080888] FAST spr round 4 (radius: 15)
[00:00:52 -76516.809567] FAST spr round 5 (radius: 15)
[00:00:53 -76515.192742] FAST spr round 6 (radius: 15)
[00:00:54 -76513.562040] FAST spr round 7 (radius: 15)
[00:00:55 -76512.743399] FAST spr round 8 (radius: 15)
[00:00:56 -76509.138936] FAST spr round 9 (radius: 15)
[00:00:57 -76508.936478] FAST spr round 10 (radius: 15)
[00:00:58 -76508.936312] Model parameter optimization (eps = 1.000000)
[00:00:58 -76467.041293] SLOW spr round 1 (radius: 5)
[00:01:03 -76467.040706] SLOW spr round 2 (radius: 10)
[00:01:03] [worker #3] ML tree search #9, logLikelihood: -76465.820125
[00:01:04] [worker #4] ML tree search #10, logLikelihood: -76467.028224
[00:01:07 -76467.040674] SLOW spr round 3 (radius: 15)
[00:01:10] [worker #2] ML tree search #8, logLikelihood: -76465.823031
[00:01:11] [worker #1] ML tree search #7, logLikelihood: -76467.024504
[00:01:11 -76467.040672] SLOW spr round 4 (radius: 20)
[00:01:12 -76467.040672] SLOW spr round 5 (radius: 25)
[00:01:13 -76467.040672] Model parameter optimization (eps = 0.100000)

[00:01:13] [worker #0] ML tree search #6, logLikelihood: -76467.027265

[00:01:13 -87034.996752] Initial branch length optimization
[00:01:13 -79169.752518] Model parameter optimization (eps = 10.000000)
[00:01:14 -76622.004923] AUTODETECT spr round 1 (radius: 5)
[00:01:14 -76475.530909] AUTODETECT spr round 2 (radius: 10)
[00:01:16 -76475.528360] SPR radius for FAST iterations: 5 (autodetect)
[00:01:16 -76475.528360] Model parameter optimization (eps = 3.000000)
[00:01:16 -76475.209259] FAST spr round 1 (radius: 5)
[00:01:17 -76471.336936] FAST spr round 2 (radius: 5)
[00:01:18 -76470.325755] FAST spr round 3 (radius: 5)
[00:01:19 -76469.316922] FAST spr round 4 (radius: 5)
[00:01:20 -76469.313323] Model parameter optimization (eps = 1.000000)
[00:01:20 -76469.300482] SLOW spr round 1 (radius: 5)
[00:01:24 -76465.822438] SLOW spr round 2 (radius: 5)
[00:01:27] [worker #3] ML tree search #14, logLikelihood: -76465.825214
[00:01:27 -76465.822156] SLOW spr round 3 (radius: 10)
[00:01:30] [worker #4] ML tree search #15, logLikelihood: -76465.819167
[00:01:31 -76465.822143] SLOW spr round 4 (radius: 15)
[00:01:36 -76465.822143] SLOW spr round 5 (radius: 20)
[00:01:37 -76465.822143] SLOW spr round 6 (radius: 25)
[00:01:37 -76465.822143] Model parameter optimization (eps = 0.100000)

[00:01:37] [worker #0] ML tree search #11, logLikelihood: -76465.818513

[00:01:37 -86938.911347] Initial branch length optimization
[00:01:37] [worker #1] ML tree search #12, logLikelihood: -76465.819944
[00:01:37 -79264.224787] Model parameter optimization (eps = 10.000000)
[00:01:37] [worker #2] ML tree search #13, logLikelihood: -76465.821657
[00:01:38 -76698.347982] AUTODETECT spr round 1 (radius: 5)
[00:01:39 -76527.952195] AUTODETECT spr round 2 (radius: 10)
[00:01:40 -76527.946111] SPR radius for FAST iterations: 5 (autodetect)
[00:01:40 -76527.946111] Model parameter optimization (eps = 3.000000)
[00:01:40 -76527.853135] FAST spr round 1 (radius: 5)
[00:01:42 -76487.779946] FAST spr round 2 (radius: 5)
[00:01:43 -76483.390164] FAST spr round 3 (radius: 5)
[00:01:44 -76483.390153] Model parameter optimization (eps = 1.000000)
[00:01:44 -76483.360803] SLOW spr round 1 (radius: 5)
[00:01:48 -76483.082505] SLOW spr round 2 (radius: 5)
[00:01:51] [worker #3] ML tree search #19, logLikelihood: -76483.071647
[00:01:51 -76483.082469] SLOW spr round 3 (radius: 10)
[00:01:55] [worker #4] ML tree search #20, logLikelihood: -76465.821936
[00:01:55 -76483.082468] SLOW spr round 4 (radius: 15)
[00:02:00 -76483.082468] SLOW spr round 5 (radius: 20)
[00:02:00] [worker #1] ML tree search #17, logLikelihood: -76483.070455
[00:02:01 -76483.082468] SLOW spr round 6 (radius: 25)
[00:02:01 -76483.082468] Model parameter optimization (eps = 0.100000)

[00:02:01] [worker #0] ML tree search #16, logLikelihood: -76483.071010

[00:02:03] [worker #2] ML tree search #18, logLikelihood: -76483.071045

Optimized model parameters:

   Partition 0: noname
   Rate heterogeneity: GAMMA (4 cats, mean),  alpha: 0.613876 (ML),  weights&rates: (0.250000,0.055982) (0.250000,0.319898) (0.250000,0.888236) (0.250000,2.735884) 
   Base frequencies (ML): 0.290259 0.208811 0.215211 0.285719 
   Substitution rates (ML): 1.396283 3.513065 1.130822 1.055834 4.571411 1.000000 


Final LogLikelihood: -76465.818513

AIC score: 153183.637026 / AICc score: 153188.474390 / BIC score: 154042.485813
Free parameters (model + branch lengths): 126

Best ML tree saved to: /global/home/users/uricchio/software/HybPiper-master/sodiumChannelPaperAnalyses/trees_xenPum_ref_DNA/t84d10k35.orig.raxml.bestTree
All ML trees saved to: /global/home/users/uricchio/software/HybPiper-master/sodiumChannelPaperAnalyses/trees_xenPum_ref_DNA/t84d10k35.orig.raxml.mlTrees
Optimized model saved to: /global/home/users/uricchio/software/HybPiper-master/sodiumChannelPaperAnalyses/trees_xenPum_ref_DNA/t84d10k35.orig.raxml.bestModel

Execution log saved to: /global/home/users/uricchio/software/HybPiper-master/sodiumChannelPaperAnalyses/trees_xenPum_ref_DNA/t84d10k35.orig.raxml.log

Analysis started: 14-Jun-2021 15:08:21 / finished: 14-Jun-2021 15:10:25

Elapsed time: 123.828 seconds

Consumed energy: 5.915 Wh

