
RAxML-NG v. 1.0.0 released on 07.08.2020 by The Exelixis Lab.
Developed by: Alexey M. Kozlov and Alexandros Stamatakis.
Contributors: Diego Darriba, Tomas Flouri, Benoit Morel, Sarah Lutteropp, Ben Bettisworth.
Latest version: https://github.com/amkozlov/raxml-ng
Questions/problems/suggestions? Please visit: https://groups.google.com/forum/#!forum/raxml

System: Intel(R) Xeon(R) CPU E5-2670 v2 @ 2.50GHz, 20 cores, 62 GB RAM

RAxML-NG was called at 21-Jul-2022 20:48:27 as follows:

/global/home/users/uricchio/software/raxml-ng-master/raxml-ng --model GTR+G --prefix trees_xen_ref_HPfixed_DNA/t56d10k45.orig --redo --msa trees_xen_ref_HPfixed_DNA/t56d10k45.orig.raxml.rba

Analysis options:
  run mode: ML tree search
  start tree(s): random (10) + parsimony (10)
  random seed: 1658461707
  tip-inner: OFF
  pattern compression: ON
  per-rate scalers: OFF
  site repeats: ON
  fast spr radius: AUTO
  spr subtree cutoff: 1.000000
  branch lengths: proportional (ML estimate, algorithm: NR-FAST)
  SIMD kernels: AVX
  parallelization: coarse-grained (auto), PTHREADS (auto)

WARNING: Running in REDO mode: existing checkpoints are ignored, and all result files will be overwritten!

WARNING: The model you specified on the command line (GTR+G) will be ignored 
         since the binary MSA file already contains a model definition.
         If you want to change the model, please re-run RAxML-NG 
         with the original PHYLIP/FASTA alignment and --redo option.

[00:00:00] Loading binary alignment from file: trees_xen_ref_HPfixed_DNA/t56d10k45.orig.raxml.rba
[00:00:00] Alignment comprises 60 taxa, 1 partitions and 4846 patterns

Partition 0: noname
Model: GTR+FO+G4m
Alignment sites / patterns: 8667 / 4846
Gaps: 45.36 %
Invariant sites: 47.62 %


Parallelization scheme autoconfig: 5 worker(s) x 4 thread(s)

Parallel reduction/worker buffer size: 1 KB  / 0 KB

[00:00:00] Generating 10 random starting tree(s) with 60 taxa
[00:00:00] Generating 10 parsimony starting tree(s) with 60 taxa
[00:00:00] Data distribution: max. partitions/sites/weight per thread: 1 / 1212 / 19392
[00:00:00] Data distribution: max. searches per worker: 4

Starting ML tree search with 20 distinct starting trees

[00:00:00 -198225.985813] Initial branch length optimization
[00:00:00 -174512.200687] Model parameter optimization (eps = 10.000000)
[00:00:05 -166314.654889] AUTODETECT spr round 1 (radius: 5)
[00:00:06 -116445.375299] AUTODETECT spr round 2 (radius: 10)
[00:00:07 -101480.786994] AUTODETECT spr round 3 (radius: 15)
[00:00:09 -101459.511511] AUTODETECT spr round 4 (radius: 20)
[00:00:09 -101459.491359] SPR radius for FAST iterations: 15 (autodetect)
[00:00:09 -101459.491359] Model parameter optimization (eps = 3.000000)
[00:00:10 -100674.483444] FAST spr round 1 (radius: 15)
[00:00:13 -98262.737057] FAST spr round 2 (radius: 15)
[00:00:14 -98181.587761] FAST spr round 3 (radius: 15)
[00:00:16 -98169.512076] FAST spr round 4 (radius: 15)
[00:00:18 -98157.014827] FAST spr round 5 (radius: 15)
[00:00:20 -98148.686467] FAST spr round 6 (radius: 15)
[00:00:21 -98140.717129] FAST spr round 7 (radius: 15)
[00:00:23 -98138.478190] FAST spr round 8 (radius: 15)
[00:00:24 -98136.942502] FAST spr round 9 (radius: 15)
[00:00:26 -98136.942375] Model parameter optimization (eps = 1.000000)
[00:00:26 -98131.896002] SLOW spr round 1 (radius: 5)
[00:00:30 -98127.721251] SLOW spr round 2 (radius: 5)
[00:00:34 -98127.720337] SLOW spr round 3 (radius: 10)
[00:00:39 -98127.720304] SLOW spr round 4 (radius: 15)
[00:00:43] [worker #4] ML tree search #5, logLikelihood: -98115.386503
[00:00:43] [worker #2] ML tree search #3, logLikelihood: -98112.513663
[00:00:44 -98127.720302] SLOW spr round 5 (radius: 20)
[00:00:47] [worker #3] ML tree search #4, logLikelihood: -98112.510586
[00:00:47 -98127.720302] SLOW spr round 6 (radius: 25)
[00:00:48 -98127.720302] Model parameter optimization (eps = 0.100000)

[00:00:48] [worker #0] ML tree search #1, logLikelihood: -98127.663673

[00:00:48 -193404.085895] Initial branch length optimization
[00:00:48 -167695.530163] Model parameter optimization (eps = 10.000000)
[00:00:50] [worker #1] ML tree search #2, logLikelihood: -98140.576528
[00:00:51 -160149.402715] AUTODETECT spr round 1 (radius: 5)
[00:00:53 -111456.477776] AUTODETECT spr round 2 (radius: 10)
[00:00:54 -102809.689397] AUTODETECT spr round 3 (radius: 15)
[00:00:55 -100920.358025] AUTODETECT spr round 4 (radius: 20)
[00:00:56 -100920.328375] SPR radius for FAST iterations: 15 (autodetect)
[00:00:56 -100920.328375] Model parameter optimization (eps = 3.000000)
[00:00:57 -100337.027673] FAST spr round 1 (radius: 15)
[00:00:59 -98164.073412] FAST spr round 2 (radius: 15)
[00:01:01 -98128.723203] FAST spr round 3 (radius: 15)
[00:01:02 -98120.121661] FAST spr round 4 (radius: 15)
[00:01:04 -98109.596482] FAST spr round 5 (radius: 15)
[00:01:05 -98107.236373] FAST spr round 6 (radius: 15)
[00:01:07 -98107.235720] Model parameter optimization (eps = 1.000000)
[00:01:07 -98104.002636] SLOW spr round 1 (radius: 5)
[00:01:13 -98098.256911] SLOW spr round 2 (radius: 5)
[00:01:16 -98098.253717] SLOW spr round 3 (radius: 10)
[00:01:20 -98098.253621] SLOW spr round 4 (radius: 15)
[00:01:25] [worker #2] ML tree search #8, logLikelihood: -98098.226878
[00:01:25 -98098.253618] SLOW spr round 5 (radius: 20)
[00:01:27 -98098.253618] SLOW spr round 6 (radius: 25)
[00:01:27 -98098.253618] Model parameter optimization (eps = 0.100000)

[00:01:27] [worker #0] ML tree search #6, logLikelihood: -98098.215770

[00:01:27 -108447.463137] Initial branch length optimization
[00:01:28 -100867.722540] Model parameter optimization (eps = 10.000000)
[00:01:28] [worker #4] ML tree search #10, logLikelihood: -98112.513185
[00:01:28 -98373.707563] AUTODETECT spr round 1 (radius: 5)
[00:01:29 -98142.763351] AUTODETECT spr round 2 (radius: 10)
[00:01:29] [worker #3] ML tree search #9, logLikelihood: -98112.516280
[00:01:31 -98142.760441] SPR radius for FAST iterations: 5 (autodetect)
[00:01:31 -98142.760441] Model parameter optimization (eps = 3.000000)
[00:01:31 -98142.254951] FAST spr round 1 (radius: 5)
[00:01:32 -98131.386379] FAST spr round 2 (radius: 5)
[00:01:32] [worker #1] ML tree search #7, logLikelihood: -98112.513616
[00:01:34 -98121.504852] FAST spr round 3 (radius: 5)
[00:01:35 -98109.395366] FAST spr round 4 (radius: 5)
[00:01:36 -98106.248717] FAST spr round 5 (radius: 5)
[00:01:38 -98103.895825] FAST spr round 6 (radius: 5)
[00:01:39 -98103.895231] Model parameter optimization (eps = 1.000000)
[00:01:39 -98103.777480] SLOW spr round 1 (radius: 5)
[00:01:43 -98098.258191] SLOW spr round 2 (radius: 5)
[00:01:47 -98098.257749] SLOW spr round 3 (radius: 10)
[00:01:51 -98098.257733] SLOW spr round 4 (radius: 15)
[00:01:54] [worker #1] ML tree search #12, logLikelihood: -98141.396768
[00:01:56 -98098.257732] SLOW spr round 5 (radius: 20)
[00:01:57] [worker #4] ML tree search #15, logLikelihood: -98112.511122
[00:01:58 -98098.257732] SLOW spr round 6 (radius: 25)
[00:01:58 -98098.257732] Model parameter optimization (eps = 0.100000)

[00:01:58] [worker #0] ML tree search #11, logLikelihood: -98098.221997

[00:01:58 -108480.815486] Initial branch length optimization
[00:01:58] [worker #2] ML tree search #13, logLikelihood: -98098.092056
[00:01:58 -100679.546143] Model parameter optimization (eps = 10.000000)
[00:01:59 -98202.205061] AUTODETECT spr round 1 (radius: 5)
[00:02:00] [worker #3] ML tree search #14, logLikelihood: -98098.091844
[00:02:00 -98159.500410] AUTODETECT spr round 2 (radius: 10)
[00:02:02 -98159.479806] SPR radius for FAST iterations: 5 (autodetect)
[00:02:02 -98159.479806] Model parameter optimization (eps = 3.000000)
[00:02:02 -98159.112304] FAST spr round 1 (radius: 5)
[00:02:03 -98149.304945] FAST spr round 2 (radius: 5)
[00:02:04 -98136.137348] FAST spr round 3 (radius: 5)
[00:02:06 -98133.828466] FAST spr round 4 (radius: 5)
[00:02:08 -98131.556405] FAST spr round 5 (radius: 5)
[00:02:10 -98130.449100] FAST spr round 6 (radius: 5)
[00:02:11 -98130.448790] Model parameter optimization (eps = 1.000000)
[00:02:11 -98130.357926] SLOW spr round 1 (radius: 5)
[00:02:15 -98127.673299] SLOW spr round 2 (radius: 5)
[00:02:19 -98127.672853] SLOW spr round 3 (radius: 10)
[00:02:21] [worker #1] ML tree search #17, logLikelihood: -98099.871844
[00:02:23 -98127.672838] SLOW spr round 4 (radius: 15)
[00:02:28 -98127.672837] SLOW spr round 5 (radius: 20)
[00:02:30] [worker #2] ML tree search #18, logLikelihood: -98112.522469
[00:02:30 -98127.672837] SLOW spr round 6 (radius: 25)
[00:02:30 -98127.672837] Model parameter optimization (eps = 0.100000)

[00:02:30] [worker #0] ML tree search #16, logLikelihood: -98127.659934

[00:02:31] [worker #4] ML tree search #20, logLikelihood: -98112.510443
[00:02:34] [worker #3] ML tree search #19, logLikelihood: -98141.394546

Optimized model parameters:

   Partition 0: noname
   Rate heterogeneity: GAMMA (4 cats, mean),  alpha: 0.648764 (ML),  weights&rates: (0.250000,0.063297) (0.250000,0.338318) (0.250000,0.904295) (0.250000,2.694090) 
   Base frequencies (ML): 0.287815 0.212135 0.209910 0.290141 
   Substitution rates (ML): 1.269832 2.881550 1.216072 1.060849 3.568912 1.000000 


Final LogLikelihood: -98098.091844

AIC score: 196448.183688 / AICc score: 196451.931229 / BIC score: 197338.660715
Free parameters (model + branch lengths): 126

Best ML tree saved to: /global/home/users/uricchio/software/HybPiper-master/sodiumChannelPaperAnalyses/trees_xen_ref_HPfixed_DNA/t56d10k45.orig.raxml.bestTree
All ML trees saved to: /global/home/users/uricchio/software/HybPiper-master/sodiumChannelPaperAnalyses/trees_xen_ref_HPfixed_DNA/t56d10k45.orig.raxml.mlTrees
Optimized model saved to: /global/home/users/uricchio/software/HybPiper-master/sodiumChannelPaperAnalyses/trees_xen_ref_HPfixed_DNA/t56d10k45.orig.raxml.bestModel

Execution log saved to: /global/home/users/uricchio/software/HybPiper-master/sodiumChannelPaperAnalyses/trees_xen_ref_HPfixed_DNA/t56d10k45.orig.raxml.log

Analysis started: 21-Jul-2022 20:48:27 / finished: 21-Jul-2022 20:51:02

Elapsed time: 154.456 seconds

Consumed energy: 9.000 Wh

