
RAxML-NG v. 1.0.0 released on 07.08.2020 by The Exelixis Lab.
Developed by: Alexey M. Kozlov and Alexandros Stamatakis.
Contributors: Diego Darriba, Tomas Flouri, Benoit Morel, Sarah Lutteropp, Ben Bettisworth.
Latest version: https://github.com/amkozlov/raxml-ng
Questions/problems/suggestions? Please visit: https://groups.google.com/forum/#!forum/raxml

System: Intel(R) Xeon(R) CPU E5-2670 v2 @ 2.50GHz, 20 cores, 62 GB RAM

RAxML-NG was called at 21-Jul-2022 20:50:04 as follows:

/global/home/users/uricchio/software/raxml-ng-master/raxml-ng --model GTR+G --prefix trees_xen_ref_HPfixed_DNA/t60d10k45.orig --redo --msa trees_xen_ref_HPfixed_DNA/t60d10k45.orig.raxml.rba

Analysis options:
  run mode: ML tree search
  start tree(s): random (10) + parsimony (10)
  random seed: 1658461804
  tip-inner: OFF
  pattern compression: ON
  per-rate scalers: OFF
  site repeats: ON
  fast spr radius: AUTO
  spr subtree cutoff: 1.000000
  branch lengths: proportional (ML estimate, algorithm: NR-FAST)
  SIMD kernels: AVX
  parallelization: coarse-grained (auto), PTHREADS (auto)

WARNING: Running in REDO mode: existing checkpoints are ignored, and all result files will be overwritten!

WARNING: The model you specified on the command line (GTR+G) will be ignored 
         since the binary MSA file already contains a model definition.
         If you want to change the model, please re-run RAxML-NG 
         with the original PHYLIP/FASTA alignment and --redo option.

[00:00:00] Loading binary alignment from file: trees_xen_ref_HPfixed_DNA/t60d10k45.orig.raxml.rba
[00:00:00] Alignment comprises 60 taxa, 1 partitions and 4838 patterns

Partition 0: noname
Model: GTR+FO+G4m
Alignment sites / patterns: 8388 / 4838
Gaps: 43.67 %
Invariant sites: 45.65 %


Parallelization scheme autoconfig: 5 worker(s) x 4 thread(s)

Parallel reduction/worker buffer size: 1 KB  / 0 KB

[00:00:00] Generating 10 random starting tree(s) with 60 taxa
[00:00:00] Generating 10 parsimony starting tree(s) with 60 taxa
[00:00:00] Data distribution: max. partitions/sites/weight per thread: 1 / 1210 / 19360
[00:00:00] Data distribution: max. searches per worker: 4

Starting ML tree search with 20 distinct starting trees

[00:00:00 -195689.504271] Initial branch length optimization
[00:00:00 -174448.988848] Model parameter optimization (eps = 10.000000)
[00:00:03 -166959.973509] AUTODETECT spr round 1 (radius: 5)
[00:00:04 -108929.222717] AUTODETECT spr round 2 (radius: 10)
[00:00:06 -101227.626741] AUTODETECT spr round 3 (radius: 15)
[00:00:07 -101226.533125] AUTODETECT spr round 4 (radius: 20)
[00:00:08 -101226.516899] SPR radius for FAST iterations: 15 (autodetect)
[00:00:08 -101226.516899] Model parameter optimization (eps = 3.000000)
[00:00:09 -100724.829100] FAST spr round 1 (radius: 15)
[00:00:12 -98219.983743] FAST spr round 2 (radius: 15)
[00:00:14 -97979.138085] FAST spr round 3 (radius: 15)
[00:00:15 -97929.919360] FAST spr round 4 (radius: 15)
[00:00:17 -97927.027473] FAST spr round 5 (radius: 15)
[00:00:18 -97924.277682] FAST spr round 6 (radius: 15)
[00:00:20 -97921.584838] FAST spr round 7 (radius: 15)
[00:00:21 -97920.081175] FAST spr round 8 (radius: 15)
[00:00:23 -97920.080999] Model parameter optimization (eps = 1.000000)
[00:00:23 -97912.620976] SLOW spr round 1 (radius: 5)
[00:00:27 -97912.620493] SLOW spr round 2 (radius: 10)
[00:00:33 -97912.620482] SLOW spr round 3 (radius: 15)
[00:00:39 -97912.620482] SLOW spr round 4 (radius: 20)
[00:00:40 -97912.620482] SLOW spr round 5 (radius: 25)
[00:00:41 -97912.620482] Model parameter optimization (eps = 0.100000)
[00:00:41] [worker #2] ML tree search #3, logLikelihood: -97912.521900

[00:00:41] [worker #0] ML tree search #1, logLikelihood: -97912.534554

[00:00:41 -193953.112763] Initial branch length optimization
[00:00:41 -167704.343197] Model parameter optimization (eps = 10.000000)
[00:00:43 -159979.360195] AUTODETECT spr round 1 (radius: 5)
[00:00:44 -109093.597318] AUTODETECT spr round 2 (radius: 10)
[00:00:45] [worker #1] ML tree search #2, logLikelihood: -97891.284072
[00:00:45] [worker #3] ML tree search #4, logLikelihood: -97931.666164
[00:00:45] [worker #4] ML tree search #5, logLikelihood: -97911.773161
[00:00:45 -99857.411747] AUTODETECT spr round 3 (radius: 15)
[00:00:47 -99856.683181] AUTODETECT spr round 4 (radius: 20)
[00:00:47 -99856.656335] SPR radius for FAST iterations: 15 (autodetect)
[00:00:47 -99856.656335] Model parameter optimization (eps = 3.000000)
[00:00:48 -99076.496583] FAST spr round 1 (radius: 15)
[00:00:50 -97995.205745] FAST spr round 2 (radius: 15)
[00:00:52 -97968.139567] FAST spr round 3 (radius: 15)
[00:00:53 -97962.125551] FAST spr round 4 (radius: 15)
[00:00:55 -97962.125204] Model parameter optimization (eps = 1.000000)
[00:00:55 -97960.445968] SLOW spr round 1 (radius: 5)
[00:00:59 -97954.188365] SLOW spr round 2 (radius: 5)
[00:01:03 -97932.951470] SLOW spr round 3 (radius: 5)
[00:01:07 -97932.951376] SLOW spr round 4 (radius: 10)
[00:01:13 -97932.753400] SLOW spr round 5 (radius: 5)
[00:01:20 -97911.656212] SLOW spr round 6 (radius: 5)
[00:01:20] [worker #2] ML tree search #8, logLikelihood: -97911.311966
[00:01:24] [worker #1] ML tree search #7, logLikelihood: -97911.773482
[00:01:25 -97911.655901] SLOW spr round 7 (radius: 10)
[00:01:30 -97911.655898] SLOW spr round 8 (radius: 15)
[00:01:34] [worker #4] ML tree search #10, logLikelihood: -97911.313335
[00:01:35 -97911.655898] SLOW spr round 9 (radius: 20)
[00:01:36] [worker #3] ML tree search #9, logLikelihood: -97931.669026
[00:01:36 -97911.655898] SLOW spr round 10 (radius: 25)
[00:01:36 -97911.655898] Model parameter optimization (eps = 0.100000)

[00:01:37] [worker #0] ML tree search #6, logLikelihood: -97911.316126

[00:01:37 -108916.756531] Initial branch length optimization
[00:01:37 -100875.503929] Model parameter optimization (eps = 10.000000)
[00:01:38 -98409.842652] AUTODETECT spr round 1 (radius: 5)
[00:01:38 -98021.116199] AUTODETECT spr round 2 (radius: 10)
[00:01:40 -98005.217620] AUTODETECT spr round 3 (radius: 15)
[00:01:41 -98005.203395] SPR radius for FAST iterations: 10 (autodetect)
[00:01:41 -98005.203395] Model parameter optimization (eps = 3.000000)
[00:01:41 -98004.763212] FAST spr round 1 (radius: 10)
[00:01:44 -97931.549821] FAST spr round 2 (radius: 10)
[00:01:45 -97915.787421] FAST spr round 3 (radius: 10)
[00:01:47 -97913.225924] FAST spr round 4 (radius: 10)
[00:01:48] [worker #2] ML tree search #13, logLikelihood: -97891.271555
[00:01:48 -97912.268201] FAST spr round 5 (radius: 10)
[00:01:49 -97912.020871] FAST spr round 6 (radius: 10)
[00:01:50 -97912.020550] Model parameter optimization (eps = 1.000000)
[00:01:51 -97911.796339] SLOW spr round 1 (radius: 5)
[00:01:55 -97911.796132] SLOW spr round 2 (radius: 10)
[00:01:55] [worker #1] ML tree search #12, logLikelihood: -97891.274614
[00:01:59 -97911.796124] SLOW spr round 3 (radius: 15)
[00:02:04 -97911.796124] SLOW spr round 4 (radius: 20)
[00:02:06] [worker #3] ML tree search #14, logLikelihood: -97911.766449
[00:02:06 -97911.796124] SLOW spr round 5 (radius: 25)
[00:02:06 -97911.796124] Model parameter optimization (eps = 0.100000)
[00:02:06] [worker #4] ML tree search #15, logLikelihood: -97891.272688

[00:02:06] [worker #0] ML tree search #11, logLikelihood: -97911.768615

[00:02:06 -108808.921105] Initial branch length optimization
[00:02:06 -100886.845514] Model parameter optimization (eps = 10.000000)
[00:02:07 -98406.120006] AUTODETECT spr round 1 (radius: 5)
[00:02:08 -97978.584088] AUTODETECT spr round 2 (radius: 10)
[00:02:09 -97974.902807] AUTODETECT spr round 3 (radius: 15)
[00:02:10 -97961.915907] AUTODETECT spr round 4 (radius: 20)
[00:02:11 -97961.910785] SPR radius for FAST iterations: 15 (autodetect)
[00:02:11 -97961.910785] Model parameter optimization (eps = 3.000000)
[00:02:11 -97961.212682] FAST spr round 1 (radius: 15)
[00:02:12 -97917.308219] FAST spr round 2 (radius: 15)
[00:02:14 -97916.556502] FAST spr round 3 (radius: 15)
[00:02:15 -97916.556416] Model parameter optimization (eps = 1.000000)
[00:02:15 -97916.521149] SLOW spr round 1 (radius: 5)
[00:02:16] [worker #2] ML tree search #18, logLikelihood: -97891.279178
[00:02:19 -97911.317995] SLOW spr round 2 (radius: 5)
[00:02:24 -97911.317454] SLOW spr round 3 (radius: 10)
[00:02:27] [worker #1] ML tree search #17, logLikelihood: -97891.287376
[00:02:28 -97911.317440] SLOW spr round 4 (radius: 15)
[00:02:33 -97911.317439] SLOW spr round 5 (radius: 20)
[00:02:34 -97911.317439] SLOW spr round 6 (radius: 25)
[00:02:34 -97911.317439] Model parameter optimization (eps = 0.100000)

[00:02:34] [worker #0] ML tree search #16, logLikelihood: -97911.310381

[00:02:35] [worker #3] ML tree search #19, logLikelihood: -97891.271253
[00:02:41] [worker #4] ML tree search #20, logLikelihood: -97891.273034

Optimized model parameters:

   Partition 0: noname
   Rate heterogeneity: GAMMA (4 cats, mean),  alpha: 0.641684 (ML),  weights&rates: (0.250000,0.061804) (0.250000,0.334665) (0.250000,0.901181) (0.250000,2.702350) 
   Base frequencies (ML): 0.288935 0.211785 0.209339 0.289942 
   Substitution rates (ML): 1.281343 2.861633 1.209922 1.067243 3.570640 1.000000 


Final LogLikelihood: -97891.271253

AIC score: 196034.542506 / AICc score: 196038.416613 / BIC score: 196920.896738
Free parameters (model + branch lengths): 126

Best ML tree saved to: /global/home/users/uricchio/software/HybPiper-master/sodiumChannelPaperAnalyses/trees_xen_ref_HPfixed_DNA/t60d10k45.orig.raxml.bestTree
All ML trees saved to: /global/home/users/uricchio/software/HybPiper-master/sodiumChannelPaperAnalyses/trees_xen_ref_HPfixed_DNA/t60d10k45.orig.raxml.mlTrees
Optimized model saved to: /global/home/users/uricchio/software/HybPiper-master/sodiumChannelPaperAnalyses/trees_xen_ref_HPfixed_DNA/t60d10k45.orig.raxml.bestModel

Execution log saved to: /global/home/users/uricchio/software/HybPiper-master/sodiumChannelPaperAnalyses/trees_xen_ref_HPfixed_DNA/t60d10k45.orig.raxml.log

Analysis started: 21-Jul-2022 20:50:04 / finished: 21-Jul-2022 20:52:46

Elapsed time: 161.784 seconds

Consumed energy: 9.656 Wh

