
RAxML-NG v. 1.0.0 released on 07.08.2020 by The Exelixis Lab.
Developed by: Alexey M. Kozlov and Alexandros Stamatakis.
Contributors: Diego Darriba, Tomas Flouri, Benoit Morel, Sarah Lutteropp, Ben Bettisworth.
Latest version: https://github.com/amkozlov/raxml-ng
Questions/problems/suggestions? Please visit: https://groups.google.com/forum/#!forum/raxml

System: Intel(R) Xeon(R) CPU E5-2670 v2 @ 2.50GHz, 20 cores, 62 GB RAM

RAxML-NG was called at 21-Jul-2022 20:51:23 as follows:

/global/home/users/uricchio/software/raxml-ng-master/raxml-ng --model GTR+G --prefix trees_xen_ref_HPfixed_DNA/t68d10k45.orig --redo --msa trees_xen_ref_HPfixed_DNA/t68d10k45.orig.raxml.rba

Analysis options:
  run mode: ML tree search
  start tree(s): random (10) + parsimony (10)
  random seed: 1658461883
  tip-inner: OFF
  pattern compression: ON
  per-rate scalers: OFF
  site repeats: ON
  fast spr radius: AUTO
  spr subtree cutoff: 1.000000
  branch lengths: proportional (ML estimate, algorithm: NR-FAST)
  SIMD kernels: AVX
  parallelization: coarse-grained (auto), PTHREADS (auto)

WARNING: Running in REDO mode: existing checkpoints are ignored, and all result files will be overwritten!

WARNING: The model you specified on the command line (GTR+G) will be ignored 
         since the binary MSA file already contains a model definition.
         If you want to change the model, please re-run RAxML-NG 
         with the original PHYLIP/FASTA alignment and --redo option.

[00:00:00] Loading binary alignment from file: trees_xen_ref_HPfixed_DNA/t68d10k45.orig.raxml.rba
[00:00:00] Alignment comprises 60 taxa, 1 partitions and 4777 patterns

Partition 0: noname
Model: GTR+FO+G4m
Alignment sites / patterns: 8244 / 4777
Gaps: 45.35 %
Invariant sites: 45.56 %


Parallelization scheme autoconfig: 5 worker(s) x 4 thread(s)

Parallel reduction/worker buffer size: 1 KB  / 0 KB

[00:00:00] Generating 10 random starting tree(s) with 60 taxa
[00:00:00] Generating 10 parsimony starting tree(s) with 60 taxa
[00:00:00] Data distribution: max. partitions/sites/weight per thread: 1 / 1195 / 19120
[00:00:00] Data distribution: max. searches per worker: 4

Starting ML tree search with 20 distinct starting trees

[00:00:00 -184263.967611] Initial branch length optimization
[00:00:00 -162660.205349] Model parameter optimization (eps = 10.000000)
[00:00:04 -154592.363975] AUTODETECT spr round 1 (radius: 5)
[00:00:05 -106183.491802] AUTODETECT spr round 2 (radius: 10)
[00:00:07 -97138.483768] AUTODETECT spr round 3 (radius: 15)
[00:00:08 -96652.374682] AUTODETECT spr round 4 (radius: 20)
[00:00:09 -96652.348750] SPR radius for FAST iterations: 15 (autodetect)
[00:00:09 -96652.348750] Model parameter optimization (eps = 3.000000)
[00:00:10 -95805.083679] FAST spr round 1 (radius: 15)
[00:00:13 -92759.682546] FAST spr round 2 (radius: 15)
[00:00:15 -92650.872231] FAST spr round 3 (radius: 15)
[00:00:17 -92640.051693] FAST spr round 4 (radius: 15)
[00:00:19 -92632.721711] FAST spr round 5 (radius: 15)
[00:00:20 -92626.806123] FAST spr round 6 (radius: 15)
[00:00:22 -92626.103329] FAST spr round 7 (radius: 15)
[00:00:26 -92626.072189] Model parameter optimization (eps = 1.000000)
[00:00:27 -92619.702178] SLOW spr round 1 (radius: 5)
[00:00:31 -92616.695734] SLOW spr round 2 (radius: 5)
[00:00:35 -92604.078666] SLOW spr round 3 (radius: 5)
[00:00:40 -92604.078436] SLOW spr round 4 (radius: 10)
[00:00:44] [worker #1] ML tree search #2, logLikelihood: -92596.278247
[00:00:44 -92604.078427] SLOW spr round 5 (radius: 15)
[00:00:46] [worker #2] ML tree search #3, logLikelihood: -92592.942142
[00:00:49 -92604.078427] SLOW spr round 6 (radius: 20)
[00:00:51 -92604.078427] SLOW spr round 7 (radius: 25)
[00:00:51 -92604.078427] Model parameter optimization (eps = 0.100000)

[00:00:52] [worker #0] ML tree search #1, logLikelihood: -92603.932189

[00:00:52 -181652.495319] Initial branch length optimization
[00:00:52 -160151.021275] Model parameter optimization (eps = 10.000000)
[00:00:54 -152395.863830] AUTODETECT spr round 1 (radius: 5)
[00:00:55 -104431.652496] AUTODETECT spr round 2 (radius: 10)
[00:00:56 -97696.963917] AUTODETECT spr round 3 (radius: 15)
[00:00:57 -97677.930155] AUTODETECT spr round 4 (radius: 20)
[00:00:58 -97677.905345] SPR radius for FAST iterations: 15 (autodetect)
[00:00:58 -97677.905345] Model parameter optimization (eps = 3.000000)
[00:00:59 -96848.796815] FAST spr round 1 (radius: 15)
[00:01:00] [worker #4] ML tree search #5, logLikelihood: -92592.942997
[00:01:01 -92675.908019] FAST spr round 2 (radius: 15)
[00:01:06 -92630.361087] FAST spr round 3 (radius: 15)
[00:01:08 -92616.240152] FAST spr round 4 (radius: 15)
[00:01:09] [worker #3] ML tree search #4, logLikelihood: -92564.460521
[00:01:09 -92611.021243] FAST spr round 5 (radius: 15)
[00:01:10 -92606.822343] FAST spr round 6 (radius: 15)
[00:01:12 -92606.822016] Model parameter optimization (eps = 1.000000)
[00:01:12 -92596.564061] SLOW spr round 1 (radius: 5)
[00:01:17 -92596.561653] SLOW spr round 2 (radius: 10)
[00:01:18] [worker #1] ML tree search #7, logLikelihood: -92576.115494
[00:01:21 -92596.561568] SLOW spr round 3 (radius: 15)
[00:01:27 -92596.561565] SLOW spr round 4 (radius: 20)
[00:01:28 -92596.561564] SLOW spr round 5 (radius: 25)
[00:01:29 -92596.561564] Model parameter optimization (eps = 0.100000)

[00:01:29] [worker #0] ML tree search #6, logLikelihood: -92596.535718

[00:01:29 -103034.324697] Initial branch length optimization
[00:01:29 -95201.488058] Model parameter optimization (eps = 10.000000)
[00:01:30 -92846.989957] AUTODETECT spr round 1 (radius: 5)
[00:01:30 -92596.443986] AUTODETECT spr round 2 (radius: 10)
[00:01:31] [worker #2] ML tree search #8, logLikelihood: -92579.895968
[00:01:31 -92596.434481] SPR radius for FAST iterations: 5 (autodetect)
[00:01:32 -92596.434481] Model parameter optimization (eps = 3.000000)
[00:01:32 -92596.144294] FAST spr round 1 (radius: 5)
[00:01:33 -92594.726591] FAST spr round 2 (radius: 5)
[00:01:34 -92594.726413] Model parameter optimization (eps = 1.000000)
[00:01:34 -92594.716802] SLOW spr round 1 (radius: 5)
[00:01:38 -92581.658123] SLOW spr round 2 (radius: 5)
[00:01:42 -92577.113955] SLOW spr round 3 (radius: 5)
[00:01:44] [worker #4] ML tree search #10, logLikelihood: -92577.016130
[00:01:44] [worker #3] ML tree search #9, logLikelihood: -92579.895535
[00:01:46 -92577.113748] SLOW spr round 4 (radius: 10)
[00:01:48] [worker #1] ML tree search #12, logLikelihood: -92577.015384
[00:01:50 -92577.113736] SLOW spr round 5 (radius: 15)
[00:01:55 -92577.113735] SLOW spr round 6 (radius: 20)
[00:01:58 -92577.113735] SLOW spr round 7 (radius: 25)
[00:01:58 -92577.113735] Model parameter optimization (eps = 0.100000)

[00:01:58] [worker #0] ML tree search #11, logLikelihood: -92577.031920

[00:01:58 -103205.532563] Initial branch length optimization
[00:01:58 -95582.227642] Model parameter optimization (eps = 10.000000)
[00:01:59 -93203.915812] AUTODETECT spr round 1 (radius: 5)
[00:02:00 -92618.474851] AUTODETECT spr round 2 (radius: 10)
[00:02:00] [worker #2] ML tree search #13, logLikelihood: -92576.118443
[00:02:01 -92618.471126] SPR radius for FAST iterations: 5 (autodetect)
[00:02:01 -92618.471126] Model parameter optimization (eps = 3.000000)
[00:02:01 -92617.889753] FAST spr round 1 (radius: 5)
[00:02:03 -92609.016958] FAST spr round 2 (radius: 5)
[00:02:04 -92601.131955] FAST spr round 3 (radius: 5)
[00:02:05 -92595.908183] FAST spr round 4 (radius: 5)
[00:02:07 -92594.775208] FAST spr round 5 (radius: 5)
[00:02:08 -92594.067508] FAST spr round 6 (radius: 5)
[00:02:10 -92594.067491] Model parameter optimization (eps = 1.000000)
[00:02:10 -92594.001986] SLOW spr round 1 (radius: 5)
[00:02:11] [worker #4] ML tree search #15, logLikelihood: -92603.931684
[00:02:14 -92592.951757] SLOW spr round 2 (radius: 5)
[00:02:16] [worker #3] ML tree search #14, logLikelihood: -92577.020089
[00:02:18 -92592.951704] SLOW spr round 3 (radius: 10)
[00:02:19] [worker #1] ML tree search #17, logLikelihood: -92592.944059
[00:02:22 -92592.951703] SLOW spr round 4 (radius: 15)
[00:02:26] [worker #2] ML tree search #18, logLikelihood: -92564.467252
[00:02:27 -92592.951703] SLOW spr round 5 (radius: 20)
[00:02:29 -92592.951703] SLOW spr round 6 (radius: 25)
[00:02:30 -92592.951703] Model parameter optimization (eps = 0.100000)

[00:02:30] [worker #0] ML tree search #16, logLikelihood: -92592.940755

[00:02:42] [worker #4] ML tree search #20, logLikelihood: -92603.932243
[00:02:43] [worker #3] ML tree search #19, logLikelihood: -92576.113109

Optimized model parameters:

   Partition 0: noname
   Rate heterogeneity: GAMMA (4 cats, mean),  alpha: 0.617700 (ML),  weights&rates: (0.250000,0.056778) (0.250000,0.321969) (0.250000,0.890087) (0.250000,2.731167) 
   Base frequencies (ML): 0.289286 0.211686 0.209647 0.289382 
   Substitution rates (ML): 1.247338 2.829076 1.190664 1.043034 3.547637 1.000000 


Final LogLikelihood: -92564.460521

AIC score: 185380.921042 / AICc score: 185384.863878 / BIC score: 186265.093400
Free parameters (model + branch lengths): 126

Best ML tree saved to: /global/home/users/uricchio/software/HybPiper-master/sodiumChannelPaperAnalyses/trees_xen_ref_HPfixed_DNA/t68d10k45.orig.raxml.bestTree
All ML trees saved to: /global/home/users/uricchio/software/HybPiper-master/sodiumChannelPaperAnalyses/trees_xen_ref_HPfixed_DNA/t68d10k45.orig.raxml.mlTrees
Optimized model saved to: /global/home/users/uricchio/software/HybPiper-master/sodiumChannelPaperAnalyses/trees_xen_ref_HPfixed_DNA/t68d10k45.orig.raxml.bestModel

Execution log saved to: /global/home/users/uricchio/software/HybPiper-master/sodiumChannelPaperAnalyses/trees_xen_ref_HPfixed_DNA/t68d10k45.orig.raxml.log

Analysis started: 21-Jul-2022 20:51:23 / finished: 21-Jul-2022 20:54:06

Elapsed time: 163.228 seconds

Consumed energy: 9.411 Wh

