
RAxML-NG v. 1.0.0 released on 07.08.2020 by The Exelixis Lab.
Developed by: Alexey M. Kozlov and Alexandros Stamatakis.
Contributors: Diego Darriba, Tomas Flouri, Benoit Morel, Sarah Lutteropp, Ben Bettisworth.
Latest version: https://github.com/amkozlov/raxml-ng
Questions/problems/suggestions? Please visit: https://groups.google.com/forum/#!forum/raxml

System: Intel(R) Xeon(R) CPU E5-2670 v2 @ 2.50GHz, 20 cores, 62 GB RAM

RAxML-NG was called at 21-Jul-2022 20:54:26 as follows:

/global/home/users/uricchio/software/raxml-ng-master/raxml-ng --model GTR+G --prefix trees_xen_ref_HPfixed_DNA/t80d10k45.orig --redo --msa trees_xen_ref_HPfixed_DNA/t80d10k45.orig.raxml.rba

Analysis options:
  run mode: ML tree search
  start tree(s): random (10) + parsimony (10)
  random seed: 1658462066
  tip-inner: OFF
  pattern compression: ON
  per-rate scalers: OFF
  site repeats: ON
  fast spr radius: AUTO
  spr subtree cutoff: 1.000000
  branch lengths: proportional (ML estimate, algorithm: NR-FAST)
  SIMD kernels: AVX
  parallelization: coarse-grained (auto), PTHREADS (auto)

WARNING: Running in REDO mode: existing checkpoints are ignored, and all result files will be overwritten!

WARNING: The model you specified on the command line (GTR+G) will be ignored 
         since the binary MSA file already contains a model definition.
         If you want to change the model, please re-run RAxML-NG 
         with the original PHYLIP/FASTA alignment and --redo option.

[00:00:00] Loading binary alignment from file: trees_xen_ref_HPfixed_DNA/t80d10k45.orig.raxml.rba
[00:00:00] Alignment comprises 60 taxa, 1 partitions and 4104 patterns

Partition 0: noname
Model: GTR+FO+G4m
Alignment sites / patterns: 6873 / 4104
Gaps: 44.49 %
Invariant sites: 41.71 %


Parallelization scheme autoconfig: 6 worker(s) x 3 thread(s)

Parallel reduction/worker buffer size: 1 KB  / 0 KB

[00:00:00] Generating 10 random starting tree(s) with 60 taxa
[00:00:00] Generating 10 parsimony starting tree(s) with 60 taxa
[00:00:00] Data distribution: max. partitions/sites/weight per thread: 1 / 1368 / 21888
[00:00:00] Data distribution: max. searches per worker: 4

Starting ML tree search with 20 distinct starting trees

[00:00:00 -148841.723382] Initial branch length optimization
[00:00:00 -130230.665687] Model parameter optimization (eps = 10.000000)
[00:00:04 -123511.876903] AUTODETECT spr round 1 (radius: 5)
[00:00:05 -78135.352627] AUTODETECT spr round 2 (radius: 10)
[00:00:07 -74151.793922] AUTODETECT spr round 3 (radius: 15)
[00:00:09 -74151.758857] SPR radius for FAST iterations: 10 (autodetect)
[00:00:09 -74151.758857] Model parameter optimization (eps = 3.000000)
[00:00:10 -73596.291087] FAST spr round 1 (radius: 10)
[00:00:13 -72526.624222] FAST spr round 2 (radius: 10)
[00:00:15 -72341.125963] FAST spr round 3 (radius: 10)
[00:00:16 -72337.332300] FAST spr round 4 (radius: 10)
[00:00:18 -72334.449361] FAST spr round 5 (radius: 10)
[00:00:20 -72333.298676] FAST spr round 6 (radius: 10)
[00:00:21 -72332.602203] FAST spr round 7 (radius: 10)
[00:00:23 -72332.011686] FAST spr round 8 (radius: 10)
[00:00:25 -72331.631912] FAST spr round 9 (radius: 10)
[00:00:26 -72331.597705] Model parameter optimization (eps = 1.000000)
[00:00:26 -72328.704532] SLOW spr round 1 (radius: 5)
[00:00:31 -72328.558057] SLOW spr round 2 (radius: 5)
[00:00:36 -72328.558022] SLOW spr round 3 (radius: 10)
[00:00:41] [worker #5] ML tree search #6, logLikelihood: -72331.742138
[00:00:41 -72328.558017] SLOW spr round 4 (radius: 15)
[00:00:46] [worker #1] ML tree search #2, logLikelihood: -72321.673625
[00:00:47 -72328.558017] SLOW spr round 5 (radius: 20)
[00:00:49 -72328.558016] SLOW spr round 6 (radius: 25)
[00:00:49 -72328.558016] Model parameter optimization (eps = 0.100000)

[00:00:50] [worker #0] ML tree search #1, logLikelihood: -72328.539911

[00:00:50 -150752.868516] Initial branch length optimization
[00:00:50 -133409.685281] Model parameter optimization (eps = 10.000000)
[00:00:52 -125971.208373] AUTODETECT spr round 1 (radius: 5)
[00:00:53] [worker #3] ML tree search #4, logLikelihood: -72331.743198
[00:00:53 -79709.216982] AUTODETECT spr round 2 (radius: 10)
[00:00:54] [worker #4] ML tree search #5, logLikelihood: -72328.541632
[00:00:54] [worker #2] ML tree search #3, logLikelihood: -72328.541529
[00:00:55 -76018.732251] AUTODETECT spr round 3 (radius: 15)
[00:00:56 -75998.409494] AUTODETECT spr round 4 (radius: 20)
[00:00:57 -75998.369923] SPR radius for FAST iterations: 15 (autodetect)
[00:00:57 -75998.369923] Model parameter optimization (eps = 3.000000)
[00:00:58 -75411.105716] FAST spr round 1 (radius: 15)
[00:01:01 -72475.282404] FAST spr round 2 (radius: 15)
[00:01:02 -72347.678689] FAST spr round 3 (radius: 15)
[00:01:04 -72342.107720] FAST spr round 4 (radius: 15)
[00:01:05 -72338.145018] FAST spr round 5 (radius: 15)
[00:01:06 -72337.318989] FAST spr round 6 (radius: 15)
[00:01:07 -72337.318932] Model parameter optimization (eps = 1.000000)
[00:01:08 -72331.647085] SLOW spr round 1 (radius: 5)
[00:01:12 -72331.586657] SLOW spr round 2 (radius: 10)
[00:01:16 -72331.586606] SLOW spr round 3 (radius: 15)
[00:01:22 -72331.586604] SLOW spr round 4 (radius: 20)
[00:01:22] [worker #4] ML tree search #11, logLikelihood: -72331.561460
[00:01:24 -72331.586603] SLOW spr round 5 (radius: 25)
[00:01:24 -72331.586603] Model parameter optimization (eps = 0.100000)

[00:01:24] [worker #0] ML tree search #7, logLikelihood: -72331.558960

[00:01:24 -81590.615027] Initial branch length optimization
[00:01:24 -74902.022666] Model parameter optimization (eps = 10.000000)
[00:01:25 -72694.255868] AUTODETECT spr round 1 (radius: 5)
[00:01:26 -72442.994001] AUTODETECT spr round 2 (radius: 10)
[00:01:27 -72360.567931] AUTODETECT spr round 3 (radius: 15)
[00:01:28] [worker #1] ML tree search #8, logLikelihood: -72328.542118
[00:01:28 -72360.561899] SPR radius for FAST iterations: 10 (autodetect)
[00:01:28 -72360.561899] Model parameter optimization (eps = 3.000000)
[00:01:29 -72360.290808] FAST spr round 1 (radius: 10)
[00:01:30 -72340.723187] FAST spr round 2 (radius: 10)
[00:01:31 -72337.427235] FAST spr round 3 (radius: 10)
[00:01:32] [worker #3] ML tree search #10, logLikelihood: -72328.539199
[00:01:33 -72334.126331] FAST spr round 4 (radius: 10)
[00:01:34 -72334.126276] Model parameter optimization (eps = 1.000000)
[00:01:34 -72334.111507] SLOW spr round 1 (radius: 5)
[00:01:38] [worker #5] ML tree search #12, logLikelihood: -72321.668361
[00:01:39 -72331.784907] SLOW spr round 2 (radius: 5)
[00:01:41] [worker #2] ML tree search #9, logLikelihood: -72326.079115
[00:01:43 -72331.784881] SLOW spr round 3 (radius: 10)
[00:01:47 -72331.784881] SLOW spr round 4 (radius: 15)
[00:01:53 -72331.784881] SLOW spr round 5 (radius: 20)
[00:01:55 -72331.784881] SLOW spr round 6 (radius: 25)
[00:01:55 -72331.784881] Model parameter optimization (eps = 0.100000)

[00:01:56] [worker #0] ML tree search #13, logLikelihood: -72331.782618

[00:01:57 -81705.113217] Initial branch length optimization
[00:01:57 -75075.883565] Model parameter optimization (eps = 10.000000)
[00:01:57 -72856.247654] AUTODETECT spr round 1 (radius: 5)
[00:01:58 -72422.457301] AUTODETECT spr round 2 (radius: 10)
[00:01:59] [worker #4] ML tree search #17, logLikelihood: -72331.742044
[00:02:00 -72422.418994] SPR radius for FAST iterations: 5 (autodetect)
[00:02:00 -72422.418994] Model parameter optimization (eps = 3.000000)
[00:02:00 -72421.677032] FAST spr round 1 (radius: 5)
[00:02:02 -72371.720059] FAST spr round 2 (radius: 5)
[00:02:03 -72364.775422] FAST spr round 3 (radius: 5)
[00:02:04] [worker #5] ML tree search #18, logLikelihood: -72331.514554
[00:02:04 -72360.609749] FAST spr round 4 (radius: 5)
[00:02:05] [worker #1] ML tree search #14, logLikelihood: -72331.562646
[00:02:06 -72343.049098] FAST spr round 5 (radius: 5)
[00:02:07 -72340.049165] FAST spr round 6 (radius: 5)
[00:02:08] [worker #3] ML tree search #16, logLikelihood: -72331.559304
[00:02:08 -72339.492501] FAST spr round 7 (radius: 5)
[00:02:10 -72339.457527] Model parameter optimization (eps = 1.000000)
[00:02:10 -72339.329222] SLOW spr round 1 (radius: 5)
[00:02:14 -72323.653496] SLOW spr round 2 (radius: 5)
[00:02:16] [worker #2] ML tree search #15, logLikelihood: -72316.147452
[00:02:18 -72322.055417] SLOW spr round 3 (radius: 5)
[00:02:22 -72322.053645] SLOW spr round 4 (radius: 10)
[00:02:27 -72322.053432] SLOW spr round 5 (radius: 15)
[00:02:32 -72322.053406] SLOW spr round 6 (radius: 20)
[00:02:34] [worker #1] ML tree search #20, logLikelihood: -72321.667209
[00:02:34 -72322.053403] SLOW spr round 7 (radius: 25)
[00:02:35 -72322.053402] Model parameter optimization (eps = 0.100000)

[00:02:37] [worker #0] ML tree search #19, logLikelihood: -72321.668086


Optimized model parameters:

   Partition 0: noname
   Rate heterogeneity: GAMMA (4 cats, mean),  alpha: 0.571124 (ML),  weights&rates: (0.250000,0.047212) (0.250000,0.295835) (0.250000,0.865841) (0.250000,2.791112) 
   Base frequencies (ML): 0.290513 0.209492 0.212584 0.287412 
   Substitution rates (ML): 1.331283 2.997527 1.146604 1.062190 4.051910 1.000000 


Final LogLikelihood: -72316.147452

AIC score: 144884.294904 / AICc score: 144889.039049 / BIC score: 145745.549757
Free parameters (model + branch lengths): 126

Best ML tree saved to: /global/home/users/uricchio/software/HybPiper-master/sodiumChannelPaperAnalyses/trees_xen_ref_HPfixed_DNA/t80d10k45.orig.raxml.bestTree
All ML trees saved to: /global/home/users/uricchio/software/HybPiper-master/sodiumChannelPaperAnalyses/trees_xen_ref_HPfixed_DNA/t80d10k45.orig.raxml.mlTrees
Optimized model saved to: /global/home/users/uricchio/software/HybPiper-master/sodiumChannelPaperAnalyses/trees_xen_ref_HPfixed_DNA/t80d10k45.orig.raxml.bestModel

Execution log saved to: /global/home/users/uricchio/software/HybPiper-master/sodiumChannelPaperAnalyses/trees_xen_ref_HPfixed_DNA/t80d10k45.orig.raxml.log

Analysis started: 21-Jul-2022 20:54:26 / finished: 21-Jul-2022 20:57:03

Elapsed time: 157.392 seconds

Consumed energy: 8.403 Wh

