
RAxML-NG v. 1.0.0 released on 07.08.2020 by The Exelixis Lab.
Developed by: Alexey M. Kozlov and Alexandros Stamatakis.
Contributors: Diego Darriba, Tomas Flouri, Benoit Morel, Sarah Lutteropp, Ben Bettisworth.
Latest version: https://github.com/amkozlov/raxml-ng
Questions/problems/suggestions? Please visit: https://groups.google.com/forum/#!forum/raxml

System: Intel(R) Xeon(R) CPU E5-2670 v2 @ 2.50GHz, 20 cores, 62 GB RAM

RAxML-NG was called at 24-Jun-2021 15:29:33 as follows:

/global/home/users/uricchio/software/raxml-ng-master/raxml-ng --model GTR+G --prefix trees_xen_ref_HPfixed_DNA/t84d10k45.orig --redo --msa trees_xen_ref_HPfixed_DNA/t84d10k45.orig.raxml.rba

Analysis options:
  run mode: ML tree search
  start tree(s): random (10) + parsimony (10)
  random seed: 1624573773
  tip-inner: OFF
  pattern compression: ON
  per-rate scalers: OFF
  site repeats: ON
  fast spr radius: AUTO
  spr subtree cutoff: 1.000000
  branch lengths: proportional (ML estimate, algorithm: NR-FAST)
  SIMD kernels: AVX
  parallelization: coarse-grained (auto), PTHREADS (auto)

WARNING: Running in REDO mode: existing checkpoints are ignored, and all result files will be overwritten!

WARNING: The model you specified on the command line (GTR+G) will be ignored 
         since the binary MSA file already contains a model definition.
         If you want to change the model, please re-run RAxML-NG 
         with the original PHYLIP/FASTA alignment and --redo option.

[00:00:00] Loading binary alignment from file: trees_xen_ref_HPfixed_DNA/t84d10k45.orig.raxml.rba
[00:00:00] Alignment comprises 60 taxa, 1 partitions and 4041 patterns

Partition 0: noname
Model: GTR+FO+G4m
Alignment sites / patterns: 6470 / 4041
Gaps: 46.69 %
Invariant sites: 40.26 %


Parallelization scheme autoconfig: 6 worker(s) x 3 thread(s)

Parallel reduction/worker buffer size: 1 KB  / 0 KB

[00:00:00] Generating 10 random starting tree(s) with 60 taxa
[00:00:00] Generating 10 parsimony starting tree(s) with 60 taxa
[00:00:00] Data distribution: max. partitions/sites/weight per thread: 1 / 1347 / 21552
[00:00:00] Data distribution: max. searches per worker: 4

Starting ML tree search with 20 distinct starting trees

[00:00:00 -134595.038402] Initial branch length optimization
[00:00:00 -118483.358235] Model parameter optimization (eps = 10.000000)
[00:00:03 -111117.951516] AUTODETECT spr round 1 (radius: 5)
[00:00:05 -82414.730519] AUTODETECT spr round 2 (radius: 10)
[00:00:06 -72520.255860] AUTODETECT spr round 3 (radius: 15)
[00:00:07 -69971.223295] AUTODETECT spr round 4 (radius: 20)
[00:00:08 -69971.212791] SPR radius for FAST iterations: 15 (autodetect)
[00:00:08 -69971.212791] Model parameter optimization (eps = 3.000000)
[00:00:09 -69371.978170] FAST spr round 1 (radius: 15)
[00:00:12 -67152.749388] FAST spr round 2 (radius: 15)
[00:00:14 -67028.779902] FAST spr round 3 (radius: 15)
[00:00:16 -67022.097218] FAST spr round 4 (radius: 15)
[00:00:18 -67019.192011] FAST spr round 5 (radius: 15)
[00:00:20 -67016.803992] FAST spr round 6 (radius: 15)
[00:00:22 -67015.337342] FAST spr round 7 (radius: 15)
[00:00:23 -67015.333946] Model parameter optimization (eps = 1.000000)
[00:00:24 -67009.450900] SLOW spr round 1 (radius: 5)
[00:00:29 -67009.448951] SLOW spr round 2 (radius: 10)
[00:00:33 -67009.448862] SLOW spr round 3 (radius: 15)
[00:00:36] [worker #3] ML tree search #4, logLikelihood: -67010.433023
[00:00:39 -67009.448852] SLOW spr round 4 (radius: 20)
[00:00:40] [worker #1] ML tree search #2, logLikelihood: -67032.267706
[00:00:41] [worker #2] ML tree search #3, logLikelihood: -67009.439171
[00:00:41 -67009.448851] SLOW spr round 5 (radius: 25)
[00:00:41 -67009.448850] Model parameter optimization (eps = 0.100000)

[00:00:41] [worker #0] ML tree search #1, logLikelihood: -67009.436609

[00:00:42 -133354.156022] Initial branch length optimization
[00:00:42 -118011.222958] Model parameter optimization (eps = 10.000000)
[00:00:44 -110856.022356] AUTODETECT spr round 1 (radius: 5)
[00:00:45 -77878.142737] AUTODETECT spr round 2 (radius: 10)
[00:00:47 -69045.471059] AUTODETECT spr round 3 (radius: 15)
[00:00:48 -69043.412359] AUTODETECT spr round 4 (radius: 20)
[00:00:48 -69043.374097] SPR radius for FAST iterations: 15 (autodetect)
[00:00:48 -69043.374097] Model parameter optimization (eps = 3.000000)
[00:00:49 -68345.972493] FAST spr round 1 (radius: 15)
[00:00:52 -67177.649663] FAST spr round 2 (radius: 15)
[00:00:54 -67048.359380] FAST spr round 3 (radius: 15)
[00:00:55 -67037.232083] FAST spr round 4 (radius: 15)
[00:00:56] [worker #5] ML tree search #6, logLikelihood: -67010.444305
[00:00:57 -67012.354027] FAST spr round 5 (radius: 15)
[00:00:58 -67012.353516] Model parameter optimization (eps = 1.000000)
[00:00:59 -67009.491621] SLOW spr round 1 (radius: 5)
[00:01:00] [worker #4] ML tree search #5, logLikelihood: -67011.328012
[00:01:03 -67009.489559] SLOW spr round 2 (radius: 10)
[00:01:08 -67009.489480] SLOW spr round 3 (radius: 15)
[00:01:11] [worker #3] ML tree search #10, logLikelihood: -67010.432393
[00:01:13 -67009.489474] SLOW spr round 4 (radius: 20)
[00:01:16 -67009.489473] SLOW spr round 5 (radius: 25)
[00:01:16 -67009.489473] Model parameter optimization (eps = 0.100000)

[00:01:16] [worker #0] ML tree search #7, logLikelihood: -67009.444281

[00:01:16 -76650.219623] Initial branch length optimization
[00:01:16 -69876.874451] Model parameter optimization (eps = 10.000000)
[00:01:17 -67553.758921] AUTODETECT spr round 1 (radius: 5)
[00:01:18] [worker #1] ML tree search #8, logLikelihood: -67009.435943
[00:01:18 -67044.819158] AUTODETECT spr round 2 (radius: 10)
[00:01:19] [worker #2] ML tree search #9, logLikelihood: -67019.528165
[00:01:19 -67044.802713] SPR radius for FAST iterations: 5 (autodetect)
[00:01:19 -67044.802713] Model parameter optimization (eps = 3.000000)
[00:01:20 -67044.209557] FAST spr round 1 (radius: 5)
[00:01:21 -67034.201604] FAST spr round 2 (radius: 5)
[00:01:22 -67033.819761] FAST spr round 3 (radius: 5)
[00:01:24 -67032.314663] FAST spr round 4 (radius: 5)
[00:01:25 -67032.310149] Model parameter optimization (eps = 1.000000)
[00:01:25 -67032.272379] SLOW spr round 1 (radius: 5)
[00:01:30 -67032.272312] SLOW spr round 2 (radius: 10)
[00:01:30] [worker #4] ML tree search #11, logLikelihood: -67016.363283
[00:01:34 -67032.272309] SLOW spr round 3 (radius: 15)
[00:01:38] [worker #5] ML tree search #12, logLikelihood: -67034.159439
[00:01:39 -67032.272309] SLOW spr round 4 (radius: 20)
[00:01:42 -67032.272309] SLOW spr round 5 (radius: 25)
[00:01:42 -67032.272309] Model parameter optimization (eps = 0.100000)

[00:01:42] [worker #0] ML tree search #13, logLikelihood: -67032.263288

[00:01:42 -76164.914793] Initial branch length optimization
[00:01:42 -69911.642992] Model parameter optimization (eps = 10.000000)
[00:01:43 -67628.999739] AUTODETECT spr round 1 (radius: 5)
[00:01:44 -67071.501885] AUTODETECT spr round 2 (radius: 10)
[00:01:45 -67071.478101] SPR radius for FAST iterations: 5 (autodetect)
[00:01:45 -67071.478101] Model parameter optimization (eps = 3.000000)
[00:01:45 -67070.798215] FAST spr round 1 (radius: 5)
[00:01:47 -67059.399002] FAST spr round 2 (radius: 5)
[00:01:48 -67050.887820] FAST spr round 3 (radius: 5)
[00:01:50 -67045.497632] FAST spr round 4 (radius: 5)
[00:01:53 -67043.126011] FAST spr round 5 (radius: 5)
[00:01:54 -67043.125087] Model parameter optimization (eps = 1.000000)
[00:01:54 -67043.103158] SLOW spr round 1 (radius: 5)
[00:01:57] [worker #3] ML tree search #16, logLikelihood: -67010.448017
[00:01:59 -67043.103104] SLOW spr round 2 (radius: 10)
[00:02:01] [worker #4] ML tree search #17, logLikelihood: -67009.443846
[00:02:03 -67043.103103] SLOW spr round 3 (radius: 15)
[00:02:04] [worker #5] ML tree search #18, logLikelihood: -67032.263548
[00:02:08 -67039.269368] SLOW spr round 4 (radius: 5)
[00:02:15] [worker #1] ML tree search #14, logLikelihood: -67033.277772
[00:02:16 -67039.266426] SLOW spr round 5 (radius: 10)
[00:02:21 -67036.005182] SLOW spr round 6 (radius: 5)
[00:02:27] [worker #2] ML tree search #15, logLikelihood: -67009.455491
[00:02:28 -67034.222810] SLOW spr round 7 (radius: 5)
[00:02:34 -67034.214782] SLOW spr round 8 (radius: 10)
[00:02:38 -67034.214258] SLOW spr round 9 (radius: 15)
[00:02:43] [worker #1] ML tree search #20, logLikelihood: -67016.362377
[00:02:44 -67034.214228] SLOW spr round 10 (radius: 20)
[00:02:46 -67034.214226] SLOW spr round 11 (radius: 25)
[00:02:46 -67034.214226] Model parameter optimization (eps = 0.100000)

[00:02:46] [worker #0] ML tree search #19, logLikelihood: -67034.163742


Optimized model parameters:

   Partition 0: noname
   Rate heterogeneity: GAMMA (4 cats, mean),  alpha: 0.585892 (ML),  weights&rates: (0.250000,0.050212) (0.250000,0.304339) (0.250000,0.873947) (0.250000,2.771502) 
   Base frequencies (ML): 0.286269 0.212001 0.216378 0.285352 
   Substitution rates (ML): 1.235358 3.223325 1.136767 0.925411 4.306384 1.000000 


Final LogLikelihood: -67009.435943

AIC score: 134270.871886 / AICc score: 134275.917448 / BIC score: 135124.513240
Free parameters (model + branch lengths): 126

Best ML tree saved to: /global/home/users/uricchio/software/HybPiper-master/sodiumChannelPaperAnalyses/trees_xen_ref_HPfixed_DNA/t84d10k45.orig.raxml.bestTree
All ML trees saved to: /global/home/users/uricchio/software/HybPiper-master/sodiumChannelPaperAnalyses/trees_xen_ref_HPfixed_DNA/t84d10k45.orig.raxml.mlTrees
Optimized model saved to: /global/home/users/uricchio/software/HybPiper-master/sodiumChannelPaperAnalyses/trees_xen_ref_HPfixed_DNA/t84d10k45.orig.raxml.bestModel

Execution log saved to: /global/home/users/uricchio/software/HybPiper-master/sodiumChannelPaperAnalyses/trees_xen_ref_HPfixed_DNA/t84d10k45.orig.raxml.log

Analysis started: 24-Jun-2021 15:29:33 / finished: 24-Jun-2021 15:32:19

Elapsed time: 166.583 seconds

Consumed energy: 8.863 Wh

