
RAxML-NG v. 1.0.0 released on 07.08.2020 by The Exelixis Lab.
Developed by: Alexey M. Kozlov and Alexandros Stamatakis.
Contributors: Diego Darriba, Tomas Flouri, Benoit Morel, Sarah Lutteropp, Ben Bettisworth.
Latest version: https://github.com/amkozlov/raxml-ng
Questions/problems/suggestions? Please visit: https://groups.google.com/forum/#!forum/raxml

System: Intel(R) Xeon(R) CPU E5-2670 v2 @ 2.50GHz, 20 cores, 62 GB RAM

RAxML-NG was called at 21-Jul-2022 21:29:57 as follows:

/global/home/users/uricchio/software/raxml-ng-master/raxml-ng --model GTR+G --prefix trees_xenPum_ref_HPfixed_DNA_all/t68d10k45.orig --redo --msa trees_xenPum_ref_HPfixed_DNA_all/t68d10k45.orig.raxml.rba

Analysis options:
  run mode: ML tree search
  start tree(s): random (10) + parsimony (10)
  random seed: 1658464197
  tip-inner: OFF
  pattern compression: ON
  per-rate scalers: OFF
  site repeats: ON
  fast spr radius: AUTO
  spr subtree cutoff: 1.000000
  branch lengths: proportional (ML estimate, algorithm: NR-FAST)
  SIMD kernels: AVX
  parallelization: coarse-grained (auto), PTHREADS (auto)

WARNING: Running in REDO mode: existing checkpoints are ignored, and all result files will be overwritten!

WARNING: The model you specified on the command line (GTR+G) will be ignored 
         since the binary MSA file already contains a model definition.
         If you want to change the model, please re-run RAxML-NG 
         with the original PHYLIP/FASTA alignment and --redo option.

[00:00:00] Loading binary alignment from file: trees_xenPum_ref_HPfixed_DNA_all/t68d10k45.orig.raxml.rba
[00:00:00] Alignment comprises 570 taxa, 1 partitions and 8745 patterns

Partition 0: noname
Model: GTR+FO+G4m
Alignment sites / patterns: 17847 / 8745
Gaps: 72.59 %
Invariant sites: 55.35 %


Parallelization scheme autoconfig: 4 worker(s) x 5 thread(s)

Parallel reduction/worker buffer size: 1 KB  / 0 KB

[00:00:00] Generating 10 random starting tree(s) with 570 taxa
[00:00:00] Generating 10 parsimony starting tree(s) with 570 taxa
[00:00:09] Data distribution: max. partitions/sites/weight per thread: 1 / 1749 / 27984
[00:00:09] Data distribution: max. searches per worker: 5

Starting ML tree search with 20 distinct starting trees

[00:00:09 -1787114.746262] Initial branch length optimization
[00:00:15 -1537456.552432] Model parameter optimization (eps = 10.000000)
[00:01:20 -1454064.909979] AUTODETECT spr round 1 (radius: 5)
[00:02:12 -851341.460880] AUTODETECT spr round 2 (radius: 10)
[00:03:18 -628439.762106] AUTODETECT spr round 3 (radius: 15)
[00:04:52 -522456.272979] AUTODETECT spr round 4 (radius: 20)
[00:06:56 -509884.809013] AUTODETECT spr round 5 (radius: 25)
[00:09:01 -508173.076729] SPR radius for FAST iterations: 25 (autodetect)
[00:09:01 -508173.076729] Model parameter optimization (eps = 3.000000)
[00:09:20 -502312.287274] FAST spr round 1 (radius: 25)
[00:10:29 -449103.566949] FAST spr round 2 (radius: 25)
[00:11:19 -447444.513159] FAST spr round 3 (radius: 25)
[00:11:59 -447396.165255] FAST spr round 4 (radius: 25)
[00:12:34 -447391.121956] FAST spr round 5 (radius: 25)
[00:13:09 -447386.215629] FAST spr round 6 (radius: 25)
[00:13:45 -447326.591249] FAST spr round 7 (radius: 25)
[00:14:19 -447321.462290] FAST spr round 8 (radius: 25)
[00:14:54 -447318.556730] FAST spr round 9 (radius: 25)
[00:15:27 -447306.529263] FAST spr round 10 (radius: 25)
[00:16:01 -447303.689407] FAST spr round 11 (radius: 25)
[00:16:35 -447300.952046] FAST spr round 12 (radius: 25)
[00:17:08 -447299.005944] FAST spr round 13 (radius: 25)
[00:17:41 -447297.510542] FAST spr round 14 (radius: 25)
[00:18:14 -447296.716805] FAST spr round 15 (radius: 25)
[00:18:46 -447296.138229] FAST spr round 16 (radius: 25)
[00:19:16 -447295.876427] FAST spr round 17 (radius: 25)
[00:19:45 -447295.853127] Model parameter optimization (eps = 1.000000)
[00:19:49 -447282.615397] SLOW spr round 1 (radius: 5)
[00:21:09 -447216.432855] SLOW spr round 2 (radius: 5)
[00:22:18 -447213.503706] SLOW spr round 3 (radius: 5)
[00:23:23 -447212.758312] SLOW spr round 4 (radius: 5)
[00:24:28 -447202.406702] SLOW spr round 5 (radius: 5)
[00:25:31 -447202.063407] SLOW spr round 6 (radius: 5)
[00:26:34 -447202.061731] SLOW spr round 7 (radius: 10)
[00:27:42 -447202.061709] SLOW spr round 8 (radius: 15)
[00:30:29 -447202.061709] SLOW spr round 9 (radius: 20)
[00:34:56 -447202.061709] SLOW spr round 10 (radius: 25)
[00:39:13] [worker #2] ML tree search #3, logLikelihood: -447136.688357
[00:43:21] [worker #3] ML tree search #4, logLikelihood: -447136.311645
[00:43:52 -447202.061709] Model parameter optimization (eps = 0.100000)

[00:43:58] [worker #0] ML tree search #1, logLikelihood: -447201.600269

[00:43:58 -1794585.289737] Initial branch length optimization
[00:44:00 -1538352.294127] Model parameter optimization (eps = 10.000000)
[00:45:01 -1456518.221775] AUTODETECT spr round 1 (radius: 5)
[00:45:46 -858005.655341] AUTODETECT spr round 2 (radius: 10)
[00:46:42 -611424.800772] AUTODETECT spr round 3 (radius: 15)
[00:47:52 -533840.144777] AUTODETECT spr round 4 (radius: 20)
[00:48:55] [worker #1] ML tree search #2, logLikelihood: -447119.038809
[00:49:28 -507419.993142] AUTODETECT spr round 5 (radius: 25)
[00:51:32 -505649.921928] SPR radius for FAST iterations: 25 (autodetect)
[00:51:33 -505649.921928] Model parameter optimization (eps = 3.000000)
[00:51:57 -500365.627983] FAST spr round 1 (radius: 25)
[00:53:06 -449486.491318] FAST spr round 2 (radius: 25)
[00:53:59 -447321.487988] FAST spr round 3 (radius: 25)
[00:54:39 -447203.696622] FAST spr round 4 (radius: 25)
[00:55:14 -447191.022561] FAST spr round 5 (radius: 25)
[00:55:48 -447177.601035] FAST spr round 6 (radius: 25)
[00:56:22 -447171.381358] FAST spr round 7 (radius: 25)
[00:56:56 -447167.866683] FAST spr round 8 (radius: 25)
[00:57:29 -447164.155319] FAST spr round 9 (radius: 25)
[00:58:01 -447160.787286] FAST spr round 10 (radius: 25)
[00:58:33 -447157.714453] FAST spr round 11 (radius: 25)
[00:59:05 -447155.638843] FAST spr round 12 (radius: 25)
[00:59:36 -447154.278453] FAST spr round 13 (radius: 25)
[01:00:09 -447153.271166] FAST spr round 14 (radius: 25)
[01:00:41 -447152.275029] FAST spr round 15 (radius: 25)
[01:01:13 -447151.535010] FAST spr round 16 (radius: 25)
[01:01:46 -447150.851247] FAST spr round 17 (radius: 25)
[01:02:17 -447150.464895] FAST spr round 18 (radius: 25)
[01:02:49 -447150.181554] FAST spr round 19 (radius: 25)
[01:03:20 -447150.089689] Model parameter optimization (eps = 1.000000)
[01:03:28 -447126.481720] SLOW spr round 1 (radius: 5)
[01:04:46 -447107.099781] SLOW spr round 2 (radius: 5)
[01:05:54 -447105.837555] SLOW spr round 3 (radius: 5)
[01:07:00 -447105.789422] SLOW spr round 4 (radius: 10)
[01:08:12 -447105.788920] SLOW spr round 5 (radius: 15)
[01:10:51 -447105.788804] SLOW spr round 6 (radius: 20)
[01:14:37 -447105.788776] SLOW spr round 7 (radius: 25)
[01:15:00] [worker #2] ML tree search #7, logLikelihood: -447244.403543
[01:23:17 -447105.788769] Model parameter optimization (eps = 0.100000)

[01:23:18] [worker #0] ML tree search #5, logLikelihood: -447105.729555

[01:23:18 -1777352.552382] Initial branch length optimization
[01:23:21 -1525129.555887] Model parameter optimization (eps = 10.000000)
[01:24:13 -1445454.801760] AUTODETECT spr round 1 (radius: 5)
[01:24:52 -884189.170816] AUTODETECT spr round 2 (radius: 10)
[01:25:44 -613165.506747] AUTODETECT spr round 3 (radius: 15)
[01:26:49 -521712.148074] AUTODETECT spr round 4 (radius: 20)
[01:28:10 -499543.814580] AUTODETECT spr round 5 (radius: 25)
[01:29:55 -497792.943749] SPR radius for FAST iterations: 25 (autodetect)
[01:29:55 -497792.943749] Model parameter optimization (eps = 3.000000)
[01:30:15 -492321.567980] FAST spr round 1 (radius: 25)
[01:30:46] [worker #1] ML tree search #6, logLikelihood: -447137.016247
[01:31:17 -449410.495708] FAST spr round 2 (radius: 25)
[01:32:06 -447444.132630] FAST spr round 3 (radius: 25)
[01:32:43 -447375.272346] FAST spr round 4 (radius: 25)
[01:33:16 -447327.667936] FAST spr round 5 (radius: 25)
[01:33:38] [worker #3] ML tree search #8, logLikelihood: -447149.183698
[01:33:50 -447323.840403] FAST spr round 6 (radius: 25)
[01:34:24 -447311.455956] FAST spr round 7 (radius: 25)
[01:34:58 -447294.462027] FAST spr round 8 (radius: 25)
[01:35:30 -447290.187977] FAST spr round 9 (radius: 25)
[01:36:02 -447287.696541] FAST spr round 10 (radius: 25)
[01:36:34 -447285.777850] FAST spr round 11 (radius: 25)
[01:37:06 -447281.984180] FAST spr round 12 (radius: 25)
[01:37:37 -447269.008958] FAST spr round 13 (radius: 25)
[01:38:07 -447267.615259] FAST spr round 14 (radius: 25)
[01:38:39 -447266.539108] FAST spr round 15 (radius: 25)
[01:39:09 -447265.527406] FAST spr round 16 (radius: 25)
[01:39:38 -447264.597013] FAST spr round 17 (radius: 25)
[01:40:09 -447263.889115] FAST spr round 18 (radius: 25)
[01:40:39 -447263.469586] FAST spr round 19 (radius: 25)
[01:41:08 -447263.209163] FAST spr round 20 (radius: 25)
[01:41:39 -447263.105098] FAST spr round 21 (radius: 25)
[01:42:10 -447263.070061] Model parameter optimization (eps = 1.000000)
[01:42:14 -447252.896193] SLOW spr round 1 (radius: 5)
[01:43:38 -447197.054692] SLOW spr round 2 (radius: 5)
[01:44:52 -447168.636388] SLOW spr round 3 (radius: 5)
[01:46:00 -447158.917209] SLOW spr round 4 (radius: 5)
[01:47:07 -447155.183388] SLOW spr round 5 (radius: 5)
[01:48:09 -447154.895104] SLOW spr round 6 (radius: 5)
[01:48:50] [worker #2] ML tree search #11, logLikelihood: -447061.146689
[01:49:11 -447154.895011] SLOW spr round 7 (radius: 10)
[01:50:22 -447154.894995] SLOW spr round 8 (radius: 15)
[01:53:17 -447154.894993] SLOW spr round 9 (radius: 20)
[01:58:12 -447154.894993] SLOW spr round 10 (radius: 25)
[02:02:32] [worker #3] ML tree search #12, logLikelihood: -447379.403935
[02:06:01] [worker #1] ML tree search #10, logLikelihood: -447187.417776
[02:07:04 -447154.894993] Model parameter optimization (eps = 0.100000)

[02:07:06] [worker #0] ML tree search #9, logLikelihood: -447154.819461

[02:07:07 -523467.624412] Initial branch length optimization
[02:07:09 -462793.867188] Model parameter optimization (eps = 10.000000)
[02:07:23 -451552.067167] AUTODETECT spr round 1 (radius: 5)
[02:07:50 -448091.755141] AUTODETECT spr round 2 (radius: 10)
[02:08:44 -447878.091955] AUTODETECT spr round 3 (radius: 15)
[02:10:13 -447878.088616] SPR radius for FAST iterations: 10 (autodetect)
[02:10:13 -447878.088616] Model parameter optimization (eps = 3.000000)
[02:10:15 -447877.277361] FAST spr round 1 (radius: 10)
[02:11:04 -447308.287757] FAST spr round 2 (radius: 10)
[02:11:40 -447258.443691] FAST spr round 3 (radius: 10)
[02:12:14 -447240.138211] FAST spr round 4 (radius: 10)
[02:12:47 -447235.566583] FAST spr round 5 (radius: 10)
[02:13:20 -447226.702252] FAST spr round 6 (radius: 10)
[02:13:52 -447223.452807] FAST spr round 7 (radius: 10)
[02:14:23 -447220.496056] FAST spr round 8 (radius: 10)
[02:14:53 -447217.776780] FAST spr round 9 (radius: 10)
[02:15:23 -447214.468915] FAST spr round 10 (radius: 10)
[02:15:53 -447212.344986] FAST spr round 11 (radius: 10)
[02:16:23 -447210.703919] FAST spr round 12 (radius: 10)
[02:16:53 -447209.602804] FAST spr round 13 (radius: 10)
[02:17:23 -447208.767462] FAST spr round 14 (radius: 10)
[02:17:54 -447198.217211] FAST spr round 15 (radius: 10)
[02:18:25 -447197.430427] FAST spr round 16 (radius: 10)
[02:18:55 -447196.996095] FAST spr round 17 (radius: 10)
[02:19:25 -447196.573383] FAST spr round 18 (radius: 10)
[02:19:56 -447196.253784] FAST spr round 19 (radius: 10)
[02:20:26 -447191.479007] FAST spr round 20 (radius: 10)
[02:20:57 -447191.478250] Model parameter optimization (eps = 1.000000)
[02:20:59 -447190.499404] SLOW spr round 1 (radius: 5)
[02:22:20 -447087.737334] SLOW spr round 2 (radius: 5)
[02:23:34 -447062.879363] SLOW spr round 3 (radius: 5)
[02:24:36 -447062.597294] SLOW spr round 4 (radius: 5)
[02:25:35 -447062.597181] SLOW spr round 5 (radius: 10)
[02:25:39] [worker #2] ML tree search #15, logLikelihood: -447132.944854
[02:26:46 -447062.597167] SLOW spr round 6 (radius: 15)
[02:29:28 -447062.597165] SLOW spr round 7 (radius: 20)
[02:33:20 -447062.597165] SLOW spr round 8 (radius: 25)
[02:35:11] [worker #3] ML tree search #16, logLikelihood: -447061.377999
[02:41:45 -447062.597165] Model parameter optimization (eps = 0.100000)

[02:41:49] [worker #0] ML tree search #13, logLikelihood: -447062.122391

[02:41:50 -524039.280142] Initial branch length optimization
[02:41:52 -462902.090599] Model parameter optimization (eps = 10.000000)
[02:42:04 -451585.519595] AUTODETECT spr round 1 (radius: 5)
[02:42:30 -447837.203644] AUTODETECT spr round 2 (radius: 10)
[02:43:20 -447709.925928] AUTODETECT spr round 3 (radius: 15)
[02:44:24] [worker #1] ML tree search #14, logLikelihood: -447126.630573
[02:44:47 -447709.925054] SPR radius for FAST iterations: 10 (autodetect)
[02:44:47 -447709.925054] Model parameter optimization (eps = 3.000000)
[02:44:49 -447708.536594] FAST spr round 1 (radius: 10)
[02:45:37 -447409.354102] FAST spr round 2 (radius: 10)
[02:46:16 -447290.549598] FAST spr round 3 (radius: 10)
[02:46:51 -447238.022932] FAST spr round 4 (radius: 10)
[02:47:25 -447227.435767] FAST spr round 5 (radius: 10)
[02:47:57 -447222.910618] FAST spr round 6 (radius: 10)
[02:48:26 -447220.017099] FAST spr round 7 (radius: 10)
[02:48:56 -447217.494271] FAST spr round 8 (radius: 10)
[02:49:26 -447215.093890] FAST spr round 9 (radius: 10)
[02:49:56 -447212.953079] FAST spr round 10 (radius: 10)
[02:50:25 -447210.967717] FAST spr round 11 (radius: 10)
[02:50:55 -447209.134402] FAST spr round 12 (radius: 10)
[02:51:24 -447207.813199] FAST spr round 13 (radius: 10)
[02:51:53 -447206.627746] FAST spr round 14 (radius: 10)
[02:52:22 -447205.473171] FAST spr round 15 (radius: 10)
[02:52:50 -447204.437509] FAST spr round 16 (radius: 10)
[02:53:18 -447203.714579] FAST spr round 17 (radius: 10)
[02:53:46 -447195.569897] FAST spr round 18 (radius: 10)
[02:54:15 -447194.845716] FAST spr round 19 (radius: 10)
[02:54:43 -447194.165427] FAST spr round 20 (radius: 10)
[02:55:11 -447193.732622] FAST spr round 21 (radius: 10)
[02:55:39 -447193.456404] FAST spr round 22 (radius: 10)
[02:56:08 -447192.784670] FAST spr round 23 (radius: 10)
[02:56:36 -447192.730065] Model parameter optimization (eps = 1.000000)
[02:56:38 -447192.574673] SLOW spr round 1 (radius: 5)
[02:57:55 -447164.112464] SLOW spr round 2 (radius: 5)
[02:58:59 -447164.071683] SLOW spr round 3 (radius: 10)
[03:00:09 -447155.380715] SLOW spr round 4 (radius: 5)
[03:02:01 -447132.836078] SLOW spr round 5 (radius: 5)
[03:03:26 -447125.604248] SLOW spr round 6 (radius: 5)
[03:03:52] [worker #2] ML tree search #19, logLikelihood: -447150.953146
[03:04:37 -447125.543783] SLOW spr round 7 (radius: 10)
[03:05:45 -447125.543625] SLOW spr round 8 (radius: 15)
[03:07:06] [worker #3] ML tree search #20, logLikelihood: -447145.908878
[03:08:28 -447125.543604] SLOW spr round 9 (radius: 20)
[03:13:05 -447125.543602] SLOW spr round 10 (radius: 25)
[03:21:15 -447125.543601] Model parameter optimization (eps = 0.100000)

[03:21:16] [worker #0] ML tree search #17, logLikelihood: -447125.495839

[03:21:24] [worker #1] ML tree search #18, logLikelihood: -447011.351475

Optimized model parameters:

   Partition 0: noname
   Rate heterogeneity: GAMMA (4 cats, mean),  alpha: 0.631625 (ML),  weights&rates: (0.250000,0.059689) (0.250000,0.329401) (0.250000,0.896634) (0.250000,2.714276) 
   Base frequencies (ML): 0.281560 0.217997 0.198229 0.302213 
   Substitution rates (ML): 1.201819 2.748301 1.117527 1.012103 3.089848 1.000000 


Final LogLikelihood: -447011.351475

AIC score: 896314.702950 / AICc score: 896472.123549 / BIC score: 905241.573899
Free parameters (model + branch lengths): 1146

WARNING: Best ML tree contains 1 near-zero branches!

Best ML tree with collapsed near-zero branches saved to: /global/home/users/uricchio/software/HybPiper-master/sodiumChannelPaperAnalyses/trees_xenPum_ref_HPfixed_DNA_all/t68d10k45.orig.raxml.bestTreeCollapsed
Best ML tree saved to: /global/home/users/uricchio/software/HybPiper-master/sodiumChannelPaperAnalyses/trees_xenPum_ref_HPfixed_DNA_all/t68d10k45.orig.raxml.bestTree
All ML trees saved to: /global/home/users/uricchio/software/HybPiper-master/sodiumChannelPaperAnalyses/trees_xenPum_ref_HPfixed_DNA_all/t68d10k45.orig.raxml.mlTrees
Optimized model saved to: /global/home/users/uricchio/software/HybPiper-master/sodiumChannelPaperAnalyses/trees_xenPum_ref_HPfixed_DNA_all/t68d10k45.orig.raxml.bestModel

Execution log saved to: /global/home/users/uricchio/software/HybPiper-master/sodiumChannelPaperAnalyses/trees_xenPum_ref_HPfixed_DNA_all/t68d10k45.orig.raxml.log

Analysis started: 21-Jul-2022 21:29:57 / finished: 22-Jul-2022 00:51:22

Elapsed time: 12084.179 seconds

Consumed energy: 730.397 Wh (= 4 km in an electric car, or 18 km with an e-scooter!)

