
RAxML-NG v. 1.0.0 released on 07.08.2020 by The Exelixis Lab.
Developed by: Alexey M. Kozlov and Alexandros Stamatakis.
Contributors: Diego Darriba, Tomas Flouri, Benoit Morel, Sarah Lutteropp, Ben Bettisworth.
Latest version: https://github.com/amkozlov/raxml-ng
Questions/problems/suggestions? Please visit: https://groups.google.com/forum/#!forum/raxml

System: Intel(R) Xeon(R) CPU E5-2670 v2 @ 2.50GHz, 20 cores, 62 GB RAM

RAxML-NG was called at 21-Jul-2022 21:25:48 as follows:

/global/home/users/uricchio/software/raxml-ng-master/raxml-ng --model GTR+G --prefix trees_xenPum_ref_HPfixed_DNA_all/t72d10k45.orig --redo --msa trees_xenPum_ref_HPfixed_DNA_all/t72d10k45.orig.raxml.rba

Analysis options:
  run mode: ML tree search
  start tree(s): random (10) + parsimony (10)
  random seed: 1658463948
  tip-inner: OFF
  pattern compression: ON
  per-rate scalers: OFF
  site repeats: ON
  fast spr radius: AUTO
  spr subtree cutoff: 1.000000
  branch lengths: proportional (ML estimate, algorithm: NR-FAST)
  SIMD kernels: AVX
  parallelization: coarse-grained (auto), PTHREADS (auto)

WARNING: Running in REDO mode: existing checkpoints are ignored, and all result files will be overwritten!

WARNING: The model you specified on the command line (GTR+G) will be ignored 
         since the binary MSA file already contains a model definition.
         If you want to change the model, please re-run RAxML-NG 
         with the original PHYLIP/FASTA alignment and --redo option.

[00:00:00] Loading binary alignment from file: trees_xenPum_ref_HPfixed_DNA_all/t72d10k45.orig.raxml.rba
[00:00:00] Alignment comprises 570 taxa, 1 partitions and 8472 patterns

Partition 0: noname
Model: GTR+FO+G4m
Alignment sites / patterns: 17064 / 8472
Gaps: 71.64 %
Invariant sites: 54.70 %


Parallelization scheme autoconfig: 4 worker(s) x 5 thread(s)

Parallel reduction/worker buffer size: 1 KB  / 0 KB

[00:00:00] Generating 10 random starting tree(s) with 570 taxa
[00:00:00] Generating 10 parsimony starting tree(s) with 570 taxa
[00:00:08] Data distribution: max. partitions/sites/weight per thread: 1 / 1695 / 27120
[00:00:08] Data distribution: max. searches per worker: 5

Starting ML tree search with 20 distinct starting trees

[00:00:09 -1770125.577803] Initial branch length optimization
[00:00:14 -1519060.453336] Model parameter optimization (eps = 10.000000)
[00:01:22 -1439894.766695] AUTODETECT spr round 1 (radius: 5)
[00:02:22 -845448.729592] AUTODETECT spr round 2 (radius: 10)
[00:04:05 -627309.057559] AUTODETECT spr round 3 (radius: 15)
[00:06:53 -536133.164274] AUTODETECT spr round 4 (radius: 20)
[00:10:31 -503869.909641] AUTODETECT spr round 5 (radius: 25)
[00:14:56 -499253.698041] SPR radius for FAST iterations: 25 (autodetect)
[00:14:56 -499253.698041] Model parameter optimization (eps = 3.000000)
[00:15:30 -494502.057107] FAST spr round 1 (radius: 25)
[00:17:09 -438250.293857] FAST spr round 2 (radius: 25)
[00:18:07 -436968.668508] FAST spr round 3 (radius: 25)
[00:19:03 -436736.186415] FAST spr round 4 (radius: 25)
[00:19:45 -436716.942672] FAST spr round 5 (radius: 25)
[00:20:27 -436698.799708] FAST spr round 6 (radius: 25)
[00:21:07 -436690.101578] FAST spr round 7 (radius: 25)
[00:21:50 -436663.971172] FAST spr round 8 (radius: 25)
[00:22:30 -436658.198623] FAST spr round 9 (radius: 25)
[00:23:09 -436653.735467] FAST spr round 10 (radius: 25)
[00:23:48 -436649.822058] FAST spr round 11 (radius: 25)
[00:24:28 -436646.740607] FAST spr round 12 (radius: 25)
[00:25:11 -436643.979374] FAST spr round 13 (radius: 25)
[00:25:50 -436641.459470] FAST spr round 14 (radius: 25)
[00:26:30 -436639.661282] FAST spr round 15 (radius: 25)
[00:27:09 -436638.122249] FAST spr round 16 (radius: 25)
[00:27:49 -436636.683484] FAST spr round 17 (radius: 25)
[00:28:27 -436635.324062] FAST spr round 18 (radius: 25)
[00:29:05 -436632.970558] FAST spr round 19 (radius: 25)
[00:29:42 -436631.818133] FAST spr round 20 (radius: 25)
[00:30:21 -436631.045730] FAST spr round 21 (radius: 25)
[00:30:58 -436630.518656] FAST spr round 22 (radius: 25)
[00:31:35 -436630.286646] FAST spr round 23 (radius: 25)
[00:32:11 -436630.286360] Model parameter optimization (eps = 1.000000)
[00:32:20 -436612.660982] SLOW spr round 1 (radius: 5)
[00:33:55 -436463.855192] SLOW spr round 2 (radius: 5)
[00:35:22 -436418.881678] SLOW spr round 3 (radius: 5)
[00:36:34 -436403.541055] SLOW spr round 4 (radius: 5)
[00:37:42 -436403.540398] SLOW spr round 5 (radius: 10)
[00:38:57 -436399.896781] SLOW spr round 6 (radius: 5)
[00:41:05 -436306.515842] SLOW spr round 7 (radius: 5)
[00:42:40 -436306.469186] SLOW spr round 8 (radius: 10)
[00:43:57 -436306.465334] SLOW spr round 9 (radius: 15)
[00:46:31 -436306.465039] SLOW spr round 10 (radius: 20)
[00:49:58 -436306.465017] SLOW spr round 11 (radius: 25)
[00:57:35 -436306.465015] Model parameter optimization (eps = 0.100000)

[00:57:39] [worker #0] ML tree search #1, logLikelihood: -436306.038802

[00:57:40 -1778226.607704] Initial branch length optimization
[00:57:42 -1530175.025331] Model parameter optimization (eps = 10.000000)
[00:58:25 -1448664.632298] AUTODETECT spr round 1 (radius: 5)
[00:59:03 -875988.528423] AUTODETECT spr round 2 (radius: 10)
[00:59:36] [worker #1] ML tree search #2, logLikelihood: -436410.751136
[00:59:54 -622784.853632] AUTODETECT spr round 3 (radius: 15)
[01:00:45] [worker #3] ML tree search #4, logLikelihood: -436330.897632
[01:01:08 -525997.367017] AUTODETECT spr round 4 (radius: 20)
[01:02:39 -510489.697381] AUTODETECT spr round 5 (radius: 25)
[01:04:10 -494198.477839] SPR radius for FAST iterations: 25 (autodetect)
[01:04:10 -494198.477839] Model parameter optimization (eps = 3.000000)
[01:04:30 -489135.417178] FAST spr round 1 (radius: 25)
[01:05:35 -439696.028023] FAST spr round 2 (radius: 25)
[01:06:21 -436983.436053] FAST spr round 3 (radius: 25)
[01:06:57 -436926.579368] FAST spr round 4 (radius: 25)
[01:07:31 -436919.689730] FAST spr round 5 (radius: 25)
[01:08:03 -436912.952188] FAST spr round 6 (radius: 25)
[01:08:32 -436908.148595] FAST spr round 7 (radius: 25)
[01:09:02 -436905.712471] FAST spr round 8 (radius: 25)
[01:09:32 -436903.131878] FAST spr round 9 (radius: 25)
[01:10:01 -436899.477587] FAST spr round 10 (radius: 25)
[01:10:32 -436897.694952] FAST spr round 11 (radius: 25)
[01:10:55] [worker #2] ML tree search #3, logLikelihood: -436410.731038
[01:11:04 -436895.952034] FAST spr round 12 (radius: 25)
[01:11:39 -436894.503031] FAST spr round 13 (radius: 25)
[01:12:14 -436893.378502] FAST spr round 14 (radius: 25)
[01:12:48 -436890.783842] FAST spr round 15 (radius: 25)
[01:13:22 -436878.309634] FAST spr round 16 (radius: 25)
[01:13:56 -436837.416626] FAST spr round 17 (radius: 25)
[01:14:29 -436837.041577] FAST spr round 18 (radius: 25)
[01:15:02 -436836.810324] FAST spr round 19 (radius: 25)
[01:15:36 -436834.619442] FAST spr round 20 (radius: 25)
[01:16:09 -436834.407976] FAST spr round 21 (radius: 25)
[01:16:41 -436834.274924] FAST spr round 22 (radius: 25)
[01:17:14 -436834.274549] Model parameter optimization (eps = 1.000000)
[01:17:21 -436813.123649] SLOW spr round 1 (radius: 5)
[01:18:44 -436725.887135] SLOW spr round 2 (radius: 5)
[01:19:52 -436715.293861] SLOW spr round 3 (radius: 5)
[01:21:03 -436684.287184] SLOW spr round 4 (radius: 5)
[01:22:06 -436684.199740] SLOW spr round 5 (radius: 10)
[01:23:15 -436681.876168] SLOW spr round 6 (radius: 5)
[01:25:07 -436674.918860] SLOW spr round 7 (radius: 5)
[01:26:32 -436674.742923] SLOW spr round 8 (radius: 5)
[01:27:43 -436674.742366] SLOW spr round 9 (radius: 10)
[01:28:51 -436674.742236] SLOW spr round 10 (radius: 15)
[01:31:13 -436674.742206] SLOW spr round 11 (radius: 20)
[01:34:52 -436674.742199] SLOW spr round 12 (radius: 25)
[01:42:07 -436674.742197] Model parameter optimization (eps = 0.100000)

[01:42:10] [worker #0] ML tree search #5, logLikelihood: -436674.446079

[01:42:10 -1775031.337808] Initial branch length optimization
[01:42:13 -1513523.880144] Model parameter optimization (eps = 10.000000)
[01:42:54 -1435690.599586] AUTODETECT spr round 1 (radius: 5)
[01:43:30 -877907.740209] AUTODETECT spr round 2 (radius: 10)
[01:44:18 -632445.173362] AUTODETECT spr round 3 (radius: 15)
[01:45:22 -535777.667888] AUTODETECT spr round 4 (radius: 20)
[01:46:36 -492105.720867] AUTODETECT spr round 5 (radius: 25)
[01:47:43 -489987.426669] SPR radius for FAST iterations: 25 (autodetect)
[01:47:43 -489987.426669] Model parameter optimization (eps = 3.000000)
[01:48:02 -485297.938005] FAST spr round 1 (radius: 25)
[01:48:59 -438362.663377] FAST spr round 2 (radius: 25)
[01:49:10] [worker #3] ML tree search #8, logLikelihood: -436344.333282
[01:49:40 -436898.712223] FAST spr round 3 (radius: 25)
[01:50:15 -436803.803319] FAST spr round 4 (radius: 25)
[01:50:28] [worker #2] ML tree search #7, logLikelihood: -436421.321116
[01:50:48 -436772.172116] FAST spr round 5 (radius: 25)
[01:51:20 -436763.983833] FAST spr round 6 (radius: 25)
[01:51:50 -436756.253142] FAST spr round 7 (radius: 25)
[01:52:20 -436752.191189] FAST spr round 8 (radius: 25)
[01:52:49 -436748.913894] FAST spr round 9 (radius: 25)
[01:53:19 -436746.721943] FAST spr round 10 (radius: 25)
[01:53:49 -436742.519647] FAST spr round 11 (radius: 25)
[01:54:18 -436740.992399] FAST spr round 12 (radius: 25)
[01:54:47 -436739.618005] FAST spr round 13 (radius: 25)
[01:55:16 -436738.315621] FAST spr round 14 (radius: 25)
[01:55:45 -436737.502797] FAST spr round 15 (radius: 25)
[01:56:14 -436736.877218] FAST spr round 16 (radius: 25)
[01:56:43 -436736.262382] FAST spr round 17 (radius: 25)
[01:57:13 -436734.238257] FAST spr round 18 (radius: 25)
[01:57:42 -436733.829559] FAST spr round 19 (radius: 25)
[01:58:11 -436733.495908] FAST spr round 20 (radius: 25)
[01:58:40 -436733.185350] FAST spr round 21 (radius: 25)
[01:59:10 -436732.924106] FAST spr round 22 (radius: 25)
[01:59:39 -436730.328753] FAST spr round 23 (radius: 25)
[02:00:10 -436724.771636] FAST spr round 24 (radius: 25)
[02:00:10] [worker #1] ML tree search #6, logLikelihood: -436345.344917
[02:00:46 -436724.535535] FAST spr round 25 (radius: 25)
[02:01:22 -436724.512721] Model parameter optimization (eps = 1.000000)
[02:01:33 -436707.318112] SLOW spr round 1 (radius: 5)
[02:03:01 -436630.990069] SLOW spr round 2 (radius: 5)
[02:04:14 -436613.684007] SLOW spr round 3 (radius: 5)
[02:05:21 -436604.973994] SLOW spr round 4 (radius: 5)
[02:06:22 -436604.972639] SLOW spr round 5 (radius: 10)
[02:07:33 -436595.516000] SLOW spr round 6 (radius: 5)
[02:09:26 -436588.060175] SLOW spr round 7 (radius: 5)
[02:10:51 -436587.926124] SLOW spr round 8 (radius: 5)
[02:12:02 -436587.926083] SLOW spr round 9 (radius: 10)
[02:13:12 -436587.926078] SLOW spr round 10 (radius: 15)
[02:15:40 -436585.432784] SLOW spr round 11 (radius: 5)
[02:17:34 -436585.001067] SLOW spr round 12 (radius: 5)
[02:19:02 -436583.445771] SLOW spr round 13 (radius: 5)
[02:20:19 -436580.060411] SLOW spr round 14 (radius: 5)
[02:21:23 -436580.059370] SLOW spr round 15 (radius: 10)
[02:22:29 -436580.059268] SLOW spr round 16 (radius: 15)
[02:24:37 -436580.059256] SLOW spr round 17 (radius: 20)
[02:27:51 -436580.059254] SLOW spr round 18 (radius: 25)
[02:31:01] [worker #3] ML tree search #12, logLikelihood: -436430.265994
[02:32:05] [worker #2] ML tree search #11, logLikelihood: -436385.192829
[02:34:38 -436580.059253] Model parameter optimization (eps = 0.100000)

[02:34:42] [worker #0] ML tree search #9, logLikelihood: -436579.881582

[02:34:42 -511692.204198] Initial branch length optimization
[02:34:45 -451303.450918] Model parameter optimization (eps = 10.000000)
[02:34:58 -440420.981105] AUTODETECT spr round 1 (radius: 5)
[02:35:25 -438412.541112] AUTODETECT spr round 2 (radius: 10)
[02:36:16 -437300.003897] AUTODETECT spr round 3 (radius: 15)
[02:37:31 -437230.155481] AUTODETECT spr round 4 (radius: 20)
[02:39:19 -437230.149526] SPR radius for FAST iterations: 15 (autodetect)
[02:39:19 -437230.149526] Model parameter optimization (eps = 3.000000)
[02:39:22 -437228.751272] FAST spr round 1 (radius: 15)
[02:40:13 -436741.135116] FAST spr round 2 (radius: 15)
[02:40:49 -436692.768033] FAST spr round 3 (radius: 15)
[02:41:22 -436673.590631] FAST spr round 4 (radius: 15)
[02:41:55 -436640.594684] FAST spr round 5 (radius: 15)
[02:42:29 -436631.388771] FAST spr round 6 (radius: 15)
[02:43:02 -436628.414287] FAST spr round 7 (radius: 15)
[02:43:34 -436625.470024] FAST spr round 8 (radius: 15)
[02:44:06 -436615.921840] FAST spr round 9 (radius: 15)
[02:44:37 -436609.032534] FAST spr round 10 (radius: 15)
[02:45:06 -436607.932837] FAST spr round 11 (radius: 15)
[02:45:37 -436602.694551] FAST spr round 12 (radius: 15)
[02:46:07 -436601.696896] FAST spr round 13 (radius: 15)
[02:46:37 -436600.710294] FAST spr round 14 (radius: 15)
[02:47:06 -436599.890139] FAST spr round 15 (radius: 15)
[02:47:34 -436599.109165] FAST spr round 16 (radius: 15)
[02:48:02 -436598.350344] FAST spr round 17 (radius: 15)
[02:48:29 -436597.613741] FAST spr round 18 (radius: 15)
[02:48:57 -436596.997804] FAST spr round 19 (radius: 15)
[02:49:24 -436596.390123] FAST spr round 20 (radius: 15)
[02:49:51 -436596.261936] FAST spr round 21 (radius: 15)
[02:50:19 -436596.260657] Model parameter optimization (eps = 1.000000)
[02:50:20 -436596.149196] SLOW spr round 1 (radius: 5)
[02:51:35 -436552.515814] SLOW spr round 2 (radius: 5)
[02:52:38 -436552.493114] SLOW spr round 3 (radius: 10)
[02:53:42 -436546.205780] SLOW spr round 4 (radius: 5)
[02:55:33 -436455.123999] SLOW spr round 5 (radius: 5)
[02:56:54 -436455.123531] SLOW spr round 6 (radius: 10)
[02:58:00 -436455.123515] SLOW spr round 7 (radius: 15)
[02:59:50] [worker #1] ML tree search #10, logLikelihood: -436716.512992
[03:00:12 -436455.123514] SLOW spr round 8 (radius: 20)
[03:03:22 -436455.123514] SLOW spr round 9 (radius: 25)
[03:09:52] [worker #2] ML tree search #15, logLikelihood: -436465.726730
[03:10:14 -436455.123514] Model parameter optimization (eps = 0.100000)

[03:10:17] [worker #0] ML tree search #13, logLikelihood: -436454.963037

[03:10:17 -510849.299315] Initial branch length optimization
[03:10:20 -450905.950010] Model parameter optimization (eps = 10.000000)
[03:10:34] [worker #3] ML tree search #16, logLikelihood: -436290.961807
[03:10:36 -439864.398025] AUTODETECT spr round 1 (radius: 5)
[03:11:06 -437771.905490] AUTODETECT spr round 2 (radius: 10)
[03:11:59 -437547.573333] AUTODETECT spr round 3 (radius: 15)
[03:13:19 -437547.570247] SPR radius for FAST iterations: 10 (autodetect)
[03:13:19 -437547.570247] Model parameter optimization (eps = 3.000000)
[03:13:25 -437543.658715] FAST spr round 1 (radius: 10)
[03:14:13 -436883.003027] FAST spr round 2 (radius: 10)
[03:14:51 -436712.792348] FAST spr round 3 (radius: 10)
[03:15:27 -436685.440903] FAST spr round 4 (radius: 10)
[03:16:01 -436647.053717] FAST spr round 5 (radius: 10)
[03:16:35 -436606.392267] FAST spr round 6 (radius: 10)
[03:17:09 -436596.071195] FAST spr round 7 (radius: 10)
[03:17:42 -436589.200744] FAST spr round 8 (radius: 10)
[03:18:14 -436584.801237] FAST spr round 9 (radius: 10)
[03:18:47 -436582.262916] FAST spr round 10 (radius: 10)
[03:19:19 -436580.236145] FAST spr round 11 (radius: 10)
[03:19:51 -436578.448285] FAST spr round 12 (radius: 10)
[03:20:25 -436577.017395] FAST spr round 13 (radius: 10)
[03:20:56 -436574.016760] FAST spr round 14 (radius: 10)
[03:21:28 -436572.634768] FAST spr round 15 (radius: 10)
[03:22:00 -436571.325600] FAST spr round 16 (radius: 10)
[03:22:32 -436568.416403] FAST spr round 17 (radius: 10)
[03:23:05 -436564.778399] FAST spr round 18 (radius: 10)
[03:23:35 -436563.510006] FAST spr round 19 (radius: 10)
[03:24:06 -436559.357635] FAST spr round 20 (radius: 10)
[03:24:34 -436558.800223] FAST spr round 21 (radius: 10)
[03:25:03 -436558.527414] FAST spr round 22 (radius: 10)
[03:25:31 -436557.767598] FAST spr round 23 (radius: 10)
[03:25:59 -436557.528861] FAST spr round 24 (radius: 10)
[03:26:27 -436557.409091] FAST spr round 25 (radius: 10)
[03:26:55 -436557.348433] Model parameter optimization (eps = 1.000000)
[03:26:57 -436556.891965] SLOW spr round 1 (radius: 5)
[03:28:09 -436521.403143] SLOW spr round 2 (radius: 5)
[03:29:13 -436520.214057] SLOW spr round 3 (radius: 5)
[03:30:16 -436520.213892] SLOW spr round 4 (radius: 10)
[03:31:21 -436520.213850] SLOW spr round 5 (radius: 15)
[03:33:39 -436511.132869] SLOW spr round 6 (radius: 5)
[03:35:31 -436500.847034] SLOW spr round 7 (radius: 5)
[03:36:55 -436498.649581] SLOW spr round 8 (radius: 5)
[03:38:06 -436498.521513] SLOW spr round 9 (radius: 5)
[03:39:11 -436498.520629] SLOW spr round 10 (radius: 10)
[03:39:15] [worker #2] ML tree search #19, logLikelihood: -436724.447134
[03:40:16 -436498.520329] SLOW spr round 11 (radius: 15)
[03:42:30 -436498.520228] SLOW spr round 12 (radius: 20)
[03:43:37] [worker #1] ML tree search #14, logLikelihood: -436372.260006
[03:46:07 -436498.520194] SLOW spr round 13 (radius: 25)
[03:46:38] [worker #3] ML tree search #20, logLikelihood: -436496.539384
[03:53:06 -436498.520183] Model parameter optimization (eps = 0.100000)

[03:53:10] [worker #0] ML tree search #17, logLikelihood: -436498.286759

[04:14:24] [worker #1] ML tree search #18, logLikelihood: -436525.846786

Optimized model parameters:

   Partition 0: noname
   Rate heterogeneity: GAMMA (4 cats, mean),  alpha: 0.622980 (ML),  weights&rates: (0.250000,0.057880) (0.250000,0.324807) (0.250000,0.892604) (0.250000,2.724709) 
   Base frequencies (ML): 0.281748 0.220665 0.197720 0.299867 
   Substitution rates (ML): 1.192345 2.767990 1.116227 1.020897 3.105696 1.000000 


Final LogLikelihood: -436290.961807

AIC score: 874873.923613 / AICc score: 875039.088154 / BIC score: 883749.379907
Free parameters (model + branch lengths): 1146

WARNING: Best ML tree contains 1 near-zero branches!

Best ML tree with collapsed near-zero branches saved to: /global/home/users/uricchio/software/HybPiper-master/sodiumChannelPaperAnalyses/trees_xenPum_ref_HPfixed_DNA_all/t72d10k45.orig.raxml.bestTreeCollapsed
Best ML tree saved to: /global/home/users/uricchio/software/HybPiper-master/sodiumChannelPaperAnalyses/trees_xenPum_ref_HPfixed_DNA_all/t72d10k45.orig.raxml.bestTree
All ML trees saved to: /global/home/users/uricchio/software/HybPiper-master/sodiumChannelPaperAnalyses/trees_xenPum_ref_HPfixed_DNA_all/t72d10k45.orig.raxml.mlTrees
Optimized model saved to: /global/home/users/uricchio/software/HybPiper-master/sodiumChannelPaperAnalyses/trees_xenPum_ref_HPfixed_DNA_all/t72d10k45.orig.raxml.bestModel

Execution log saved to: /global/home/users/uricchio/software/HybPiper-master/sodiumChannelPaperAnalyses/trees_xenPum_ref_HPfixed_DNA_all/t72d10k45.orig.raxml.log

Analysis started: 21-Jul-2022 21:25:48 / finished: 22-Jul-2022 01:40:13

Elapsed time: 15264.984 seconds

Consumed energy: 715.582 Wh (= 4 km in an electric car, or 18 km with an e-scooter!)

