
RAxML-NG v. 1.0.0 released on 07.08.2020 by The Exelixis Lab.
Developed by: Alexey M. Kozlov and Alexandros Stamatakis.
Contributors: Diego Darriba, Tomas Flouri, Benoit Morel, Sarah Lutteropp, Ben Bettisworth.
Latest version: https://github.com/amkozlov/raxml-ng
Questions/problems/suggestions? Please visit: https://groups.google.com/forum/#!forum/raxml

System: Intel(R) Xeon(R) CPU E5-2670 v2 @ 2.50GHz, 20 cores, 62 GB RAM

RAxML-NG was called at 21-Jul-2022 21:25:26 as follows:

/global/home/users/uricchio/software/raxml-ng-master/raxml-ng --model GTR+G --prefix trees_xenPum_ref_HPfixed_DNA_all/t76d10k45.orig --redo --msa trees_xenPum_ref_HPfixed_DNA_all/t76d10k45.orig.raxml.rba

Analysis options:
  run mode: ML tree search
  start tree(s): random (10) + parsimony (10)
  random seed: 1658463926
  tip-inner: OFF
  pattern compression: ON
  per-rate scalers: OFF
  site repeats: ON
  fast spr radius: AUTO
  spr subtree cutoff: 1.000000
  branch lengths: proportional (ML estimate, algorithm: NR-FAST)
  SIMD kernels: AVX
  parallelization: coarse-grained (auto), PTHREADS (auto)

WARNING: Running in REDO mode: existing checkpoints are ignored, and all result files will be overwritten!

WARNING: The model you specified on the command line (GTR+G) will be ignored 
         since the binary MSA file already contains a model definition.
         If you want to change the model, please re-run RAxML-NG 
         with the original PHYLIP/FASTA alignment and --redo option.

[00:00:00] Loading binary alignment from file: trees_xenPum_ref_HPfixed_DNA_all/t76d10k45.orig.raxml.rba
[00:00:00] Alignment comprises 570 taxa, 1 partitions and 7796 patterns

Partition 0: noname
Model: GTR+FO+G4m
Alignment sites / patterns: 16863 / 7796
Gaps: 71.92 %
Invariant sites: 57.97 %


Parallelization scheme autoconfig: 4 worker(s) x 5 thread(s)

Parallel reduction/worker buffer size: 1 KB  / 0 KB

[00:00:00] Generating 10 random starting tree(s) with 570 taxa
[00:00:00] Generating 10 parsimony starting tree(s) with 570 taxa
[00:00:07] Data distribution: max. partitions/sites/weight per thread: 1 / 1560 / 24960
[00:00:07] Data distribution: max. searches per worker: 5

Starting ML tree search with 20 distinct starting trees

[00:00:07 -1722573.628397] Initial branch length optimization
[00:00:11 -1479236.947776] Model parameter optimization (eps = 10.000000)
[00:01:11 -1399279.530246] AUTODETECT spr round 1 (radius: 5)
[00:01:59 -835365.373761] AUTODETECT spr round 2 (radius: 10)
[00:02:54 -590437.655516] AUTODETECT spr round 3 (radius: 15)
[00:04:00 -515344.982864] AUTODETECT spr round 4 (radius: 20)
[00:05:30 -490705.323382] AUTODETECT spr round 5 (radius: 25)
[00:07:20 -485104.792337] SPR radius for FAST iterations: 25 (autodetect)
[00:07:20 -485104.792337] Model parameter optimization (eps = 3.000000)
[00:07:39 -480327.970431] FAST spr round 1 (radius: 25)
[00:08:44 -418610.156762] FAST spr round 2 (radius: 25)
[00:09:28 -415758.619417] FAST spr round 3 (radius: 25)
[00:10:09 -415524.126822] FAST spr round 4 (radius: 25)
[00:10:44 -415470.898275] FAST spr round 5 (radius: 25)
[00:11:18 -415389.430205] FAST spr round 6 (radius: 25)
[00:11:51 -415358.760289] FAST spr round 7 (radius: 25)
[00:12:21 -415357.385713] FAST spr round 8 (radius: 25)
[00:12:51 -415356.075544] FAST spr round 9 (radius: 25)
[00:13:22 -415354.945524] FAST spr round 10 (radius: 25)
[00:13:52 -415353.853502] FAST spr round 11 (radius: 25)
[00:14:22 -415353.058372] FAST spr round 12 (radius: 25)
[00:14:52 -415352.599867] FAST spr round 13 (radius: 25)
[00:15:23 -415352.386581] FAST spr round 14 (radius: 25)
[00:15:54 -415352.190029] FAST spr round 15 (radius: 25)
[00:16:24 -415351.974520] FAST spr round 16 (radius: 25)
[00:16:56 -415351.773532] FAST spr round 17 (radius: 25)
[00:17:26 -415351.711063] Model parameter optimization (eps = 1.000000)
[00:17:35 -415332.177428] SLOW spr round 1 (radius: 5)
[00:18:57 -415173.617623] SLOW spr round 2 (radius: 5)
[00:20:03 -415133.347861] SLOW spr round 3 (radius: 5)
[00:21:03 -415132.978490] SLOW spr round 4 (radius: 5)
[00:22:02 -415132.978395] SLOW spr round 5 (radius: 10)
[00:23:03 -415125.535739] SLOW spr round 6 (radius: 5)
[00:24:45 -415104.897820] SLOW spr round 7 (radius: 5)
[00:26:06 -415095.559329] SLOW spr round 8 (radius: 5)
[00:27:13 -415090.843074] SLOW spr round 9 (radius: 5)
[00:28:13 -415090.842553] SLOW spr round 10 (radius: 10)
[00:29:13 -415088.529689] SLOW spr round 11 (radius: 5)
[00:30:54 -415087.498771] SLOW spr round 12 (radius: 5)
[00:32:10 -415087.368040] SLOW spr round 13 (radius: 5)
[00:33:15 -415087.367285] SLOW spr round 14 (radius: 10)
[00:34:16 -415087.367209] SLOW spr round 15 (radius: 15)
[00:36:48 -415076.177356] SLOW spr round 16 (radius: 5)
[00:37:12] [worker #2] ML tree search #3, logLikelihood: -415018.189315
[00:38:34 -415076.168279] SLOW spr round 17 (radius: 10)
[00:39:52 -415076.166825] SLOW spr round 18 (radius: 15)
[00:42:22 -415076.166587] SLOW spr round 19 (radius: 20)
[00:46:46 -415076.166548] SLOW spr round 20 (radius: 25)
[00:47:59] [worker #3] ML tree search #4, logLikelihood: -414904.470826
[00:49:43] [worker #1] ML tree search #2, logLikelihood: -414867.058542
[00:53:39 -415076.166541] Model parameter optimization (eps = 0.100000)

[00:53:43] [worker #0] ML tree search #1, logLikelihood: -415075.952694

[00:53:43 -1741508.020895] Initial branch length optimization
[00:53:46 -1487846.708552] Model parameter optimization (eps = 10.000000)
[00:54:31 -1404658.211106] AUTODETECT spr round 1 (radius: 5)
[00:55:12 -828697.692466] AUTODETECT spr round 2 (radius: 10)
[00:56:05 -607665.178574] AUTODETECT spr round 3 (radius: 15)
[00:57:13 -506931.559167] AUTODETECT spr round 4 (radius: 20)
[00:58:44 -468720.745684] AUTODETECT spr round 5 (radius: 25)
[01:00:24 -467250.311575] SPR radius for FAST iterations: 25 (autodetect)
[01:00:24 -467250.311575] Model parameter optimization (eps = 3.000000)
[01:00:42 -461901.612402] FAST spr round 1 (radius: 25)
[01:01:46 -418378.667925] FAST spr round 2 (radius: 25)
[01:02:33 -415833.421177] FAST spr round 3 (radius: 25)
[01:03:14 -415443.731952] FAST spr round 4 (radius: 25)
[01:03:49 -415369.088188] FAST spr round 5 (radius: 25)
[01:04:20 -415263.732757] FAST spr round 6 (radius: 25)
[01:04:50 -415252.898301] FAST spr round 7 (radius: 25)
[01:05:20 -415231.196747] FAST spr round 8 (radius: 25)
[01:05:48 -415219.771228] FAST spr round 9 (radius: 25)
[01:06:16 -415213.196790] FAST spr round 10 (radius: 25)
[01:06:44 -415205.881589] FAST spr round 11 (radius: 25)
[01:07:13 -415159.158081] FAST spr round 12 (radius: 25)
[01:07:41 -415147.317379] FAST spr round 13 (radius: 25)
[01:08:08 -415145.728128] FAST spr round 14 (radius: 25)
[01:08:35 -415144.282435] FAST spr round 15 (radius: 25)
[01:09:01 -415142.852742] FAST spr round 16 (radius: 25)
[01:09:29 -415134.440576] FAST spr round 17 (radius: 25)
[01:09:55 -415130.814757] FAST spr round 18 (radius: 25)
[01:10:22 -415129.515339] FAST spr round 19 (radius: 25)
[01:10:50 -415128.739256] FAST spr round 20 (radius: 25)
[01:11:17 -415128.174189] FAST spr round 21 (radius: 25)
[01:11:43 -415128.174156] Model parameter optimization (eps = 1.000000)
[01:11:47 -415115.138892] SLOW spr round 1 (radius: 5)
[01:12:58 -415049.614717] SLOW spr round 2 (radius: 5)
[01:13:57 -415048.311434] SLOW spr round 3 (radius: 5)
[01:14:54 -415048.290900] SLOW spr round 4 (radius: 10)
[01:15:53 -415048.290869] SLOW spr round 5 (radius: 15)
[01:17:31] [worker #2] ML tree search #7, logLikelihood: -415178.320536
[01:18:09 -415043.418229] SLOW spr round 6 (radius: 5)
[01:19:51 -415042.520870] SLOW spr round 7 (radius: 5)
[01:21:13 -415042.520704] SLOW spr round 8 (radius: 10)
[01:22:17 -415042.520682] SLOW spr round 9 (radius: 15)
[01:24:33 -415042.520679] SLOW spr round 10 (radius: 20)
[01:24:36] [worker #3] ML tree search #8, logLikelihood: -415220.448844
[01:28:15 -415042.520678] SLOW spr round 11 (radius: 25)
[01:33:19] [worker #1] ML tree search #6, logLikelihood: -415117.124733
[01:34:20 -415042.520678] Model parameter optimization (eps = 0.100000)

[01:34:23] [worker #0] ML tree search #5, logLikelihood: -415042.367665

[01:34:23 -1733408.030451] Initial branch length optimization
[01:34:26 -1487072.525799] Model parameter optimization (eps = 10.000000)
[01:35:11 -1405529.142455] AUTODETECT spr round 1 (radius: 5)
[01:35:50 -856493.012406] AUTODETECT spr round 2 (radius: 10)
[01:36:40 -602225.303075] AUTODETECT spr round 3 (radius: 15)
[01:37:45 -512459.637882] AUTODETECT spr round 4 (radius: 20)
[01:39:07 -496187.755216] AUTODETECT spr round 5 (radius: 25)
[01:41:04 -485911.395366] SPR radius for FAST iterations: 25 (autodetect)
[01:41:04 -485911.395366] Model parameter optimization (eps = 3.000000)
[01:41:23 -480943.913237] FAST spr round 1 (radius: 25)
[01:42:18 -418462.743220] FAST spr round 2 (radius: 25)
[01:43:02 -415253.842451] FAST spr round 3 (radius: 25)
[01:43:39 -415174.667772] FAST spr round 4 (radius: 25)
[01:44:10 -415140.891383] FAST spr round 5 (radius: 25)
[01:44:39 -415130.099558] FAST spr round 6 (radius: 25)
[01:45:07 -415115.537590] FAST spr round 7 (radius: 25)
[01:45:37 -415111.517224] FAST spr round 8 (radius: 25)
[01:46:05 -415108.089233] FAST spr round 9 (radius: 25)
[01:46:35 -415102.852599] FAST spr round 10 (radius: 25)
[01:47:03 -415099.595383] FAST spr round 11 (radius: 25)
[01:47:31 -415097.132190] FAST spr round 12 (radius: 25)
[01:47:59 -415095.561426] FAST spr round 13 (radius: 25)
[01:48:27 -415094.049098] FAST spr round 14 (radius: 25)
[01:48:55 -415089.180374] FAST spr round 15 (radius: 25)
[01:49:22 -415082.439172] FAST spr round 16 (radius: 25)
[01:49:48 -415080.999495] FAST spr round 17 (radius: 25)
[01:50:14 -415079.679277] FAST spr round 18 (radius: 25)
[01:50:40 -415078.553172] FAST spr round 19 (radius: 25)
[01:51:06 -415077.664771] FAST spr round 20 (radius: 25)
[01:51:31 -415077.065997] FAST spr round 21 (radius: 25)
[01:51:57 -415076.508109] FAST spr round 22 (radius: 25)
[01:52:23 -415076.171465] FAST spr round 23 (radius: 25)
[01:52:47] [worker #3] ML tree search #12, logLikelihood: -415512.874307
[01:52:49 -415075.988334] FAST spr round 24 (radius: 25)
[01:53:16 -415075.834603] FAST spr round 25 (radius: 25)
[01:53:42 -415075.834591] Model parameter optimization (eps = 1.000000)
[01:53:49 -415048.963279] SLOW spr round 1 (radius: 5)
[01:54:59 -415000.703047] SLOW spr round 2 (radius: 5)
[01:56:01 -414999.488486] SLOW spr round 3 (radius: 5)
[01:57:00 -414999.473454] SLOW spr round 4 (radius: 10)
[01:58:01 -414992.185967] SLOW spr round 5 (radius: 5)
[01:59:42 -414971.180127] SLOW spr round 6 (radius: 5)
[02:01:00 -414971.180108] SLOW spr round 7 (radius: 10)
[02:02:04 -414971.180105] SLOW spr round 8 (radius: 15)
[02:04:30 -414971.180105] SLOW spr round 9 (radius: 20)
[02:05:46] [worker #2] ML tree search #11, logLikelihood: -415085.653127
[02:08:58 -414971.180105] SLOW spr round 10 (radius: 25)
[02:10:38] [worker #1] ML tree search #10, logLikelihood: -415141.286887
[02:15:46 -414971.180105] Model parameter optimization (eps = 0.100000)

[02:15:47] [worker #0] ML tree search #9, logLikelihood: -414971.125141

[02:15:47 -489001.899859] Initial branch length optimization
[02:15:50 -430427.502844] Model parameter optimization (eps = 10.000000)
[02:16:03 -419675.424385] AUTODETECT spr round 1 (radius: 5)
[02:16:28 -416615.914817] AUTODETECT spr round 2 (radius: 10)
[02:17:17 -415874.942919] AUTODETECT spr round 3 (radius: 15)
[02:18:43 -415842.871632] AUTODETECT spr round 4 (radius: 20)
[02:20:57 -415842.870967] SPR radius for FAST iterations: 15 (autodetect)
[02:20:57 -415842.870967] Model parameter optimization (eps = 3.000000)
[02:20:59 -415841.213350] FAST spr round 1 (radius: 15)
[02:21:40 -415289.028327] FAST spr round 2 (radius: 15)
[02:22:12 -415250.306752] FAST spr round 3 (radius: 15)
[02:22:42 -415246.705345] FAST spr round 4 (radius: 15)
[02:23:10 -415243.495945] FAST spr round 5 (radius: 15)
[02:23:38 -415241.601847] FAST spr round 6 (radius: 15)
[02:24:06 -415239.977120] FAST spr round 7 (radius: 15)
[02:24:33 -415238.434706] FAST spr round 8 (radius: 15)
[02:25:02 -415234.938475] FAST spr round 9 (radius: 15)
[02:25:31 -415233.767948] FAST spr round 10 (radius: 15)
[02:25:59 -415232.932826] FAST spr round 11 (radius: 15)
[02:26:27 -415232.098371] FAST spr round 12 (radius: 15)
[02:26:54 -415230.702399] FAST spr round 13 (radius: 15)
[02:27:20 -415229.959648] FAST spr round 14 (radius: 15)
[02:27:45 -415229.403526] FAST spr round 15 (radius: 15)
[02:28:11 -415229.069899] FAST spr round 16 (radius: 15)
[02:28:37 -415228.756782] FAST spr round 17 (radius: 15)
[02:28:47] [worker #3] ML tree search #16, logLikelihood: -415143.765527
[02:29:03 -415228.756752] Model parameter optimization (eps = 1.000000)
[02:29:05 -415228.594711] SLOW spr round 1 (radius: 5)
[02:30:15 -415166.836270] SLOW spr round 2 (radius: 5)
[02:31:16 -415166.670596] SLOW spr round 3 (radius: 5)
[02:32:15 -415166.566559] SLOW spr round 4 (radius: 5)
[02:33:12 -415166.566545] SLOW spr round 5 (radius: 10)
[02:34:13 -415166.566544] SLOW spr round 6 (radius: 15)
[02:36:37 -415166.406519] SLOW spr round 7 (radius: 5)
[02:38:20 -415166.403143] SLOW spr round 8 (radius: 10)
[02:39:35 -415166.402397] SLOW spr round 9 (radius: 15)
[02:41:45 -415166.402228] SLOW spr round 10 (radius: 20)
[02:45:38 -415166.402190] SLOW spr round 11 (radius: 25)
[02:46:05] [worker #2] ML tree search #15, logLikelihood: -414996.748612
[02:49:47] [worker #1] ML tree search #14, logLikelihood: -415114.001516
[02:52:30 -415166.402182] Model parameter optimization (eps = 0.100000)

[02:52:34] [worker #0] ML tree search #13, logLikelihood: -415166.119158

[02:52:34 -489891.785115] Initial branch length optimization
[02:52:37 -431167.339260] Model parameter optimization (eps = 10.000000)
[02:52:49 -420276.292786] AUTODETECT spr round 1 (radius: 5)
[02:53:16 -416586.290195] AUTODETECT spr round 2 (radius: 10)
[02:54:06 -416073.416393] AUTODETECT spr round 3 (radius: 15)
[02:55:22 -415971.482933] AUTODETECT spr round 4 (radius: 20)
[02:57:25 -415971.464537] SPR radius for FAST iterations: 15 (autodetect)
[02:57:25 -415971.464537] Model parameter optimization (eps = 3.000000)
[02:57:27 -415970.380209] FAST spr round 1 (radius: 15)
[02:58:11 -415353.360630] FAST spr round 2 (radius: 15)
[02:58:45 -415299.722938] FAST spr round 3 (radius: 15)
[02:59:15 -415288.882874] FAST spr round 4 (radius: 15)
[02:59:45 -415281.806691] FAST spr round 5 (radius: 15)
[03:00:13 -415275.018840] FAST spr round 6 (radius: 15)
[03:00:44 -415270.710135] FAST spr round 7 (radius: 15)
[03:01:12 -415267.152091] FAST spr round 8 (radius: 15)
[03:01:40 -415264.812736] FAST spr round 9 (radius: 15)
[03:02:08 -415261.750008] FAST spr round 10 (radius: 15)
[03:02:34 -415258.525454] FAST spr round 11 (radius: 15)
[03:02:47] [worker #3] ML tree search #20, logLikelihood: -414942.319499
[03:03:00 -415257.318818] FAST spr round 12 (radius: 15)
[03:03:26 -415256.252795] FAST spr round 13 (radius: 15)
[03:03:52 -415255.123645] FAST spr round 14 (radius: 15)
[03:04:17 -415253.937518] FAST spr round 15 (radius: 15)
[03:04:43 -415253.068331] FAST spr round 16 (radius: 15)
[03:05:09 -415252.447444] FAST spr round 17 (radius: 15)
[03:05:36 -415252.447175] Model parameter optimization (eps = 1.000000)
[03:05:39 -415251.957391] SLOW spr round 1 (radius: 5)
[03:06:48 -415213.328462] SLOW spr round 2 (radius: 5)
[03:07:49 -415169.095686] SLOW spr round 3 (radius: 5)
[03:08:45 -415168.938130] SLOW spr round 4 (radius: 5)
[03:09:40 -415168.822874] SLOW spr round 5 (radius: 5)
[03:10:36 -415168.822733] SLOW spr round 6 (radius: 10)
[03:11:34 -415167.070178] SLOW spr round 7 (radius: 5)
[03:13:08 -415166.917571] SLOW spr round 8 (radius: 5)
[03:14:21 -415166.912436] SLOW spr round 9 (radius: 10)
[03:15:20 -415166.911130] SLOW spr round 10 (radius: 15)
[03:17:28 -415145.214087] SLOW spr round 11 (radius: 5)
[03:18:50] [worker #1] ML tree search #18, logLikelihood: -414997.717412
[03:19:06 -415145.203169] SLOW spr round 12 (radius: 10)
[03:20:16 -415145.201772] SLOW spr round 13 (radius: 15)
[03:21:15] [worker #2] ML tree search #19, logLikelihood: -415055.050879
[03:22:15 -415145.201536] SLOW spr round 14 (radius: 20)
[03:25:32 -415145.201487] SLOW spr round 15 (radius: 25)
[03:31:36 -415145.201477] Model parameter optimization (eps = 0.100000)

[03:31:39] [worker #0] ML tree search #17, logLikelihood: -415145.016902


Optimized model parameters:

   Partition 0: noname
   Rate heterogeneity: GAMMA (4 cats, mean),  alpha: 0.622084 (ML),  weights&rates: (0.250000,0.057692) (0.250000,0.324327) (0.250000,0.892181) (0.250000,2.725800) 
   Base frequencies (ML): 0.282141 0.218249 0.200881 0.298730 
   Substitution rates (ML): 1.204939 2.791362 1.125145 1.020128 3.216113 1.000000 


Final LogLikelihood: -414867.058542

AIC score: 832026.117083 / AICc score: 832193.393998 / BIC score: 840887.994299
Free parameters (model + branch lengths): 1146

WARNING: Best ML tree contains 2 near-zero branches!

Best ML tree with collapsed near-zero branches saved to: /global/home/users/uricchio/software/HybPiper-master/sodiumChannelPaperAnalyses/trees_xenPum_ref_HPfixed_DNA_all/t76d10k45.orig.raxml.bestTreeCollapsed
Best ML tree saved to: /global/home/users/uricchio/software/HybPiper-master/sodiumChannelPaperAnalyses/trees_xenPum_ref_HPfixed_DNA_all/t76d10k45.orig.raxml.bestTree
All ML trees saved to: /global/home/users/uricchio/software/HybPiper-master/sodiumChannelPaperAnalyses/trees_xenPum_ref_HPfixed_DNA_all/t76d10k45.orig.raxml.mlTrees
Optimized model saved to: /global/home/users/uricchio/software/HybPiper-master/sodiumChannelPaperAnalyses/trees_xenPum_ref_HPfixed_DNA_all/t76d10k45.orig.raxml.bestModel

Execution log saved to: /global/home/users/uricchio/software/HybPiper-master/sodiumChannelPaperAnalyses/trees_xenPum_ref_HPfixed_DNA_all/t76d10k45.orig.raxml.log

Analysis started: 21-Jul-2022 21:25:26 / finished: 22-Jul-2022 00:57:06

Elapsed time: 12699.442 seconds

Consumed energy: 695.305 Wh (= 3 km in an electric car, or 17 km with an e-scooter!)

