
RAxML-NG v. 1.0.0 released on 07.08.2020 by The Exelixis Lab.
Developed by: Alexey M. Kozlov and Alexandros Stamatakis.
Contributors: Diego Darriba, Tomas Flouri, Benoit Morel, Sarah Lutteropp, Ben Bettisworth.
Latest version: https://github.com/amkozlov/raxml-ng
Questions/problems/suggestions? Please visit: https://groups.google.com/forum/#!forum/raxml

System: Intel(R) Xeon(R) CPU E5-2670 v2 @ 2.50GHz, 20 cores, 62 GB RAM

RAxML-NG was called at 21-Jul-2022 21:22:52 as follows:

/global/home/users/uricchio/software/raxml-ng-master/raxml-ng --model GTR+G --prefix trees_xenPum_ref_HPfixed_DNA_all/t80d10k45.orig --redo --msa trees_xenPum_ref_HPfixed_DNA_all/t80d10k45.orig.raxml.rba

Analysis options:
  run mode: ML tree search
  start tree(s): random (10) + parsimony (10)
  random seed: 1658463772
  tip-inner: OFF
  pattern compression: ON
  per-rate scalers: OFF
  site repeats: ON
  fast spr radius: AUTO
  spr subtree cutoff: 1.000000
  branch lengths: proportional (ML estimate, algorithm: NR-FAST)
  SIMD kernels: AVX
  parallelization: coarse-grained (auto), PTHREADS (auto)

WARNING: Running in REDO mode: existing checkpoints are ignored, and all result files will be overwritten!

WARNING: The model you specified on the command line (GTR+G) will be ignored 
         since the binary MSA file already contains a model definition.
         If you want to change the model, please re-run RAxML-NG 
         with the original PHYLIP/FASTA alignment and --redo option.

[00:00:00] Loading binary alignment from file: trees_xenPum_ref_HPfixed_DNA_all/t80d10k45.orig.raxml.rba
[00:00:00] Alignment comprises 570 taxa, 1 partitions and 7463 patterns

Partition 0: noname
Model: GTR+FO+G4m
Alignment sites / patterns: 12444 / 7463
Gaps: 63.10 %
Invariant sites: 45.33 %


Parallelization scheme autoconfig: 3 worker(s) x 6 thread(s)

Parallel reduction/worker buffer size: 1 KB  / 0 KB

[00:00:00] Generating 10 random starting tree(s) with 570 taxa
[00:00:00] Generating 10 parsimony starting tree(s) with 570 taxa
[00:00:07] Data distribution: max. partitions/sites/weight per thread: 1 / 1244 / 19904
[00:00:07] Data distribution: max. searches per worker: 7

Starting ML tree search with 20 distinct starting trees

[00:00:07 -1650343.067627] Initial branch length optimization
[00:00:10 -1412804.015220] Model parameter optimization (eps = 10.000000)
[00:01:01 -1331929.732594] AUTODETECT spr round 1 (radius: 5)
[00:01:37 -823442.185063] AUTODETECT spr round 2 (radius: 10)
[00:02:20 -576990.594249] AUTODETECT spr round 3 (radius: 15)
[00:03:15 -466151.353089] AUTODETECT spr round 4 (radius: 20)
[00:04:37 -441831.922029] AUTODETECT spr round 5 (radius: 25)
[00:06:31 -440448.504638] SPR radius for FAST iterations: 25 (autodetect)
[00:06:31 -440448.504638] Model parameter optimization (eps = 3.000000)
[00:06:48 -435456.896891] FAST spr round 1 (radius: 25)
[00:07:34 -388252.792045] FAST spr round 2 (radius: 25)
[00:08:09 -385474.662812] FAST spr round 3 (radius: 25)
[00:08:42 -385309.224941] FAST spr round 4 (radius: 25)
[00:09:06 -385221.381946] FAST spr round 5 (radius: 25)
[00:09:29 -385218.667017] FAST spr round 6 (radius: 25)
[00:09:53 -385216.077571] FAST spr round 7 (radius: 25)
[00:10:16 -385214.128913] FAST spr round 8 (radius: 25)
[00:10:39 -385205.796190] FAST spr round 9 (radius: 25)
[00:11:02 -385204.877903] FAST spr round 10 (radius: 25)
[00:11:25 -385204.072049] FAST spr round 11 (radius: 25)
[00:11:47 -385203.326760] FAST spr round 12 (radius: 25)
[00:12:10 -385202.853381] FAST spr round 13 (radius: 25)
[00:12:33 -385202.785844] Model parameter optimization (eps = 1.000000)
[00:12:37 -385189.314594] SLOW spr round 1 (radius: 5)
[00:13:35 -385133.751255] SLOW spr round 2 (radius: 5)
[00:14:25 -385129.100614] SLOW spr round 3 (radius: 5)
[00:15:11 -385126.424241] SLOW spr round 4 (radius: 5)
[00:15:55 -385126.424213] SLOW spr round 5 (radius: 10)
[00:16:49 -385101.859931] SLOW spr round 6 (radius: 5)
[00:18:10 -385095.787239] SLOW spr round 7 (radius: 5)
[00:19:14 -385091.260537] SLOW spr round 8 (radius: 5)
[00:20:04 -385091.170289] SLOW spr round 9 (radius: 10)
[00:20:54 -385091.170287] SLOW spr round 10 (radius: 15)
[00:22:54 -385091.170287] SLOW spr round 11 (radius: 20)
[00:26:19 -385091.170287] SLOW spr round 12 (radius: 25)
[00:28:54] [worker #1] ML tree search #2, logLikelihood: -385136.561643
[00:32:25 -385091.170287] Model parameter optimization (eps = 0.100000)

[00:32:29] [worker #0] ML tree search #1, logLikelihood: -385090.630124

[00:32:29 -1662184.520191] Initial branch length optimization
[00:32:31 -1426746.154321] Model parameter optimization (eps = 10.000000)
[00:33:03 -1347563.841278] AUTODETECT spr round 1 (radius: 5)
[00:33:31] [worker #2] ML tree search #3, logLikelihood: -385117.812051
[00:33:35 -768711.539950] AUTODETECT spr round 2 (radius: 10)
[00:34:19 -539849.854827] AUTODETECT spr round 3 (radius: 15)
[00:35:19 -463736.132341] AUTODETECT spr round 4 (radius: 20)
[00:36:32 -439996.315644] AUTODETECT spr round 5 (radius: 25)
[00:38:00 -439870.266645] SPR radius for FAST iterations: 25 (autodetect)
[00:38:00 -439870.266645] Model parameter optimization (eps = 3.000000)
[00:38:17 -435391.176958] FAST spr round 1 (radius: 25)
[00:39:03 -388688.899364] FAST spr round 2 (radius: 25)
[00:39:38 -385614.020423] FAST spr round 3 (radius: 25)
[00:40:10 -385360.777937] FAST spr round 4 (radius: 25)
[00:40:35 -385341.719307] FAST spr round 5 (radius: 25)
[00:41:00 -385333.139902] FAST spr round 6 (radius: 25)
[00:41:23 -385327.081180] FAST spr round 7 (radius: 25)
[00:41:46 -385321.629456] FAST spr round 8 (radius: 25)
[00:42:08 -385317.014927] FAST spr round 9 (radius: 25)
[00:42:31 -385313.748086] FAST spr round 10 (radius: 25)
[00:42:53 -385311.231254] FAST spr round 11 (radius: 25)
[00:43:16 -385308.822802] FAST spr round 12 (radius: 25)
[00:43:38 -385307.193783] FAST spr round 13 (radius: 25)
[00:44:00 -385305.924933] FAST spr round 14 (radius: 25)
[00:44:22 -385305.214489] FAST spr round 15 (radius: 25)
[00:44:44 -385304.497345] FAST spr round 16 (radius: 25)
[00:45:06 -385303.990133] FAST spr round 17 (radius: 25)
[00:45:28 -385303.803377] FAST spr round 18 (radius: 25)
[00:45:49 -385303.665548] FAST spr round 19 (radius: 25)
[00:46:11 -385303.523423] FAST spr round 20 (radius: 25)
[00:46:32 -385303.509184] Model parameter optimization (eps = 1.000000)
[00:46:37 -385286.470802] SLOW spr round 1 (radius: 5)
[00:47:33 -385155.313921] SLOW spr round 2 (radius: 5)
[00:48:20 -385145.667403] SLOW spr round 3 (radius: 5)
[00:49:05 -385145.312660] SLOW spr round 4 (radius: 5)
[00:49:49 -385145.295031] SLOW spr round 5 (radius: 10)
[00:50:38 -385136.656946] SLOW spr round 6 (radius: 5)
[00:51:59 -385115.037604] SLOW spr round 7 (radius: 5)
[00:53:00 -385115.036833] SLOW spr round 8 (radius: 10)
[00:53:51 -385115.036655] SLOW spr round 9 (radius: 15)
[00:55:49 -385115.036612] SLOW spr round 10 (radius: 20)
[00:56:21] [worker #1] ML tree search #5, logLikelihood: -385174.529174
[00:59:29 -385115.036601] SLOW spr round 11 (radius: 25)
[01:05:31 -385115.036598] Model parameter optimization (eps = 0.100000)

[01:05:34] [worker #0] ML tree search #4, logLikelihood: -385114.788668

[01:05:34 -1652532.811500] Initial branch length optimization
[01:05:36 -1411116.746197] Model parameter optimization (eps = 10.000000)
[01:06:11 -1331362.791027] AUTODETECT spr round 1 (radius: 5)
[01:06:41 -833819.752220] AUTODETECT spr round 2 (radius: 10)
[01:07:19] [worker #2] ML tree search #6, logLikelihood: -385127.177404
[01:07:19 -569252.444082] AUTODETECT spr round 3 (radius: 15)
[01:08:14 -469659.321567] AUTODETECT spr round 4 (radius: 20)
[01:09:23 -445574.342993] AUTODETECT spr round 5 (radius: 25)
[01:10:51 -439700.752862] SPR radius for FAST iterations: 25 (autodetect)
[01:10:51 -439700.752862] Model parameter optimization (eps = 3.000000)
[01:11:09 -435025.191489] FAST spr round 1 (radius: 25)
[01:11:54 -387809.177875] FAST spr round 2 (radius: 25)
[01:12:30 -385543.840705] FAST spr round 3 (radius: 25)
[01:13:01 -385358.612618] FAST spr round 4 (radius: 25)
[01:13:25 -385341.679169] FAST spr round 5 (radius: 25)
[01:13:48 -385334.460935] FAST spr round 6 (radius: 25)
[01:14:11 -385328.340533] FAST spr round 7 (radius: 25)
[01:14:33 -385323.774068] FAST spr round 8 (radius: 25)
[01:14:56 -385320.595899] FAST spr round 9 (radius: 25)
[01:15:19 -385317.824760] FAST spr round 10 (radius: 25)
[01:15:42 -385312.967049] FAST spr round 11 (radius: 25)
[01:16:04 -385310.354659] FAST spr round 12 (radius: 25)
[01:16:26 -385307.909273] FAST spr round 13 (radius: 25)
[01:16:47 -385306.029986] FAST spr round 14 (radius: 25)
[01:17:09 -385304.560079] FAST spr round 15 (radius: 25)
[01:17:30 -385303.196640] FAST spr round 16 (radius: 25)
[01:17:52 -385302.130072] FAST spr round 17 (radius: 25)
[01:18:14 -385301.869814] FAST spr round 18 (radius: 25)
[01:18:35 -385301.728156] FAST spr round 19 (radius: 25)
[01:18:58 -385300.485028] FAST spr round 20 (radius: 25)
[01:19:20 -385300.356103] FAST spr round 21 (radius: 25)
[01:19:42 -385300.351732] Model parameter optimization (eps = 1.000000)
[01:19:45 -385290.424399] SLOW spr round 1 (radius: 5)
[01:20:44 -385142.806424] SLOW spr round 2 (radius: 5)
[01:21:35 -385063.777860] SLOW spr round 3 (radius: 5)
[01:22:20 -385061.025011] SLOW spr round 4 (radius: 5)
[01:23:04 -385061.020485] SLOW spr round 5 (radius: 10)
[01:23:54 -385060.712034] SLOW spr round 6 (radius: 5)
[01:25:13 -385060.711857] SLOW spr round 7 (radius: 10)
[01:26:12 -385041.569606] SLOW spr round 8 (radius: 5)
[01:27:30 -385034.918832] SLOW spr round 9 (radius: 5)
[01:28:31 -385032.789003] SLOW spr round 10 (radius: 5)
[01:29:21 -385032.788488] SLOW spr round 11 (radius: 10)
[01:29:54] [worker #1] ML tree search #8, logLikelihood: -385105.614611
[01:30:12 -385032.788379] SLOW spr round 12 (radius: 15)
[01:32:14 -385032.788356] SLOW spr round 13 (radius: 20)
[01:35:46 -385032.788351] SLOW spr round 14 (radius: 25)
[01:36:00] [worker #2] ML tree search #9, logLikelihood: -385137.210448
[01:42:07 -385032.788350] Model parameter optimization (eps = 0.100000)

[01:42:11] [worker #0] ML tree search #7, logLikelihood: -385032.278318

[01:42:11 -1660350.063580] Initial branch length optimization
[01:42:14 -1421524.611143] Model parameter optimization (eps = 10.000000)
[01:42:51 -1341694.832886] AUTODETECT spr round 1 (radius: 5)
[01:43:23 -805465.784091] AUTODETECT spr round 2 (radius: 10)
[01:44:01 -555828.132504] AUTODETECT spr round 3 (radius: 15)
[01:44:50 -460491.719234] AUTODETECT spr round 4 (radius: 20)
[01:45:57 -439704.347258] AUTODETECT spr round 5 (radius: 25)
[01:47:03 -437281.383256] SPR radius for FAST iterations: 25 (autodetect)
[01:47:03 -437281.383256] Model parameter optimization (eps = 3.000000)
[01:47:19 -432377.517635] FAST spr round 1 (radius: 25)
[01:48:00 -386841.298517] FAST spr round 2 (radius: 25)
[01:48:32 -385339.845920] FAST spr round 3 (radius: 25)
[01:48:56 -385309.513256] FAST spr round 4 (radius: 25)
[01:49:17 -385302.972096] FAST spr round 5 (radius: 25)
[01:49:38 -385297.873459] FAST spr round 6 (radius: 25)
[01:49:58 -385295.274043] FAST spr round 7 (radius: 25)
[01:50:19 -385293.046045] FAST spr round 8 (radius: 25)
[01:50:39 -385291.120866] FAST spr round 9 (radius: 25)
[01:50:59 -385289.423129] FAST spr round 10 (radius: 25)
[01:51:20 -385285.674772] FAST spr round 11 (radius: 25)
[01:51:40 -385284.706684] FAST spr round 12 (radius: 25)
[01:52:00 -385284.154486] FAST spr round 13 (radius: 25)
[01:52:20 -385280.727513] FAST spr round 14 (radius: 25)
[01:52:39 -385280.226958] FAST spr round 15 (radius: 25)
[01:52:59 -385279.402403] FAST spr round 16 (radius: 25)
[01:53:19 -385279.068761] FAST spr round 17 (radius: 25)
[01:53:39 -385279.019743] Model parameter optimization (eps = 1.000000)
[01:53:42 -385270.522112] SLOW spr round 1 (radius: 5)
[01:54:36 -385191.044353] SLOW spr round 2 (radius: 5)
[01:55:23 -385179.466782] SLOW spr round 3 (radius: 5)
[01:56:07 -385179.232118] SLOW spr round 4 (radius: 5)
[01:56:37] [worker #1] ML tree search #11, logLikelihood: -385113.957562
[01:56:51 -385179.215049] SLOW spr round 5 (radius: 10)
[01:57:43 -385179.215006] SLOW spr round 6 (radius: 15)
[01:59:41 -385179.215006] SLOW spr round 7 (radius: 20)
[02:01:30] [worker #2] ML tree search #12, logLikelihood: -385122.649809
[02:03:11 -385179.215006] SLOW spr round 8 (radius: 25)
[02:09:29 -385179.215006] Model parameter optimization (eps = 0.100000)

[02:09:31] [worker #0] ML tree search #10, logLikelihood: -385179.024503

[02:09:31 -456322.594830] Initial branch length optimization
[02:09:33 -400334.958259] Model parameter optimization (eps = 10.000000)
[02:09:44 -389869.445000] AUTODETECT spr round 1 (radius: 5)
[02:10:03 -386209.875864] AUTODETECT spr round 2 (radius: 10)
[02:10:39 -385868.638344] AUTODETECT spr round 3 (radius: 15)
[02:11:41 -385868.631674] SPR radius for FAST iterations: 10 (autodetect)
[02:11:41 -385868.631674] Model parameter optimization (eps = 3.000000)
[02:11:43 -385866.506098] FAST spr round 1 (radius: 10)
[02:12:14 -385473.398031] FAST spr round 2 (radius: 10)
[02:12:37 -385448.898835] FAST spr round 3 (radius: 10)
[02:12:58 -385445.016408] FAST spr round 4 (radius: 10)
[02:13:18 -385442.543342] FAST spr round 5 (radius: 10)
[02:13:38 -385440.674350] FAST spr round 6 (radius: 10)
[02:13:58 -385438.921111] FAST spr round 7 (radius: 10)
[02:14:18 -385437.246035] FAST spr round 8 (radius: 10)
[02:14:40 -385436.172925] FAST spr round 9 (radius: 10)
[02:15:00 -385433.290269] FAST spr round 10 (radius: 10)
[02:15:20 -385431.303408] FAST spr round 11 (radius: 10)
[02:15:39 -385429.964812] FAST spr round 12 (radius: 10)
[02:16:00 -385419.043416] FAST spr round 13 (radius: 10)
[02:16:20 -385414.154651] FAST spr round 14 (radius: 10)
[02:16:42 -385411.817688] FAST spr round 15 (radius: 10)
[02:17:02 -385411.031557] FAST spr round 16 (radius: 10)
[02:17:22 -385410.330483] FAST spr round 17 (radius: 10)
[02:17:42 -385409.665039] FAST spr round 18 (radius: 10)
[02:18:02 -385409.234489] FAST spr round 19 (radius: 10)
[02:18:21 -385408.843764] FAST spr round 20 (radius: 10)
[02:18:41 -385408.825083] Model parameter optimization (eps = 1.000000)
[02:18:45 -385407.067074] SLOW spr round 1 (radius: 5)
[02:19:40 -385261.990524] SLOW spr round 2 (radius: 5)
[02:20:27 -385240.004787] SLOW spr round 3 (radius: 5)
[02:21:11 -385240.002743] SLOW spr round 4 (radius: 10)
[02:22:00 -385207.567591] SLOW spr round 5 (radius: 5)
[02:22:36] [worker #1] ML tree search #14, logLikelihood: -385179.511144
[02:23:22 -385183.791418] SLOW spr round 6 (radius: 5)
[02:24:26 -385173.397549] SLOW spr round 7 (radius: 5)
[02:25:18 -385173.397200] SLOW spr round 8 (radius: 10)
[02:26:10 -385163.325369] SLOW spr round 9 (radius: 5)
[02:27:34 -385152.105580] SLOW spr round 10 (radius: 5)
[02:27:48] [worker #2] ML tree search #15, logLikelihood: -385143.950872
[02:28:39 -385152.101725] SLOW spr round 11 (radius: 10)
[02:29:35 -385152.100805] SLOW spr round 12 (radius: 15)
[02:31:38 -385152.100580] SLOW spr round 13 (radius: 20)
[02:35:08 -385152.100525] SLOW spr round 14 (radius: 25)
[02:41:12 -385152.100511] Model parameter optimization (eps = 0.100000)

[02:41:16] [worker #0] ML tree search #13, logLikelihood: -385151.166594

[02:41:16 -456245.125631] Initial branch length optimization
[02:41:18 -399644.198567] Model parameter optimization (eps = 10.000000)
[02:41:26 -389226.628954] AUTODETECT spr round 1 (radius: 5)
[02:41:44 -385888.444870] AUTODETECT spr round 2 (radius: 10)
[02:42:17 -385625.496682] AUTODETECT spr round 3 (radius: 15)
[02:43:14 -385600.363138] AUTODETECT spr round 4 (radius: 20)
[02:44:44 -385600.348004] SPR radius for FAST iterations: 15 (autodetect)
[02:44:44 -385600.348004] Model parameter optimization (eps = 3.000000)
[02:44:46 -385598.623923] FAST spr round 1 (radius: 15)
[02:45:16 -385201.717473] FAST spr round 2 (radius: 15)
[02:45:39 -385138.223206] FAST spr round 3 (radius: 15)
[02:46:00 -385131.339319] FAST spr round 4 (radius: 15)
[02:46:20 -385128.499231] FAST spr round 5 (radius: 15)
[02:46:40 -385125.763748] FAST spr round 6 (radius: 15)
[02:47:00 -385123.486034] FAST spr round 7 (radius: 15)
[02:47:19 -385121.259369] FAST spr round 8 (radius: 15)
[02:47:39 -385119.195602] FAST spr round 9 (radius: 15)
[02:47:58 -385117.732570] FAST spr round 10 (radius: 15)
[02:48:18 -385116.602836] FAST spr round 11 (radius: 15)
[02:48:37 -385115.702534] FAST spr round 12 (radius: 15)
[02:48:57 -385115.161694] FAST spr round 13 (radius: 15)
[02:49:17 -385114.650230] FAST spr round 14 (radius: 15)
[02:49:31] [worker #1] ML tree search #17, logLikelihood: -385113.656264
[02:49:38 -385114.218278] FAST spr round 15 (radius: 15)
[02:50:00 -385113.178949] FAST spr round 16 (radius: 15)
[02:50:21 -385112.352960] FAST spr round 17 (radius: 15)
[02:50:42 -385112.143407] FAST spr round 18 (radius: 15)
[02:51:03 -385099.115652] FAST spr round 19 (radius: 15)
[02:51:24 -385095.254206] FAST spr round 20 (radius: 15)
[02:51:46 -385095.105986] FAST spr round 21 (radius: 15)
[02:52:06 -385091.834019] FAST spr round 22 (radius: 15)
[02:52:27 -385091.780621] Model parameter optimization (eps = 1.000000)
[02:52:28 -385091.343796] SLOW spr round 1 (radius: 5)
[02:52:43] [worker #2] ML tree search #18, logLikelihood: -385074.669767
[02:53:23 -385074.089249] SLOW spr round 2 (radius: 5)
[02:54:09 -385070.629296] SLOW spr round 3 (radius: 5)
[02:54:54 -385069.558526] SLOW spr round 4 (radius: 5)
[02:55:39 -385069.515969] SLOW spr round 5 (radius: 10)
[02:56:29 -385068.991268] SLOW spr round 6 (radius: 5)
[02:57:49 -385068.961461] SLOW spr round 7 (radius: 10)
[02:58:50 -385068.960487] SLOW spr round 8 (radius: 15)
[03:00:43 -385068.960448] SLOW spr round 9 (radius: 20)
[03:04:12 -385068.960442] SLOW spr round 10 (radius: 25)
[03:10:04 -385068.960441] Model parameter optimization (eps = 0.100000)

[03:10:05] [worker #0] ML tree search #16, logLikelihood: -385068.919742

[03:10:05 -455838.566081] Initial branch length optimization
[03:10:07 -399477.037247] Model parameter optimization (eps = 10.000000)
[03:10:15 -389043.676698] AUTODETECT spr round 1 (radius: 5)
[03:10:33 -386155.025591] AUTODETECT spr round 2 (radius: 10)
[03:11:06 -386042.399824] AUTODETECT spr round 3 (radius: 15)
[03:12:07 -385887.370745] AUTODETECT spr round 4 (radius: 20)
[03:13:41 -385887.364607] SPR radius for FAST iterations: 15 (autodetect)
[03:13:41 -385887.364607] Model parameter optimization (eps = 3.000000)
[03:13:45 -385883.542067] FAST spr round 1 (radius: 15)
[03:14:15 -385370.101729] FAST spr round 2 (radius: 15)
[03:14:39 -385328.751750] FAST spr round 3 (radius: 15)
[03:15:01 -385309.931595] FAST spr round 4 (radius: 15)
[03:15:21 -385291.493024] FAST spr round 5 (radius: 15)
[03:15:42 -385288.443906] FAST spr round 6 (radius: 15)
[03:16:02 -385285.892896] FAST spr round 7 (radius: 15)
[03:16:21 -385283.445674] FAST spr round 8 (radius: 15)
[03:16:41 -385281.629790] FAST spr round 9 (radius: 15)
[03:17:01 -385280.540194] FAST spr round 10 (radius: 15)
[03:17:20 -385279.865465] FAST spr round 11 (radius: 15)
[03:17:31] [worker #1] ML tree search #20, logLikelihood: -385163.331590
[03:17:40 -385279.204352] FAST spr round 12 (radius: 15)
[03:17:59 -385278.749505] FAST spr round 13 (radius: 15)
[03:18:17 -385278.328172] FAST spr round 14 (radius: 15)
[03:18:36 -385278.108289] FAST spr round 15 (radius: 15)
[03:18:55 -385274.862249] FAST spr round 16 (radius: 15)
[03:19:13 -385274.135904] FAST spr round 17 (radius: 15)
[03:19:32 -385273.939373] FAST spr round 18 (radius: 15)
[03:19:50 -385273.765052] FAST spr round 19 (radius: 15)
[03:20:09 -385271.558559] FAST spr round 20 (radius: 15)
[03:20:27 -385261.106316] FAST spr round 21 (radius: 15)
[03:20:46 -385261.013124] Model parameter optimization (eps = 1.000000)
[03:20:47 -385260.619937] SLOW spr round 1 (radius: 5)
[03:21:38 -385207.203378] SLOW spr round 2 (radius: 5)
[03:22:22 -385207.201954] SLOW spr round 3 (radius: 10)
[03:23:10 -385187.304253] SLOW spr round 4 (radius: 5)
[03:24:31 -385159.130486] SLOW spr round 5 (radius: 5)
[03:25:31 -385158.932188] SLOW spr round 6 (radius: 5)
[03:26:21 -385158.932036] SLOW spr round 7 (radius: 10)
[03:27:08 -385158.932025] SLOW spr round 8 (radius: 15)
[03:29:05 -385158.932024] SLOW spr round 9 (radius: 20)
[03:32:25 -385158.932023] SLOW spr round 10 (radius: 25)
[03:38:09 -385158.932023] Model parameter optimization (eps = 0.100000)

[03:38:13] [worker #0] ML tree search #19, logLikelihood: -385158.215817


Optimized model parameters:

   Partition 0: noname
   Rate heterogeneity: GAMMA (4 cats, mean),  alpha: 0.621445 (ML),  weights&rates: (0.250000,0.057559) (0.250000,0.323984) (0.250000,0.891877) (0.250000,2.726580) 
   Base frequencies (ML): 0.282725 0.222586 0.197575 0.297114 
   Substitution rates (ML): 1.147663 2.774943 1.072009 0.997537 3.184050 1.000000 


Final LogLikelihood: -385032.278318

AIC score: 772356.556636 / AICc score: 772589.266559 / BIC score: 780870.183598
Free parameters (model + branch lengths): 1146

WARNING: Best ML tree contains 3 near-zero branches!

Best ML tree with collapsed near-zero branches saved to: /global/home/users/uricchio/software/HybPiper-master/sodiumChannelPaperAnalyses/trees_xenPum_ref_HPfixed_DNA_all/t80d10k45.orig.raxml.bestTreeCollapsed
Best ML tree saved to: /global/home/users/uricchio/software/HybPiper-master/sodiumChannelPaperAnalyses/trees_xenPum_ref_HPfixed_DNA_all/t80d10k45.orig.raxml.bestTree
All ML trees saved to: /global/home/users/uricchio/software/HybPiper-master/sodiumChannelPaperAnalyses/trees_xenPum_ref_HPfixed_DNA_all/t80d10k45.orig.raxml.mlTrees
Optimized model saved to: /global/home/users/uricchio/software/HybPiper-master/sodiumChannelPaperAnalyses/trees_xenPum_ref_HPfixed_DNA_all/t80d10k45.orig.raxml.bestModel

Execution log saved to: /global/home/users/uricchio/software/HybPiper-master/sodiumChannelPaperAnalyses/trees_xenPum_ref_HPfixed_DNA_all/t80d10k45.orig.raxml.log

Analysis started: 21-Jul-2022 21:22:52 / finished: 22-Jul-2022 01:01:06

Elapsed time: 13093.480 seconds

Consumed energy: 679.014 Wh (= 3 km in an electric car, or 17 km with an e-scooter!)

