
RAxML-NG v. 1.0.0 released on 07.08.2020 by The Exelixis Lab.
Developed by: Alexey M. Kozlov and Alexandros Stamatakis.
Contributors: Diego Darriba, Tomas Flouri, Benoit Morel, Sarah Lutteropp, Ben Bettisworth.
Latest version: https://github.com/amkozlov/raxml-ng
Questions/problems/suggestions? Please visit: https://groups.google.com/forum/#!forum/raxml

System: Intel(R) Xeon(R) CPU E5-2670 v2 @ 2.50GHz, 20 cores, 62 GB RAM

RAxML-NG was called at 14-Jun-2021 14:45:48 as follows:

/global/home/users/uricchio/software/raxml-ng-master/raxml-ng --model GTR+G --prefix trees_xen_ref_DNA/t80d10k35.orig --redo --msa trees_xen_ref_DNA/t80d10k35.orig.raxml.rba

Analysis options:
  run mode: ML tree search
  start tree(s): random (10) + parsimony (10)
  random seed: 1623707148
  tip-inner: OFF
  pattern compression: ON
  per-rate scalers: OFF
  site repeats: ON
  fast spr radius: AUTO
  spr subtree cutoff: 1.000000
  branch lengths: proportional (ML estimate, algorithm: NR-FAST)
  SIMD kernels: AVX
  parallelization: coarse-grained (auto), PTHREADS (auto)

WARNING: Running in REDO mode: existing checkpoints are ignored, and all result files will be overwritten!

WARNING: The model you specified on the command line (GTR+G) will be ignored 
         since the binary MSA file already contains a model definition.
         If you want to change the model, please re-run RAxML-NG 
         with the original PHYLIP/FASTA alignment and --redo option.

[00:00:00] Loading binary alignment from file: trees_xen_ref_DNA/t80d10k35.orig.raxml.rba
[00:00:00] Alignment comprises 60 taxa, 1 partitions and 4509 patterns

Partition 0: noname
Model: GTR+FO+G4m
Alignment sites / patterns: 7603 / 4509
Gaps: 43.29 %
Invariant sites: 43.34 %


Parallelization scheme autoconfig: 5 worker(s) x 4 thread(s)

Parallel reduction/worker buffer size: 1 KB  / 0 KB

[00:00:00] Generating 10 random starting tree(s) with 60 taxa
[00:00:00] Generating 10 parsimony starting tree(s) with 60 taxa
[00:00:00] Data distribution: max. partitions/sites/weight per thread: 1 / 1128 / 18048
[00:00:00] Data distribution: max. searches per worker: 4

Starting ML tree search with 20 distinct starting trees

[00:00:00 -159510.833112] Initial branch length optimization
[00:00:00 -142517.539722] Model parameter optimization (eps = 10.000000)
[00:00:04 -135734.639443] AUTODETECT spr round 1 (radius: 5)
[00:00:05 -103801.935747] AUTODETECT spr round 2 (radius: 10)
[00:00:07 -93134.369773] AUTODETECT spr round 3 (radius: 15)
[00:00:08 -92365.854429] AUTODETECT spr round 4 (radius: 20)
[00:00:08 -92365.825725] SPR radius for FAST iterations: 15 (autodetect)
[00:00:08 -92365.825725] Model parameter optimization (eps = 3.000000)
[00:00:09 -91916.103094] FAST spr round 1 (radius: 15)
[00:00:12 -90553.096885] FAST spr round 2 (radius: 15)
[00:00:14 -90412.260483] FAST spr round 3 (radius: 15)
[00:00:16 -90294.845636] FAST spr round 4 (radius: 15)
[00:00:18 -90087.277704] FAST spr round 5 (radius: 15)
[00:00:19 -90081.048967] FAST spr round 6 (radius: 15)
[00:00:21 -90078.573146] FAST spr round 7 (radius: 15)
[00:00:22 -90078.572982] Model parameter optimization (eps = 1.000000)
[00:00:22 -90076.180675] SLOW spr round 1 (radius: 5)
[00:00:26 -90075.056465] SLOW spr round 2 (radius: 5)
[00:00:30 -90075.056417] SLOW spr round 3 (radius: 10)
[00:00:34 -90075.056417] SLOW spr round 4 (radius: 15)
[00:00:35] [worker #4] ML tree search #5, logLikelihood: -90231.638090
[00:00:39 -90044.975848] SLOW spr round 5 (radius: 5)
[00:00:45 -90025.718829] SLOW spr round 6 (radius: 5)
[00:00:49] [worker #1] ML tree search #2, logLikelihood: -90209.795438
[00:00:50 -90025.718694] SLOW spr round 7 (radius: 10)
[00:00:50] [worker #3] ML tree search #4, logLikelihood: -90108.244962
[00:00:54 -90024.560284] SLOW spr round 8 (radius: 5)
[00:01:00 -90023.678533] SLOW spr round 9 (radius: 5)
[00:01:05 -90023.678331] SLOW spr round 10 (radius: 10)
[00:01:09 -90021.425927] SLOW spr round 11 (radius: 5)
[00:01:15 -90014.360845] SLOW spr round 12 (radius: 5)
[00:01:18] [worker #2] ML tree search #3, logLikelihood: -90007.953292
[00:01:19 -90014.360612] SLOW spr round 13 (radius: 10)
[00:01:23 -90014.360596] SLOW spr round 14 (radius: 15)
[00:01:28] [worker #4] ML tree search #10, logLikelihood: -90212.119188
[00:01:28 -90014.360594] SLOW spr round 15 (radius: 20)
[00:01:30 -90014.360594] SLOW spr round 16 (radius: 25)
[00:01:32 -90014.360594] Model parameter optimization (eps = 0.100000)

[00:01:32] [worker #0] ML tree search #1, logLikelihood: -90013.844055

[00:01:32 -159237.019502] Initial branch length optimization
[00:01:32 -142495.669981] Model parameter optimization (eps = 10.000000)
[00:01:34 -135513.726913] AUTODETECT spr round 1 (radius: 5)
[00:01:35 -99627.318747] AUTODETECT spr round 2 (radius: 10)
[00:01:36 -93072.687619] AUTODETECT spr round 3 (radius: 15)
[00:01:37 -93006.367404] AUTODETECT spr round 4 (radius: 20)
[00:01:38 -93006.341189] SPR radius for FAST iterations: 15 (autodetect)
[00:01:38 -93006.341189] Model parameter optimization (eps = 3.000000)
[00:01:39 -92552.709772] FAST spr round 1 (radius: 15)
[00:01:41 -90439.182881] FAST spr round 2 (radius: 15)
[00:01:42 -90225.956602] FAST spr round 3 (radius: 15)
[00:01:44 -90180.799807] FAST spr round 4 (radius: 15)
[00:01:45 -90104.310237] FAST spr round 5 (radius: 15)
[00:01:46 -90095.302002] FAST spr round 6 (radius: 15)
[00:01:47] [worker #1] ML tree search #7, logLikelihood: -90192.735583
[00:01:48 -90085.495191] FAST spr round 7 (radius: 15)
[00:01:49 -90084.605208] FAST spr round 8 (radius: 15)
[00:01:50 -90083.481064] FAST spr round 9 (radius: 15)
[00:01:51 -90083.377197] FAST spr round 10 (radius: 15)
[00:01:52] [worker #4] ML tree search #15, logLikelihood: -90118.682169
[00:01:52 -90074.758024] FAST spr round 11 (radius: 15)
[00:01:54 -90067.869730] FAST spr round 12 (radius: 15)
[00:01:55 -90066.519629] FAST spr round 13 (radius: 15)
[00:01:56 -90066.519379] Model parameter optimization (eps = 1.000000)
[00:01:57 -90059.584688] SLOW spr round 1 (radius: 5)
[00:02:01 -90059.581336] SLOW spr round 2 (radius: 10)
[00:02:02] [worker #3] ML tree search #9, logLikelihood: -90075.428396
[00:02:04 -90059.581225] SLOW spr round 3 (radius: 15)
[00:02:06] [worker #2] ML tree search #8, logLikelihood: -90204.281561
[00:02:09 -90031.962261] SLOW spr round 4 (radius: 5)
[00:02:10] [worker #1] ML tree search #12, logLikelihood: -90107.106482
[00:02:16 -90012.419073] SLOW spr round 5 (radius: 5)
[00:02:21 -90012.418719] SLOW spr round 6 (radius: 10)
[00:02:25 -90009.713237] SLOW spr round 7 (radius: 5)
[00:02:31 -90008.637381] SLOW spr round 8 (radius: 5)
[00:02:32] [worker #4] ML tree search #20, logLikelihood: -90121.175566
[00:02:32] [worker #1] ML tree search #17, logLikelihood: -90175.464430
[00:02:36 -90008.636718] SLOW spr round 9 (radius: 10)
[00:02:40 -90008.636700] SLOW spr round 10 (radius: 15)
[00:02:44 -90008.636700] SLOW spr round 11 (radius: 20)
[00:02:46 -90008.636700] SLOW spr round 12 (radius: 25)
[00:02:47 -90008.636700] Model parameter optimization (eps = 0.100000)

[00:02:48] [worker #0] ML tree search #6, logLikelihood: -90007.953670

[00:02:48 -100260.450935] Initial branch length optimization
[00:02:48 -94184.463807] Model parameter optimization (eps = 10.000000)
[00:02:49 -91323.403670] AUTODETECT spr round 1 (radius: 5)
[00:02:49 -90671.083843] AUTODETECT spr round 2 (radius: 10)
[00:02:51 -90671.078914] SPR radius for FAST iterations: 5 (autodetect)
[00:02:51 -90671.078914] Model parameter optimization (eps = 3.000000)
[00:02:51 -90670.520498] FAST spr round 1 (radius: 5)
[00:02:52 -90508.370253] FAST spr round 2 (radius: 5)
[00:02:52] [worker #2] ML tree search #13, logLikelihood: -90556.706924
[00:02:53 -90468.873454] FAST spr round 3 (radius: 5)
[00:02:55 -90427.615464] FAST spr round 4 (radius: 5)
[00:02:56] [worker #3] ML tree search #14, logLikelihood: -90057.185153
[00:02:56 -90426.924195] FAST spr round 5 (radius: 5)
[00:02:57 -90426.520875] FAST spr round 6 (radius: 5)
[00:02:58 -90426.520798] Model parameter optimization (eps = 1.000000)
[00:02:58 -90425.930252] SLOW spr round 1 (radius: 5)
[00:03:02 -90425.926535] SLOW spr round 2 (radius: 10)
[00:03:05 -90089.685994] SLOW spr round 3 (radius: 5)
[00:03:11 -90088.187064] SLOW spr round 4 (radius: 5)
[00:03:15 -90088.177360] SLOW spr round 5 (radius: 10)
[00:03:19 -90047.723596] SLOW spr round 6 (radius: 5)
[00:03:24 -90021.754962] SLOW spr round 7 (radius: 5)
[00:03:29 -90017.428393] SLOW spr round 8 (radius: 5)
[00:03:33 -90015.154522] SLOW spr round 9 (radius: 5)
[00:03:36 -90015.154462] SLOW spr round 10 (radius: 10)
[00:03:40 -90015.154460] SLOW spr round 11 (radius: 15)
[00:03:44 -90015.154460] SLOW spr round 12 (radius: 20)
[00:03:47 -90015.154460] SLOW spr round 13 (radius: 25)
[00:03:48 -90015.154460] Model parameter optimization (eps = 0.100000)

[00:03:49] [worker #0] ML tree search #11, logLikelihood: -90013.844284

[00:03:49 -99721.252592] Initial branch length optimization
[00:03:49 -93542.452524] Model parameter optimization (eps = 10.000000)
[00:03:50 -90659.435105] AUTODETECT spr round 1 (radius: 5)
[00:03:50 -90139.069413] AUTODETECT spr round 2 (radius: 10)
[00:03:52 -90139.066001] SPR radius for FAST iterations: 5 (autodetect)
[00:03:52 -90139.066001] Model parameter optimization (eps = 3.000000)
[00:03:52 -90138.524810] FAST spr round 1 (radius: 5)
[00:03:53 -90108.972469] FAST spr round 2 (radius: 5)
[00:03:54 -90108.562964] FAST spr round 3 (radius: 5)
[00:03:55 -90108.439386] FAST spr round 4 (radius: 5)
[00:03:56 -90108.403867] Model parameter optimization (eps = 1.000000)
[00:03:57 -90108.380113] SLOW spr round 1 (radius: 5)
[00:04:00 -90108.361041] SLOW spr round 2 (radius: 10)
[00:04:04 -90108.360797] SLOW spr round 3 (radius: 15)
[00:04:08 -90108.360786] SLOW spr round 4 (radius: 20)
[00:04:10 -90108.360786] SLOW spr round 5 (radius: 25)
[00:04:10 -90108.360786] Model parameter optimization (eps = 0.100000)

[00:04:10] [worker #0] ML tree search #16, logLikelihood: -90108.353646

[00:04:25] [worker #2] ML tree search #18, logLikelihood: -90026.991871
[00:04:31] [worker #3] ML tree search #19, logLikelihood: -90007.954487

Optimized model parameters:

   Partition 0: noname
   Rate heterogeneity: GAMMA (4 cats, mean),  alpha: 0.568146 (ML),  weights&rates: (0.250000,0.046612) (0.250000,0.294095) (0.250000,0.864155) (0.250000,2.795138) 
   Base frequencies (ML): 0.286136 0.211504 0.217270 0.285090 
   Substitution rates (ML): 1.141157 2.825292 1.099942 0.933381 3.795416 1.000000 


Final LogLikelihood: -90007.953292

AIC score: 180267.906585 / AICc score: 180272.187484 / BIC score: 181141.880156
Free parameters (model + branch lengths): 126

Best ML tree saved to: /global/home/users/uricchio/software/HybPiper-master/sodiumChannelPaperAnalyses/trees_xen_ref_DNA/t80d10k35.orig.raxml.bestTree
All ML trees saved to: /global/home/users/uricchio/software/HybPiper-master/sodiumChannelPaperAnalyses/trees_xen_ref_DNA/t80d10k35.orig.raxml.mlTrees
Optimized model saved to: /global/home/users/uricchio/software/HybPiper-master/sodiumChannelPaperAnalyses/trees_xen_ref_DNA/t80d10k35.orig.raxml.bestModel

Execution log saved to: /global/home/users/uricchio/software/HybPiper-master/sodiumChannelPaperAnalyses/trees_xen_ref_DNA/t80d10k35.orig.raxml.log

Analysis started: 14-Jun-2021 14:45:48 / finished: 14-Jun-2021 14:50:19

Elapsed time: 271.088 seconds

Consumed energy: 12.553 Wh

