Building DAG of jobs...
Using shell: /bin/bash
Provided cores: 1 (use --cores to define parallelism)
Rules claiming more threads will be scaled down.
Job counts:
	count	jobs
	1	all
	2	make_concord
	2	make_lens
	1	plot_data
	6
Select jobs to execute...

[Mon Jun 21 12:13:57 2021]
rule make_lens:
    input: ../../Data/alignments_xenPum
    output: plot_data/lens_xenPum.txt
    jobid: 3
    wildcards: sample=xenPum

[Mon Jun 21 12:13:59 2021]
Finished job 3.
1 of 6 steps (17%) done
Select jobs to execute...

[Mon Jun 21 12:13:59 2021]
rule make_concord:
    input: ../../Data/trees_xen_ref
    output: plot_data/trees_xen_ref.txt
    jobid: 2
    wildcards: sample=xen_ref

[Mon Jun 21 12:14:05 2021]
Finished job 2.
2 of 6 steps (33%) done
Select jobs to execute...

[Mon Jun 21 12:14:05 2021]
rule make_lens:
    input: ../../Data/alignments_xen
    output: plot_data/lens_xen.txt
    jobid: 4
    wildcards: sample=xen

[Mon Jun 21 12:14:08 2021]
Finished job 4.
3 of 6 steps (50%) done
Select jobs to execute...

[Mon Jun 21 12:14:08 2021]
rule make_concord:
    input: ../../Data/trees_xenPum_ref
    output: plot_data/trees_xenPum_ref.txt
    jobid: 1
    wildcards: sample=xenPum_ref

[Mon Jun 21 12:14:13 2021]
Finished job 1.
4 of 6 steps (67%) done
Select jobs to execute...

[Mon Jun 21 12:14:13 2021]
rule plot_data:
    input: plot_data/trees_xenPum_ref.txt, plot_data/trees_xen_ref.txt, plot_data/lens_xenPum.txt, plot_data/lens_xen.txt
    output: plot_data/summary_alignments_xenPum_ref.pdf, plot_data/summary_alignments_xen_ref.pdf
    jobid: 5

[Mon Jun 21 12:14:17 2021]
Finished job 5.
5 of 6 steps (83%) done
Select jobs to execute...

[Mon Jun 21 12:14:17 2021]
localrule all:
    input: plot_data/trees_xenPum_ref.txt, plot_data/trees_xen_ref.txt, plot_data/lens_xenPum.txt, plot_data/lens_xen.txt, plot_data/summary_alignments_xenPum_ref.pdf, plot_data/summary_alignments_xen_ref.pdf
    jobid: 0

[Mon Jun 21 12:14:17 2021]
Finished job 0.
6 of 6 steps (100%) done
Complete log: /Users/uricchio/projects/poison/sodiumChannelPaper/Figures/FigureS1_S2/.snakemake/log/2021-06-21T121356.371995.snakemake.log
