Building DAG of jobs...
Using shell: /bin/bash
Provided cores: 1 (use --cores to define parallelism)
Rules claiming more threads will be scaled down.
Job counts:
	count	jobs
	1	all
	2	make_concord
	2	make_lens
	1	plot_data
	6
Select jobs to execute...

[Mon Jun 21 12:19:32 2021]
rule make_lens:
    input: ../../Data/alignments_xenPum
    output: plot_data/lens_xenPum.txt
    jobid: 3
    wildcards: sample=xenPum

[Mon Jun 21 12:19:35 2021]
Finished job 3.
1 of 6 steps (17%) done
Select jobs to execute...

[Mon Jun 21 12:19:35 2021]
rule make_concord:
    input: ../../Data/trees_xen_ref_DNA
    output: plot_data/trees_xen_ref_DNA.txt
    jobid: 2
    wildcards: sample=xen_ref_DNA

[Mon Jun 21 12:19:48 2021]
Finished job 2.
2 of 6 steps (33%) done
Select jobs to execute...

[Mon Jun 21 12:19:48 2021]
rule make_concord:
    input: ../../Data/trees_xenPum_ref_DNA
    output: plot_data/trees_xenPum_ref_DNA.txt
    jobid: 1
    wildcards: sample=xenPum_ref_DNA

[Mon Jun 21 12:19:56 2021]
Finished job 1.
3 of 6 steps (50%) done
Select jobs to execute...

[Mon Jun 21 12:19:56 2021]
rule make_lens:
    input: ../../Data/alignments_xen
    output: plot_data/lens_xen.txt
    jobid: 4
    wildcards: sample=xen

[Mon Jun 21 12:19:59 2021]
Finished job 4.
4 of 6 steps (67%) done
Select jobs to execute...

[Mon Jun 21 12:19:59 2021]
rule plot_data:
    input: plot_data/trees_xenPum_ref_DNA.txt, plot_data/trees_xen_ref_DNA.txt, plot_data/lens_xenPum.txt, plot_data/lens_xen.txt
    output: plot_data/summary_alignments_xenPum_ref_DNA.pdf, plot_data/summary_alignments_xen_ref_DNA.pdf
    jobid: 5

[Mon Jun 21 12:20:01 2021]
Error in rule plot_data:
    jobid: 5
    output: plot_data/summary_alignments_xenPum_ref_DNA.pdf, plot_data/summary_alignments_xen_ref_DNA.pdf
    shell:
        Rscript ../../scripts/plot_HybPiper_perf.R
        (one of the commands exited with non-zero exit code; note that snakemake uses bash strict mode!)

Shutting down, this might take some time.
Exiting because a job execution failed. Look above for error message
Complete log: /Users/uricchio/projects/poison/sodiumChannelPaper/Figures/FigureS1_S2/.snakemake/log/2021-06-21T121931.689865.snakemake.log
