Building DAG of jobs...
Using shell: /bin/bash
Provided cores: 1 (use --cores to define parallelism)
Rules claiming more threads will be scaled down.
Job counts:
	count	jobs
	1	all
	1	make_lens
	1	plot_data
	3
Select jobs to execute...

[Tue May  4 11:34:42 2021]
rule make_lens:
    input: ../../Data/alignments_xen
    output: plot_data/lens_xen.txt
    jobid: 4
    wildcards: sample=xen

[Tue May  4 11:34:45 2021]
Finished job 4.
1 of 3 steps (33%) done
Select jobs to execute...

[Tue May  4 11:34:45 2021]
rule plot_data:
    input: ../../scripts/plot_HybPiper_perf.R, plot_data/trees_xenPum_ref.txt, plot_data/trees_xen_ref.txt, plot_data/lens_xenPum.txt, plot_data/lens_xen.txt
    output: plot_data/summary_alignments_xenPum_ref.pdf, plot_data/summary_alignments_xen_ref.pdf
    jobid: 5

[Tue May  4 11:34:52 2021]
Finished job 5.
2 of 3 steps (67%) done
Select jobs to execute...

[Tue May  4 11:34:52 2021]
localrule all:
    input: plot_data/trees_xenPum_ref.txt, plot_data/trees_xen_ref.txt, plot_data/lens_xenPum.txt, plot_data/lens_xen.txt, plot_data/summary_alignments_xenPum_ref.pdf, plot_data/summary_alignments_xen_ref.pdf
    jobid: 0

[Tue May  4 11:34:52 2021]
Finished job 0.
3 of 3 steps (100%) done
Complete log: /Users/uricchio/projects/poison/sodiumChannelPaper/Figures/FigureS1_S2/.snakemake/log/2021-05-04T113442.090176.snakemake.log
