Building DAG of jobs...
Using shell: /bin/bash
Provided cores: 1 (use --cores to define parallelism)
Rules claiming more threads will be scaled down.
Job stats:
job             count    min threads    max threads
------------  -------  -------------  -------------
all                 1              1              1
make_concord        2              1              1
make_lens           1              1              1
plot_data           1              1              1
total               5              1              1

Select jobs to execute...

[Mon Jul 18 16:30:41 2022]
rule make_concord:
    input: ../../sodiumChannelPaperAnalyses/trees_xen_ref_orig_DNA
    output: plot_data/trees_xen_ref_orig_DNA.txt
    jobid: 2
    reason: Missing output files: plot_data/trees_xen_ref_orig_DNA.txt
    wildcards: sample=xen_ref_orig_DNA
    resources: tmpdir=/var/folders/2l/zp0wk9q9097fqhyymq39vg880000gn/T

[Mon Jul 18 16:30:43 2022]
Finished job 2.
1 of 5 steps (20%) done
Select jobs to execute...

[Mon Jul 18 16:30:43 2022]
rule make_lens:
    input: ../../alignments/assembs_xen_ref_orig
    output: plot_data/lens_xen_ref_orig.txt
    jobid: 4
    reason: Code has changed since last execution
    wildcards: sample=xen_ref_orig
    resources: tmpdir=/var/folders/2l/zp0wk9q9097fqhyymq39vg880000gn/T

[Mon Jul 18 16:30:43 2022]
Finished job 4.
2 of 5 steps (40%) done
Select jobs to execute...

[Mon Jul 18 16:30:43 2022]
rule make_concord:
    input: ../../sodiumChannelPaperAnalyses/trees_xenPum_ref_orig_DNA
    output: plot_data/trees_xenPum_ref_orig_DNA.txt
    jobid: 1
    reason: Code has changed since last execution
    wildcards: sample=xenPum_ref_orig_DNA
    resources: tmpdir=/var/folders/2l/zp0wk9q9097fqhyymq39vg880000gn/T

[Mon Jul 18 16:30:45 2022]
Finished job 1.
3 of 5 steps (60%) done
Select jobs to execute...

[Mon Jul 18 16:30:45 2022]
rule plot_data:
    input: plot_data/trees_xenPum_ref_orig_DNA.txt, plot_data/trees_xen_ref_orig_DNA.txt, plot_data/lens_xenPum_ref_orig.txt, plot_data/lens_xen_ref_orig.txt
    output: plot_data/summary_alignments_xenPum_ref_orig.pdf, plot_data/summary_alignments_xen_ref_orig.pdf
    jobid: 5
    reason: Input files updated by another job: plot_data/trees_xen_ref_orig_DNA.txt, plot_data/lens_xen_ref_orig.txt, plot_data/trees_xenPum_ref_orig_DNA.txt
    resources: tmpdir=/var/folders/2l/zp0wk9q9097fqhyymq39vg880000gn/T

[Mon Jul 18 16:30:46 2022]
Finished job 5.
4 of 5 steps (80%) done
Select jobs to execute...

[Mon Jul 18 16:30:46 2022]
localrule all:
    input: plot_data/trees_xenPum_ref_orig_DNA.txt, plot_data/trees_xen_ref_orig_DNA.txt, plot_data/lens_xenPum_ref_orig.txt, plot_data/lens_xen_ref_orig.txt, plot_data/summary_alignments_xenPum_ref_orig.pdf, plot_data/summary_alignments_xen_ref_orig.pdf
    jobid: 0
    reason: Input files updated by another job: plot_data/trees_xenPum_ref_orig_DNA.txt, plot_data/summary_alignments_xen_ref_orig.pdf, plot_data/summary_alignments_xenPum_ref_orig.pdf, plot_data/trees_xen_ref_orig_DNA.txt, plot_data/lens_xen_ref_orig.txt
    resources: tmpdir=/var/folders/2l/zp0wk9q9097fqhyymq39vg880000gn/T

[Mon Jul 18 16:30:46 2022]
Finished job 0.
5 of 5 steps (100%) done
Complete log: .snakemake/log/2022-07-18T163041.646748.snakemake.log
