Building DAG of jobs...
Using shell: /bin/bash
Provided cores: 1 (use --cores to define parallelism)
Rules claiming more threads will be scaled down.
Job stats:
job             count    min threads    max threads
------------  -------  -------------  -------------
all                 1              1              1
make_concord        2              1              1
make_lens           2              1              1
plot_data           1              1              1
total               6              1              1

Select jobs to execute...

[Fri Jul 22 14:33:23 2022]
rule make_lens:
    input: ../../alignments/assembs_xen_ref_orig
    output: plot_data/lens_xen_ref_orig.txt
    jobid: 4
    reason: Missing output files: plot_data/lens_xen_ref_orig.txt
    wildcards: sample=xen_ref_orig
    resources: tmpdir=/var/folders/2l/zp0wk9q9097fqhyymq39vg880000gn/T

[Fri Jul 22 14:33:23 2022]
Finished job 4.
1 of 6 steps (17%) done
Select jobs to execute...

[Fri Jul 22 14:33:23 2022]
rule make_lens:
    input: ../../alignments/assembs_xenPum_ref_orig
    output: plot_data/lens_xenPum_ref_orig.txt
    jobid: 3
    reason: Missing output files: plot_data/lens_xenPum_ref_orig.txt
    wildcards: sample=xenPum_ref_orig
    resources: tmpdir=/var/folders/2l/zp0wk9q9097fqhyymq39vg880000gn/T

[Fri Jul 22 14:33:24 2022]
Finished job 3.
2 of 6 steps (33%) done
Select jobs to execute...

[Fri Jul 22 14:33:24 2022]
rule make_concord:
    input: ../../sodiumChannelPaperAnalyses/trees_xenPum_ref_orig_DNA
    output: plot_data/trees_xenPum_ref_orig_DNA.txt
    jobid: 1
    reason: Missing output files: plot_data/trees_xenPum_ref_orig_DNA.txt
    wildcards: sample=xenPum_ref_orig_DNA
    resources: tmpdir=/var/folders/2l/zp0wk9q9097fqhyymq39vg880000gn/T

[Fri Jul 22 14:33:25 2022]
Finished job 1.
3 of 6 steps (50%) done
Select jobs to execute...

[Fri Jul 22 14:33:25 2022]
rule make_concord:
    input: ../../sodiumChannelPaperAnalyses/trees_xen_ref_orig_DNA
    output: plot_data/trees_xen_ref_orig_DNA.txt
    jobid: 2
    reason: Missing output files: plot_data/trees_xen_ref_orig_DNA.txt
    wildcards: sample=xen_ref_orig_DNA
    resources: tmpdir=/var/folders/2l/zp0wk9q9097fqhyymq39vg880000gn/T

[Fri Jul 22 14:33:27 2022]
Finished job 2.
4 of 6 steps (67%) done
Select jobs to execute...

[Fri Jul 22 14:33:27 2022]
rule plot_data:
    input: plot_data/trees_xenPum_ref_orig_DNA.txt, plot_data/trees_xen_ref_orig_DNA.txt, plot_data/lens_xenPum_ref_orig.txt, plot_data/lens_xen_ref_orig.txt
    output: plot_data/summary_alignments_xenPum_ref_orig.pdf, plot_data/summary_alignments_xen_ref_orig.pdf
    jobid: 5
    reason: Missing output files: plot_data/summary_alignments_xenPum_ref_orig.pdf, plot_data/summary_alignments_xen_ref_orig.pdf; Input files updated by another job: plot_data/trees_xenPum_ref_orig_DNA.txt, plot_data/trees_xen_ref_orig_DNA.txt, plot_data/lens_xenPum_ref_orig.txt, plot_data/lens_xen_ref_orig.txt
    resources: tmpdir=/var/folders/2l/zp0wk9q9097fqhyymq39vg880000gn/T

[Fri Jul 22 14:33:27 2022]
Error in rule plot_data:
    jobid: 5
    output: plot_data/summary_alignments_xenPum_ref_orig.pdf, plot_data/summary_alignments_xen_ref_orig.pdf
    shell:
        Rscript ../../scripts/plot_HybPiper_perf.R
        (one of the commands exited with non-zero exit code; note that snakemake uses bash strict mode!)

Shutting down, this might take some time.
Exiting because a job execution failed. Look above for error message
Complete log: .snakemake/log/2022-07-22T143322.682122.snakemake.log
