Building DAG of jobs...
Using shell: /bin/bash
Provided cores: 1 (use --cores to define parallelism)
Rules claiming more threads will be scaled down.
Job stats:
job             count    min threads    max threads
------------  -------  -------------  -------------
all                 1              1              1
make_concord        2              1              1
plot_data           1              1              1
total               4              1              1

Select jobs to execute...

[Fri Jul 22 11:20:34 2022]
rule make_concord:
    input: ../../sodiumChannelPaperAnalyses/trees_xenPum_ref_orig_DNA
    output: plot_data/trees_xenPum_ref_orig_DNA.txt
    jobid: 1
    reason: Forced execution
    wildcards: sample=xenPum_ref_orig_DNA
    resources: tmpdir=/var/folders/2l/zp0wk9q9097fqhyymq39vg880000gn/T

[Fri Jul 22 11:20:35 2022]
Finished job 1.
1 of 4 steps (25%) done
Select jobs to execute...

[Fri Jul 22 11:20:35 2022]
rule make_concord:
    input: ../../sodiumChannelPaperAnalyses/trees_xen_ref_orig_DNA
    output: plot_data/trees_xen_ref_orig_DNA.txt
    jobid: 2
    reason: Forced execution
    wildcards: sample=xen_ref_orig_DNA
    resources: tmpdir=/var/folders/2l/zp0wk9q9097fqhyymq39vg880000gn/T

[Fri Jul 22 11:20:37 2022]
Finished job 2.
2 of 4 steps (50%) done
Select jobs to execute...

[Fri Jul 22 11:20:37 2022]
rule plot_data:
    input: plot_data/trees_xenPum_ref_orig_DNA.txt, plot_data/trees_xen_ref_orig_DNA.txt, plot_data/lens_xenPum_ref_orig.txt, plot_data/lens_xen_ref_orig.txt
    output: plot_data/summary_alignments_xenPum_ref_orig.pdf, plot_data/summary_alignments_xen_ref_orig.pdf
    jobid: 5
    reason: Input files updated by another job: plot_data/trees_xen_ref_orig_DNA.txt, plot_data/trees_xenPum_ref_orig_DNA.txt
    resources: tmpdir=/var/folders/2l/zp0wk9q9097fqhyymq39vg880000gn/T

[Fri Jul 22 11:20:38 2022]
Finished job 5.
3 of 4 steps (75%) done
Select jobs to execute...

[Fri Jul 22 11:20:38 2022]
localrule all:
    input: plot_data/trees_xenPum_ref_orig_DNA.txt, plot_data/trees_xen_ref_orig_DNA.txt, plot_data/lens_xenPum_ref_orig.txt, plot_data/lens_xen_ref_orig.txt, plot_data/summary_alignments_xenPum_ref_orig.pdf, plot_data/summary_alignments_xen_ref_orig.pdf
    jobid: 0
    reason: Input files updated by another job: plot_data/summary_alignments_xenPum_ref_orig.pdf, plot_data/trees_xen_ref_orig_DNA.txt, plot_data/summary_alignments_xen_ref_orig.pdf, plot_data/trees_xenPum_ref_orig_DNA.txt
    resources: tmpdir=/var/folders/2l/zp0wk9q9097fqhyymq39vg880000gn/T

[Fri Jul 22 11:20:38 2022]
Finished job 0.
4 of 4 steps (100%) done
Complete log: .snakemake/log/2022-07-22T112034.092178.snakemake.log
