
RAxML-NG v. 1.0.0 released on 07.08.2020 by The Exelixis Lab.
Developed by: Alexey M. Kozlov and Alexandros Stamatakis.
Contributors: Diego Darriba, Tomas Flouri, Benoit Morel, Sarah Lutteropp, Ben Bettisworth.
Latest version: https://github.com/amkozlov/raxml-ng
Questions/problems/suggestions? Please visit: https://groups.google.com/forum/#!forum/raxml

System: Intel(R) Xeon(R) CPU E5-2670 v2 @ 2.50GHz, 20 cores, 62 GB RAM

RAxML-NG was called at 04-May-2021 18:43:46 as follows:

/global/home/users/uricchio/software/raxml-ng-master/raxml-ng --all --tree rand{50},pars{0} --model PROTGTR --prefix treesSCN5A/t80d10k45.orig --redo --msa treesSCN5A/t80d10k45.orig.raxml.rba --bs-trees 50

Analysis options:
  run mode: ML tree search + bootstrapping (Felsenstein Bootstrap)
  start tree(s): random (50) + parsimony (10)
  bootstrap replicates: 50
  random seed: 1620179026
  tip-inner: OFF
  pattern compression: ON
  per-rate scalers: OFF
  site repeats: ON
  branch lengths: proportional (ML estimate, algorithm: NR-FAST)
  SIMD kernels: AVX
  parallelization: coarse-grained (auto), PTHREADS (auto)

WARNING: Running in REDO mode: existing checkpoints are ignored, and all result files will be overwritten!

WARNING: The model you specified on the command line (PROTGTR) will be ignored 
         since the binary MSA file already contains a model definition.
         If you want to change the model, please re-run RAxML-NG 
         with the original PHYLIP/FASTA alignment and --redo option.

[00:00:00] Loading binary alignment from file: treesSCN5A/t80d10k45.orig.raxml.rba
[00:00:00] Alignment comprises 95 taxa, 1 partitions and 1194 patterns

Partition 0: noname
Model: PROTGTR+FO
Alignment sites / patterns: 2354 / 1194
Gaps: 22.99 %
Invariant sites: 67.29 %


Parallelization scheme autoconfig: 20 worker(s) x 1 thread(s)

Parallel reduction/worker buffer size: 1 KB  / 0 KB

[00:00:00] Generating 50 random starting tree(s) with 95 taxa
[00:00:00] Generating 10 parsimony starting tree(s) with 95 taxa
[00:00:00] Data distribution: max. partitions/sites/weight per thread: 1 / 1194 / 23880
[00:00:00] Data distribution: max. searches per worker: 6

Starting ML tree search with 60 distinct starting trees

[00:37:29] [worker #17] ML tree search #18, logLikelihood: -30595.483622
[00:39:13] [worker #18] ML tree search #19, logLikelihood: -30577.189830
[00:39:19] [worker #1] ML tree search #2, logLikelihood: -30612.868236
[00:39:32] [worker #11] ML tree search #12, logLikelihood: -30593.121012
[00:40:04] [worker #19] ML tree search #20, logLikelihood: -30581.251263
[00:40:26] [worker #15] ML tree search #16, logLikelihood: -30588.788633
[00:40:47] [worker #16] ML tree search #17, logLikelihood: -30579.679828
[00:42:17] [worker #14] ML tree search #15, logLikelihood: -30596.794033
[00:43:16] [worker #9] ML tree search #10, logLikelihood: -30588.732419
[00:43:22] [worker #13] ML tree search #14, logLikelihood: -30588.719838
[00:43:38] [worker #6] ML tree search #7, logLikelihood: -30594.134937
[00:43:56] [worker #8] ML tree search #9, logLikelihood: -30600.199898
[00:46:03] [worker #5] ML tree search #6, logLikelihood: -30610.606217
[00:46:25] [worker #0] ML tree search #1, logLikelihood: -30613.879837
[00:46:28] [worker #10] ML tree search #11, logLikelihood: -30573.122826
[00:46:53] [worker #4] ML tree search #5, logLikelihood: -30588.779931
[00:49:00] [worker #2] ML tree search #3, logLikelihood: -30577.184919
[00:49:18] [worker #12] ML tree search #13, logLikelihood: -30578.531917
[00:51:04] [worker #3] ML tree search #4, logLikelihood: -30599.634727
[00:58:17] [worker #7] ML tree search #8, logLikelihood: -30579.922269
[01:12:38] [worker #17] ML tree search #38, logLikelihood: -30655.852671
[01:16:00] [worker #14] ML tree search #35, logLikelihood: -30596.810971
[01:17:40] [worker #11] ML tree search #32, logLikelihood: -30593.156982
[01:17:52] [worker #1] ML tree search #22, logLikelihood: -30595.399816
[01:18:49] [worker #16] ML tree search #37, logLikelihood: -30592.023463
[01:19:58] [worker #13] ML tree search #34, logLikelihood: -30580.860378
[01:21:11] [worker #18] ML tree search #39, logLikelihood: -30611.374373
[01:22:12] [worker #6] ML tree search #27, logLikelihood: -30590.009594
[01:23:18] [worker #8] ML tree search #29, logLikelihood: -30592.874753
[01:24:48] [worker #9] ML tree search #30, logLikelihood: -30593.128476
[01:25:52] [worker #5] ML tree search #26, logLikelihood: -30573.142272
[01:26:17] [worker #15] ML tree search #36, logLikelihood: -30588.722421
[01:27:10] [worker #0] ML tree search #21, logLikelihood: -30602.591512
[01:27:32] [worker #19] ML tree search #40, logLikelihood: -30598.275773
[01:28:53] [worker #12] ML tree search #33, logLikelihood: -30597.202442
[01:34:43] [worker #10] ML tree search #31, logLikelihood: -30595.622880
[01:35:15] [worker #14] ML tree search #55, logLikelihood: -30592.878034
[01:37:03] [worker #3] ML tree search #24, logLikelihood: -30577.461588
[01:37:14] [worker #17] ML tree search #58, logLikelihood: -30592.634038
[01:38:03] [worker #2] ML tree search #23, logLikelihood: -30599.596493
[01:38:31] [worker #16] ML tree search #57, logLikelihood: -30597.348014
[01:38:48] [worker #7] ML tree search #28, logLikelihood: -30623.979389
[01:40:57] [worker #13] ML tree search #54, logLikelihood: -30577.295929
[01:40:57] [worker #4] ML tree search #25, logLikelihood: -30579.619206
[01:41:51] [worker #11] ML tree search #52, logLikelihood: -30592.395817
[01:42:05] [worker #18] ML tree search #59, logLikelihood: -30576.655142
[01:44:48] [worker #15] ML tree search #56, logLikelihood: -30592.945885
[01:47:27] [worker #12] ML tree search #53, logLikelihood: -30580.417942
[01:48:42] [worker #19] ML tree search #60, logLikelihood: -30581.574509
[01:50:40] [worker #10] ML tree search #51, logLikelihood: -30609.695961
[01:58:06] [worker #6] ML tree search #47, logLikelihood: -30577.454851
[01:58:25] [worker #1] ML tree search #42, logLikelihood: -30610.437028
[01:59:08] [worker #8] ML tree search #49, logLikelihood: -30593.098545
[02:02:22] [worker #9] ML tree search #50, logLikelihood: -30591.956538
[02:02:52] [worker #0] ML tree search #41, logLikelihood: -30597.112053
[02:06:29] [worker #5] ML tree search #46, logLikelihood: -30577.455096
[02:07:49] [worker #7] ML tree search #48, logLikelihood: -30593.107354
[02:10:31] [worker #3] ML tree search #44, logLikelihood: -30594.405152
[02:11:32] [worker #2] ML tree search #43, logLikelihood: -30579.687779
[02:14:23] [worker #4] ML tree search #45, logLikelihood: -30598.995198

[02:14:23] ML tree search completed, best tree logLH: -30573.122826

[02:14:23] Starting bootstrapping analysis with 50 replicates.

[02:36:05] [worker #16] Bootstrap tree #17, logLikelihood: -30001.264515
[02:40:18] [worker #14] Bootstrap tree #15, logLikelihood: -32815.226863
[02:40:58] [worker #19] Bootstrap tree #20, logLikelihood: -30782.958536
[02:42:12] [worker #13] Bootstrap tree #14, logLikelihood: -29015.707100
[02:43:33] [worker #18] Bootstrap tree #19, logLikelihood: -28801.151645
[02:46:15] [worker #8] Bootstrap tree #9, logLikelihood: -29857.324999
[02:47:20] [worker #1] Bootstrap tree #2, logLikelihood: -29845.190121
[02:47:38] [worker #5] Bootstrap tree #6, logLikelihood: -30586.173151
[02:48:08] [worker #3] Bootstrap tree #4, logLikelihood: -30622.015327
[02:50:36] [worker #12] Bootstrap tree #13, logLikelihood: -29871.027959
[02:50:48] [worker #15] Bootstrap tree #16, logLikelihood: -29748.893724
[02:53:23] [worker #11] Bootstrap tree #12, logLikelihood: -30661.894648
[02:53:51] [worker #10] Bootstrap tree #11, logLikelihood: -29639.607456
[02:54:02] [worker #6] Bootstrap tree #7, logLikelihood: -30297.125663
[02:56:19] [worker #17] Bootstrap tree #18, logLikelihood: -27791.958262
[02:56:32] [worker #4] Bootstrap tree #5, logLikelihood: -30430.919721
[02:59:54] [worker #2] Bootstrap tree #3, logLikelihood: -31367.902510
[03:04:08] [worker #7] Bootstrap tree #8, logLikelihood: -29160.825121
[03:06:09] [worker #9] Bootstrap tree #10, logLikelihood: -30454.200363
[03:08:13] [worker #5] Bootstrap tree #26, logLikelihood: -29427.181221
[03:08:37] [worker #14] Bootstrap tree #35, logLikelihood: -28331.509463
[03:09:13] [worker #19] Bootstrap tree #40, logLikelihood: -28517.287213
[03:09:23] [worker #0] Bootstrap tree #1, logLikelihood: -29904.607436
[03:09:36] [worker #18] Bootstrap tree #39, logLikelihood: -29875.895022
[03:13:45] [worker #16] Bootstrap tree #37, logLikelihood: -31169.615563
[03:16:05] [worker #13] Bootstrap tree #34, logLikelihood: -31069.862528
[03:19:21] [worker #10] Bootstrap tree #31, logLikelihood: -28343.277933
[03:21:30] [worker #17] Bootstrap tree #38, logLikelihood: -31271.009813
[03:25:01] [worker #15] Bootstrap tree #36, logLikelihood: -29645.965666
[03:25:10] [worker #11] Bootstrap tree #32, logLikelihood: -28614.759650
[03:25:25] [worker #12] Bootstrap tree #33, logLikelihood: -28917.933096
[03:26:29] [worker #4] Bootstrap tree #25, logLikelihood: -31742.777192
[03:26:59] [worker #2] Bootstrap tree #23, logLikelihood: -29862.099665
[03:28:08] [worker #6] Bootstrap tree #27, logLikelihood: -27779.746452
[03:29:17] [worker #1] Bootstrap tree #22, logLikelihood: -31380.429247
[03:30:05] [worker #7] Bootstrap tree #28, logLikelihood: -30788.818919
[03:34:05] [worker #8] Bootstrap tree #29, logLikelihood: -30797.966836
[03:36:57] [worker #3] Bootstrap tree #24, logLikelihood: -30302.133591
[03:38:20] [worker #9] Bootstrap tree #30, logLikelihood: -28120.443185
[03:45:52] [worker #5] Bootstrap tree #46, logLikelihood: -29213.210286
[03:46:39] [worker #0] Bootstrap tree #21, logLikelihood: -29248.760923
[03:50:01] [worker #1] Bootstrap tree #42, logLikelihood: -30773.817210
[03:57:12] [worker #4] Bootstrap tree #45, logLikelihood: -30546.280274
[03:59:12] [worker #8] Bootstrap tree #49, logLikelihood: -29879.031964
[04:00:54] [worker #7] Bootstrap tree #48, logLikelihood: -27611.167429
[04:08:33] [worker #6] Bootstrap tree #47, logLikelihood: -27522.981431
[04:09:08] [worker #9] Bootstrap tree #50, logLikelihood: -28105.581801
[04:09:34] [worker #3] Bootstrap tree #44, logLikelihood: -28993.560194
[04:11:31] [worker #2] Bootstrap tree #43, logLikelihood: -29797.644690
[04:16:30] [worker #0] Bootstrap tree #41, logLikelihood: -30177.965639

Optimized model parameters:

   Partition 0: noname
   Rate heterogeneity: NONE
   Base frequencies (ML): 0.045493 0.042301 0.056560 0.042310 0.026891 0.025525 0.058567 0.048522 0.016569 0.076644 0.112429 0.049126 0.036330 0.078375 0.044468 0.073659 0.043339 0.014371 0.029732 0.078787 
   Substitution rates (ML): 0.786747 4.444661 2.492914 2.585788 8.163798 3.337018 5.758290 3.796489 3.861308 2.216693 1.588118 0.523928 1.244499 7.052483 18.156533 21.998949 0.860767 0.319650 15.038263 1.451128 1.758663 2.501048 7.375795 0.674106 4.091484 4.256342 0.977187 1.649758 19.820481 3.333160 1.329244 1.819023 2.956869 3.802921 0.001000 2.108255 1.049378 11.723735 0.001000 4.462378 1.459319 1.749368 28.345341 1.132832 0.512507 3.716736 0.282540 0.001000 0.375415 8.420853 6.195044 0.001000 5.539839 0.934389 1.555868 6.239961 43.501935 2.667109 4.334840 0.907139 0.148023 3.027916 0.001000 0.721566 3.476503 1.709912 0.811002 0.001000 3.213026 0.907163 1.723156 0.001000 2.720664 2.111981 3.549381 1.684973 0.947308 5.548740 3.166124 0.001000 1.869622 0.584262 0.001000 8.269877 2.715701 9.179396 2.939217 34.806429 0.598158 9.856042 8.437622 3.798731 0.635773 3.283837 1.698641 4.986868 3.338480 2.965562 0.842950 1.965792 0.740955 0.556668 0.543944 3.677358 0.254652 0.001000 0.863222 0.649502 1.012960 0.001000 0.324981 2.086840 0.799683 0.454235 0.778440 2.410154 0.547315 0.755456 1.306131 7.812882 1.287153 0.001000 1.129619 2.119779 0.612958 4.620955 4.707960 1.780184 2.931513 1.021707 1.652274 2.609876 0.001000 27.530358 0.001000 13.710008 1.858789 10.459569 4.299964 0.342317 1.709907 8.780197 1.351208 2.512574 28.370226 1.425203 11.029014 6.079683 1.541743 1.385316 2.960210 1.301373 6.425971 8.194378 3.522143 0.131927 0.551076 1.017874 0.168377 0.785524 4.174784 3.707952 1.727897 0.725443 0.703639 9.991101 0.726387 1.097311 11.358398 0.217552 2.507779 0.570608 4.476751 30.078703 1.901186 11.814732 3.199743 0.001000 0.878554 0.361144 20.064372 0.001000 3.836622 1.741229 0.001000 2.474137 8.212799 0.001000 0.001000 1.000000 


Final LogLikelihood: -30573.122826

AIC score: 61936.245651 / AICc score: 62096.020932 / BIC score: 64212.974810
Free parameters (model + branch lengths): 395

Best ML tree saved to: /global/home/users/uricchio/software/HybPiper-master/HPwrap/treesSCN5A/t80d10k45.orig.raxml.bestTree
All ML trees saved to: /global/home/users/uricchio/software/HybPiper-master/HPwrap/treesSCN5A/t80d10k45.orig.raxml.mlTrees
Best ML tree with Felsenstein bootstrap (FBP) support values saved to: /global/home/users/uricchio/software/HybPiper-master/HPwrap/treesSCN5A/t80d10k45.orig.raxml.support
Optimized model saved to: /global/home/users/uricchio/software/HybPiper-master/HPwrap/treesSCN5A/t80d10k45.orig.raxml.bestModel
Bootstrap trees saved to: /global/home/users/uricchio/software/HybPiper-master/HPwrap/treesSCN5A/t80d10k45.orig.raxml.bootstraps

Execution log saved to: /global/home/users/uricchio/software/HybPiper-master/HPwrap/treesSCN5A/t80d10k45.orig.raxml.log

Analysis started: 04-May-2021 18:43:46 / finished: 04-May-2021 23:00:16

Elapsed time: 15390.171 seconds

Consumed energy: 909.486 Wh (= 5 km in an electric car, or 23 km with an e-scooter!)

