
RAxML-NG v. 1.0.0 released on 07.08.2020 by The Exelixis Lab.
Developed by: Alexey M. Kozlov and Alexandros Stamatakis.
Contributors: Diego Darriba, Tomas Flouri, Benoit Morel, Sarah Lutteropp, Ben Bettisworth.
Latest version: https://github.com/amkozlov/raxml-ng
Questions/problems/suggestions? Please visit: https://groups.google.com/forum/#!forum/raxml

System: Intel(R) Xeon(R) CPU E5-2670 v2 @ 2.50GHz, 20 cores, 62 GB RAM

RAxML-NG was called at 24-Jun-2021 15:07:54 as follows:

/global/home/users/uricchio/software/raxml-ng-master/raxml-ng --model GTR+G --prefix trees_xen_ref_orig_DNA/t64d10k45.orig --redo --msa trees_xen_ref_orig_DNA/t64d10k45.orig.raxml.rba

Analysis options:
  run mode: ML tree search
  start tree(s): random (10) + parsimony (10)
  random seed: 1624572474
  tip-inner: OFF
  pattern compression: ON
  per-rate scalers: OFF
  site repeats: ON
  fast spr radius: AUTO
  spr subtree cutoff: 1.000000
  branch lengths: proportional (ML estimate, algorithm: NR-FAST)
  SIMD kernels: AVX
  parallelization: coarse-grained (auto), PTHREADS (auto)

WARNING: Running in REDO mode: existing checkpoints are ignored, and all result files will be overwritten!

WARNING: The model you specified on the command line (GTR+G) will be ignored 
         since the binary MSA file already contains a model definition.
         If you want to change the model, please re-run RAxML-NG 
         with the original PHYLIP/FASTA alignment and --redo option.

[00:00:00] Loading binary alignment from file: trees_xen_ref_orig_DNA/t64d10k45.orig.raxml.rba
[00:00:00] Alignment comprises 60 taxa, 1 partitions and 4861 patterns

Partition 0: noname
Model: GTR+FO+G4m
Alignment sites / patterns: 9184 / 4861
Gaps: 43.96 %
Invariant sites: 49.84 %


Parallelization scheme autoconfig: 5 worker(s) x 4 thread(s)

Parallel reduction/worker buffer size: 1 KB  / 0 KB

[00:00:00] Generating 10 random starting tree(s) with 60 taxa
[00:00:00] Generating 10 parsimony starting tree(s) with 60 taxa
[00:00:00] Data distribution: max. partitions/sites/weight per thread: 1 / 1216 / 19456
[00:00:00] Data distribution: max. searches per worker: 4

Starting ML tree search with 20 distinct starting trees

[00:00:00 -188509.001344] Initial branch length optimization
[00:00:00 -169536.396159] Model parameter optimization (eps = 10.000000)
[00:00:03 -162828.058337] AUTODETECT spr round 1 (radius: 5)
[00:00:04 -124842.425558] AUTODETECT spr round 2 (radius: 10)
[00:00:06 -119369.264225] AUTODETECT spr round 3 (radius: 15)
[00:00:07 -119369.097570] AUTODETECT spr round 4 (radius: 20)
[00:00:08 -119369.077792] SPR radius for FAST iterations: 15 (autodetect)
[00:00:08 -119369.077792] Model parameter optimization (eps = 3.000000)
[00:00:09 -119274.690905] FAST spr round 1 (radius: 15)
[00:00:12 -113504.036626] FAST spr round 2 (radius: 15)
[00:00:14 -113081.280665] FAST spr round 3 (radius: 15)
[00:00:15 -113042.763081] FAST spr round 4 (radius: 15)
[00:00:17 -113031.436316] FAST spr round 5 (radius: 15)
[00:00:18 -113027.553933] FAST spr round 6 (radius: 15)
[00:00:20 -113023.280683] FAST spr round 7 (radius: 15)
[00:00:23 -113020.302811] FAST spr round 8 (radius: 15)
[00:00:24 -113020.302747] Model parameter optimization (eps = 1.000000)
[00:00:25 -113011.124272] SLOW spr round 1 (radius: 5)
[00:00:30 -113011.123881] SLOW spr round 2 (radius: 10)
[00:00:31] [worker #4] ML tree search #5, logLikelihood: -113018.379405
[00:00:33] [worker #2] ML tree search #3, logLikelihood: -113011.081209
[00:00:35 -113011.123867] SLOW spr round 3 (radius: 15)
[00:00:37 -113011.123866] SLOW spr round 4 (radius: 20)
[00:00:37 -113011.123866] SLOW spr round 5 (radius: 25)
[00:00:38 -113011.123866] Model parameter optimization (eps = 0.100000)

[00:00:38] [worker #0] ML tree search #1, logLikelihood: -113011.082297

[00:00:38 -184060.699437] Initial branch length optimization
[00:00:38 -166354.066019] Model parameter optimization (eps = 10.000000)
[00:00:39] [worker #3] ML tree search #4, logLikelihood: -113011.078993
[00:00:40 -160023.604720] AUTODETECT spr round 1 (radius: 5)
[00:00:41 -127667.111783] AUTODETECT spr round 2 (radius: 10)
[00:00:42 -116867.695710] AUTODETECT spr round 3 (radius: 15)
[00:00:43 -116867.037559] AUTODETECT spr round 4 (radius: 20)
[00:00:43 -116867.012942] SPR radius for FAST iterations: 15 (autodetect)
[00:00:43 -116867.012942] Model parameter optimization (eps = 3.000000)
[00:00:44 -116761.570936] FAST spr round 1 (radius: 15)
[00:00:47] [worker #1] ML tree search #2, logLikelihood: -113011.106823
[00:00:47 -113685.296704] FAST spr round 2 (radius: 15)
[00:00:48 -113242.209959] FAST spr round 3 (radius: 15)
[00:00:50 -113231.109394] FAST spr round 4 (radius: 15)
[00:00:51 -113221.373344] FAST spr round 5 (radius: 15)
[00:00:53 -113032.119431] FAST spr round 6 (radius: 15)
[00:00:54 -113029.106298] FAST spr round 7 (radius: 15)
[00:00:56 -113027.821009] FAST spr round 8 (radius: 15)
[00:00:57 -113012.805089] FAST spr round 9 (radius: 15)
[00:00:58 -113012.804971] Model parameter optimization (eps = 1.000000)
[00:00:59 -113011.086007] SLOW spr round 1 (radius: 5)
[00:00:59] [worker #4] ML tree search #10, logLikelihood: -113033.600607
[00:01:04] [worker #2] ML tree search #8, logLikelihood: -113011.086626
[00:01:04 -113011.085955] SLOW spr round 2 (radius: 10)
[00:01:09 -113011.085952] SLOW spr round 3 (radius: 15)
[00:01:11] [worker #3] ML tree search #9, logLikelihood: -113011.082495
[00:01:11 -113011.085952] SLOW spr round 4 (radius: 20)
[00:01:12 -113011.085952] SLOW spr round 5 (radius: 25)
[00:01:12 -113011.085952] Model parameter optimization (eps = 0.100000)

[00:01:12] [worker #0] ML tree search #6, logLikelihood: -113011.080666

[00:01:12 -125041.540574] Initial branch length optimization
[00:01:12 -117975.664066] Model parameter optimization (eps = 10.000000)
[00:01:13 -114603.811863] AUTODETECT spr round 1 (radius: 5)
[00:01:14 -113405.393912] AUTODETECT spr round 2 (radius: 10)
[00:01:15 -113405.385654] SPR radius for FAST iterations: 5 (autodetect)
[00:01:15 -113405.385654] Model parameter optimization (eps = 3.000000)
[00:01:15 -113403.715154] FAST spr round 1 (radius: 5)
[00:01:17 -113183.311121] FAST spr round 2 (radius: 5)
[00:01:17] [worker #1] ML tree search #7, logLikelihood: -113018.388297
[00:01:18 -113160.834877] FAST spr round 3 (radius: 5)
[00:01:20] [worker #4] ML tree search #15, logLikelihood: -113018.375180
[00:01:20 -113099.957840] FAST spr round 4 (radius: 5)
[00:01:21 -113082.928660] FAST spr round 5 (radius: 5)
[00:01:23 -113080.560426] FAST spr round 6 (radius: 5)
[00:01:24 -113063.997798] FAST spr round 7 (radius: 5)
[00:01:25 -113063.997333] Model parameter optimization (eps = 1.000000)
[00:01:26 -113063.389073] SLOW spr round 1 (radius: 5)
[00:01:26] [worker #2] ML tree search #13, logLikelihood: -113011.079638
[00:01:30 -113052.197170] SLOW spr round 2 (radius: 5)
[00:01:35 -113042.253846] SLOW spr round 3 (radius: 5)
[00:01:39 -113035.008237] SLOW spr round 4 (radius: 5)
[00:01:42] [worker #4] ML tree search #20, logLikelihood: -113018.384296
[00:01:43 -113035.007842] SLOW spr round 5 (radius: 10)
[00:01:47 -113011.652334] SLOW spr round 6 (radius: 5)
[00:01:56 -113011.646340] SLOW spr round 7 (radius: 10)
[00:01:56] [worker #1] ML tree search #12, logLikelihood: -113011.091608
[00:01:56] [worker #3] ML tree search #14, logLikelihood: -113011.095119
[00:02:01] [worker #2] ML tree search #18, logLikelihood: -113018.402723
[00:02:01 -113011.645924] SLOW spr round 8 (radius: 15)
[00:02:04 -113011.645895] SLOW spr round 9 (radius: 20)
[00:02:04 -113011.645893] SLOW spr round 10 (radius: 25)
[00:02:04 -113011.645893] Model parameter optimization (eps = 0.100000)

[00:02:05] [worker #0] ML tree search #11, logLikelihood: -113011.080288

[00:02:05 -125395.376822] Initial branch length optimization
[00:02:05 -118783.399989] Model parameter optimization (eps = 10.000000)
[00:02:06 -115476.501609] AUTODETECT spr round 1 (radius: 5)
[00:02:06 -113121.778405] AUTODETECT spr round 2 (radius: 10)
[00:02:08 -113121.777641] SPR radius for FAST iterations: 5 (autodetect)
[00:02:09 -113121.777641] Model parameter optimization (eps = 3.000000)
[00:02:09 -113118.448399] FAST spr round 1 (radius: 5)
[00:02:11 -113073.517905] FAST spr round 2 (radius: 5)
[00:02:12 -113054.517778] FAST spr round 3 (radius: 5)
[00:02:13 -113048.360779] FAST spr round 4 (radius: 5)
[00:02:14 -113045.080282] FAST spr round 5 (radius: 5)
[00:02:15 -113042.181055] FAST spr round 6 (radius: 5)
[00:02:17 -113025.788760] FAST spr round 7 (radius: 5)
[00:02:18 -113025.788501] Model parameter optimization (eps = 1.000000)
[00:02:18 -113025.536197] SLOW spr round 1 (radius: 5)
[00:02:22] [worker #3] ML tree search #19, logLikelihood: -113018.376043
[00:02:23 -113025.536026] SLOW spr round 2 (radius: 10)
[00:02:27 -113025.536020] SLOW spr round 3 (radius: 15)
[00:02:30 -113025.536020] SLOW spr round 4 (radius: 20)
[00:02:30 -113025.536020] SLOW spr round 5 (radius: 25)
[00:02:31 -113025.536020] Model parameter optimization (eps = 0.100000)

[00:02:31] [worker #0] ML tree search #16, logLikelihood: -113025.486195

[00:02:37] [worker #1] ML tree search #17, logLikelihood: -113011.098358

Optimized model parameters:

   Partition 0: noname
   Rate heterogeneity: GAMMA (4 cats, mean),  alpha: 0.529463 (ML),  weights&rates: (0.250000,0.038970) (0.250000,0.270715) (0.250000,0.840576) (0.250000,2.849738) 
   Base frequencies (ML): 0.289650 0.208827 0.211744 0.289779 
   Substitution rates (ML): 1.237501 2.771204 1.089642 0.978646 3.372309 1.000000 


Final LogLikelihood: -113011.078993

AIC score: 226274.157985 / AICc score: 226277.691606 / BIC score: 227171.935468
Free parameters (model + branch lengths): 126

Best ML tree saved to: /global/home/users/uricchio/software/HybPiper-master/sodiumChannelPaperAnalyses/trees_xen_ref_orig_DNA/t64d10k45.orig.raxml.bestTree
All ML trees saved to: /global/home/users/uricchio/software/HybPiper-master/sodiumChannelPaperAnalyses/trees_xen_ref_orig_DNA/t64d10k45.orig.raxml.mlTrees
Optimized model saved to: /global/home/users/uricchio/software/HybPiper-master/sodiumChannelPaperAnalyses/trees_xen_ref_orig_DNA/t64d10k45.orig.raxml.bestModel

Execution log saved to: /global/home/users/uricchio/software/HybPiper-master/sodiumChannelPaperAnalyses/trees_xen_ref_orig_DNA/t64d10k45.orig.raxml.log

Analysis started: 24-Jun-2021 15:07:54 / finished: 24-Jun-2021 15:10:32

Elapsed time: 157.834 seconds

Consumed energy: 8.902 Wh

