
RAxML-NG v. 1.0.0 released on 07.08.2020 by The Exelixis Lab.
Developed by: Alexey M. Kozlov and Alexandros Stamatakis.
Contributors: Diego Darriba, Tomas Flouri, Benoit Morel, Sarah Lutteropp, Ben Bettisworth.
Latest version: https://github.com/amkozlov/raxml-ng
Questions/problems/suggestions? Please visit: https://groups.google.com/forum/#!forum/raxml

System: Intel(R) Xeon(R) CPU E5-2670 v2 @ 2.50GHz, 20 cores, 62 GB RAM

RAxML-NG was called at 24-Jun-2021 15:08:33 as follows:

/global/home/users/uricchio/software/raxml-ng-master/raxml-ng --model GTR+G --prefix trees_xen_ref_orig_DNA/t68d10k45.orig --redo --msa trees_xen_ref_orig_DNA/t68d10k45.orig.raxml.rba

Analysis options:
  run mode: ML tree search
  start tree(s): random (10) + parsimony (10)
  random seed: 1624572513
  tip-inner: OFF
  pattern compression: ON
  per-rate scalers: OFF
  site repeats: ON
  fast spr radius: AUTO
  spr subtree cutoff: 1.000000
  branch lengths: proportional (ML estimate, algorithm: NR-FAST)
  SIMD kernels: AVX
  parallelization: coarse-grained (auto), PTHREADS (auto)

WARNING: Running in REDO mode: existing checkpoints are ignored, and all result files will be overwritten!

WARNING: The model you specified on the command line (GTR+G) will be ignored 
         since the binary MSA file already contains a model definition.
         If you want to change the model, please re-run RAxML-NG 
         with the original PHYLIP/FASTA alignment and --redo option.

[00:00:00] Loading binary alignment from file: trees_xen_ref_orig_DNA/t68d10k45.orig.raxml.rba
[00:00:00] Alignment comprises 60 taxa, 1 partitions and 4696 patterns

Partition 0: noname
Model: GTR+FO+G4m
Alignment sites / patterns: 8553 / 4696
Gaps: 41.59 %
Invariant sites: 47.52 %


Parallelization scheme autoconfig: 5 worker(s) x 4 thread(s)

Parallel reduction/worker buffer size: 1 KB  / 0 KB

[00:00:00] Generating 10 random starting tree(s) with 60 taxa
[00:00:00] Generating 10 parsimony starting tree(s) with 60 taxa
[00:00:00] Data distribution: max. partitions/sites/weight per thread: 1 / 1174 / 18784
[00:00:00] Data distribution: max. searches per worker: 4

Starting ML tree search with 20 distinct starting trees

[00:00:00 -183795.708280] Initial branch length optimization
[00:00:00 -165132.368270] Model parameter optimization (eps = 10.000000)
[00:00:05 -158317.488751] AUTODETECT spr round 1 (radius: 5)
[00:00:06 -127448.844238] AUTODETECT spr round 2 (radius: 10)
[00:00:07 -115850.746538] AUTODETECT spr round 3 (radius: 15)
[00:00:09 -115425.649904] AUTODETECT spr round 4 (radius: 20)
[00:00:09 -115425.353774] AUTODETECT spr round 5 (radius: 25)
[00:00:10 -115425.315287] SPR radius for FAST iterations: 20 (autodetect)
[00:00:10 -115425.315287] Model parameter optimization (eps = 3.000000)
[00:00:11 -115140.183168] FAST spr round 1 (radius: 20)
[00:00:14 -110464.295586] FAST spr round 2 (radius: 20)
[00:00:16 -110237.595059] FAST spr round 3 (radius: 20)
[00:00:19 -110230.446741] FAST spr round 4 (radius: 20)
[00:00:21 -110223.177009] FAST spr round 5 (radius: 20)
[00:00:23 -110216.633718] FAST spr round 6 (radius: 20)
[00:00:25 -110215.919200] FAST spr round 7 (radius: 20)
[00:00:27 -110215.919164] Model parameter optimization (eps = 1.000000)
[00:00:27 -110211.805563] SLOW spr round 1 (radius: 5)
[00:00:32 -110211.801977] SLOW spr round 2 (radius: 10)
[00:00:36 -110211.801843] SLOW spr round 3 (radius: 15)
[00:00:39] [worker #1] ML tree search #2, logLikelihood: -110451.464957
[00:00:39] [worker #4] ML tree search #5, logLikelihood: -110142.922054
[00:00:41 -110211.801837] SLOW spr round 4 (radius: 20)
[00:00:44 -110211.801837] SLOW spr round 5 (radius: 25)
[00:00:44 -110211.801837] Model parameter optimization (eps = 0.100000)

[00:00:44] [worker #0] ML tree search #1, logLikelihood: -110211.798243

[00:00:44 -187056.948120] Initial branch length optimization
[00:00:44 -166894.039384] Model parameter optimization (eps = 10.000000)
[00:00:45] [worker #3] ML tree search #4, logLikelihood: -110215.176365
[00:00:46] [worker #2] ML tree search #3, logLikelihood: -110147.925962
[00:00:48 -159801.875526] AUTODETECT spr round 1 (radius: 5)
[00:00:49 -121294.137026] AUTODETECT spr round 2 (radius: 10)
[00:00:50 -115238.032006] AUTODETECT spr round 3 (radius: 15)
[00:00:51 -115237.436845] AUTODETECT spr round 4 (radius: 20)
[00:00:51 -115237.414732] SPR radius for FAST iterations: 15 (autodetect)
[00:00:51 -115237.414732] Model parameter optimization (eps = 3.000000)
[00:00:53 -114922.046465] FAST spr round 1 (radius: 15)
[00:00:57 -110381.791753] FAST spr round 2 (radius: 15)
[00:00:58 -110217.114601] FAST spr round 3 (radius: 15)
[00:01:00 -110199.470878] FAST spr round 4 (radius: 15)
[00:01:01 -110183.925550] FAST spr round 5 (radius: 15)
[00:01:03 -110181.099499] FAST spr round 6 (radius: 15)
[00:01:04 -110179.591577] FAST spr round 7 (radius: 15)
[00:01:06 -110170.516725] FAST spr round 8 (radius: 15)
[00:01:07 -110165.311627] FAST spr round 9 (radius: 15)
[00:01:09 -110156.541213] FAST spr round 10 (radius: 15)
[00:01:10 -110151.687474] FAST spr round 11 (radius: 15)
[00:01:12 -110151.687140] Model parameter optimization (eps = 1.000000)
[00:01:12 -110147.943576] SLOW spr round 1 (radius: 5)
[00:01:15] [worker #1] ML tree search #7, logLikelihood: -110147.926792
[00:01:17 -110147.938774] SLOW spr round 2 (radius: 10)
[00:01:18] [worker #4] ML tree search #10, logLikelihood: -110147.940771
[00:01:21 -110147.938571] SLOW spr round 3 (radius: 15)
[00:01:25] [worker #3] ML tree search #9, logLikelihood: -110448.540593
[00:01:25 -110147.938562] SLOW spr round 4 (radius: 20)
[00:01:29 -110147.938562] SLOW spr round 5 (radius: 25)
[00:01:30 -110147.938562] Model parameter optimization (eps = 0.100000)

[00:01:30] [worker #0] ML tree search #6, logLikelihood: -110147.927844

[00:01:30 -121217.034055] Initial branch length optimization
[00:01:30 -114674.570852] Model parameter optimization (eps = 10.000000)
[00:01:30] [worker #2] ML tree search #8, logLikelihood: -110147.931984
[00:01:31 -111430.509130] AUTODETECT spr round 1 (radius: 5)
[00:01:32 -110367.530147] AUTODETECT spr round 2 (radius: 10)
[00:01:33 -110367.526553] SPR radius for FAST iterations: 5 (autodetect)
[00:01:33 -110367.526553] Model parameter optimization (eps = 3.000000)
[00:01:33 -110366.125682] FAST spr round 1 (radius: 5)
[00:01:35 -110333.060186] FAST spr round 2 (radius: 5)
[00:01:36 -110319.509520] FAST spr round 3 (radius: 5)
[00:01:38 -110308.628435] FAST spr round 4 (radius: 5)
[00:01:39 -110306.786103] FAST spr round 5 (radius: 5)
[00:01:40 -110305.784580] FAST spr round 6 (radius: 5)
[00:01:41] [worker #1] ML tree search #12, logLikelihood: -110142.922455
[00:01:42 -110305.784576] Model parameter optimization (eps = 1.000000)
[00:01:42] [worker #4] ML tree search #15, logLikelihood: -110147.934620
[00:01:42 -110305.609153] SLOW spr round 1 (radius: 5)
[00:01:46 -110305.609092] SLOW spr round 2 (radius: 10)
[00:01:51 -110305.609091] SLOW spr round 3 (radius: 15)
[00:01:51] [worker #3] ML tree search #14, logLikelihood: -110214.595247
[00:01:55] [worker #2] ML tree search #13, logLikelihood: -110488.050782
[00:01:55 -110305.609091] SLOW spr round 4 (radius: 20)
[00:01:55 -110305.609091] SLOW spr round 5 (radius: 25)
[00:01:55 -110305.609091] Model parameter optimization (eps = 0.100000)

[00:01:55] [worker #0] ML tree search #11, logLikelihood: -110305.570446

[00:01:55 -119769.087735] Initial branch length optimization
[00:01:55 -114478.669873] Model parameter optimization (eps = 10.000000)
[00:01:56 -111276.168859] AUTODETECT spr round 1 (radius: 5)
[00:01:57 -110501.453741] AUTODETECT spr round 2 (radius: 10)
[00:01:59 -110501.451302] SPR radius for FAST iterations: 5 (autodetect)
[00:01:59 -110501.451302] Model parameter optimization (eps = 3.000000)
[00:01:59 -110501.002263] FAST spr round 1 (radius: 5)
[00:02:00 -110475.594016] FAST spr round 2 (radius: 5)
[00:02:02 -110454.468703] FAST spr round 3 (radius: 5)
[00:02:03 -110452.456236] FAST spr round 4 (radius: 5)
[00:02:05 -110452.456226] Model parameter optimization (eps = 1.000000)
[00:02:06 -110452.211726] SLOW spr round 1 (radius: 5)
[00:02:07] [worker #1] ML tree search #17, logLikelihood: -110314.199150
[00:02:10 -110452.210224] SLOW spr round 2 (radius: 10)
[00:02:15 -110452.210156] SLOW spr round 3 (radius: 15)
[00:02:16] [worker #4] ML tree search #20, logLikelihood: -110142.936877
[00:02:18 -110452.210153] SLOW spr round 4 (radius: 20)
[00:02:18 -110452.210153] SLOW spr round 5 (radius: 25)
[00:02:18 -110452.210153] Model parameter optimization (eps = 0.100000)

[00:02:19] [worker #0] ML tree search #16, logLikelihood: -110452.173260

[00:02:22] [worker #2] ML tree search #18, logLikelihood: -110211.800452
[00:02:23] [worker #3] ML tree search #19, logLikelihood: -110142.927750

Optimized model parameters:

   Partition 0: noname
   Rate heterogeneity: GAMMA (4 cats, mean),  alpha: 0.536976 (ML),  weights&rates: (0.250000,0.040429) (0.250000,0.275371) (0.250000,0.845414) (0.250000,2.838785) 
   Base frequencies (ML): 0.285776 0.211227 0.217772 0.285224 
   Substitution rates (ML): 1.244476 2.854876 1.191217 1.007135 3.561749 1.000000 


Final LogLikelihood: -110142.922054

AIC score: 220537.844109 / AICc score: 220541.642352 / BIC score: 221426.652818
Free parameters (model + branch lengths): 126

Best ML tree saved to: /global/home/users/uricchio/software/HybPiper-master/sodiumChannelPaperAnalyses/trees_xen_ref_orig_DNA/t68d10k45.orig.raxml.bestTree
All ML trees saved to: /global/home/users/uricchio/software/HybPiper-master/sodiumChannelPaperAnalyses/trees_xen_ref_orig_DNA/t68d10k45.orig.raxml.mlTrees
Optimized model saved to: /global/home/users/uricchio/software/HybPiper-master/sodiumChannelPaperAnalyses/trees_xen_ref_orig_DNA/t68d10k45.orig.raxml.bestModel

Execution log saved to: /global/home/users/uricchio/software/HybPiper-master/sodiumChannelPaperAnalyses/trees_xen_ref_orig_DNA/t68d10k45.orig.raxml.log

Analysis started: 24-Jun-2021 15:08:33 / finished: 24-Jun-2021 15:10:57

Elapsed time: 143.566 seconds

Consumed energy: 8.892 Wh

