
RAxML-NG v. 1.0.0 released on 07.08.2020 by The Exelixis Lab.
Developed by: Alexey M. Kozlov and Alexandros Stamatakis.
Contributors: Diego Darriba, Tomas Flouri, Benoit Morel, Sarah Lutteropp, Ben Bettisworth.
Latest version: https://github.com/amkozlov/raxml-ng
Questions/problems/suggestions? Please visit: https://groups.google.com/forum/#!forum/raxml

System: Intel(R) Xeon(R) CPU E5-2670 v2 @ 2.50GHz, 20 cores, 62 GB RAM

RAxML-NG was called at 06-Jan-2021 13:54:50 as follows:

/global/home/users/uricchio/software/raxml-ng-master/raxml-ng --msa trees/t60d10k35.pruned.raxml.rba --model PROTGTR --prefix trees/t60d10k35.pruned --redo

Analysis options:
  run mode: ML tree search
  start tree(s): random (10) + parsimony (10)
  random seed: 1609970090
  tip-inner: OFF
  pattern compression: ON
  per-rate scalers: OFF
  site repeats: ON
  fast spr radius: AUTO
  spr subtree cutoff: 1.000000
  branch lengths: proportional (ML estimate, algorithm: NR-FAST)
  SIMD kernels: AVX
  parallelization: coarse-grained (auto), PTHREADS (auto)

WARNING: Running in REDO mode: existing checkpoints are ignored, and all result files will be overwritten!

WARNING: The model you specified on the command line (PROTGTR) will be ignored 
         since the binary MSA file already contains a model definition.
         If you want to change the model, please re-run RAxML-NG 
         with the original PHYLIP/FASTA alignment and --redo option.

[00:00:00] Loading binary alignment from file: trees/t60d10k35.pruned.raxml.rba
[00:00:00] Alignment comprises 60 taxa, 1 partitions and 1772 patterns

Partition 0: noname
Model: PROTGTR+FO
Alignment sites / patterns: 2443 / 1772
Gaps: 35.99 %
Invariant sites: 44.62 %


Parallelization scheme autoconfig: 10 worker(s) x 2 thread(s)

Parallel reduction/worker buffer size: 1 KB  / 0 KB

[00:00:00] Generating 10 random starting tree(s) with 60 taxa
[00:00:00] Generating 10 parsimony starting tree(s) with 60 taxa
[00:00:00] Data distribution: max. partitions/sites/weight per thread: 1 / 886 / 17720
[00:00:00] Data distribution: max. searches per worker: 2

Starting ML tree search with 20 distinct starting trees

[00:00:00 -88263.824457] Initial branch length optimization
[00:00:00 -80433.507891] Model parameter optimization (eps = 10.000000)
[00:16:47 -73398.236966] AUTODETECT spr round 1 (radius: 5)
[00:16:49 -47402.996601] AUTODETECT spr round 2 (radius: 10)
[00:16:52 -46348.808622] AUTODETECT spr round 3 (radius: 15)
[00:16:55 -46348.808428] SPR radius for FAST iterations: 10 (autodetect)
[00:16:55 -46348.808428] Model parameter optimization (eps = 3.000000)
[00:20:51] [worker #6] ML tree search #7, logLikelihood: -44170.102223
[00:21:40] [worker #5] ML tree search #6, logLikelihood: -44249.167251
[00:22:12] [worker #4] ML tree search #5, logLikelihood: -44170.147821
[00:22:25] [worker #2] ML tree search #3, logLikelihood: -44170.104278
[00:23:57] [worker #3] ML tree search #4, logLikelihood: -44175.134998
[00:24:56 -46065.906044] FAST spr round 1 (radius: 10)
[00:25:01 -44282.960665] FAST spr round 2 (radius: 10)
[00:25:04 -44224.744423] FAST spr round 3 (radius: 10)
[00:25:07 -44220.248864] FAST spr round 4 (radius: 10)
[00:25:10 -44217.307605] FAST spr round 5 (radius: 10)
[00:25:13 -44215.004226] FAST spr round 6 (radius: 10)
[00:25:14] [worker #7] ML tree search #8, logLikelihood: -44175.064993
[00:25:16 -44207.496292] FAST spr round 7 (radius: 10)
[00:25:19 -44205.907445] FAST spr round 8 (radius: 10)
[00:25:21 -44204.705211] FAST spr round 9 (radius: 10)
[00:25:24 -44203.226375] FAST spr round 10 (radius: 10)
[00:25:27 -44203.226243] Model parameter optimization (eps = 1.000000)
[00:25:36] [worker #1] ML tree search #2, logLikelihood: -44170.125628
[00:25:56] [worker #8] ML tree search #9, logLikelihood: -44179.725510
[00:29:28 -44175.193655] SLOW spr round 1 (radius: 5)
[00:29:36 -44175.193518] SLOW spr round 2 (radius: 10)
[00:29:43 -44175.193516] SLOW spr round 3 (radius: 15)
[00:29:49 -44175.193516] SLOW spr round 4 (radius: 20)
[00:29:51 -44175.193516] SLOW spr round 5 (radius: 25)
[00:29:51 -44175.193516] Model parameter optimization (eps = 0.100000)

[00:30:54] [worker #0] ML tree search #1, logLikelihood: -44175.060128

[00:30:54 -56273.163334] Initial branch length optimization
[00:30:54 -48554.101821] Model parameter optimization (eps = 10.000000)
[00:32:17] [worker #9] ML tree search #10, logLikelihood: -44174.756432
[00:33:49] [worker #5] ML tree search #16, logLikelihood: -44170.189171
[00:34:59] [worker #2] ML tree search #13, logLikelihood: -44156.072864
[00:35:00] [worker #3] ML tree search #14, logLikelihood: -44170.185978
[00:35:14] [worker #4] ML tree search #15, logLikelihood: -44158.104068
[00:35:16] [worker #6] ML tree search #17, logLikelihood: -44181.205609
[00:35:19] [worker #8] ML tree search #19, logLikelihood: -44186.477755
[00:36:11] [worker #1] ML tree search #12, logLikelihood: -44165.592120
[00:36:20 -44908.668121] AUTODETECT spr round 1 (radius: 5)
[00:36:21 -44462.775595] AUTODETECT spr round 2 (radius: 10)
[00:36:25 -44297.306792] AUTODETECT spr round 3 (radius: 15)
[00:36:27 -44297.299638] SPR radius for FAST iterations: 10 (autodetect)
[00:36:27 -44297.299638] Model parameter optimization (eps = 3.000000)
[00:37:32] [worker #7] ML tree search #18, logLikelihood: -44179.744655
[00:39:29 -44283.190262] FAST spr round 1 (radius: 10)
[00:39:32 -44259.749938] FAST spr round 2 (radius: 10)
[00:39:34 -44257.429164] FAST spr round 3 (radius: 10)
[00:39:37 -44223.725443] FAST spr round 4 (radius: 10)
[00:39:40 -44191.361382] FAST spr round 5 (radius: 10)
[00:39:42 -44189.362083] FAST spr round 6 (radius: 10)
[00:39:45 -44188.082723] FAST spr round 7 (radius: 10)
[00:39:47 -44184.373705] FAST spr round 8 (radius: 10)
[00:39:50 -44183.385944] FAST spr round 9 (radius: 10)
[00:39:53 -44182.353351] FAST spr round 10 (radius: 10)
[00:39:55 -44181.069663] FAST spr round 11 (radius: 10)
[00:39:58 -44181.069626] Model parameter optimization (eps = 1.000000)
[00:41:42 -44175.177491] SLOW spr round 1 (radius: 5)
[00:41:49 -44175.177320] SLOW spr round 2 (radius: 10)
[00:41:56 -44175.177318] SLOW spr round 3 (radius: 15)
[00:42:02 -44175.177318] SLOW spr round 4 (radius: 20)
[00:42:04 -44175.177318] SLOW spr round 5 (radius: 25)
[00:42:04 -44175.177318] Model parameter optimization (eps = 0.100000)

[00:42:38] [worker #0] ML tree search #11, logLikelihood: -44175.093941

[00:42:47] [worker #9] ML tree search #20, logLikelihood: -44165.511231

Optimized model parameters:

   Partition 0: noname
   Rate heterogeneity: NONE
   Base frequencies (ML): 0.049084 0.042666 0.052751 0.039675 0.025284 0.025613 0.061650 0.051047 0.012580 0.085202 0.107778 0.055670 0.033807 0.075915 0.033360 0.071014 0.053698 0.014551 0.036968 0.071688 
   Substitution rates (ML): 0.494966 1.735345 1.566779 0.829269 1.680058 1.289599 3.034351 0.771776 1.268401 1.129154 1.385019 1.018365 0.657330 3.484148 6.871155 5.708547 1.192549 0.385092 3.848888 1.336433 0.721116 0.540265 5.110190 0.401293 0.929413 5.910884 0.678630 1.106823 9.552835 0.035442 0.851648 1.145016 1.291804 0.551600 0.484169 1.883496 0.142384 4.815620 0.001000 2.117829 1.297503 1.109290 11.861041 0.481930 0.183577 2.188659 0.339779 0.430338 0.556931 3.769059 2.103290 0.504944 2.371260 0.854263 0.001000 1.306590 9.264734 1.456008 2.318981 0.624144 0.474934 0.938312 0.733993 0.325082 1.175302 1.399233 1.450635 0.180221 1.535516 0.386504 1.013964 0.454862 1.079154 1.638596 1.095866 1.201202 0.505317 1.798290 1.364394 0.001000 1.993988 0.977939 6.059507 1.626292 0.965916 6.123986 0.440817 12.390660 0.112229 1.051832 8.193906 1.985988 0.834263 3.126849 2.274635 1.834385 1.553329 1.690765 0.523995 1.688353 2.585755 0.146565 0.463801 1.716028 0.224563 0.122499 1.122031 1.929661 1.569383 0.001000 0.374624 1.056905 2.636699 0.219204 0.080026 0.727841 0.489710 0.504700 0.358343 3.694258 0.979048 0.164953 0.976083 0.748773 0.601417 2.416690 1.808298 0.236466 2.073144 3.268886 1.602970 1.074211 0.001000 12.288724 1.165070 2.981131 0.909286 4.664622 1.476620 0.157803 0.654706 2.259742 0.473270 1.464447 8.837818 0.770203 5.151049 2.155450 0.888034 0.860282 0.465953 0.487546 0.742614 2.448403 0.292808 0.251306 1.236131 0.833745 1.633933 0.643906 1.212110 1.228459 1.303019 0.489688 0.248433 1.607019 0.001000 0.148932 2.402527 0.146037 1.195803 0.856104 1.467548 10.117161 0.936496 2.781507 1.163922 0.001000 0.813618 0.290051 8.011949 0.132124 1.678498 0.321874 0.217712 0.919480 2.846099 2.432419 0.179298 1.000000 


Final LogLikelihood: -44156.072864

AIC score: 88962.145728 / AICc score: 89062.240201 / BIC score: 90847.464901
Free parameters (model + branch lengths): 325

Best ML tree saved to: /global/home/users/uricchio/software/HybPiper-master/HPwrap/trees/t60d10k35.pruned.raxml.bestTree
All ML trees saved to: /global/home/users/uricchio/software/HybPiper-master/HPwrap/trees/t60d10k35.pruned.raxml.mlTrees
Optimized model saved to: /global/home/users/uricchio/software/HybPiper-master/HPwrap/trees/t60d10k35.pruned.raxml.bestModel

Execution log saved to: /global/home/users/uricchio/software/HybPiper-master/HPwrap/trees/t60d10k35.pruned.raxml.log

Analysis started: 06-Jan-2021 13:54:50 / finished: 06-Jan-2021 14:37:38

Elapsed time: 2567.721 seconds

Consumed energy: 150.526 Wh

