
RAxML-NG v. 1.0.0 released on 07.08.2020 by The Exelixis Lab.
Developed by: Alexey M. Kozlov and Alexandros Stamatakis.
Contributors: Diego Darriba, Tomas Flouri, Benoit Morel, Sarah Lutteropp, Ben Bettisworth.
Latest version: https://github.com/amkozlov/raxml-ng
Questions/problems/suggestions? Please visit: https://groups.google.com/forum/#!forum/raxml

System: Intel(R) Xeon(R) CPU E5-2670 v2 @ 2.50GHz, 20 cores, 62 GB RAM

RAxML-NG was called at 06-Jan-2021 16:26:04 as follows:

/global/home/users/uricchio/software/raxml-ng-master/raxml-ng --msa trees/t76d10k45.pruned.raxml.rba --model PROTGTR --prefix trees/t76d10k45.pruned --redo

Analysis options:
  run mode: ML tree search
  start tree(s): random (10) + parsimony (10)
  random seed: 1609979164
  tip-inner: OFF
  pattern compression: ON
  per-rate scalers: OFF
  site repeats: ON
  fast spr radius: AUTO
  spr subtree cutoff: 1.000000
  branch lengths: proportional (ML estimate, algorithm: NR-FAST)
  SIMD kernels: AVX
  parallelization: coarse-grained (auto), PTHREADS (auto)

WARNING: Running in REDO mode: existing checkpoints are ignored, and all result files will be overwritten!

WARNING: The model you specified on the command line (PROTGTR) will be ignored 
         since the binary MSA file already contains a model definition.
         If you want to change the model, please re-run RAxML-NG 
         with the original PHYLIP/FASTA alignment and --redo option.

[00:00:00] Loading binary alignment from file: trees/t76d10k45.pruned.raxml.rba
[00:00:00] Alignment comprises 60 taxa, 1 partitions and 1770 patterns

Partition 0: noname
Model: PROTGTR+FO
Alignment sites / patterns: 2475 / 1770
Gaps: 47.35 %
Invariant sites: 49.09 %


Parallelization scheme autoconfig: 10 worker(s) x 2 thread(s)

Parallel reduction/worker buffer size: 1 KB  / 0 KB

[00:00:00] Generating 10 random starting tree(s) with 60 taxa
[00:00:00] Generating 10 parsimony starting tree(s) with 60 taxa
[00:00:00] Data distribution: max. partitions/sites/weight per thread: 1 / 885 / 17700
[00:00:00] Data distribution: max. searches per worker: 2

Starting ML tree search with 20 distinct starting trees

[00:00:00 -72782.347588] Initial branch length optimization
[00:00:00 -66739.382841] Model parameter optimization (eps = 10.000000)
[00:16:21 -60638.405569] AUTODETECT spr round 1 (radius: 5)
[00:16:23 -39140.618806] AUTODETECT spr round 2 (radius: 10)
[00:16:27 -36979.619717] AUTODETECT spr round 3 (radius: 15)
[00:16:29 -36979.611841] SPR radius for FAST iterations: 10 (autodetect)
[00:16:29 -36979.611841] Model parameter optimization (eps = 3.000000)
[00:21:35] [worker #5] ML tree search #6, logLikelihood: -35702.726424
[00:22:18] [worker #8] ML tree search #9, logLikelihood: -35689.192685
[00:22:43 -36756.739824] FAST spr round 1 (radius: 10)
[00:22:47 -35841.388710] FAST spr round 2 (radius: 10)
[00:22:50 -35722.080333] FAST spr round 3 (radius: 10)
[00:22:53 -35704.079325] FAST spr round 4 (radius: 10)
[00:22:56 -35686.218492] FAST spr round 5 (radius: 10)
[00:22:58 -35685.624693] FAST spr round 6 (radius: 10)
[00:23:01 -35685.624641] Model parameter optimization (eps = 1.000000)
[00:23:29] [worker #1] ML tree search #2, logLikelihood: -35657.794965
[00:24:41] [worker #9] ML tree search #10, logLikelihood: -35648.276105
[00:25:01] [worker #2] ML tree search #3, logLikelihood: -35764.580015
[00:25:18] [worker #3] ML tree search #4, logLikelihood: -35712.157595
[00:25:21 -35659.968948] SLOW spr round 1 (radius: 5)
[00:25:27 -35659.968716] SLOW spr round 2 (radius: 10)
[00:25:33 -35659.968715] SLOW spr round 3 (radius: 15)
[00:25:42 -35652.538681] SLOW spr round 4 (radius: 5)
[00:25:53 -35652.538639] SLOW spr round 5 (radius: 10)
[00:26:00 -35652.538639] SLOW spr round 6 (radius: 15)
[00:26:08 -35652.538639] SLOW spr round 7 (radius: 20)
[00:26:12 -35652.538639] SLOW spr round 8 (radius: 25)
[00:26:13 -35652.538639] Model parameter optimization (eps = 0.100000)

[00:26:59] [worker #0] ML tree search #1, logLikelihood: -35652.372105

[00:26:59 -46800.856680] Initial branch length optimization
[00:26:59 -39370.133434] Model parameter optimization (eps = 10.000000)
[00:28:50] [worker #7] ML tree search #8, logLikelihood: -35646.129778
[00:29:26] [worker #4] ML tree search #5, logLikelihood: -35705.285121
[00:33:42] [worker #6] ML tree search #7, logLikelihood: -35694.964963
[00:34:37 -36266.114620] AUTODETECT spr round 1 (radius: 5)
[00:34:38 -36052.497753] AUTODETECT spr round 2 (radius: 10)
[00:34:42 -35926.658029] AUTODETECT spr round 3 (radius: 15)
[00:34:43 -35877.837572] AUTODETECT spr round 4 (radius: 20)
[00:34:45 -35877.837438] SPR radius for FAST iterations: 15 (autodetect)
[00:34:45 -35877.837438] Model parameter optimization (eps = 3.000000)
[00:35:41] [worker #8] ML tree search #19, logLikelihood: -35698.962040
[00:36:35] [worker #9] ML tree search #20, logLikelihood: -35650.783087
[00:36:40] [worker #1] ML tree search #12, logLikelihood: -35652.353789
[00:36:55 -35858.576744] FAST spr round 1 (radius: 15)
[00:36:58 -35751.153150] FAST spr round 2 (radius: 15)
[00:37:01 -35709.716785] FAST spr round 3 (radius: 15)
[00:37:03 -35709.500851] FAST spr round 4 (radius: 15)
[00:37:04] [worker #5] ML tree search #16, logLikelihood: -35715.312542
[00:37:06 -35709.500782] Model parameter optimization (eps = 1.000000)
[00:37:44] [worker #2] ML tree search #13, logLikelihood: -35787.052307
[00:39:21 -35703.192772] SLOW spr round 1 (radius: 5)
[00:39:28 -35696.438264] SLOW spr round 2 (radius: 5)
[00:39:33 -35696.438260] SLOW spr round 3 (radius: 10)
[00:39:39 -35696.438260] SLOW spr round 4 (radius: 15)
[00:39:45] [worker #7] ML tree search #18, logLikelihood: -35690.215684
[00:39:45 -35696.438260] SLOW spr round 5 (radius: 20)
[00:39:50 -35696.438260] SLOW spr round 6 (radius: 25)
[00:39:53 -35696.438260] Model parameter optimization (eps = 0.100000)

[00:40:51] [worker #0] ML tree search #11, logLikelihood: -35695.814417

[00:41:41] [worker #3] ML tree search #14, logLikelihood: -35644.918019
[00:45:32] [worker #4] ML tree search #15, logLikelihood: -35710.528250
[00:45:37] [worker #6] ML tree search #17, logLikelihood: -35644.937248

Optimized model parameters:

   Partition 0: noname
   Rate heterogeneity: NONE
   Base frequencies (ML): 0.049078 0.047035 0.056624 0.046591 0.027551 0.019819 0.058357 0.053720 0.011657 0.080632 0.105481 0.056236 0.036033 0.071554 0.035901 0.071493 0.050695 0.015505 0.031298 0.074739 
   Substitution rates (ML): 0.549760 0.825841 1.230506 1.287727 3.193669 1.323196 2.327170 0.683729 1.025979 1.420770 1.139986 0.871769 0.594067 4.217402 7.159516 5.137595 2.171841 0.375790 3.510298 0.992389 0.523554 0.466017 4.168501 0.319140 0.449532 8.130526 0.160872 0.536872 10.419213 0.374712 0.738373 0.718642 1.068306 0.293363 0.355583 0.922228 0.037127 4.278378 0.003508 2.931522 0.907222 0.960943 14.490706 0.771237 0.238523 2.158959 0.293672 0.039634 0.845296 3.801534 2.550874 0.625303 2.260609 0.853493 0.566101 1.994710 11.618920 1.694154 3.655531 0.827898 0.661115 0.664688 0.099126 0.349372 0.470478 0.857885 0.905166 0.001000 1.041782 0.361193 0.532669 0.640521 1.021747 0.933711 1.557190 0.556703 0.001000 0.866888 1.279505 0.001000 1.981936 0.677053 1.938446 0.863041 2.022378 7.076201 0.080811 21.755797 0.416887 2.248797 10.534211 2.521298 0.680709 2.758056 2.548847 2.349460 1.744890 2.136138 0.580063 1.179119 0.212682 0.157863 0.506197 1.594213 0.348281 0.361505 1.262127 1.242087 1.322994 0.001000 0.128952 1.288935 1.445549 0.063182 0.188864 0.859505 0.443428 0.078325 0.001000 3.787867 1.289874 0.204678 1.011547 0.863672 0.804753 3.670588 3.417851 0.001000 1.776190 1.108323 2.025282 2.162514 0.001000 17.186640 0.270949 3.259168 0.455772 5.002065 1.504616 0.298075 0.737480 2.802285 0.518201 0.736536 9.893167 0.573440 4.999278 2.286540 0.795859 0.878485 0.875444 0.646203 0.605538 2.139924 0.391789 0.289096 1.204750 0.322624 1.399926 0.410153 1.040532 1.606514 0.976770 0.173381 0.310967 1.428397 0.519851 0.552086 2.512151 0.046134 1.226444 0.686470 0.385263 10.368019 1.072686 2.952083 0.686216 0.001000 0.451143 0.134511 8.168859 0.358248 1.076883 0.579862 0.001000 1.119931 3.087839 2.832736 0.166787 1.000000 


Final LogLikelihood: -35644.918019

AIC score: 71939.836039 / AICc score: 72038.440041 / BIC score: 73829.384633
Free parameters (model + branch lengths): 325

Best ML tree saved to: /global/home/users/uricchio/software/HybPiper-master/HPwrap/trees/t76d10k45.pruned.raxml.bestTree
All ML trees saved to: /global/home/users/uricchio/software/HybPiper-master/HPwrap/trees/t76d10k45.pruned.raxml.mlTrees
Optimized model saved to: /global/home/users/uricchio/software/HybPiper-master/HPwrap/trees/t76d10k45.pruned.raxml.bestModel

Execution log saved to: /global/home/users/uricchio/software/HybPiper-master/HPwrap/trees/t76d10k45.pruned.raxml.log

Analysis started: 06-Jan-2021 16:26:04 / finished: 06-Jan-2021 17:11:41

Elapsed time: 2737.645 seconds

Consumed energy: 165.869 Wh

