
RAxML-NG v. 1.0.0 released on 07.08.2020 by The Exelixis Lab.
Developed by: Alexey M. Kozlov and Alexandros Stamatakis.
Contributors: Diego Darriba, Tomas Flouri, Benoit Morel, Sarah Lutteropp, Ben Bettisworth.
Latest version: https://github.com/amkozlov/raxml-ng
Questions/problems/suggestions? Please visit: https://groups.google.com/forum/#!forum/raxml

System: Intel(R) Xeon(R) CPU E5-2670 v2 @ 2.50GHz, 20 cores, 62 GB RAM

RAxML-NG was called at 14-Jun-2021 14:47:57 as follows:

/global/home/users/uricchio/software/raxml-ng-master/raxml-ng --model GTR+G --prefix trees_xen_ref_DNA/t80d10k45.orig --redo --msa trees_xen_ref_DNA/t80d10k45.orig.raxml.rba

Analysis options:
  run mode: ML tree search
  start tree(s): random (10) + parsimony (10)
  random seed: 1623707277
  tip-inner: OFF
  pattern compression: ON
  per-rate scalers: OFF
  site repeats: ON
  fast spr radius: AUTO
  spr subtree cutoff: 1.000000
  branch lengths: proportional (ML estimate, algorithm: NR-FAST)
  SIMD kernels: AVX
  parallelization: coarse-grained (auto), PTHREADS (auto)

WARNING: Running in REDO mode: existing checkpoints are ignored, and all result files will be overwritten!

WARNING: The model you specified on the command line (GTR+G) will be ignored 
         since the binary MSA file already contains a model definition.
         If you want to change the model, please re-run RAxML-NG 
         with the original PHYLIP/FASTA alignment and --redo option.

[00:00:00] Loading binary alignment from file: trees_xen_ref_DNA/t80d10k45.orig.raxml.rba
[00:00:00] Alignment comprises 60 taxa, 1 partitions and 4492 patterns

Partition 0: noname
Model: GTR+FO+G4m
Alignment sites / patterns: 7606 / 4492
Gaps: 43.36 %
Invariant sites: 43.58 %


Parallelization scheme autoconfig: 5 worker(s) x 4 thread(s)

Parallel reduction/worker buffer size: 1 KB  / 0 KB

[00:00:00] Generating 10 random starting tree(s) with 60 taxa
[00:00:00] Generating 10 parsimony starting tree(s) with 60 taxa
[00:00:00] Data distribution: max. partitions/sites/weight per thread: 1 / 1123 / 17968
[00:00:00] Data distribution: max. searches per worker: 4

Starting ML tree search with 20 distinct starting trees

[00:00:00 -157535.395795] Initial branch length optimization
[00:00:00 -141456.760863] Model parameter optimization (eps = 10.000000)
[00:00:04 -135344.782628] AUTODETECT spr round 1 (radius: 5)
[00:00:05 -97797.341312] AUTODETECT spr round 2 (radius: 10)
[00:00:06 -92130.315048] AUTODETECT spr round 3 (radius: 15)
[00:00:07 -92130.293162] SPR radius for FAST iterations: 10 (autodetect)
[00:00:07 -92130.293162] Model parameter optimization (eps = 3.000000)
[00:00:08 -91878.749431] FAST spr round 1 (radius: 10)
[00:00:11 -90490.237240] FAST spr round 2 (radius: 10)
[00:00:13 -90211.726656] FAST spr round 3 (radius: 10)
[00:00:15 -90195.351336] FAST spr round 4 (radius: 10)
[00:00:16 -90190.959676] FAST spr round 5 (radius: 10)
[00:00:18 -90186.321753] FAST spr round 6 (radius: 10)
[00:00:20 -90184.803093] FAST spr round 7 (radius: 10)
[00:00:21 -90183.865208] FAST spr round 8 (radius: 10)
[00:00:22 -90183.179293] FAST spr round 9 (radius: 10)
[00:00:24 -90183.179198] Model parameter optimization (eps = 1.000000)
[00:00:24 -90178.113128] SLOW spr round 1 (radius: 5)
[00:00:29 -90026.203412] SLOW spr round 2 (radius: 5)
[00:00:33 -90020.378511] SLOW spr round 3 (radius: 5)
[00:00:37 -90020.377793] SLOW spr round 4 (radius: 10)
[00:00:41 -89967.160475] SLOW spr round 5 (radius: 5)
[00:00:43] [worker #1] ML tree search #2, logLikelihood: -89914.451922
[00:00:47 -89963.495379] SLOW spr round 6 (radius: 5)
[00:00:48] [worker #4] ML tree search #5, logLikelihood: -89904.761035
[00:00:51 -89963.127223] SLOW spr round 7 (radius: 5)
[00:00:55 -89937.593822] SLOW spr round 8 (radius: 5)
[00:00:59 -89937.592824] SLOW spr round 9 (radius: 10)
[00:01:03 -89840.236012] SLOW spr round 10 (radius: 5)
[00:01:09 -89840.148211] SLOW spr round 11 (radius: 10)
[00:01:12] [worker #2] ML tree search #3, logLikelihood: -89799.924604
[00:01:13 -89840.147809] SLOW spr round 12 (radius: 15)
[00:01:17 -89840.147803] SLOW spr round 13 (radius: 20)
[00:01:18] [worker #1] ML tree search #7, logLikelihood: -89762.772843
[00:01:20 -89840.147803] SLOW spr round 14 (radius: 25)
[00:01:20 -89840.147803] Model parameter optimization (eps = 0.100000)

[00:01:20] [worker #0] ML tree search #1, logLikelihood: -89839.986650

[00:01:20 -156725.764462] Initial branch length optimization
[00:01:20 -139187.418584] Model parameter optimization (eps = 10.000000)
[00:01:22 -132606.686350] AUTODETECT spr round 1 (radius: 5)
[00:01:23 -103830.292519] AUTODETECT spr round 2 (radius: 10)
[00:01:24 -93915.426834] AUTODETECT spr round 3 (radius: 15)
[00:01:25 -93915.198188] AUTODETECT spr round 4 (radius: 20)
[00:01:26 -93915.176761] SPR radius for FAST iterations: 15 (autodetect)
[00:01:26 -93915.176761] Model parameter optimization (eps = 3.000000)
[00:01:27 -93552.927040] FAST spr round 1 (radius: 15)
[00:01:29 -90321.827610] FAST spr round 2 (radius: 15)
[00:01:31 -90268.102086] FAST spr round 3 (radius: 15)
[00:01:32 -90230.897776] FAST spr round 4 (radius: 15)
[00:01:33 -90227.619620] FAST spr round 5 (radius: 15)
[00:01:34 -90225.265343] FAST spr round 6 (radius: 15)
[00:01:34] [worker #3] ML tree search #4, logLikelihood: -89821.221982
[00:01:36 -90160.950738] FAST spr round 7 (radius: 15)
[00:01:37 -90158.521865] FAST spr round 8 (radius: 15)
[00:01:38 -90154.627370] FAST spr round 9 (radius: 15)
[00:01:39 -90152.080622] FAST spr round 10 (radius: 15)
[00:01:40 -90150.985334] FAST spr round 11 (radius: 15)
[00:01:42 -90150.853609] FAST spr round 12 (radius: 15)
[00:01:43 -90150.853226] Model parameter optimization (eps = 1.000000)
[00:01:43 -90144.377302] SLOW spr round 1 (radius: 5)
[00:01:47 -90142.391310] SLOW spr round 2 (radius: 5)
[00:01:51 -90111.449040] SLOW spr round 3 (radius: 5)
[00:01:54 -90111.410375] SLOW spr round 4 (radius: 10)
[00:01:58 -90046.027052] SLOW spr round 5 (radius: 5)
[00:01:59] [worker #4] ML tree search #10, logLikelihood: -89773.660439
[00:02:03] [worker #2] ML tree search #8, logLikelihood: -89885.016365
[00:02:04 -90045.705575] SLOW spr round 6 (radius: 5)
[00:02:08] [worker #1] ML tree search #12, logLikelihood: -90187.361674
[00:02:08 -90045.705220] SLOW spr round 7 (radius: 10)
[00:02:12 -89840.379770] SLOW spr round 8 (radius: 5)
[00:02:15] [worker #3] ML tree search #9, logLikelihood: -89774.015079
[00:02:18 -89840.298645] SLOW spr round 9 (radius: 10)
[00:02:23 -89840.297574] SLOW spr round 10 (radius: 15)
[00:02:27 -89840.297563] SLOW spr round 11 (radius: 20)
[00:02:29 -89840.297563] SLOW spr round 12 (radius: 25)
[00:02:29 -89840.297563] Model parameter optimization (eps = 0.100000)

[00:02:30] [worker #0] ML tree search #6, logLikelihood: -89839.986138

[00:02:30 -100196.652675] Initial branch length optimization
[00:02:30 -93880.362521] Model parameter optimization (eps = 10.000000)
[00:02:31 -90999.772139] AUTODETECT spr round 1 (radius: 5)
[00:02:31 -90314.134214] AUTODETECT spr round 2 (radius: 10)
[00:02:33 -90123.330766] AUTODETECT spr round 3 (radius: 15)
[00:02:33 -90118.533714] AUTODETECT spr round 4 (radius: 20)
[00:02:34 -90118.517880] SPR radius for FAST iterations: 15 (autodetect)
[00:02:34 -90118.517880] Model parameter optimization (eps = 3.000000)
[00:02:34 -90118.046722] FAST spr round 1 (radius: 15)
[00:02:35 -89983.178700] FAST spr round 2 (radius: 15)
[00:02:37 -89897.276296] FAST spr round 3 (radius: 15)
[00:02:38 -89893.705739] FAST spr round 4 (radius: 15)
[00:02:39 -89889.509512] FAST spr round 5 (radius: 15)
[00:02:40 -89888.780360] FAST spr round 6 (radius: 15)
[00:02:41 -89888.616045] FAST spr round 7 (radius: 15)
[00:02:43 -89888.614191] Model parameter optimization (eps = 1.000000)
[00:02:43 -89888.164831] SLOW spr round 1 (radius: 5)
[00:02:45] [worker #4] ML tree search #15, logLikelihood: -90110.368633
[00:02:46 -89872.274678] SLOW spr round 2 (radius: 5)
[00:02:49] [worker #3] ML tree search #14, logLikelihood: -90060.796557
[00:02:50 -89870.154740] SLOW spr round 3 (radius: 5)
[00:02:53 -89869.227157] SLOW spr round 4 (radius: 5)
[00:02:54] [worker #1] ML tree search #17, logLikelihood: -89868.972088
[00:02:57 -89869.010234] SLOW spr round 5 (radius: 5)
[00:03:00 -89869.009923] SLOW spr round 6 (radius: 10)
[00:03:04 -89869.009914] SLOW spr round 7 (radius: 15)
[00:03:08 -89869.009914] SLOW spr round 8 (radius: 20)
[00:03:10 -89869.009914] SLOW spr round 9 (radius: 25)
[00:03:10 -89869.009914] Model parameter optimization (eps = 0.100000)

[00:03:10] [worker #0] ML tree search #11, logLikelihood: -89868.958945

[00:03:10 -99656.468012] Initial branch length optimization
[00:03:10 -93441.250019] Model parameter optimization (eps = 10.000000)
[00:03:11 -90625.992976] AUTODETECT spr round 1 (radius: 5)
[00:03:12 -90110.333490] AUTODETECT spr round 2 (radius: 10)
[00:03:13 -90110.319589] SPR radius for FAST iterations: 5 (autodetect)
[00:03:13 -90110.319589] Model parameter optimization (eps = 3.000000)
[00:03:13 -90109.511641] FAST spr round 1 (radius: 5)
[00:03:15 -90100.308755] FAST spr round 2 (radius: 5)
[00:03:16 -90094.750897] FAST spr round 3 (radius: 5)
[00:03:17 -90048.102078] FAST spr round 4 (radius: 5)
[00:03:18 -90047.709593] FAST spr round 5 (radius: 5)
[00:03:19 -90047.435290] FAST spr round 6 (radius: 5)
[00:03:20 -90047.228031] FAST spr round 7 (radius: 5)
[00:03:21 -90047.157730] Model parameter optimization (eps = 1.000000)
[00:03:22 -90046.965926] SLOW spr round 1 (radius: 5)
[00:03:25 -90046.887814] SLOW spr round 2 (radius: 10)
[00:03:29 -90046.887336] SLOW spr round 3 (radius: 15)
[00:03:33 -90046.887326] SLOW spr round 4 (radius: 20)
[00:03:35 -90046.887326] SLOW spr round 5 (radius: 25)
[00:03:35 -90046.887326] Model parameter optimization (eps = 0.100000)

[00:03:35] [worker #0] ML tree search #16, logLikelihood: -90046.866395

[00:03:36] [worker #3] ML tree search #19, logLikelihood: -90110.170304
[00:03:36] [worker #2] ML tree search #13, logLikelihood: -89759.483431
[00:03:47] [worker #4] ML tree search #20, logLikelihood: -89868.959157
[00:04:43] [worker #2] ML tree search #18, logLikelihood: -89868.960407

Optimized model parameters:

   Partition 0: noname
   Rate heterogeneity: GAMMA (4 cats, mean),  alpha: 0.569966 (ML),  weights&rates: (0.250000,0.046979) (0.250000,0.295159) (0.250000,0.865187) (0.250000,2.792675) 
   Base frequencies (ML): 0.283718 0.211859 0.215834 0.288589 
   Substitution rates (ML): 1.144074 2.785037 1.062003 0.935681 3.639184 1.000000 


Final LogLikelihood: -89759.483431

AIC score: 179770.966863 / AICc score: 179775.246044 / BIC score: 180644.990141
Free parameters (model + branch lengths): 126

Best ML tree saved to: /global/home/users/uricchio/software/HybPiper-master/sodiumChannelPaperAnalyses/trees_xen_ref_DNA/t80d10k45.orig.raxml.bestTree
All ML trees saved to: /global/home/users/uricchio/software/HybPiper-master/sodiumChannelPaperAnalyses/trees_xen_ref_DNA/t80d10k45.orig.raxml.mlTrees
Optimized model saved to: /global/home/users/uricchio/software/HybPiper-master/sodiumChannelPaperAnalyses/trees_xen_ref_DNA/t80d10k45.orig.raxml.bestModel

Execution log saved to: /global/home/users/uricchio/software/HybPiper-master/sodiumChannelPaperAnalyses/trees_xen_ref_DNA/t80d10k45.orig.raxml.log

Analysis started: 14-Jun-2021 14:47:57 / finished: 14-Jun-2021 14:52:41

Elapsed time: 284.007 seconds

Consumed energy: 14.058 Wh

