
RAxML-NG v. 1.0.0 released on 07.08.2020 by The Exelixis Lab.
Developed by: Alexey M. Kozlov and Alexandros Stamatakis.
Contributors: Diego Darriba, Tomas Flouri, Benoit Morel, Sarah Lutteropp, Ben Bettisworth.
Latest version: https://github.com/amkozlov/raxml-ng
Questions/problems/suggestions? Please visit: https://groups.google.com/forum/#!forum/raxml

System: Intel(R) Xeon(R) CPU E5-2670 v2 @ 2.50GHz, 20 cores, 62 GB RAM

RAxML-NG was called at 06-Jan-2021 16:44:38 as follows:

/global/home/users/uricchio/software/raxml-ng-master/raxml-ng --msa trees/t80d10k35.pruned.raxml.rba --model PROTGTR --prefix trees/t80d10k35.pruned --redo

Analysis options:
  run mode: ML tree search
  start tree(s): random (10) + parsimony (10)
  random seed: 1609980278
  tip-inner: OFF
  pattern compression: ON
  per-rate scalers: OFF
  site repeats: ON
  fast spr radius: AUTO
  spr subtree cutoff: 1.000000
  branch lengths: proportional (ML estimate, algorithm: NR-FAST)
  SIMD kernels: AVX
  parallelization: coarse-grained (auto), PTHREADS (auto)

WARNING: Running in REDO mode: existing checkpoints are ignored, and all result files will be overwritten!

WARNING: The model you specified on the command line (PROTGTR) will be ignored 
         since the binary MSA file already contains a model definition.
         If you want to change the model, please re-run RAxML-NG 
         with the original PHYLIP/FASTA alignment and --redo option.

[00:00:00] Loading binary alignment from file: trees/t80d10k35.pruned.raxml.rba
[00:00:00] Alignment comprises 60 taxa, 1 partitions and 1673 patterns

Partition 0: noname
Model: PROTGTR+FO
Alignment sites / patterns: 2300 / 1673
Gaps: 47.51 %
Invariant sites: 50.04 %


Parallelization scheme autoconfig: 10 worker(s) x 2 thread(s)

Parallel reduction/worker buffer size: 1 KB  / 0 KB

[00:00:00] Generating 10 random starting tree(s) with 60 taxa
[00:00:00] Generating 10 parsimony starting tree(s) with 60 taxa
[00:00:00] Data distribution: max. partitions/sites/weight per thread: 1 / 837 / 16740
[00:00:00] Data distribution: max. searches per worker: 2

Starting ML tree search with 20 distinct starting trees

[00:00:00 -65966.882296] Initial branch length optimization
[00:00:00 -58998.886925] Model parameter optimization (eps = 10.000000)
[00:19:43 -53106.675068] AUTODETECT spr round 1 (radius: 5)
[00:19:45 -31375.599109] AUTODETECT spr round 2 (radius: 10)
[00:19:48 -29498.019143] AUTODETECT spr round 3 (radius: 15)
[00:19:50 -29443.470977] AUTODETECT spr round 4 (radius: 20)
[00:19:51 -29443.469033] SPR radius for FAST iterations: 15 (autodetect)
[00:19:51 -29443.469033] Model parameter optimization (eps = 3.000000)
[00:23:35] [worker #9] ML tree search #10, logLikelihood: -28347.656781
[00:24:11 -29236.500762] FAST spr round 1 (radius: 15)
[00:24:15 -28692.339319] FAST spr round 2 (radius: 15)
[00:24:17 -28666.035200] FAST spr round 3 (radius: 15)
[00:24:20 -28665.994832] Model parameter optimization (eps = 1.000000)
[00:25:13] [worker #4] ML tree search #5, logLikelihood: -28347.656647
[00:26:03] [worker #3] ML tree search #4, logLikelihood: -28394.116195
[00:27:23] [worker #2] ML tree search #3, logLikelihood: -28295.872054
[00:27:24] [worker #1] ML tree search #2, logLikelihood: -28347.602474
[00:27:44] [worker #7] ML tree search #8, logLikelihood: -28347.598491
[00:28:17] [worker #5] ML tree search #6, logLikelihood: -28321.006966
[00:28:36 -28643.869645] SLOW spr round 1 (radius: 5)
[00:28:42 -28643.869399] SLOW spr round 2 (radius: 10)
[00:28:48 -28643.869394] SLOW spr round 3 (radius: 15)
[00:28:56 -28370.562877] SLOW spr round 4 (radius: 5)
[00:29:06 -28368.941787] SLOW spr round 5 (radius: 5)
[00:29:09] [worker #6] ML tree search #7, logLikelihood: -28298.279053
[00:29:15 -28357.144752] SLOW spr round 6 (radius: 5)
[00:29:22 -28357.144719] SLOW spr round 7 (radius: 10)
[00:29:29 -28357.144719] SLOW spr round 8 (radius: 15)
[00:29:37 -28357.144563] SLOW spr round 9 (radius: 20)
[00:29:40 -28357.144563] SLOW spr round 10 (radius: 25)
[00:29:40 -28357.144563] Model parameter optimization (eps = 0.100000)
[00:30:58] [worker #8] ML tree search #9, logLikelihood: -28333.406346

[00:31:54] [worker #0] ML tree search #1, logLikelihood: -28350.195406

[00:31:54 -39363.002773] Initial branch length optimization
[00:31:54 -31175.101074] Model parameter optimization (eps = 10.000000)
[00:33:55] [worker #9] ML tree search #20, logLikelihood: -28316.213023
[00:34:51] [worker #3] ML tree search #14, logLikelihood: -28347.595956
[00:37:11] [worker #4] ML tree search #15, logLikelihood: -28321.003796
[00:37:21] [worker #1] ML tree search #12, logLikelihood: -28316.211466
[00:38:11] [worker #5] ML tree search #16, logLikelihood: -28320.998756
[00:38:11 -28497.905132] AUTODETECT spr round 1 (radius: 5)
[00:38:13 -28403.550357] AUTODETECT spr round 2 (radius: 10)
[00:38:16 -28398.422173] AUTODETECT spr round 3 (radius: 15)
[00:38:18 -28398.418639] SPR radius for FAST iterations: 10 (autodetect)
[00:38:18 -28398.418639] Model parameter optimization (eps = 3.000000)
[00:38:55] [worker #2] ML tree search #13, logLikelihood: -28295.867248
[00:39:30] [worker #8] ML tree search #19, logLikelihood: -28316.211241
[00:39:31] [worker #7] ML tree search #18, logLikelihood: -28349.643990
[00:39:57] [worker #6] ML tree search #17, logLikelihood: -28298.195188
[00:39:57 -28393.724738] FAST spr round 1 (radius: 10)
[00:39:59 -28351.636080] FAST spr round 2 (radius: 10)
[00:40:01 -28351.440286] FAST spr round 3 (radius: 10)
[00:40:03 -28351.136398] FAST spr round 4 (radius: 10)
[00:40:05 -28351.126593] Model parameter optimization (eps = 1.000000)
[00:40:40 -28350.378604] SLOW spr round 1 (radius: 5)
[00:40:46 -28350.376891] SLOW spr round 2 (radius: 10)
[00:40:52 -28350.376824] SLOW spr round 3 (radius: 15)
[00:41:00 -28350.376650] SLOW spr round 4 (radius: 20)
[00:41:03 -28350.376648] SLOW spr round 5 (radius: 25)
[00:41:03 -28350.376648] Model parameter optimization (eps = 0.100000)

[00:41:28] [worker #0] ML tree search #11, logLikelihood: -28350.350227


Optimized model parameters:

   Partition 0: noname
   Rate heterogeneity: NONE
   Base frequencies (ML): 0.051798 0.044284 0.050908 0.050145 0.024730 0.025545 0.054967 0.053207 0.012641 0.079327 0.110061 0.055333 0.033064 0.077091 0.035476 0.074675 0.050650 0.014864 0.033952 0.067280 
   Substitution rates (ML): 0.168008 1.798036 1.016222 0.948889 2.416060 2.293946 3.909123 2.682566 2.213903 1.588424 1.739424 0.947560 0.941368 6.306456 11.075776 8.464552 1.805434 1.214199 6.465531 2.737391 0.799075 0.744948 6.743368 1.634038 0.693176 14.552338 0.252905 1.044280 17.808200 0.608809 1.051896 1.027897 1.450115 1.028892 0.744541 0.407090 0.206351 6.914912 0.655051 3.628031 1.917242 1.452531 32.493895 0.824812 0.363569 3.611471 0.709670 0.134385 0.368668 6.652732 2.623922 0.455915 2.980906 0.672485 0.308386 1.687958 19.710247 3.261068 5.863295 1.248349 0.581235 0.558472 0.102839 0.149429 0.571703 0.859220 1.307586 0.001000 0.824003 0.531501 0.081809 0.001000 0.686768 1.272743 1.881659 0.962480 0.711813 3.012870 3.057028 0.001000 2.648549 0.310589 5.245196 2.253088 3.673875 8.987336 0.001000 21.467335 0.283687 2.380029 14.800422 3.029331 0.001000 4.594703 2.829081 1.519004 0.001000 1.456212 1.806425 2.117427 3.573806 0.168605 0.839857 2.764593 0.703074 0.407350 2.710784 1.825279 1.117478 0.405967 0.866069 2.315407 1.304545 0.001000 0.378868 1.859086 0.409917 0.319056 0.001000 5.832910 1.960776 0.888749 0.257977 1.671483 0.001000 4.001881 0.319955 1.531471 0.946384 1.808985 1.887575 2.348945 0.001000 20.332222 0.001000 4.633967 1.343334 8.466965 1.786795 0.950524 0.939950 4.767801 1.348093 1.713067 18.417392 0.780926 8.149855 3.059400 1.265750 0.980054 0.713205 1.276599 0.866452 4.397648 0.238655 0.266818 0.715078 0.210850 2.415045 0.826648 0.992004 2.105027 2.184833 0.357788 1.430589 2.061390 1.878118 0.377810 5.105759 0.146797 1.472658 0.671614 1.565701 14.598426 1.649907 3.888804 1.367367 0.001000 0.589080 0.673063 10.967924 0.001000 1.520542 1.477769 0.460973 1.297605 6.470265 4.967005 0.294691 1.000000 


Final LogLikelihood: -28295.867248

AIC score: 57241.734495 / AICc score: 57349.079986 / BIC score: 59107.450426
Free parameters (model + branch lengths): 325

WARNING: Best ML tree contains 2 near-zero branches!

Best ML tree with collapsed near-zero branches saved to: /global/home/users/uricchio/software/HybPiper-master/HPwrap/trees/t80d10k35.pruned.raxml.bestTreeCollapsed
Best ML tree saved to: /global/home/users/uricchio/software/HybPiper-master/HPwrap/trees/t80d10k35.pruned.raxml.bestTree
All ML trees saved to: /global/home/users/uricchio/software/HybPiper-master/HPwrap/trees/t80d10k35.pruned.raxml.mlTrees
Optimized model saved to: /global/home/users/uricchio/software/HybPiper-master/HPwrap/trees/t80d10k35.pruned.raxml.bestModel

Execution log saved to: /global/home/users/uricchio/software/HybPiper-master/HPwrap/trees/t80d10k35.pruned.raxml.log

Analysis started: 06-Jan-2021 16:44:38 / finished: 06-Jan-2021 17:26:07

Elapsed time: 2488.741 seconds

Consumed energy: 148.661 Wh

