
RAxML-NG v. 1.0.0 released on 07.08.2020 by The Exelixis Lab.
Developed by: Alexey M. Kozlov and Alexandros Stamatakis.
Contributors: Diego Darriba, Tomas Flouri, Benoit Morel, Sarah Lutteropp, Ben Bettisworth.
Latest version: https://github.com/amkozlov/raxml-ng
Questions/problems/suggestions? Please visit: https://groups.google.com/forum/#!forum/raxml

System: Intel(R) Xeon(R) CPU E5-2670 v2 @ 2.50GHz, 20 cores, 62 GB RAM

RAxML-NG was called at 06-Jan-2021 17:51:19 as follows:

/global/home/users/uricchio/software/raxml-ng-master/raxml-ng --msa trees/t84d10k45.pruned.raxml.rba --model PROTGTR --prefix trees/t84d10k45.pruned --redo

Analysis options:
  run mode: ML tree search
  start tree(s): random (10) + parsimony (10)
  random seed: 1609984279
  tip-inner: OFF
  pattern compression: ON
  per-rate scalers: OFF
  site repeats: ON
  fast spr radius: AUTO
  spr subtree cutoff: 1.000000
  branch lengths: proportional (ML estimate, algorithm: NR-FAST)
  SIMD kernels: AVX
  parallelization: coarse-grained (auto), PTHREADS (auto)

WARNING: Running in REDO mode: existing checkpoints are ignored, and all result files will be overwritten!

WARNING: The model you specified on the command line (PROTGTR) will be ignored 
         since the binary MSA file already contains a model definition.
         If you want to change the model, please re-run RAxML-NG 
         with the original PHYLIP/FASTA alignment and --redo option.

[00:00:00] Loading binary alignment from file: trees/t84d10k45.pruned.raxml.rba
[00:00:00] Alignment comprises 60 taxa, 1 partitions and 1590 patterns

Partition 0: noname
Model: PROTGTR+FO
Alignment sites / patterns: 2169 / 1590
Gaps: 53.41 %
Invariant sites: 51.13 %


Parallelization scheme autoconfig: 10 worker(s) x 2 thread(s)

Parallel reduction/worker buffer size: 1 KB  / 0 KB

[00:00:00] Generating 10 random starting tree(s) with 60 taxa
[00:00:00] Generating 10 parsimony starting tree(s) with 60 taxa
[00:00:00] Data distribution: max. partitions/sites/weight per thread: 1 / 795 / 15900
[00:00:00] Data distribution: max. searches per worker: 2

Starting ML tree search with 20 distinct starting trees

[00:00:00 -55518.210801] Initial branch length optimization
[00:00:00 -48598.705236] Model parameter optimization (eps = 10.000000)
[00:17:24] [worker #8] ML tree search #9, logLikelihood: -23654.147951
[00:18:35 -43664.558896] AUTODETECT spr round 1 (radius: 5)
[00:18:37 -26862.850573] AUTODETECT spr round 2 (radius: 10)
[00:18:40 -24464.563348] AUTODETECT spr round 3 (radius: 15)
[00:18:42 -24370.051259] AUTODETECT spr round 4 (radius: 20)
[00:18:42 -24370.028221] SPR radius for FAST iterations: 15 (autodetect)
[00:18:42 -24370.028221] Model parameter optimization (eps = 3.000000)
[00:20:22] [worker #7] ML tree search #8, logLikelihood: -23650.234641
[00:22:49] [worker #2] ML tree search #3, logLikelihood: -23663.882455
[00:23:09] [worker #1] ML tree search #2, logLikelihood: -23653.531179
[00:23:43] [worker #3] ML tree search #4, logLikelihood: -23655.437255
[00:23:47] [worker #9] ML tree search #10, logLikelihood: -23651.136001
[00:23:47 -24218.690236] FAST spr round 1 (radius: 15)
[00:23:51 -23790.015553] FAST spr round 2 (radius: 15)
[00:23:54 -23666.591653] FAST spr round 3 (radius: 15)
[00:23:56 -23666.588741] Model parameter optimization (eps = 1.000000)
[00:25:09 -23654.188051] SLOW spr round 1 (radius: 5)
[00:25:14 -23654.182576] SLOW spr round 2 (radius: 10)
[00:25:16] [worker #6] ML tree search #7, logLikelihood: -23649.287756
[00:25:20 -23654.182463] SLOW spr round 3 (radius: 15)
[00:25:27 -23654.182429] SLOW spr round 4 (radius: 20)
[00:25:28] [worker #5] ML tree search #6, logLikelihood: -23655.238186
[00:25:31 -23654.182407] SLOW spr round 5 (radius: 25)
[00:25:31 -23654.182389] Model parameter optimization (eps = 0.100000)

[00:26:04] [worker #0] ML tree search #1, logLikelihood: -23654.164914

[00:26:04 -33384.241148] Initial branch length optimization
[00:26:04 -26155.638639] Model parameter optimization (eps = 10.000000)
[00:26:38] [worker #8] ML tree search #19, logLikelihood: -23654.569564
[00:27:16] [worker #4] ML tree search #5, logLikelihood: -23655.089842
[00:29:51] [worker #7] ML tree search #18, logLikelihood: -23662.705491
[00:31:23] [worker #9] ML tree search #20, logLikelihood: -23660.858437
[00:31:42 -23897.750308] AUTODETECT spr round 1 (radius: 5)
[00:31:43 -23800.548569] AUTODETECT spr round 2 (radius: 10)
[00:31:47 -23720.426804] AUTODETECT spr round 3 (radius: 15)
[00:31:48 -23720.421397] SPR radius for FAST iterations: 10 (autodetect)
[00:31:48 -23720.421397] Model parameter optimization (eps = 3.000000)
[00:32:23] [worker #3] ML tree search #14, logLikelihood: -23662.864149
[00:32:27] [worker #2] ML tree search #13, logLikelihood: -23672.708618
[00:32:30] [worker #1] ML tree search #12, logLikelihood: -23648.918683
[00:33:08 -23710.455938] FAST spr round 1 (radius: 10)
[00:33:10 -23682.306805] FAST spr round 2 (radius: 10)
[00:33:12 -23679.540753] FAST spr round 3 (radius: 10)
[00:33:14 -23678.921905] FAST spr round 4 (radius: 10)
[00:33:16 -23678.396278] FAST spr round 5 (radius: 10)
[00:33:18 -23678.270451] FAST spr round 6 (radius: 10)
[00:33:20 -23678.270436] Model parameter optimization (eps = 1.000000)
[00:33:24] [worker #5] ML tree search #16, logLikelihood: -23649.176903
[00:34:09] [worker #6] ML tree search #17, logLikelihood: -23662.276192
[00:34:17 -23675.605544] SLOW spr round 1 (radius: 5)
[00:34:23 -23665.974493] SLOW spr round 2 (radius: 5)
[00:34:29 -23664.033694] SLOW spr round 3 (radius: 5)
[00:34:34 -23663.306713] SLOW spr round 4 (radius: 5)
[00:34:39 -23663.306631] SLOW spr round 5 (radius: 10)
[00:34:46 -23663.306630] SLOW spr round 6 (radius: 15)
[00:34:52 -23663.306630] SLOW spr round 7 (radius: 20)
[00:34:52 -23663.306630] SLOW spr round 8 (radius: 25)
[00:34:53 -23663.306630] Model parameter optimization (eps = 0.100000)

[00:35:53] [worker #0] ML tree search #11, logLikelihood: -23661.488550

[00:36:56] [worker #4] ML tree search #15, logLikelihood: -23668.265165

Optimized model parameters:

   Partition 0: noname
   Rate heterogeneity: NONE
   Base frequencies (ML): 0.055541 0.046935 0.051075 0.051028 0.022912 0.022356 0.055805 0.055496 0.011355 0.082070 0.106365 0.057942 0.035679 0.078801 0.034927 0.070085 0.049878 0.014926 0.030705 0.066121 
   Substitution rates (ML): 0.516498 3.412316 1.967444 2.927615 8.434397 3.858625 7.288357 0.039098 3.203987 2.345932 1.917256 2.782270 1.062124 12.369086 21.557812 16.104285 2.751180 3.431978 12.322067 6.932159 0.751844 2.451273 11.104002 2.418968 0.623180 20.753469 0.949968 1.939615 30.265431 0.817479 1.740464 2.538508 2.529759 0.362238 3.575520 1.853073 0.979377 13.640010 0.001000 6.416488 3.215514 4.317807 60.011207 2.313737 0.998218 4.762145 0.865543 0.001000 0.001000 10.484060 4.373048 0.001000 5.220454 1.586502 0.619725 6.816651 34.367250 5.349986 3.985831 2.064850 1.145196 1.196463 0.001000 0.310277 3.024668 1.761373 1.958292 1.063651 2.214691 0.001000 0.001000 1.059244 2.189617 0.001000 1.435055 0.912243 2.531526 2.538528 5.861560 0.001000 5.591301 1.358104 6.994040 4.802696 3.402191 16.412338 0.837384 56.359669 0.001000 3.041263 25.873722 6.324141 0.001000 10.401678 6.381804 1.864343 2.049789 1.950372 2.213418 3.149410 4.691615 0.439676 0.559412 4.886316 1.439121 0.273425 4.506937 4.313323 0.674839 0.666505 1.290047 4.979631 4.590479 0.575205 0.371506 1.793767 1.038925 0.314602 0.300423 10.899532 2.728287 0.001000 0.001000 3.156686 0.001000 7.069951 2.464243 2.100923 1.306242 1.685355 1.394219 8.658444 0.001000 38.824871 1.247438 7.895883 1.517622 13.326631 4.431252 0.812758 2.218537 7.588838 1.206575 0.844847 29.751667 0.794272 15.218092 5.950870 1.780557 1.868997 1.132084 2.295608 1.901277 7.664722 2.650125 0.711121 2.376115 0.001000 5.559027 0.651322 1.230311 3.112983 3.069344 0.566634 1.077042 4.439908 0.001000 0.685570 8.266587 0.567192 3.128293 0.484684 1.200815 21.358035 3.539183 8.252062 3.996579 0.001000 0.399363 1.247603 20.766606 0.001000 3.378526 1.724923 0.001000 2.508328 8.345440 4.802587 0.001000 1.000000 


Final LogLikelihood: -23648.918683

AIC score: 47947.837367 / AICc score: 48062.812950 / BIC score: 49794.494358
Free parameters (model + branch lengths): 325

WARNING: Best ML tree contains 1 near-zero branches!

Best ML tree with collapsed near-zero branches saved to: /global/home/users/uricchio/software/HybPiper-master/HPwrap/trees/t84d10k45.pruned.raxml.bestTreeCollapsed
Best ML tree saved to: /global/home/users/uricchio/software/HybPiper-master/HPwrap/trees/t84d10k45.pruned.raxml.bestTree
All ML trees saved to: /global/home/users/uricchio/software/HybPiper-master/HPwrap/trees/t84d10k45.pruned.raxml.mlTrees
Optimized model saved to: /global/home/users/uricchio/software/HybPiper-master/HPwrap/trees/t84d10k45.pruned.raxml.bestModel

Execution log saved to: /global/home/users/uricchio/software/HybPiper-master/HPwrap/trees/t84d10k45.pruned.raxml.log

Analysis started: 06-Jan-2021 17:51:19 / finished: 06-Jan-2021 18:28:16

Elapsed time: 2216.445 seconds

Consumed energy: 125.314 Wh

