
RAxML-NG v. 1.1.0 released on 29.11.2021 by The Exelixis Lab.
Developed by: Alexey M. Kozlov and Alexandros Stamatakis.
Contributors: Diego Darriba, Tomas Flouri, Benoit Morel, Sarah Lutteropp, Ben Bettisworth.
Latest version: https://github.com/amkozlov/raxml-ng
Questions/problems/suggestions? Please visit: https://groups.google.com/forum/#!forum/raxml

System: Apple M1, 8 cores, 8 GB RAM

RAxML-NG was called at 04-Aug-2022 21:21:27 as follows:

/Users/uricchio/projects/software/raxml-ng_v1.1.0_macos_x86_64/raxml-ng --model GTR+G --prefix plot_data/SCN1A.DNA.trimmed.manual.fa --redo --msa plot_data/SCN1A.DNA.trimmed.manual.fa.raxml.rba

Analysis options:
  run mode: ML tree search
  start tree(s): random (10) + parsimony (10)
  random seed: 1659673287
  tip-inner: OFF
  pattern compression: ON
  per-rate scalers: OFF
  site repeats: ON
  fast spr radius: AUTO
  spr subtree cutoff: 1.000000
  branch lengths: proportional (ML estimate, algorithm: NR-FAST)
  SIMD kernels: SSE3
  parallelization: coarse-grained (auto), PTHREADS (auto)

WARNING: Running in REDO mode: existing checkpoints are ignored, and all result files will be overwritten!

WARNING: The model you specified on the command line (GTR+G) will be ignored 
         since the binary MSA file already contains a model definition.
         If you want to change the model, please re-run RAxML-NG 
         with the original PHYLIP/FASTA alignment and --redo option.

[00:00:00] Loading binary alignment from file: plot_data/SCN1A.DNA.trimmed.manual.fa.raxml.rba
[00:00:00] Alignment comprises 33 taxa, 1 partitions and 1244 patterns

Partition 0: noname
Model: GTR+FO+G4m
Alignment sites / patterns: 5280 / 1244
Gaps: 3.84 %
Invariant sites: 70.66 %


Parallelization scheme autoconfig: 8 worker(s) x 1 thread(s)

Parallel reduction/worker buffer size: 1 KB  / 0 KB

[00:00:00] Generating 10 random starting tree(s) with 33 taxa
[00:00:00] Generating 10 parsimony starting tree(s) with 33 taxa
[00:00:00] Data distribution: max. partitions/sites/weight per thread: 1 / 1244 / 19904
[00:00:00] Data distribution: max. searches per worker: 3

Starting ML tree search with 20 distinct starting trees

[00:00:00 -43154.929907] Initial branch length optimization
[00:00:00 -37681.151612] Model parameter optimization (eps = 10.000000)
[00:00:01 -34354.006529] AUTODETECT spr round 1 (radius: 5)
[00:00:03 -27979.715015] AUTODETECT spr round 2 (radius: 10)
[00:00:04 -27979.709604] SPR radius for FAST iterations: 5 (autodetect)
[00:00:04 -27979.709604] Model parameter optimization (eps = 3.000000)
[00:00:05 -27933.296494] FAST spr round 1 (radius: 5)
[00:00:08 -27534.561837] FAST spr round 2 (radius: 5)
[00:00:10 -27517.990212] FAST spr round 3 (radius: 5)
[00:00:13 -27515.931755] FAST spr round 4 (radius: 5)
[00:00:15 -27515.931746] Model parameter optimization (eps = 1.000000)
[00:00:16 -27514.835947] SLOW spr round 1 (radius: 5)
[00:00:23 -27514.835731] SLOW spr round 2 (radius: 10)
[00:00:29 -27514.835728] SLOW spr round 3 (radius: 15)
[00:00:30] [worker #6] ML tree search #7, logLikelihood: -27514.836771
[00:00:30] [worker #4] ML tree search #5, logLikelihood: -27514.834875
[00:00:30] [worker #7] ML tree search #8, logLikelihood: -27514.836661
[00:00:32 -27514.835728] SLOW spr round 4 (radius: 20)
[00:00:32] [worker #5] ML tree search #6, logLikelihood: -27514.835755
[00:00:32 -27514.835728] SLOW spr round 5 (radius: 25)
[00:00:32 -27514.835728] Model parameter optimization (eps = 0.100000)

[00:00:32] [worker #0] ML tree search #1, logLikelihood: -27514.834938

[00:00:32 -43719.879904] Initial branch length optimization
[00:00:32 -38207.531283] Model parameter optimization (eps = 10.000000)
[00:00:34] [worker #3] ML tree search #4, logLikelihood: -27514.836807
[00:00:35 -34630.260105] AUTODETECT spr round 1 (radius: 5)
[00:00:35] [worker #1] ML tree search #2, logLikelihood: -27514.836537
[00:00:35] [worker #2] ML tree search #3, logLikelihood: -27514.835003
[00:00:36 -28755.673970] AUTODETECT spr round 2 (radius: 10)
[00:00:38 -28252.285278] AUTODETECT spr round 3 (radius: 15)
[00:00:38 -28252.269210] SPR radius for FAST iterations: 10 (autodetect)
[00:00:38 -28252.269210] Model parameter optimization (eps = 3.000000)
[00:00:39 -28211.028212] FAST spr round 1 (radius: 10)
[00:00:43 -27674.281242] FAST spr round 2 (radius: 10)
[00:00:46 -27518.098645] FAST spr round 3 (radius: 10)
[00:00:49 -27517.265352] FAST spr round 4 (radius: 10)
[00:00:52 -27517.254791] Model parameter optimization (eps = 1.000000)
[00:00:52] [worker #6] ML tree search #15, logLikelihood: -27514.835218
[00:00:53 -27514.844415] SLOW spr round 1 (radius: 5)
[00:00:57] [worker #4] ML tree search #13, logLikelihood: -27514.835578
[00:00:57] [worker #7] ML tree search #16, logLikelihood: -27514.835678
[00:00:58] [worker #5] ML tree search #14, logLikelihood: -27514.835043
[00:01:00 -27514.842000] SLOW spr round 2 (radius: 10)
[00:01:05] [worker #3] ML tree search #12, logLikelihood: -27514.835405
[00:01:05] [worker #2] ML tree search #11, logLikelihood: -27514.834986
[00:01:06 -27514.841966] SLOW spr round 3 (radius: 15)
[00:01:07] [worker #1] ML tree search #10, logLikelihood: -27514.835029
[00:01:09 -27514.841966] SLOW spr round 4 (radius: 20)
[00:01:09 -27514.841966] SLOW spr round 5 (radius: 25)
[00:01:09 -27514.841966] Model parameter optimization (eps = 0.100000)

[00:01:10] [worker #0] ML tree search #9, logLikelihood: -27514.835356

[00:01:10 -34863.959033] Initial branch length optimization
[00:01:10 -28954.341565] Model parameter optimization (eps = 10.000000)
[00:01:11 -27575.483805] AUTODETECT spr round 1 (radius: 5)
[00:01:13 -27530.714635] AUTODETECT spr round 2 (radius: 10)
[00:01:14 -27530.713398] SPR radius for FAST iterations: 5 (autodetect)
[00:01:14 -27530.713398] Model parameter optimization (eps = 3.000000)
[00:01:15 -27530.584860] FAST spr round 1 (radius: 5)
[00:01:17 -27519.540238] FAST spr round 2 (radius: 5)
[00:01:19 -27515.861867] FAST spr round 3 (radius: 5)
[00:01:22 -27515.024891] FAST spr round 4 (radius: 5)
[00:01:25 -27515.024870] Model parameter optimization (eps = 1.000000)
[00:01:25 -27514.840890] SLOW spr round 1 (radius: 5)
[00:01:32 -27514.840875] SLOW spr round 2 (radius: 10)
[00:01:35] [worker #3] ML tree search #20, logLikelihood: -27514.835121
[00:01:36] [worker #2] ML tree search #19, logLikelihood: -27514.835249
[00:01:38] [worker #1] ML tree search #18, logLikelihood: -27514.835135
[00:01:39 -27514.840875] SLOW spr round 3 (radius: 15)
[00:01:42 -27514.840875] SLOW spr round 4 (radius: 20)
[00:01:42 -27514.840875] SLOW spr round 5 (radius: 25)
[00:01:43 -27514.840875] Model parameter optimization (eps = 0.100000)

[00:01:43] [worker #0] ML tree search #17, logLikelihood: -27514.835115


Optimized model parameters:

   Partition 0: noname
   Rate heterogeneity: GAMMA (4 cats, mean),  alpha: 0.225331 (ML),  weights&rates: (0.250000,0.001154) (0.250000,0.049547) (0.250000,0.446501) (0.250000,3.502798) 
   Base frequencies (ML): 0.298916 0.205519 0.213051 0.282513 
   Substitution rates (ML): 1.042348 2.771565 1.070524 0.995019 4.288420 1.000000 


Final LogLikelihood: -27514.834875

AIC score: 55173.669750 / AICc score: 55175.688570 / BIC score: 55646.830809
Free parameters (model + branch lengths): 72

Best ML tree saved to: /Users/uricchio/projects/poison/sodiumChannelPaper/Figures/Figure2/plot_data/SCN1A.DNA.trimmed.manual.fa.raxml.bestTree
All ML trees saved to: /Users/uricchio/projects/poison/sodiumChannelPaper/Figures/Figure2/plot_data/SCN1A.DNA.trimmed.manual.fa.raxml.mlTrees
Optimized model saved to: /Users/uricchio/projects/poison/sodiumChannelPaper/Figures/Figure2/plot_data/SCN1A.DNA.trimmed.manual.fa.raxml.bestModel

Execution log saved to: /Users/uricchio/projects/poison/sodiumChannelPaper/Figures/Figure2/plot_data/SCN1A.DNA.trimmed.manual.fa.raxml.log

Analysis started: 04-Aug-2022 21:21:27 / finished: 04-Aug-2022 21:23:10

Elapsed time: 103.292 seconds

