
RAxML-NG v. 1.1.0 released on 29.11.2021 by The Exelixis Lab.
Developed by: Alexey M. Kozlov and Alexandros Stamatakis.
Contributors: Diego Darriba, Tomas Flouri, Benoit Morel, Sarah Lutteropp, Ben Bettisworth.
Latest version: https://github.com/amkozlov/raxml-ng
Questions/problems/suggestions? Please visit: https://groups.google.com/forum/#!forum/raxml

System: Apple M1, 8 cores, 8 GB RAM

RAxML-NG was called at 26-Jul-2022 20:41:57 as follows:

/Users/uricchio/projects/software/raxml-ng_v1.1.0_macos_x86_64/raxml-ng --all --tree --model GTR+G --msa plot_data/SCN1A.DNA.trimmed.fa.raxml.rba

Analysis options:
  run mode: ML tree search + bootstrapping (Felsenstein Bootstrap)
  start tree(s): user
  bootstrap replicates: max: 1000 + bootstopping (autoMRE, cutoff: 0.030000)
  random seed: 1658893317
  tip-inner: OFF
  pattern compression: ON
  per-rate scalers: OFF
  site repeats: ON
  branch lengths: proportional (ML estimate, algorithm: NR-FAST)
  SIMD kernels: SSE3
  parallelization: coarse-grained (auto), PTHREADS (auto)

[00:00:00] Loading binary alignment from file: plot_data/SCN1A.DNA.trimmed.fa.raxml.rba
[00:00:00] Alignment comprises 33 taxa, 1 partitions and 1343 patterns

Partition 0: noname
Model: GTR+FO+G4m
Alignment sites / patterns: 5280 / 1343
Gaps: 2.99 %
Invariant sites: 65.83 %


Parallelization scheme autoconfig: 8 worker(s) x 1 thread(s)

Parallel reduction/worker buffer size: 1 KB  / 0 KB

[00:00:00] Loading user starting tree(s) from: --model

ERROR: File not found: --model

