
RAxML-NG v. 1.1.0 released on 29.11.2021 by The Exelixis Lab.
Developed by: Alexey M. Kozlov and Alexandros Stamatakis.
Contributors: Diego Darriba, Tomas Flouri, Benoit Morel, Sarah Lutteropp, Ben Bettisworth.
Latest version: https://github.com/amkozlov/raxml-ng
Questions/problems/suggestions? Please visit: https://groups.google.com/forum/#!forum/raxml

System: Apple M1, 8 cores, 8 GB RAM

RAxML-NG was called at 26-Jul-2022 20:44:07 as follows:

/Users/uricchio/projects/software/raxml-ng_v1.1.0_macos_x86_64/raxml-ng --model GTR+G --prefix plot_data/SCN1A.DNA.trimmed.fa --redo --msa plot_data/SCN1A.DNA.trimmed.fa.raxml.rba

Analysis options:
  run mode: ML tree search
  start tree(s): random (10) + parsimony (10)
  random seed: 1658893447
  tip-inner: OFF
  pattern compression: ON
  per-rate scalers: OFF
  site repeats: ON
  fast spr radius: AUTO
  spr subtree cutoff: 1.000000
  branch lengths: proportional (ML estimate, algorithm: NR-FAST)
  SIMD kernels: SSE3
  parallelization: coarse-grained (auto), PTHREADS (auto)

WARNING: Running in REDO mode: existing checkpoints are ignored, and all result files will be overwritten!

WARNING: The model you specified on the command line (GTR+G) will be ignored 
         since the binary MSA file already contains a model definition.
         If you want to change the model, please re-run RAxML-NG 
         with the original PHYLIP/FASTA alignment and --redo option.

[00:00:00] Loading binary alignment from file: plot_data/SCN1A.DNA.trimmed.fa.raxml.rba
[00:00:00] Alignment comprises 33 taxa, 1 partitions and 1343 patterns

Partition 0: noname
Model: GTR+FO+G4m
Alignment sites / patterns: 5280 / 1343
Gaps: 2.99 %
Invariant sites: 65.83 %


Parallelization scheme autoconfig: 8 worker(s) x 1 thread(s)

Parallel reduction/worker buffer size: 1 KB  / 0 KB

[00:00:00] Generating 10 random starting tree(s) with 33 taxa
[00:00:00] Generating 10 parsimony starting tree(s) with 33 taxa
[00:00:00] Data distribution: max. partitions/sites/weight per thread: 1 / 1343 / 21488
[00:00:00] Data distribution: max. searches per worker: 3

Starting ML tree search with 20 distinct starting trees

[00:00:00 -46357.693597] Initial branch length optimization
[00:00:00 -40546.315666] Model parameter optimization (eps = 10.000000)
[00:00:00 -37513.972107] AUTODETECT spr round 1 (radius: 5)
[00:00:01 -31622.616622] AUTODETECT spr round 2 (radius: 10)
[00:00:02 -30861.961253] AUTODETECT spr round 3 (radius: 15)
[00:00:02 -30861.958670] SPR radius for FAST iterations: 10 (autodetect)
[00:00:02 -30861.958670] Model parameter optimization (eps = 3.000000)
[00:00:02 -30807.640263] FAST spr round 1 (radius: 10)
[00:00:03 -30556.597688] FAST spr round 2 (radius: 10)
[00:00:05 -30489.428356] FAST spr round 3 (radius: 10)
[00:00:06 -30489.240355] FAST spr round 4 (radius: 10)
[00:00:07 -30489.240354] Model parameter optimization (eps = 1.000000)
[00:00:07 -30488.396221] SLOW spr round 1 (radius: 5)
[00:00:10 -30488.391880] SLOW spr round 2 (radius: 10)
[00:00:12 -30488.391810] SLOW spr round 3 (radius: 15)
[00:00:13] [worker #5] ML tree search #6, logLikelihood: -30488.335655
[00:00:13 -30488.391809] SLOW spr round 4 (radius: 20)
[00:00:13 -30488.391809] SLOW spr round 5 (radius: 25)
[00:00:13 -30488.391809] Model parameter optimization (eps = 0.100000)

[00:00:13] [worker #0] ML tree search #1, logLikelihood: -30488.340811

[00:00:13 -46423.138806] Initial branch length optimization
[00:00:14 -40862.052751] Model parameter optimization (eps = 10.000000)
[00:00:14] [worker #3] ML tree search #4, logLikelihood: -30488.335277
[00:00:14] [worker #1] ML tree search #2, logLikelihood: -30488.335181
[00:00:14] [worker #2] ML tree search #3, logLikelihood: -30488.334754
[00:00:14 -37807.107234] AUTODETECT spr round 1 (radius: 5)
[00:00:15] [worker #6] ML tree search #7, logLikelihood: -30488.335124
[00:00:15 -31574.070233] AUTODETECT spr round 2 (radius: 10)
[00:00:15] [worker #4] ML tree search #5, logLikelihood: -30488.336159
[00:00:16 -31558.470058] AUTODETECT spr round 3 (radius: 15)
[00:00:16 -31558.458688] SPR radius for FAST iterations: 10 (autodetect)
[00:00:16 -31558.458688] Model parameter optimization (eps = 3.000000)
[00:00:16 -31507.382315] FAST spr round 1 (radius: 10)
[00:00:18 -30682.365024] FAST spr round 2 (radius: 10)
[00:00:19 -30492.955974] FAST spr round 3 (radius: 10)
[00:00:21 -30492.449782] FAST spr round 4 (radius: 10)
[00:00:22 -30492.449781] Model parameter optimization (eps = 1.000000)
[00:00:22 -30488.345013] SLOW spr round 1 (radius: 5)
[00:00:25 -30488.340795] SLOW spr round 2 (radius: 10)
[00:00:25] [worker #5] ML tree search #14, logLikelihood: -30488.335060
[00:00:27] [worker #6] ML tree search #15, logLikelihood: -30488.334882
[00:00:28] [worker #3] ML tree search #12, logLikelihood: -30488.336295
[00:00:28] [worker #4] ML tree search #13, logLikelihood: -30488.337148
[00:00:28 -30488.340737] SLOW spr round 3 (radius: 15)
[00:00:28] [worker #2] ML tree search #11, logLikelihood: -30488.336130
[00:00:29] [worker #1] ML tree search #10, logLikelihood: -30488.335751
[00:00:29 -30488.340736] SLOW spr round 4 (radius: 20)
[00:00:29 -30488.340736] SLOW spr round 5 (radius: 25)
[00:00:29 -30488.340736] Model parameter optimization (eps = 0.100000)

[00:00:29] [worker #0] ML tree search #9, logLikelihood: -30488.335053

[00:00:29 -37862.844218] Initial branch length optimization
[00:00:29 -32030.696113] Model parameter optimization (eps = 10.000000)
[00:00:30 -30737.696822] AUTODETECT spr round 1 (radius: 5)
[00:00:30 -30491.072633] AUTODETECT spr round 2 (radius: 10)
[00:00:31] [worker #7] ML tree search #8, logLikelihood: -30488.337901
[00:00:31 -30491.071084] SPR radius for FAST iterations: 5 (autodetect)
[00:00:31 -30491.071084] Model parameter optimization (eps = 3.000000)
[00:00:31 -30490.113549] FAST spr round 1 (radius: 5)
[00:00:32 -30488.873580] FAST spr round 2 (radius: 5)
[00:00:33 -30488.353673] FAST spr round 3 (radius: 5)
[00:00:34 -30488.353645] Model parameter optimization (eps = 1.000000)
[00:00:35 -30488.336396] SLOW spr round 1 (radius: 5)
[00:00:38 -30488.336384] SLOW spr round 2 (radius: 10)
[00:00:39] [worker #3] ML tree search #20, logLikelihood: -30488.334820
[00:00:40] [worker #2] ML tree search #19, logLikelihood: -30488.334853
[00:00:40] [worker #1] ML tree search #18, logLikelihood: -30488.335030
[00:00:40 -30488.336383] SLOW spr round 3 (radius: 15)
[00:00:42 -30488.336383] SLOW spr round 4 (radius: 20)
[00:00:42 -30488.336383] SLOW spr round 5 (radius: 25)
[00:00:42 -30488.336383] Model parameter optimization (eps = 0.100000)

[00:00:42] [worker #0] ML tree search #17, logLikelihood: -30488.334967

[00:00:42] [worker #7] ML tree search #16, logLikelihood: -30488.335068

Optimized model parameters:

   Partition 0: noname
   Rate heterogeneity: GAMMA (4 cats, mean),  alpha: 0.279547 (ML),  weights&rates: (0.250000,0.003783) (0.250000,0.088711) (0.250000,0.559802) (0.250000,3.347704) 
   Base frequencies (ML): 0.299282 0.205533 0.214227 0.280957 
   Substitution rates (ML): 1.064176 2.570541 1.166718 1.001485 4.051710 1.000000 


Final LogLikelihood: -30488.334754

AIC score: 61120.669509 / AICc score: 61122.688330 / BIC score: 61593.830568
Free parameters (model + branch lengths): 72

Best ML tree saved to: /Users/uricchio/projects/poison/sodiumChannelPaper/Figures/Figure2/plot_data/SCN1A.DNA.trimmed.fa.raxml.bestTree
All ML trees saved to: /Users/uricchio/projects/poison/sodiumChannelPaper/Figures/Figure2/plot_data/SCN1A.DNA.trimmed.fa.raxml.mlTrees
Optimized model saved to: /Users/uricchio/projects/poison/sodiumChannelPaper/Figures/Figure2/plot_data/SCN1A.DNA.trimmed.fa.raxml.bestModel

Execution log saved to: /Users/uricchio/projects/poison/sodiumChannelPaper/Figures/Figure2/plot_data/SCN1A.DNA.trimmed.fa.raxml.log

Analysis started: 26-Jul-2022 20:44:07 / finished: 26-Jul-2022 20:44:50

Elapsed time: 42.721 seconds

