
RAxML-NG v. 1.1.0 released on 29.11.2021 by The Exelixis Lab.
Developed by: Alexey M. Kozlov and Alexandros Stamatakis.
Contributors: Diego Darriba, Tomas Flouri, Benoit Morel, Sarah Lutteropp, Ben Bettisworth.
Latest version: https://github.com/amkozlov/raxml-ng
Questions/problems/suggestions? Please visit: https://groups.google.com/forum/#!forum/raxml

System: Apple M1, 8 cores, 8 GB RAM

RAxML-NG was called at 04-Aug-2022 21:01:18 as follows:

/Users/uricchio/projects/software/raxml-ng_v1.1.0_macos_x86_64/raxml-ng --model GTR+G --prefix plot_data/SCN4A.DNA.trimmed.manual.fa --redo --msa plot_data/SCN4A.DNA.trimmed.manual.fa.raxml.rba

Analysis options:
  run mode: ML tree search
  start tree(s): random (10) + parsimony (10)
  random seed: 1659672078
  tip-inner: OFF
  pattern compression: ON
  per-rate scalers: OFF
  site repeats: ON
  fast spr radius: AUTO
  spr subtree cutoff: 1.000000
  branch lengths: proportional (ML estimate, algorithm: NR-FAST)
  SIMD kernels: SSE3
  parallelization: coarse-grained (auto), PTHREADS (auto)

WARNING: Running in REDO mode: existing checkpoints are ignored, and all result files will be overwritten!

WARNING: The model you specified on the command line (GTR+G) will be ignored 
         since the binary MSA file already contains a model definition.
         If you want to change the model, please re-run RAxML-NG 
         with the original PHYLIP/FASTA alignment and --redo option.

[00:00:00] Loading binary alignment from file: plot_data/SCN4A.DNA.trimmed.manual.fa.raxml.rba
[00:00:00] Alignment comprises 95 taxa, 1 partitions and 2309 patterns

Partition 0: noname
Model: GTR+FO+G4m
Alignment sites / patterns: 5202 / 2309
Gaps: 2.58 %
Invariant sites: 55.40 %


Parallelization scheme autoconfig: 4 worker(s) x 2 thread(s)

Parallel reduction/worker buffer size: 1 KB  / 0 KB

[00:00:00] Generating 10 random starting tree(s) with 95 taxa
[00:00:00] Generating 10 parsimony starting tree(s) with 95 taxa
[00:00:00] Data distribution: max. partitions/sites/weight per thread: 1 / 1155 / 18480
[00:00:00] Data distribution: max. searches per worker: 5

Starting ML tree search with 20 distinct starting trees

[00:00:00 -116398.958821] Initial branch length optimization
[00:00:00 -100862.528194] Model parameter optimization (eps = 10.000000)
[00:00:03 -92080.501124] AUTODETECT spr round 1 (radius: 5)
[00:00:06 -64767.924307] AUTODETECT spr round 2 (radius: 10)
[00:00:12 -55504.878578] AUTODETECT spr round 3 (radius: 15)
[00:00:18 -55373.859152] AUTODETECT spr round 4 (radius: 20)
[00:00:21 -55373.857415] SPR radius for FAST iterations: 15 (autodetect)
[00:00:21 -55373.857415] Model parameter optimization (eps = 3.000000)
[00:00:23 -55262.093982] FAST spr round 1 (radius: 15)
[00:00:31 -53436.662193] FAST spr round 2 (radius: 15)
[00:00:35 -53406.941523] FAST spr round 3 (radius: 15)
[00:00:39 -53405.767836] FAST spr round 4 (radius: 15)
[00:00:43 -53401.370344] FAST spr round 5 (radius: 15)
[00:00:46 -53394.656718] FAST spr round 6 (radius: 15)
[00:00:50 -53394.006835] FAST spr round 7 (radius: 15)
[00:00:55 -53393.869960] FAST spr round 8 (radius: 15)
[00:00:59 -53393.869937] Model parameter optimization (eps = 1.000000)
[00:01:00 -53391.772708] SLOW spr round 1 (radius: 5)
[00:01:16 -53391.769708] SLOW spr round 2 (radius: 10)
[00:01:29 -53391.769620] SLOW spr round 3 (radius: 15)
[00:01:48 -53391.769617] SLOW spr round 4 (radius: 20)
[00:01:56 -53391.769617] SLOW spr round 5 (radius: 25)
[00:01:56 -53391.769617] Model parameter optimization (eps = 0.100000)

[00:01:57] [worker #0] ML tree search #1, logLikelihood: -53391.730823

[00:01:57 -120673.022387] Initial branch length optimization
[00:01:57 -104878.511436] Model parameter optimization (eps = 10.000000)
[00:02:00 -95205.689330] AUTODETECT spr round 1 (radius: 5)
[00:02:01] [worker #1] ML tree search #2, logLikelihood: -53394.231796
[00:02:03 -68372.402466] AUTODETECT spr round 2 (radius: 10)
[00:02:09 -57696.641597] AUTODETECT spr round 3 (radius: 15)
[00:02:17 -57573.561958] AUTODETECT spr round 4 (radius: 20)
[00:02:20 -57573.554009] SPR radius for FAST iterations: 15 (autodetect)
[00:02:20 -57573.554009] Model parameter optimization (eps = 3.000000)
[00:02:20] [worker #3] ML tree search #4, logLikelihood: -53391.961792
[00:02:21] [worker #2] ML tree search #3, logLikelihood: -53394.031068
[00:02:22 -57471.171695] FAST spr round 1 (radius: 15)
[00:02:29 -53607.103565] FAST spr round 2 (radius: 15)
[00:02:35 -53441.636789] FAST spr round 3 (radius: 15)
[00:02:40 -53411.411019] FAST spr round 4 (radius: 15)
[00:02:45 -53408.996888] FAST spr round 5 (radius: 15)
[00:02:49 -53407.665129] FAST spr round 6 (radius: 15)
[00:02:53 -53406.873180] FAST spr round 7 (radius: 15)
[00:02:57 -53406.873170] Model parameter optimization (eps = 1.000000)
[00:02:59 -53399.955585] SLOW spr round 1 (radius: 5)
[00:03:14 -53391.881018] SLOW spr round 2 (radius: 5)
[00:03:27 -53391.880716] SLOW spr round 3 (radius: 10)
[00:03:40 -53391.880708] SLOW spr round 4 (radius: 15)
[00:03:58 -53391.880708] SLOW spr round 5 (radius: 20)
[00:04:03] [worker #1] ML tree search #6, logLikelihood: -53393.998264
[00:04:05 -53391.880708] SLOW spr round 6 (radius: 25)
[00:04:05 -53391.880708] Model parameter optimization (eps = 0.100000)

[00:04:06] [worker #0] ML tree search #5, logLikelihood: -53391.749872

[00:04:06 -119674.127803] Initial branch length optimization
[00:04:06 -103798.778236] Model parameter optimization (eps = 10.000000)
[00:04:10 -94469.202077] AUTODETECT spr round 1 (radius: 5)
[00:04:13 -67519.729926] AUTODETECT spr round 2 (radius: 10)
[00:04:18 -58131.110340] AUTODETECT spr round 3 (radius: 15)
[00:04:25 -58098.727234] AUTODETECT spr round 4 (radius: 20)
[00:04:29 -58098.726779] SPR radius for FAST iterations: 15 (autodetect)
[00:04:29 -58098.726779] Model parameter optimization (eps = 3.000000)
[00:04:30] [worker #2] ML tree search #7, logLikelihood: -53391.938096
[00:04:31 -57978.180838] FAST spr round 1 (radius: 15)
[00:04:36] [worker #3] ML tree search #8, logLikelihood: -53393.986666
[00:04:39 -53526.289678] FAST spr round 2 (radius: 15)
[00:04:44 -53425.511607] FAST spr round 3 (radius: 15)
[00:04:48 -53418.863123] FAST spr round 4 (radius: 15)
[00:04:52 -53417.734640] FAST spr round 5 (radius: 15)
[00:04:56 -53416.918187] FAST spr round 6 (radius: 15)
[00:05:00 -53410.679673] FAST spr round 7 (radius: 15)
[00:05:04 -53410.152182] FAST spr round 8 (radius: 15)
[00:05:08 -53409.975659] FAST spr round 9 (radius: 15)
[00:05:12 -53409.975592] Model parameter optimization (eps = 1.000000)
[00:05:14 -53404.234124] SLOW spr round 1 (radius: 5)
[00:05:27 -53391.823892] SLOW spr round 2 (radius: 5)
[00:05:34] [worker #1] ML tree search #10, logLikelihood: -53391.731634
[00:05:41 -53391.823871] SLOW spr round 3 (radius: 10)
[00:05:53 -53391.823871] SLOW spr round 4 (radius: 15)
[00:06:02] [worker #2] ML tree search #11, logLikelihood: -53391.725986
[00:06:06] [worker #3] ML tree search #12, logLikelihood: -53392.536584
[00:06:11 -53391.823870] SLOW spr round 5 (radius: 20)
[00:06:18 -53391.823870] SLOW spr round 6 (radius: 25)
[00:06:19 -53391.823870] Model parameter optimization (eps = 0.100000)

[00:06:19] [worker #0] ML tree search #9, logLikelihood: -53391.732663

[00:06:19 -68918.621301] Initial branch length optimization
[00:06:20 -55980.748755] Model parameter optimization (eps = 10.000000)
[00:06:21 -53481.126998] AUTODETECT spr round 1 (radius: 5)
[00:06:24 -53415.877352] AUTODETECT spr round 2 (radius: 10)
[00:06:31 -53415.877302] SPR radius for FAST iterations: 5 (autodetect)
[00:06:31 -53415.877302] Model parameter optimization (eps = 3.000000)
[00:06:32 -53415.673175] FAST spr round 1 (radius: 5)
[00:06:36 -53401.055217] FAST spr round 2 (radius: 5)
[00:06:40 -53395.704961] FAST spr round 3 (radius: 5)
[00:06:44 -53394.454309] FAST spr round 4 (radius: 5)
[00:06:48 -53393.646720] FAST spr round 5 (radius: 5)
[00:06:51 -53393.020731] FAST spr round 6 (radius: 5)
[00:06:53] [worker #1] ML tree search #14, logLikelihood: -53392.526627
[00:06:56 -53392.731086] FAST spr round 7 (radius: 5)
[00:07:00 -53392.592913] FAST spr round 8 (radius: 5)
[00:07:04 -53392.592893] Model parameter optimization (eps = 1.000000)
[00:07:04 -53392.544715] SLOW spr round 1 (radius: 5)
[00:07:19 -53392.544678] SLOW spr round 2 (radius: 10)
[00:07:31 -53392.544676] SLOW spr round 3 (radius: 15)
[00:07:37] [worker #2] ML tree search #15, logLikelihood: -53394.804312
[00:07:50 -53392.544676] SLOW spr round 4 (radius: 20)
[00:07:56 -53392.544676] SLOW spr round 5 (radius: 25)
[00:07:57 -53392.544676] Model parameter optimization (eps = 0.100000)

[00:07:57] [worker #0] ML tree search #13, logLikelihood: -53392.536295

[00:07:57 -69048.832552] Initial branch length optimization
[00:07:58 -56102.276880] Model parameter optimization (eps = 10.000000)
[00:07:58] [worker #3] ML tree search #16, logLikelihood: -53391.962403
[00:08:00 -53598.775421] AUTODETECT spr round 1 (radius: 5)
[00:08:03 -53430.152209] AUTODETECT spr round 2 (radius: 10)
[00:08:10 -53430.150938] SPR radius for FAST iterations: 5 (autodetect)
[00:08:10 -53430.150938] Model parameter optimization (eps = 3.000000)
[00:08:11 -53429.937765] FAST spr round 1 (radius: 5)
[00:08:15 -53414.890683] FAST spr round 2 (radius: 5)
[00:08:19 -53411.421441] FAST spr round 3 (radius: 5)
[00:08:23 -53408.956800] FAST spr round 4 (radius: 5)
[00:08:27 -53407.994701] FAST spr round 5 (radius: 5)
[00:08:31 -53407.769785] FAST spr round 6 (radius: 5)
[00:08:35 -53407.769771] Model parameter optimization (eps = 1.000000)
[00:08:35 -53407.721229] SLOW spr round 1 (radius: 5)
[00:08:39] [worker #1] ML tree search #18, logLikelihood: -53392.527781
[00:08:50 -53399.169715] SLOW spr round 2 (radius: 5)
[00:09:04 -53392.598752] SLOW spr round 3 (radius: 5)
[00:09:16 -53392.598716] SLOW spr round 4 (radius: 10)
[00:09:30 -53392.598715] SLOW spr round 5 (radius: 15)
[00:09:32] [worker #2] ML tree search #19, logLikelihood: -53393.991424
[00:09:49 -53392.598715] SLOW spr round 6 (radius: 20)
[00:09:56 -53392.598715] SLOW spr round 7 (radius: 25)
[00:09:56 -53392.598715] Model parameter optimization (eps = 0.100000)

[00:09:56] [worker #0] ML tree search #17, logLikelihood: -53392.540367

[00:09:58] [worker #3] ML tree search #20, logLikelihood: -53391.748768

Optimized model parameters:

   Partition 0: noname
   Rate heterogeneity: GAMMA (4 cats, mean),  alpha: 0.342987 (ML),  weights&rates: (0.250000,0.009420) (0.250000,0.138093) (0.250000,0.661412) (0.250000,3.191074) 
   Base frequencies (ML): 0.295602 0.193691 0.205111 0.305596 
   Substitution rates (ML): 1.394618 4.141161 1.093183 1.159670 4.374534 1.000000 


Final LogLikelihood: -53391.725986

AIC score: 107175.451972 / AICc score: 107190.881343 / BIC score: 108460.584468
Free parameters (model + branch lengths): 196

Best ML tree saved to: /Users/uricchio/projects/poison/sodiumChannelPaper/Figures/Figure2/plot_data/SCN4A.DNA.trimmed.manual.fa.raxml.bestTree
All ML trees saved to: /Users/uricchio/projects/poison/sodiumChannelPaper/Figures/Figure2/plot_data/SCN4A.DNA.trimmed.manual.fa.raxml.mlTrees
Optimized model saved to: /Users/uricchio/projects/poison/sodiumChannelPaper/Figures/Figure2/plot_data/SCN4A.DNA.trimmed.manual.fa.raxml.bestModel

Execution log saved to: /Users/uricchio/projects/poison/sodiumChannelPaper/Figures/Figure2/plot_data/SCN4A.DNA.trimmed.manual.fa.raxml.log

Analysis started: 04-Aug-2022 21:01:18 / finished: 04-Aug-2022 21:11:16

Elapsed time: 598.547 seconds

