
RAxML-NG v. 1.1.0 released on 29.11.2021 by The Exelixis Lab.
Developed by: Alexey M. Kozlov and Alexandros Stamatakis.
Contributors: Diego Darriba, Tomas Flouri, Benoit Morel, Sarah Lutteropp, Ben Bettisworth.
Latest version: https://github.com/amkozlov/raxml-ng
Questions/problems/suggestions? Please visit: https://groups.google.com/forum/#!forum/raxml

System: Apple M1, 8 cores, 8 GB RAM

RAxML-NG was called at 04-Aug-2022 21:11:17 as follows:

/Users/uricchio/projects/software/raxml-ng_v1.1.0_macos_x86_64/raxml-ng --model GTR+G --prefix plot_data/SCN5A.DNA.trimmed.manual.fa --redo --msa plot_data/SCN5A.DNA.trimmed.manual.fa.raxml.rba

Analysis options:
  run mode: ML tree search
  start tree(s): random (10) + parsimony (10)
  random seed: 1659672677
  tip-inner: OFF
  pattern compression: ON
  per-rate scalers: OFF
  site repeats: ON
  fast spr radius: AUTO
  spr subtree cutoff: 1.000000
  branch lengths: proportional (ML estimate, algorithm: NR-FAST)
  SIMD kernels: SSE3
  parallelization: coarse-grained (auto), PTHREADS (auto)

WARNING: Running in REDO mode: existing checkpoints are ignored, and all result files will be overwritten!

WARNING: The model you specified on the command line (GTR+G) will be ignored 
         since the binary MSA file already contains a model definition.
         If you want to change the model, please re-run RAxML-NG 
         with the original PHYLIP/FASTA alignment and --redo option.

[00:00:00] Loading binary alignment from file: plot_data/SCN5A.DNA.trimmed.manual.fa.raxml.rba
[00:00:00] Alignment comprises 64 taxa, 1 partitions and 1691 patterns

Partition 0: noname
Model: GTR+FO+G4m
Alignment sites / patterns: 4356 / 1691
Gaps: 6.46 %
Invariant sites: 59.73 %


Parallelization scheme autoconfig: 8 worker(s) x 1 thread(s)

Parallel reduction/worker buffer size: 1 KB  / 0 KB

[00:00:00] Generating 10 random starting tree(s) with 64 taxa
[00:00:00] Generating 10 parsimony starting tree(s) with 64 taxa
[00:00:00] Data distribution: max. partitions/sites/weight per thread: 1 / 1691 / 27056
[00:00:00] Data distribution: max. searches per worker: 3

Starting ML tree search with 20 distinct starting trees

[00:00:00 -68200.445806] Initial branch length optimization
[00:00:00 -59567.966074] Model parameter optimization (eps = 10.000000)
[00:00:03 -54824.523974] AUTODETECT spr round 1 (radius: 5)
[00:00:05 -42884.513168] AUTODETECT spr round 2 (radius: 10)
[00:00:09 -40239.112439] AUTODETECT spr round 3 (radius: 15)
[00:00:13 -40134.832349] AUTODETECT spr round 4 (radius: 20)
[00:00:14 -40134.824046] SPR radius for FAST iterations: 15 (autodetect)
[00:00:14 -40134.824046] Model parameter optimization (eps = 3.000000)
[00:00:15 -40095.784163] FAST spr round 1 (radius: 15)
[00:00:22 -38434.079858] FAST spr round 2 (radius: 15)
[00:00:27 -38362.656561] FAST spr round 3 (radius: 15)
[00:00:30 -38356.031852] FAST spr round 4 (radius: 15)
[00:00:34 -38355.674733] FAST spr round 5 (radius: 15)
[00:00:37 -38355.674730] Model parameter optimization (eps = 1.000000)
[00:00:38 -38353.436919] SLOW spr round 1 (radius: 5)
[00:00:49 -38353.431939] SLOW spr round 2 (radius: 10)
[00:01:00 -38353.431833] SLOW spr round 3 (radius: 15)
[00:01:09 -38353.431827] SLOW spr round 4 (radius: 20)
[00:01:11] [worker #2] ML tree search #3, logLikelihood: -38353.405395
[00:01:15 -38353.431825] SLOW spr round 5 (radius: 25)
[00:01:15 -38353.431825] Model parameter optimization (eps = 0.100000)
[00:01:15] [worker #3] ML tree search #4, logLikelihood: -38353.413407

[00:01:15] [worker #0] ML tree search #1, logLikelihood: -38353.400626

[00:01:15 -68947.751750] Initial branch length optimization
[00:01:16 -59952.757182] Model parameter optimization (eps = 10.000000)
[00:01:18 -55099.597228] AUTODETECT spr round 1 (radius: 5)
[00:01:21 -44269.596858] AUTODETECT spr round 2 (radius: 10)
[00:01:22] [worker #7] ML tree search #8, logLikelihood: -38353.404258
[00:01:24] [worker #4] ML tree search #5, logLikelihood: -38353.399383
[00:01:25 -40220.183271] AUTODETECT spr round 3 (radius: 15)
[00:01:28 -40220.168977] SPR radius for FAST iterations: 10 (autodetect)
[00:01:28 -40220.168977] Model parameter optimization (eps = 3.000000)
[00:01:29 -40171.874838] FAST spr round 1 (radius: 10)
[00:01:35 -38394.363383] FAST spr round 2 (radius: 10)
[00:01:38 -38392.666125] FAST spr round 3 (radius: 10)
[00:01:41 -38391.147072] FAST spr round 4 (radius: 10)
[00:01:45 -38391.147005] Model parameter optimization (eps = 1.000000)
[00:01:45] [worker #6] ML tree search #7, logLikelihood: -38353.406594
[00:01:46 -38388.786879] SLOW spr round 1 (radius: 5)
[00:01:49] [worker #1] ML tree search #2, logLikelihood: -38353.403225
[00:01:57 -38353.490251] SLOW spr round 2 (radius: 5)
[00:01:58] [worker #5] ML tree search #6, logLikelihood: -38353.399444
[00:02:07 -38353.490095] SLOW spr round 3 (radius: 10)
[00:02:18 -38353.490094] SLOW spr round 4 (radius: 15)
[00:02:23] [worker #3] ML tree search #12, logLikelihood: -38353.395188
[00:02:26] [worker #7] ML tree search #16, logLikelihood: -38353.394806
[00:02:27] [worker #4] ML tree search #13, logLikelihood: -38353.394739
[00:02:29 -38353.490094] SLOW spr round 5 (radius: 20)
[00:02:33] [worker #2] ML tree search #11, logLikelihood: -38353.402903
[00:02:34 -38353.490094] SLOW spr round 6 (radius: 25)
[00:02:34 -38353.490094] Model parameter optimization (eps = 0.100000)

[00:02:35] [worker #0] ML tree search #9, logLikelihood: -38353.401782

[00:02:35 -47910.318346] Initial branch length optimization
[00:02:35 -40587.850485] Model parameter optimization (eps = 10.000000)
[00:02:36 -38727.396158] AUTODETECT spr round 1 (radius: 5)
[00:02:39 -38387.699836] AUTODETECT spr round 2 (radius: 10)
[00:02:43 -38387.665155] SPR radius for FAST iterations: 5 (autodetect)
[00:02:43 -38387.665155] Model parameter optimization (eps = 3.000000)
[00:02:44 -38387.001245] FAST spr round 1 (radius: 5)
[00:02:48 -38373.984099] FAST spr round 2 (radius: 5)
[00:02:51 -38372.671951] FAST spr round 3 (radius: 5)
[00:02:54] [worker #6] ML tree search #15, logLikelihood: -38353.394711
[00:02:54 -38355.428740] FAST spr round 4 (radius: 5)
[00:02:58 -38353.932712] FAST spr round 5 (radius: 5)
[00:03:02 -38353.446502] FAST spr round 6 (radius: 5)
[00:03:03] [worker #5] ML tree search #14, logLikelihood: -38353.395458
[00:03:05 -38353.446375] Model parameter optimization (eps = 1.000000)
[00:03:05 -38353.399088] SLOW spr round 1 (radius: 5)
[00:03:09] [worker #1] ML tree search #10, logLikelihood: -38353.410441
[00:03:17 -38353.399065] SLOW spr round 2 (radius: 10)
[00:03:27 -38353.399064] SLOW spr round 3 (radius: 15)
[00:03:37] [worker #3] ML tree search #20, logLikelihood: -38353.397612
[00:03:37 -38353.399064] SLOW spr round 4 (radius: 20)
[00:03:37] [worker #2] ML tree search #19, logLikelihood: -38353.394938
[00:03:42 -38353.399064] SLOW spr round 5 (radius: 25)
[00:03:42 -38353.399064] Model parameter optimization (eps = 0.100000)

[00:03:43] [worker #0] ML tree search #17, logLikelihood: -38353.395193

[00:04:08] [worker #1] ML tree search #18, logLikelihood: -38353.394422

Optimized model parameters:

   Partition 0: noname
   Rate heterogeneity: GAMMA (4 cats, mean),  alpha: 0.273203 (ML),  weights&rates: (0.250000,0.003374) (0.250000,0.083887) (0.250000,0.547934) (0.250000,3.364806) 
   Base frequencies (ML): 0.294333 0.203946 0.208333 0.293388 
   Substitution rates (ML): 1.324475 3.322660 1.195102 1.071927 4.015412 1.000000 


Final LogLikelihood: -38353.394422

AIC score: 76974.788844 / AICc score: 76983.360273 / BIC score: 77829.616315
Free parameters (model + branch lengths): 134

Best ML tree saved to: /Users/uricchio/projects/poison/sodiumChannelPaper/Figures/Figure2/plot_data/SCN5A.DNA.trimmed.manual.fa.raxml.bestTree
All ML trees saved to: /Users/uricchio/projects/poison/sodiumChannelPaper/Figures/Figure2/plot_data/SCN5A.DNA.trimmed.manual.fa.raxml.mlTrees
Optimized model saved to: /Users/uricchio/projects/poison/sodiumChannelPaper/Figures/Figure2/plot_data/SCN5A.DNA.trimmed.manual.fa.raxml.bestModel

Execution log saved to: /Users/uricchio/projects/poison/sodiumChannelPaper/Figures/Figure2/plot_data/SCN5A.DNA.trimmed.manual.fa.raxml.log

Analysis started: 04-Aug-2022 21:11:17 / finished: 04-Aug-2022 21:15:25

Elapsed time: 248.624 seconds

