
RAxML-NG v. 1.1.0 released on 29.11.2021 by The Exelixis Lab.
Developed by: Alexey M. Kozlov and Alexandros Stamatakis.
Contributors: Diego Darriba, Tomas Flouri, Benoit Morel, Sarah Lutteropp, Ben Bettisworth.
Latest version: https://github.com/amkozlov/raxml-ng
Questions/problems/suggestions? Please visit: https://groups.google.com/forum/#!forum/raxml

System: Apple M1, 8 cores, 8 GB RAM

RAxML-NG was called at 04-Aug-2022 21:21:27 as follows:

/Users/uricchio/projects/software/raxml-ng_v1.1.0_macos_x86_64/raxml-ng --model GTR+G --prefix plot_data/SCN8A.DNA.trimmed.manual.fa --redo --msa plot_data/SCN8A.DNA.trimmed.manual.fa.raxml.rba

Analysis options:
  run mode: ML tree search
  start tree(s): random (10) + parsimony (10)
  random seed: 1659673287
  tip-inner: OFF
  pattern compression: ON
  per-rate scalers: OFF
  site repeats: ON
  fast spr radius: AUTO
  spr subtree cutoff: 1.000000
  branch lengths: proportional (ML estimate, algorithm: NR-FAST)
  SIMD kernels: SSE3
  parallelization: coarse-grained (auto), PTHREADS (auto)

WARNING: Running in REDO mode: existing checkpoints are ignored, and all result files will be overwritten!

WARNING: The model you specified on the command line (GTR+G) will be ignored 
         since the binary MSA file already contains a model definition.
         If you want to change the model, please re-run RAxML-NG 
         with the original PHYLIP/FASTA alignment and --redo option.

[00:00:00] Loading binary alignment from file: plot_data/SCN8A.DNA.trimmed.manual.fa.raxml.rba
[00:00:00] Alignment comprises 95 taxa, 1 partitions and 2003 patterns

Partition 0: noname
Model: GTR+FO+G4m
Alignment sites / patterns: 5679 / 2003
Gaps: 2.19 %
Invariant sites: 61.97 %


Parallelization scheme autoconfig: 4 worker(s) x 2 thread(s)

Parallel reduction/worker buffer size: 1 KB  / 0 KB

[00:00:00] Generating 10 random starting tree(s) with 95 taxa
[00:00:00] Generating 10 parsimony starting tree(s) with 95 taxa
[00:00:00] Data distribution: max. partitions/sites/weight per thread: 1 / 1002 / 16032
[00:00:00] Data distribution: max. searches per worker: 5

Starting ML tree search with 20 distinct starting trees

[00:00:00 -113726.261964] Initial branch length optimization
[00:00:02 -98428.690035] Model parameter optimization (eps = 10.000000)
[00:00:17 -88596.977337] AUTODETECT spr round 1 (radius: 5)
[00:00:32 -64807.026401] AUTODETECT spr round 2 (radius: 10)
[00:01:00 -55789.954877] AUTODETECT spr round 3 (radius: 15)
[00:01:32 -55789.919385] SPR radius for FAST iterations: 10 (autodetect)
[00:01:32 -55789.919385] Model parameter optimization (eps = 3.000000)
[00:01:41 -55721.934443] FAST spr round 1 (radius: 10)
[00:01:57 -52892.152567] FAST spr round 2 (radius: 10)
[00:02:06 -52772.467094] FAST spr round 3 (radius: 10)
[00:02:13 -52762.407036] FAST spr round 4 (radius: 10)
[00:02:20 -52761.446166] FAST spr round 5 (radius: 10)
[00:02:26 -52759.517982] FAST spr round 6 (radius: 10)
[00:02:33 -52758.804205] FAST spr round 7 (radius: 10)
[00:02:40 -52758.804146] Model parameter optimization (eps = 1.000000)
[00:02:42 -52757.180131] SLOW spr round 1 (radius: 5)
[00:03:09 -52755.830669] SLOW spr round 2 (radius: 5)
[00:03:34 -52755.829065] SLOW spr round 3 (radius: 10)
[00:03:58 -52755.828935] SLOW spr round 4 (radius: 15)
[00:04:33 -52755.828925] SLOW spr round 5 (radius: 20)
[00:04:47 -52755.828924] SLOW spr round 6 (radius: 25)
[00:04:50 -52755.828924] Model parameter optimization (eps = 0.100000)

[00:04:50] [worker #0] ML tree search #1, logLikelihood: -52755.815491

[00:04:50 -113342.872963] Initial branch length optimization
[00:04:51 -97386.544755] Model parameter optimization (eps = 10.000000)
[00:04:58 -87762.399855] AUTODETECT spr round 1 (radius: 5)
[00:05:03] [worker #3] ML tree search #4, logLikelihood: -52779.636909
[00:05:04 -66210.649088] AUTODETECT spr round 2 (radius: 10)
[00:05:12] [worker #1] ML tree search #2, logLikelihood: -52755.819927
[00:05:13] [worker #2] ML tree search #3, logLikelihood: -52758.498479
[00:05:15 -56667.678396] AUTODETECT spr round 3 (radius: 15)
[00:05:27 -56538.460186] AUTODETECT spr round 4 (radius: 20)
[00:05:34 -56538.459189] SPR radius for FAST iterations: 15 (autodetect)
[00:05:34 -56538.459189] Model parameter optimization (eps = 3.000000)
[00:05:37 -56485.577633] FAST spr round 1 (radius: 15)
[00:05:51 -53125.773339] FAST spr round 2 (radius: 15)
[00:06:01 -52882.890854] FAST spr round 3 (radius: 15)
[00:06:10 -52800.716299] FAST spr round 4 (radius: 15)
[00:06:19 -52796.410180] FAST spr round 5 (radius: 15)
[00:06:27 -52795.698387] FAST spr round 6 (radius: 15)
[00:06:35 -52795.094167] FAST spr round 7 (radius: 15)
[00:06:43 -52795.094160] Model parameter optimization (eps = 1.000000)
[00:06:44 -52790.576104] SLOW spr round 1 (radius: 5)
[00:07:09 -52790.383536] SLOW spr round 2 (radius: 5)
[00:07:31 -52790.383318] SLOW spr round 3 (radius: 10)
[00:07:56 -52790.383300] SLOW spr round 4 (radius: 15)
[00:08:32 -52790.383299] SLOW spr round 5 (radius: 20)
[00:08:49 -52790.383299] SLOW spr round 6 (radius: 25)
[00:08:53] [worker #1] ML tree search #6, logLikelihood: -52776.938831
[00:08:56 -52790.383299] Model parameter optimization (eps = 0.100000)

[00:08:58] [worker #0] ML tree search #5, logLikelihood: -52790.231227

[00:08:58 -112907.704477] Initial branch length optimization
[00:08:58 -97253.850792] Model parameter optimization (eps = 10.000000)
[00:09:06 -87637.618432] AUTODETECT spr round 1 (radius: 5)
[00:09:11] [worker #3] ML tree search #8, logLikelihood: -52755.819607
[00:09:12 -65688.176172] AUTODETECT spr round 2 (radius: 10)
[00:09:24 -55283.022432] AUTODETECT spr round 3 (radius: 15)
[00:09:35 -55283.008447] SPR radius for FAST iterations: 10 (autodetect)
[00:09:35 -55283.008447] Model parameter optimization (eps = 3.000000)
[00:09:38 -55216.614078] FAST spr round 1 (radius: 10)
[00:09:52 -52899.226441] FAST spr round 2 (radius: 10)
[00:10:01 -52806.657169] FAST spr round 3 (radius: 10)
[00:10:04] [worker #2] ML tree search #7, logLikelihood: -52787.084617
[00:10:09 -52798.259418] FAST spr round 4 (radius: 10)
[00:10:16 -52791.016081] FAST spr round 5 (radius: 10)
[00:10:23 -52788.611982] FAST spr round 6 (radius: 10)
[00:10:30 -52788.024986] FAST spr round 7 (radius: 10)
[00:10:37 -52787.780769] FAST spr round 8 (radius: 10)
[00:10:43 -52787.780675] Model parameter optimization (eps = 1.000000)
[00:10:45 -52786.701387] SLOW spr round 1 (radius: 5)
[00:11:11 -52779.653008] SLOW spr round 2 (radius: 5)
[00:11:34 -52779.651536] SLOW spr round 3 (radius: 10)
[00:11:58 -52779.651419] SLOW spr round 4 (radius: 15)
[00:12:29 -52779.651409] SLOW spr round 5 (radius: 20)
[00:12:34] [worker #1] ML tree search #10, logLikelihood: -52787.076835
[00:12:37] [worker #3] ML tree search #12, logLikelihood: -52758.483025
[00:12:42 -52779.651409] SLOW spr round 6 (radius: 25)
[00:12:43 -52779.651409] Model parameter optimization (eps = 0.100000)

[00:12:44] [worker #0] ML tree search #9, logLikelihood: -52779.614603

[00:12:44 -70165.872438] Initial branch length optimization
[00:12:45 -56284.064089] Model parameter optimization (eps = 10.000000)
[00:12:48 -53214.841423] AUTODETECT spr round 1 (radius: 5)
[00:12:53 -52904.089989] AUTODETECT spr round 2 (radius: 10)
[00:13:05 -52904.069006] SPR radius for FAST iterations: 5 (autodetect)
[00:13:05 -52904.069006] Model parameter optimization (eps = 3.000000)
[00:13:06 -52902.654251] FAST spr round 1 (radius: 5)
[00:13:12 -52891.739082] FAST spr round 2 (radius: 5)
[00:13:20 -52889.302517] FAST spr round 3 (radius: 5)
[00:13:27 -52869.330906] FAST spr round 4 (radius: 5)
[00:13:34 -52850.662288] FAST spr round 5 (radius: 5)
[00:13:34] [worker #2] ML tree search #11, logLikelihood: -52779.620254
[00:13:42 -52796.233651] FAST spr round 6 (radius: 5)
[00:13:49 -52795.621707] FAST spr round 7 (radius: 5)
[00:13:56 -52795.621664] Model parameter optimization (eps = 1.000000)
[00:13:57 -52795.356259] SLOW spr round 1 (radius: 5)
[00:14:21 -52787.160141] SLOW spr round 2 (radius: 5)
[00:14:41 -52787.160139] SLOW spr round 3 (radius: 10)
[00:15:04 -52787.160139] SLOW spr round 4 (radius: 15)
[00:15:35] [worker #1] ML tree search #14, logLikelihood: -52790.230857
[00:15:36 -52787.160139] SLOW spr round 5 (radius: 20)
[00:15:51] [worker #3] ML tree search #16, logLikelihood: -52755.818593
[00:15:51 -52787.160139] SLOW spr round 6 (radius: 25)
[00:15:58 -52787.160139] Model parameter optimization (eps = 0.100000)

[00:15:59] [worker #0] ML tree search #13, logLikelihood: -52787.085820

[00:15:59 -70196.976403] Initial branch length optimization
[00:16:00 -56259.772423] Model parameter optimization (eps = 10.000000)
[00:16:03 -53184.349749] AUTODETECT spr round 1 (radius: 5)
[00:16:08 -52889.134947] AUTODETECT spr round 2 (radius: 10)
[00:16:21 -52889.132456] SPR radius for FAST iterations: 5 (autodetect)
[00:16:21 -52889.132456] Model parameter optimization (eps = 3.000000)
[00:16:22 -52887.778598] FAST spr round 1 (radius: 5)
[00:16:29 -52860.663977] FAST spr round 2 (radius: 5)
[00:16:36 -52841.763574] FAST spr round 3 (radius: 5)
[00:16:43 -52823.471777] FAST spr round 4 (radius: 5)
[00:16:50 -52765.985370] FAST spr round 5 (radius: 5)
[00:16:57 -52765.135201] FAST spr round 6 (radius: 5)
[00:16:58] [worker #2] ML tree search #15, logLikelihood: -52787.081436
[00:17:04 -52764.519430] FAST spr round 7 (radius: 5)
[00:17:10 -52763.939576] FAST spr round 8 (radius: 5)
[00:17:17 -52763.939545] Model parameter optimization (eps = 1.000000)
[00:17:18 -52763.530150] SLOW spr round 1 (radius: 5)
[00:17:43 -52755.860225] SLOW spr round 2 (radius: 5)
[00:18:04 -52755.859884] SLOW spr round 3 (radius: 10)
[00:18:26 -52755.859857] SLOW spr round 4 (radius: 15)
[00:18:49] [worker #1] ML tree search #18, logLikelihood: -52787.090436
[00:18:56] [worker #3] ML tree search #20, logLikelihood: -52755.815795
[00:18:59 -52755.859854] SLOW spr round 5 (radius: 20)
[00:19:13 -52755.859854] SLOW spr round 6 (radius: 25)
[00:19:15 -52755.859854] Model parameter optimization (eps = 0.100000)

[00:19:16] [worker #0] ML tree search #17, logLikelihood: -52755.817428

[00:19:48] [worker #2] ML tree search #19, logLikelihood: -52787.088586

Optimized model parameters:

   Partition 0: noname
   Rate heterogeneity: GAMMA (4 cats, mean),  alpha: 0.263269 (ML),  weights&rates: (0.250000,0.002789) (0.250000,0.076426) (0.250000,0.528646) (0.250000,3.392139) 
   Base frequencies (ML): 0.287197 0.212814 0.214113 0.285877 
   Substitution rates (ML): 1.342983 3.424870 1.058228 1.023611 4.823122 1.000000 


Final LogLikelihood: -52755.815491

AIC score: 105903.630982 / AICc score: 105917.717812 / BIC score: 107205.958949
Free parameters (model + branch lengths): 196

Best ML tree saved to: /Users/uricchio/projects/poison/sodiumChannelPaper/Figures/Figure2/plot_data/SCN8A.DNA.trimmed.manual.fa.raxml.bestTree
All ML trees saved to: /Users/uricchio/projects/poison/sodiumChannelPaper/Figures/Figure2/plot_data/SCN8A.DNA.trimmed.manual.fa.raxml.mlTrees
Optimized model saved to: /Users/uricchio/projects/poison/sodiumChannelPaper/Figures/Figure2/plot_data/SCN8A.DNA.trimmed.manual.fa.raxml.bestModel

Execution log saved to: /Users/uricchio/projects/poison/sodiumChannelPaper/Figures/Figure2/plot_data/SCN8A.DNA.trimmed.manual.fa.raxml.log

Analysis started: 04-Aug-2022 21:21:27 / finished: 04-Aug-2022 21:41:15

Elapsed time: 1188.275 seconds

