
RAxML-NG v. 1.1.0 released on 29.11.2021 by The Exelixis Lab.
Developed by: Alexey M. Kozlov and Alexandros Stamatakis.
Contributors: Diego Darriba, Tomas Flouri, Benoit Morel, Sarah Lutteropp, Ben Bettisworth.
Latest version: https://github.com/amkozlov/raxml-ng
Questions/problems/suggestions? Please visit: https://groups.google.com/forum/#!forum/raxml

System: Apple M1, 8 cores, 8 GB RAM

RAxML-NG was called at 26-Jul-2022 20:52:41 as follows:

/Users/uricchio/projects/software/raxml-ng_v1.1.0_macos_x86_64/raxml-ng --model GTR+G --prefix plot_data/SCN4A.DNA.trimmed.fa --redo --msa plot_data/SCN4A.DNA.trimmed.fa.raxml.rba

Analysis options:
  run mode: ML tree search
  start tree(s): random (10) + parsimony (10)
  random seed: 1658893961
  tip-inner: OFF
  pattern compression: ON
  per-rate scalers: OFF
  site repeats: ON
  fast spr radius: AUTO
  spr subtree cutoff: 1.000000
  branch lengths: proportional (ML estimate, algorithm: NR-FAST)
  SIMD kernels: SSE3
  parallelization: coarse-grained (auto), PTHREADS (auto)

WARNING: Running in REDO mode: existing checkpoints are ignored, and all result files will be overwritten!

WARNING: The model you specified on the command line (GTR+G) will be ignored 
         since the binary MSA file already contains a model definition.
         If you want to change the model, please re-run RAxML-NG 
         with the original PHYLIP/FASTA alignment and --redo option.

[00:00:00] Loading binary alignment from file: plot_data/SCN4A.DNA.trimmed.fa.raxml.rba
[00:00:00] Alignment comprises 95 taxa, 1 partitions and 2404 patterns

Partition 0: noname
Model: GTR+FO+G4m
Alignment sites / patterns: 5202 / 2404
Gaps: 2.42 %
Invariant sites: 52.75 %


Parallelization scheme autoconfig: 4 worker(s) x 2 thread(s)

Parallel reduction/worker buffer size: 1 KB  / 0 KB

[00:00:00] Generating 10 random starting tree(s) with 95 taxa
[00:00:00] Generating 10 parsimony starting tree(s) with 95 taxa
[00:00:00] Data distribution: max. partitions/sites/weight per thread: 1 / 1202 / 19232
[00:00:00] Data distribution: max. searches per worker: 5

Starting ML tree search with 20 distinct starting trees

[00:00:00 -121981.807566] Initial branch length optimization
[00:00:00 -105681.524106] Model parameter optimization (eps = 10.000000)
[00:00:04 -96631.369891] AUTODETECT spr round 1 (radius: 5)
[00:00:08 -69736.862992] AUTODETECT spr round 2 (radius: 10)
[00:00:16 -60672.438427] AUTODETECT spr round 3 (radius: 15)
[00:00:22 -60672.302015] AUTODETECT spr round 4 (radius: 20)
[00:00:27 -60672.295859] SPR radius for FAST iterations: 15 (autodetect)
[00:00:27 -60672.295859] Model parameter optimization (eps = 3.000000)
[00:00:29 -60535.494161] FAST spr round 1 (radius: 15)
[00:00:37 -56176.181081] FAST spr round 2 (radius: 15)
[00:00:42 -56102.608176] FAST spr round 3 (radius: 15)
[00:00:46 -56091.494652] FAST spr round 4 (radius: 15)
[00:00:51 -56078.833109] FAST spr round 5 (radius: 15)
[00:00:55 -56071.289472] FAST spr round 6 (radius: 15)
[00:00:59 -56067.451436] FAST spr round 7 (radius: 15)
[00:01:04 -56064.755762] FAST spr round 8 (radius: 15)
[00:01:08 -56063.455645] FAST spr round 9 (radius: 15)
[00:01:13 -56062.573430] FAST spr round 10 (radius: 15)
[00:01:16 -56061.860158] FAST spr round 11 (radius: 15)
[00:01:20 -56061.727653] FAST spr round 12 (radius: 15)
[00:01:24 -56061.727632] Model parameter optimization (eps = 1.000000)
[00:01:26 -56056.651868] SLOW spr round 1 (radius: 5)
[00:01:41 -56047.396794] SLOW spr round 2 (radius: 5)
[00:01:57 -56044.533551] SLOW spr round 3 (radius: 5)
[00:02:09] [worker #3] ML tree search #4, logLikelihood: -56042.603138
[00:02:12 -56044.533549] SLOW spr round 4 (radius: 10)
[00:02:29 -56044.533548] SLOW spr round 5 (radius: 15)
[00:02:40] [worker #1] ML tree search #2, logLikelihood: -56044.721733
[00:02:51 -56044.533548] SLOW spr round 6 (radius: 20)
[00:02:52] [worker #2] ML tree search #3, logLikelihood: -56042.102930
[00:02:58 -56044.533548] SLOW spr round 7 (radius: 25)
[00:02:59 -56044.533548] Model parameter optimization (eps = 0.100000)

[00:02:59] [worker #0] ML tree search #1, logLikelihood: -56044.208018

[00:02:59 -122646.848328] Initial branch length optimization
[00:03:00 -106122.959603] Model parameter optimization (eps = 10.000000)
[00:03:03 -96970.516583] AUTODETECT spr round 1 (radius: 5)
[00:03:07 -65968.772511] AUTODETECT spr round 2 (radius: 10)
[00:03:14 -59346.356218] AUTODETECT spr round 3 (radius: 15)
[00:03:22 -59346.340844] SPR radius for FAST iterations: 10 (autodetect)
[00:03:22 -59346.340844] Model parameter optimization (eps = 3.000000)
[00:03:24 -59191.582209] FAST spr round 1 (radius: 10)
[00:03:33 -56131.789502] FAST spr round 2 (radius: 10)
[00:03:40 -56082.301748] FAST spr round 3 (radius: 10)
[00:03:45 -56069.501381] FAST spr round 4 (radius: 10)
[00:03:49 -56059.033823] FAST spr round 5 (radius: 10)
[00:03:54 -56057.606646] FAST spr round 6 (radius: 10)
[00:03:58 -56056.455172] FAST spr round 7 (radius: 10)
[00:04:02 -56055.315406] FAST spr round 8 (radius: 10)
[00:04:06 -56055.060339] FAST spr round 9 (radius: 10)
[00:04:11 -56055.060330] Model parameter optimization (eps = 1.000000)
[00:04:12 -56051.307743] SLOW spr round 1 (radius: 5)
[00:04:29 -56047.117936] SLOW spr round 2 (radius: 5)
[00:04:45 -56044.276843] SLOW spr round 3 (radius: 5)
[00:04:47] [worker #3] ML tree search #8, logLikelihood: -56042.110580
[00:05:00 -56044.276819] SLOW spr round 4 (radius: 10)
[00:05:06] [worker #1] ML tree search #6, logLikelihood: -56044.720362
[00:05:16 -56044.276818] SLOW spr round 5 (radius: 15)
[00:05:30] [worker #2] ML tree search #7, logLikelihood: -56042.107851
[00:05:36 -56044.276818] SLOW spr round 6 (radius: 20)
[00:05:44 -56044.276818] SLOW spr round 7 (radius: 25)
[00:05:45 -56044.276818] Model parameter optimization (eps = 0.100000)

[00:05:45] [worker #0] ML tree search #5, logLikelihood: -56044.205868

[00:05:45 -123371.566772] Initial branch length optimization
[00:05:46 -106939.628941] Model parameter optimization (eps = 10.000000)
[00:05:50 -97582.862515] AUTODETECT spr round 1 (radius: 5)
[00:05:54 -68814.031924] AUTODETECT spr round 2 (radius: 10)
[00:06:03 -58948.877578] AUTODETECT spr round 3 (radius: 15)
[00:06:10 -58710.252966] AUTODETECT spr round 4 (radius: 20)
[00:06:13 -58710.247158] SPR radius for FAST iterations: 15 (autodetect)
[00:06:13 -58710.247158] Model parameter optimization (eps = 3.000000)
[00:06:15 -58548.165237] FAST spr round 1 (radius: 15)
[00:06:24 -56135.801108] FAST spr round 2 (radius: 15)
[00:06:30 -56062.699395] FAST spr round 3 (radius: 15)
[00:06:35 -56053.975279] FAST spr round 4 (radius: 15)
[00:06:40 -56045.732906] FAST spr round 5 (radius: 15)
[00:06:45 -56044.881223] FAST spr round 6 (radius: 15)
[00:06:50 -56044.792000] Model parameter optimization (eps = 1.000000)
[00:06:51] [worker #3] ML tree search #12, logLikelihood: -56042.106126
[00:06:51 -56042.340833] SLOW spr round 1 (radius: 5)
[00:07:08 -56042.141411] SLOW spr round 2 (radius: 5)
[00:07:11] [worker #1] ML tree search #10, logLikelihood: -56042.113596
[00:07:22 -56042.141177] SLOW spr round 3 (radius: 10)
[00:07:37 -56042.141169] SLOW spr round 4 (radius: 15)
[00:07:40] [worker #2] ML tree search #11, logLikelihood: -56044.207258
[00:07:56 -56042.141169] SLOW spr round 5 (radius: 20)
[00:08:05 -56042.141169] SLOW spr round 6 (radius: 25)
[00:08:05 -56042.141169] Model parameter optimization (eps = 0.100000)

[00:08:06] [worker #0] ML tree search #9, logLikelihood: -56042.106116

[00:08:06 -71276.041132] Initial branch length optimization
[00:08:06 -58483.211722] Model parameter optimization (eps = 10.000000)
[00:08:08 -56132.474120] AUTODETECT spr round 1 (radius: 5)
[00:08:12 -56073.128633] AUTODETECT spr round 2 (radius: 10)
[00:08:19 -56073.128527] SPR radius for FAST iterations: 5 (autodetect)
[00:08:19 -56073.128527] Model parameter optimization (eps = 3.000000)
[00:08:20 -56072.835370] FAST spr round 1 (radius: 5)
[00:08:24 -56064.838914] FAST spr round 2 (radius: 5)
[00:08:28 -56061.456826] FAST spr round 3 (radius: 5)
[00:08:32 -56059.501860] FAST spr round 4 (radius: 5)
[00:08:37 -56058.395541] FAST spr round 5 (radius: 5)
[00:08:41 -56057.457620] FAST spr round 6 (radius: 5)
[00:08:46 -56057.289490] FAST spr round 7 (radius: 5)
[00:08:50 -56057.289479] Model parameter optimization (eps = 1.000000)
[00:08:50 -56057.201223] SLOW spr round 1 (radius: 5)
[00:09:00] [worker #3] ML tree search #16, logLikelihood: -56044.206548
[00:09:07 -56044.018589] SLOW spr round 2 (radius: 5)
[00:09:08] [worker #1] ML tree search #14, logLikelihood: -56044.712444
[00:09:22 -56042.648717] SLOW spr round 3 (radius: 5)
[00:09:37 -56042.648715] SLOW spr round 4 (radius: 10)
[00:09:51 -56042.648715] SLOW spr round 5 (radius: 15)
[00:10:09] [worker #2] ML tree search #15, logLikelihood: -56042.113446
[00:10:11 -56042.648715] SLOW spr round 6 (radius: 20)
[00:10:20 -56042.648715] SLOW spr round 7 (radius: 25)
[00:10:20 -56042.648715] Model parameter optimization (eps = 0.100000)

[00:10:21] [worker #0] ML tree search #13, logLikelihood: -56042.583391

[00:10:21 -71370.808969] Initial branch length optimization
[00:10:21 -58541.479397] Model parameter optimization (eps = 10.000000)
[00:10:23 -56159.311025] AUTODETECT spr round 1 (radius: 5)
[00:10:26 -56063.235665] AUTODETECT spr round 2 (radius: 10)
[00:10:34 -56063.235385] SPR radius for FAST iterations: 5 (autodetect)
[00:10:34 -56063.235385] Model parameter optimization (eps = 3.000000)
[00:10:34 -56063.048944] FAST spr round 1 (radius: 5)
[00:10:38 -56061.240891] FAST spr round 2 (radius: 5)
[00:10:42 -56060.085590] FAST spr round 3 (radius: 5)
[00:10:46 -56059.223203] FAST spr round 4 (radius: 5)
[00:10:51 -56058.446670] FAST spr round 5 (radius: 5)
[00:10:55 -56058.271033] FAST spr round 6 (radius: 5)
[00:11:00 -56058.271023] Model parameter optimization (eps = 1.000000)
[00:11:00 -56058.251265] SLOW spr round 1 (radius: 5)
[00:11:01] [worker #1] ML tree search #18, logLikelihood: -56044.202259
[00:11:02] [worker #3] ML tree search #20, logLikelihood: -56042.586184
[00:11:16 -56049.801468] SLOW spr round 2 (radius: 5)
[00:11:30 -56045.992143] SLOW spr round 3 (radius: 5)
[00:11:44 -56042.192230] SLOW spr round 4 (radius: 5)
[00:11:47] [worker #2] ML tree search #19, logLikelihood: -56044.201670
[00:11:57 -56042.192220] SLOW spr round 5 (radius: 10)
[00:12:11 -56042.192220] SLOW spr round 6 (radius: 15)
[00:12:29 -56042.192220] SLOW spr round 7 (radius: 20)
[00:12:37 -56042.192220] SLOW spr round 8 (radius: 25)
[00:12:37 -56042.192220] Model parameter optimization (eps = 0.100000)

[00:12:38] [worker #0] ML tree search #17, logLikelihood: -56042.109725


Optimized model parameters:

   Partition 0: noname
   Rate heterogeneity: GAMMA (4 cats, mean),  alpha: 0.379956 (ML),  weights&rates: (0.250000,0.013932) (0.250000,0.166632) (0.250000,0.708646) (0.250000,3.110790) 
   Base frequencies (ML): 0.296838 0.192262 0.204059 0.306842 
   Substitution rates (ML): 1.382304 3.896398 1.122952 1.159409 4.182739 1.000000 


Final LogLikelihood: -56042.102930

AIC score: 112476.205860 / AICc score: 112491.635230 / BIC score: 113761.338355
Free parameters (model + branch lengths): 196

Best ML tree saved to: /Users/uricchio/projects/poison/sodiumChannelPaper/Figures/Figure2/plot_data/SCN4A.DNA.trimmed.fa.raxml.bestTree
All ML trees saved to: /Users/uricchio/projects/poison/sodiumChannelPaper/Figures/Figure2/plot_data/SCN4A.DNA.trimmed.fa.raxml.mlTrees
Optimized model saved to: /Users/uricchio/projects/poison/sodiumChannelPaper/Figures/Figure2/plot_data/SCN4A.DNA.trimmed.fa.raxml.bestModel

Execution log saved to: /Users/uricchio/projects/poison/sodiumChannelPaper/Figures/Figure2/plot_data/SCN4A.DNA.trimmed.fa.raxml.log

Analysis started: 26-Jul-2022 20:52:41 / finished: 26-Jul-2022 21:05:19

Elapsed time: 758.032 seconds

