
RAxML-NG v. 1.1.0 released on 29.11.2021 by The Exelixis Lab.
Developed by: Alexey M. Kozlov and Alexandros Stamatakis.
Contributors: Diego Darriba, Tomas Flouri, Benoit Morel, Sarah Lutteropp, Ben Bettisworth.
Latest version: https://github.com/amkozlov/raxml-ng
Questions/problems/suggestions? Please visit: https://groups.google.com/forum/#!forum/raxml

System: Apple M1, 8 cores, 8 GB RAM

RAxML-NG was called at 26-Jul-2022 20:47:40 as follows:

/Users/uricchio/projects/software/raxml-ng_v1.1.0_macos_x86_64/raxml-ng --model GTR+G --prefix plot_data/SCN5A.DNA.trimmed.fa --redo --msa plot_data/SCN5A.DNA.trimmed.fa.raxml.rba

Analysis options:
  run mode: ML tree search
  start tree(s): random (10) + parsimony (10)
  random seed: 1658893660
  tip-inner: OFF
  pattern compression: ON
  per-rate scalers: OFF
  site repeats: ON
  fast spr radius: AUTO
  spr subtree cutoff: 1.000000
  branch lengths: proportional (ML estimate, algorithm: NR-FAST)
  SIMD kernels: SSE3
  parallelization: coarse-grained (auto), PTHREADS (auto)

WARNING: Running in REDO mode: existing checkpoints are ignored, and all result files will be overwritten!

WARNING: The model you specified on the command line (GTR+G) will be ignored 
         since the binary MSA file already contains a model definition.
         If you want to change the model, please re-run RAxML-NG 
         with the original PHYLIP/FASTA alignment and --redo option.

[00:00:00] Loading binary alignment from file: plot_data/SCN5A.DNA.trimmed.fa.raxml.rba
[00:00:00] Alignment comprises 64 taxa, 1 partitions and 1735 patterns

Partition 0: noname
Model: GTR+FO+G4m
Alignment sites / patterns: 4356 / 1735
Gaps: 6.31 %
Invariant sites: 58.65 %


Parallelization scheme autoconfig: 8 worker(s) x 1 thread(s)

Parallel reduction/worker buffer size: 1 KB  / 0 KB

[00:00:00] Generating 10 random starting tree(s) with 64 taxa
[00:00:00] Generating 10 parsimony starting tree(s) with 64 taxa
[00:00:00] Data distribution: max. partitions/sites/weight per thread: 1 / 1735 / 27760
[00:00:00] Data distribution: max. searches per worker: 3

Starting ML tree search with 20 distinct starting trees

[00:00:00 -68790.786041] Initial branch length optimization
[00:00:00 -60065.610213] Model parameter optimization (eps = 10.000000)
[00:00:02 -55367.144218] AUTODETECT spr round 1 (radius: 5)
[00:00:03 -43757.064946] AUTODETECT spr round 2 (radius: 10)
[00:00:06 -40842.632436] AUTODETECT spr round 3 (radius: 15)
[00:00:08 -40842.626133] SPR radius for FAST iterations: 10 (autodetect)
[00:00:08 -40842.626133] Model parameter optimization (eps = 3.000000)
[00:00:09 -40791.524862] FAST spr round 1 (radius: 10)
[00:00:14 -39316.860772] FAST spr round 2 (radius: 10)
[00:00:17 -39286.631097] FAST spr round 3 (radius: 10)
[00:00:20 -39258.854510] FAST spr round 4 (radius: 10)
[00:00:23 -39255.026619] FAST spr round 5 (radius: 10)
[00:00:25 -39253.264606] FAST spr round 6 (radius: 10)
[00:00:28 -39253.264524] Model parameter optimization (eps = 1.000000)
[00:00:29 -39252.465039] SLOW spr round 1 (radius: 5)
[00:00:39 -39252.456835] SLOW spr round 2 (radius: 10)
[00:00:50 -39176.828787] SLOW spr round 3 (radius: 5)
[00:01:08 -39176.828306] SLOW spr round 4 (radius: 10)
[00:01:13] [worker #7] ML tree search #8, logLikelihood: -39176.657819
[00:01:14] [worker #3] ML tree search #4, logLikelihood: -39176.658374
[00:01:16] [worker #4] ML tree search #5, logLikelihood: -39209.822859
[00:01:20 -39176.828296] SLOW spr round 5 (radius: 15)
[00:01:22] [worker #2] ML tree search #3, logLikelihood: -39176.660506
[00:01:30 -39176.828296] SLOW spr round 6 (radius: 20)
[00:01:35 -39176.828296] SLOW spr round 7 (radius: 25)
[00:01:35 -39176.828296] Model parameter optimization (eps = 0.100000)
[00:01:36] [worker #6] ML tree search #7, logLikelihood: -39176.655122

[00:01:36] [worker #0] ML tree search #1, logLikelihood: -39176.655955

[00:01:36 -69291.887713] Initial branch length optimization
[00:01:36 -60510.154447] Model parameter optimization (eps = 10.000000)
[00:01:39 -55852.944881] AUTODETECT spr round 1 (radius: 5)
[00:01:42 -42756.908795] AUTODETECT spr round 2 (radius: 10)
[00:01:46 -40739.441418] AUTODETECT spr round 3 (radius: 15)
[00:01:49 -40739.433056] SPR radius for FAST iterations: 10 (autodetect)
[00:01:49 -40739.433056] Model parameter optimization (eps = 3.000000)
[00:01:50 -40691.436557] FAST spr round 1 (radius: 10)
[00:01:56] [worker #5] ML tree search #6, logLikelihood: -39176.657165
[00:01:57 -39354.186168] FAST spr round 2 (radius: 10)
[00:02:01 -39251.845646] FAST spr round 3 (radius: 10)
[00:02:05 -39207.772216] FAST spr round 4 (radius: 10)
[00:02:09 -39197.532743] FAST spr round 5 (radius: 10)
[00:02:12 -39190.808839] FAST spr round 6 (radius: 10)
[00:02:16 -39184.449558] FAST spr round 7 (radius: 10)
[00:02:19 -39181.261504] FAST spr round 8 (radius: 10)
[00:02:19] [worker #7] ML tree search #16, logLikelihood: -39176.655941
[00:02:22] [worker #1] ML tree search #2, logLikelihood: -39176.657511
[00:02:22 -39178.917500] FAST spr round 9 (radius: 10)
[00:02:26 -39178.069561] FAST spr round 10 (radius: 10)
[00:02:26] [worker #3] ML tree search #12, logLikelihood: -39176.655856
[00:02:29 -39177.411536] FAST spr round 11 (radius: 10)
[00:02:33 -39177.411528] Model parameter optimization (eps = 1.000000)
[00:02:33 -39176.726685] SLOW spr round 1 (radius: 5)
[00:02:35] [worker #2] ML tree search #11, logLikelihood: -39176.653893
[00:02:44 -39176.715438] SLOW spr round 2 (radius: 10)
[00:02:45] [worker #6] ML tree search #15, logLikelihood: -39176.658896
[00:02:52] [worker #4] ML tree search #13, logLikelihood: -39176.663953
[00:02:54 -39176.715163] SLOW spr round 3 (radius: 15)
[00:03:03 -39176.715158] SLOW spr round 4 (radius: 20)
[00:03:08 -39176.715157] SLOW spr round 5 (radius: 25)
[00:03:08 -39176.715157] Model parameter optimization (eps = 0.100000)

[00:03:09] [worker #0] ML tree search #9, logLikelihood: -39176.663978

[00:03:09 -48476.147381] Initial branch length optimization
[00:03:09 -41198.952810] Model parameter optimization (eps = 10.000000)
[00:03:09] [worker #5] ML tree search #14, logLikelihood: -39176.653734
[00:03:10 -39364.712023] AUTODETECT spr round 1 (radius: 5)
[00:03:12 -39190.482691] AUTODETECT spr round 2 (radius: 10)
[00:03:16 -39190.478665] SPR radius for FAST iterations: 5 (autodetect)
[00:03:16 -39190.478665] Model parameter optimization (eps = 3.000000)
[00:03:17 -39190.358705] FAST spr round 1 (radius: 5)
[00:03:20 -39181.861401] FAST spr round 2 (radius: 5)
[00:03:22 -39179.646002] FAST spr round 3 (radius: 5)
[00:03:25 -39177.505395] FAST spr round 4 (radius: 5)
[00:03:26] [worker #3] ML tree search #20, logLikelihood: -39176.654308
[00:03:28 -39176.715705] FAST spr round 5 (radius: 5)
[00:03:31 -39176.715629] Model parameter optimization (eps = 1.000000)
[00:03:32 -39176.659380] SLOW spr round 1 (radius: 5)
[00:03:42 -39176.659375] SLOW spr round 2 (radius: 10)
[00:03:49] [worker #2] ML tree search #19, logLikelihood: -39176.656330
[00:03:52 -39176.659375] SLOW spr round 3 (radius: 15)
[00:03:53] [worker #1] ML tree search #10, logLikelihood: -39176.660294
[00:04:01 -39176.659375] SLOW spr round 4 (radius: 20)
[00:04:06 -39176.659375] SLOW spr round 5 (radius: 25)
[00:04:06 -39176.659375] Model parameter optimization (eps = 0.100000)

[00:04:07] [worker #0] ML tree search #17, logLikelihood: -39176.654813

[00:05:00] [worker #1] ML tree search #18, logLikelihood: -39176.654109

Optimized model parameters:

   Partition 0: noname
   Rate heterogeneity: GAMMA (4 cats, mean),  alpha: 0.284574 (ML),  weights&rates: (0.250000,0.004128) (0.250000,0.092562) (0.250000,0.568963) (0.250000,3.334347) 
   Base frequencies (ML): 0.294939 0.202721 0.208014 0.294326 
   Substitution rates (ML): 1.339854 3.255139 1.215776 1.087061 4.029388 1.000000 


Final LogLikelihood: -39176.653734

AIC score: 78621.307467 / AICc score: 78629.878896 / BIC score: 79476.134938
Free parameters (model + branch lengths): 134

Best ML tree saved to: /Users/uricchio/projects/poison/sodiumChannelPaper/Figures/Figure2/plot_data/SCN5A.DNA.trimmed.fa.raxml.bestTree
All ML trees saved to: /Users/uricchio/projects/poison/sodiumChannelPaper/Figures/Figure2/plot_data/SCN5A.DNA.trimmed.fa.raxml.mlTrees
Optimized model saved to: /Users/uricchio/projects/poison/sodiumChannelPaper/Figures/Figure2/plot_data/SCN5A.DNA.trimmed.fa.raxml.bestModel

Execution log saved to: /Users/uricchio/projects/poison/sodiumChannelPaper/Figures/Figure2/plot_data/SCN5A.DNA.trimmed.fa.raxml.log

Analysis started: 26-Jul-2022 20:47:40 / finished: 26-Jul-2022 20:52:41

Elapsed time: 300.488 seconds

