
RAxML-NG v. 1.1.0 released on 29.11.2021 by The Exelixis Lab.
Developed by: Alexey M. Kozlov and Alexandros Stamatakis.
Contributors: Diego Darriba, Tomas Flouri, Benoit Morel, Sarah Lutteropp, Ben Bettisworth.
Latest version: https://github.com/amkozlov/raxml-ng
Questions/problems/suggestions? Please visit: https://groups.google.com/forum/#!forum/raxml

System: Apple M1, 8 cores, 8 GB RAM

RAxML-NG was called at 26-Jul-2022 21:05:19 as follows:

/Users/uricchio/projects/software/raxml-ng_v1.1.0_macos_x86_64/raxml-ng --model GTR+G --prefix plot_data/SCN8A.DNA.trimmed.fa --redo --msa plot_data/SCN8A.DNA.trimmed.fa.raxml.rba

Analysis options:
  run mode: ML tree search
  start tree(s): random (10) + parsimony (10)
  random seed: 1658894719
  tip-inner: OFF
  pattern compression: ON
  per-rate scalers: OFF
  site repeats: ON
  fast spr radius: AUTO
  spr subtree cutoff: 1.000000
  branch lengths: proportional (ML estimate, algorithm: NR-FAST)
  SIMD kernels: SSE3
  parallelization: coarse-grained (auto), PTHREADS (auto)

WARNING: Running in REDO mode: existing checkpoints are ignored, and all result files will be overwritten!

WARNING: The model you specified on the command line (GTR+G) will be ignored 
         since the binary MSA file already contains a model definition.
         If you want to change the model, please re-run RAxML-NG 
         with the original PHYLIP/FASTA alignment and --redo option.

[00:00:00] Loading binary alignment from file: plot_data/SCN8A.DNA.trimmed.fa.raxml.rba
[00:00:00] Alignment comprises 95 taxa, 1 partitions and 2121 patterns

Partition 0: noname
Model: GTR+FO+G4m
Alignment sites / patterns: 5679 / 2121
Gaps: 1.76 %
Invariant sites: 59.02 %


Parallelization scheme autoconfig: 4 worker(s) x 2 thread(s)

Parallel reduction/worker buffer size: 1 KB  / 0 KB

[00:00:00] Generating 10 random starting tree(s) with 95 taxa
[00:00:00] Generating 10 parsimony starting tree(s) with 95 taxa
[00:00:00] Data distribution: max. partitions/sites/weight per thread: 1 / 1061 / 16976
[00:00:00] Data distribution: max. searches per worker: 5

Starting ML tree search with 20 distinct starting trees

[00:00:00 -119779.198384] Initial branch length optimization
[00:00:00 -103763.397156] Model parameter optimization (eps = 10.000000)
[00:00:04 -94494.942494] AUTODETECT spr round 1 (radius: 5)
[00:00:07 -70352.776610] AUTODETECT spr round 2 (radius: 10)
[00:00:12 -60986.319788] AUTODETECT spr round 3 (radius: 15)
[00:00:20 -60720.356943] AUTODETECT spr round 4 (radius: 20)
[00:00:24 -60720.354244] SPR radius for FAST iterations: 15 (autodetect)
[00:00:24 -60720.354244] Model parameter optimization (eps = 3.000000)
[00:00:26 -60639.770380] FAST spr round 1 (radius: 15)
[00:00:34 -57767.289623] FAST spr round 2 (radius: 15)
[00:00:41 -57414.084609] FAST spr round 3 (radius: 15)
[00:00:45 -57408.282012] FAST spr round 4 (radius: 15)
[00:00:49 -57406.065936] FAST spr round 5 (radius: 15)
[00:00:54 -57403.903174] FAST spr round 6 (radius: 15)
[00:00:58 -57401.824519] FAST spr round 7 (radius: 15)
[00:01:02 -57400.363903] FAST spr round 8 (radius: 15)
[00:01:06 -57399.049913] FAST spr round 9 (radius: 15)
[00:01:11 -57398.228789] FAST spr round 10 (radius: 15)
[00:01:15 -57398.215926] Model parameter optimization (eps = 1.000000)
[00:01:16 -57394.928679] SLOW spr round 1 (radius: 5)
[00:01:31 -57389.698329] SLOW spr round 2 (radius: 5)
[00:01:43 -57389.698076] SLOW spr round 3 (radius: 10)
[00:01:53] [worker #3] ML tree search #4, logLikelihood: -57398.178022
[00:01:56 -57389.698062] SLOW spr round 4 (radius: 15)
[00:02:08] [worker #2] ML tree search #3, logLikelihood: -57395.060853
[00:02:13 -57389.698061] SLOW spr round 5 (radius: 20)
[00:02:24 -57389.698061] SLOW spr round 6 (radius: 25)
[00:02:28 -57389.698061] Model parameter optimization (eps = 0.100000)

[00:02:29] [worker #0] ML tree search #1, logLikelihood: -57389.627904

[00:02:29 -118114.423317] Initial branch length optimization
[00:02:29 -101712.340295] Model parameter optimization (eps = 10.000000)
[00:02:33 -92628.805761] AUTODETECT spr round 1 (radius: 5)
[00:02:34] [worker #1] ML tree search #2, logLikelihood: -57398.636315
[00:02:36 -71850.186784] AUTODETECT spr round 2 (radius: 10)
[00:02:43 -60799.536044] AUTODETECT spr round 3 (radius: 15)
[00:02:50 -60799.517849] SPR radius for FAST iterations: 10 (autodetect)
[00:02:50 -60799.517849] Model parameter optimization (eps = 3.000000)
[00:02:52 -60707.495122] FAST spr round 1 (radius: 10)
[00:02:59 -57595.873600] FAST spr round 2 (radius: 10)
[00:03:04 -57498.944338] FAST spr round 3 (radius: 10)
[00:03:09 -57414.005952] FAST spr round 4 (radius: 10)
[00:03:13 -57407.521502] FAST spr round 5 (radius: 10)
[00:03:16 -57401.489575] FAST spr round 6 (radius: 10)
[00:03:20 -57399.267511] FAST spr round 7 (radius: 10)
[00:03:24 -57397.124701] FAST spr round 8 (radius: 10)
[00:03:28 -57396.045071] FAST spr round 9 (radius: 10)
[00:03:32 -57396.044791] Model parameter optimization (eps = 1.000000)
[00:03:33 -57394.654439] SLOW spr round 1 (radius: 5)
[00:03:46 -57388.899761] SLOW spr round 2 (radius: 5)
[00:03:59 -57388.898970] SLOW spr round 3 (radius: 10)
[00:04:01] [worker #2] ML tree search #7, logLikelihood: -57394.987878
[00:04:08] [worker #3] ML tree search #8, logLikelihood: -57391.870400
[00:04:13 -57388.898923] SLOW spr round 4 (radius: 15)
[00:04:36 -57388.898920] SLOW spr round 5 (radius: 20)
[00:04:45 -57388.898920] SLOW spr round 6 (radius: 25)
[00:04:50 -57388.898920] Model parameter optimization (eps = 0.100000)

[00:04:50] [worker #0] ML tree search #5, logLikelihood: -57388.841023

[00:04:50 -118589.106962] Initial branch length optimization
[00:04:51 -102012.643223] Model parameter optimization (eps = 10.000000)
[00:04:55 -92792.078318] AUTODETECT spr round 1 (radius: 5)
[00:04:58 -71302.593165] AUTODETECT spr round 2 (radius: 10)
[00:05:04 -61678.576518] AUTODETECT spr round 3 (radius: 15)
[00:05:11 -61678.563629] SPR radius for FAST iterations: 10 (autodetect)
[00:05:11 -61678.563629] Model parameter optimization (eps = 3.000000)
[00:05:12 -61602.639540] FAST spr round 1 (radius: 10)
[00:05:15] [worker #1] ML tree search #6, logLikelihood: -57385.245451
[00:05:20 -57544.396749] FAST spr round 2 (radius: 10)
[00:05:25 -57432.835222] FAST spr round 3 (radius: 10)
[00:05:30 -57425.878908] FAST spr round 4 (radius: 10)
[00:05:34 -57419.525527] FAST spr round 5 (radius: 10)
[00:05:38 -57414.521211] FAST spr round 6 (radius: 10)
[00:05:43 -57409.906469] FAST spr round 7 (radius: 10)
[00:05:47] [worker #2] ML tree search #11, logLikelihood: -57388.849725
[00:05:48 -57405.076780] FAST spr round 8 (radius: 10)
[00:05:52 -57405.052125] Model parameter optimization (eps = 1.000000)
[00:05:52 -57400.537848] SLOW spr round 1 (radius: 5)
[00:06:00] [worker #3] ML tree search #12, logLikelihood: -57398.169913
[00:06:07 -57395.135054] SLOW spr round 2 (radius: 5)
[00:06:20 -57395.135029] SLOW spr round 3 (radius: 10)
[00:06:34 -57395.135029] SLOW spr round 4 (radius: 15)
[00:06:56 -57395.135029] SLOW spr round 5 (radius: 20)
[00:07:04 -57395.135029] SLOW spr round 6 (radius: 25)
[00:07:07 -57395.135029] Model parameter optimization (eps = 0.100000)

[00:07:08] [worker #0] ML tree search #9, logLikelihood: -57394.914148

[00:07:08 -74558.036549] Initial branch length optimization
[00:07:09 -60982.104910] Model parameter optimization (eps = 10.000000)
[00:07:11 -58026.314286] AUTODETECT spr round 1 (radius: 5)
[00:07:14 -57443.384033] AUTODETECT spr round 2 (radius: 10)
[00:07:21 -57417.800462] AUTODETECT spr round 3 (radius: 15)
[00:07:27 -57417.795383] SPR radius for FAST iterations: 10 (autodetect)
[00:07:27 -57417.795383] Model parameter optimization (eps = 3.000000)
[00:07:27 -57416.179705] FAST spr round 1 (radius: 10)
[00:07:31 -57404.140996] FAST spr round 2 (radius: 10)
[00:07:35 -57400.301404] FAST spr round 3 (radius: 10)
[00:07:38 -57397.230531] FAST spr round 4 (radius: 10)
[00:07:42 -57395.220869] FAST spr round 5 (radius: 10)
[00:07:43] [worker #2] ML tree search #15, logLikelihood: -57392.734173
[00:07:46 -57395.220849] Model parameter optimization (eps = 1.000000)
[00:07:47 -57395.032338] SLOW spr round 1 (radius: 5)
[00:07:59] [worker #3] ML tree search #16, logLikelihood: -57395.446753
[00:08:01 -57394.905313] SLOW spr round 2 (radius: 5)
[00:08:02] [worker #1] ML tree search #10, logLikelihood: -57395.582618
[00:08:14 -57394.905277] SLOW spr round 3 (radius: 10)
[00:08:28 -57394.905275] SLOW spr round 4 (radius: 15)
[00:08:48 -57394.905275] SLOW spr round 5 (radius: 20)
[00:08:57 -57394.905275] SLOW spr round 6 (radius: 25)
[00:09:00 -57394.905275] Model parameter optimization (eps = 0.100000)

[00:09:00] [worker #0] ML tree search #13, logLikelihood: -57394.899174

[00:09:00 -74464.285500] Initial branch length optimization
[00:09:01 -60848.138673] Model parameter optimization (eps = 10.000000)
[00:09:02 -57846.922545] AUTODETECT spr round 1 (radius: 5)
[00:09:05 -57398.510386] AUTODETECT spr round 2 (radius: 10)
[00:09:12 -57398.501543] SPR radius for FAST iterations: 5 (autodetect)
[00:09:12 -57398.501543] Model parameter optimization (eps = 3.000000)
[00:09:12 -57397.829773] FAST spr round 1 (radius: 5)
[00:09:15] [worker #2] ML tree search #19, logLikelihood: -57398.168924
[00:09:15 -57395.665701] FAST spr round 2 (radius: 5)
[00:09:19 -57393.974887] FAST spr round 3 (radius: 5)
[00:09:23 -57393.974808] Model parameter optimization (eps = 1.000000)
[00:09:23 -57393.867509] SLOW spr round 1 (radius: 5)
[00:09:36 -57391.887789] SLOW spr round 2 (radius: 5)
[00:09:48 -57391.887583] SLOW spr round 3 (radius: 10)
[00:09:50] [worker #3] ML tree search #20, logLikelihood: -57398.172393
[00:09:54] [worker #1] ML tree search #14, logLikelihood: -57392.266517
[00:10:01 -57391.887570] SLOW spr round 4 (radius: 15)
[00:10:24 -57391.887569] SLOW spr round 5 (radius: 20)
[00:10:32 -57391.887569] SLOW spr round 6 (radius: 25)
[00:10:36 -57391.887569] Model parameter optimization (eps = 0.100000)

[00:10:36] [worker #0] ML tree search #17, logLikelihood: -57391.856997

[00:11:40] [worker #1] ML tree search #18, logLikelihood: -57477.382675

Optimized model parameters:

   Partition 0: noname
   Rate heterogeneity: GAMMA (4 cats, mean),  alpha: 0.279377 (ML),  weights&rates: (0.250000,0.003772) (0.250000,0.088581) (0.250000,0.559487) (0.250000,3.348160) 
   Base frequencies (ML): 0.286684 0.212941 0.211339 0.289036 
   Substitution rates (ML): 1.319581 3.135951 1.078984 1.032163 4.387224 1.000000 


Final LogLikelihood: -57385.245451

AIC score: 115162.490902 / AICc score: 115176.577732 / BIC score: 116464.818868
Free parameters (model + branch lengths): 196

Best ML tree saved to: /Users/uricchio/projects/poison/sodiumChannelPaper/Figures/Figure2/plot_data/SCN8A.DNA.trimmed.fa.raxml.bestTree
All ML trees saved to: /Users/uricchio/projects/poison/sodiumChannelPaper/Figures/Figure2/plot_data/SCN8A.DNA.trimmed.fa.raxml.mlTrees
Optimized model saved to: /Users/uricchio/projects/poison/sodiumChannelPaper/Figures/Figure2/plot_data/SCN8A.DNA.trimmed.fa.raxml.bestModel

Execution log saved to: /Users/uricchio/projects/poison/sodiumChannelPaper/Figures/Figure2/plot_data/SCN8A.DNA.trimmed.fa.raxml.log

Analysis started: 26-Jul-2022 21:05:19 / finished: 26-Jul-2022 21:17:00

Elapsed time: 700.782 seconds

