
RAxML-NG v. 1.0.0 released on 07.08.2020 by The Exelixis Lab.
Developed by: Alexey M. Kozlov and Alexandros Stamatakis.
Contributors: Diego Darriba, Tomas Flouri, Benoit Morel, Sarah Lutteropp, Ben Bettisworth.
Latest version: https://github.com/amkozlov/raxml-ng
Questions/problems/suggestions? Please visit: https://groups.google.com/forum/#!forum/raxml

System: Intel(R) Xeon(R) CPU E5-2670 v2 @ 2.50GHz, 20 cores, 62 GB RAM

RAxML-NG was called at 07-May-2021 11:05:45 as follows:

/global/home/users/uricchio/software/raxml-ng-master/raxml-ng --model PROTGTR --prefix trees_xen_ref/t56d10k45.orig --redo --msa trees_xen_ref/t56d10k45.orig.raxml.rba

Analysis options:
  run mode: ML tree search
  start tree(s): random (10) + parsimony (10)
  random seed: 1620410745
  tip-inner: OFF
  pattern compression: ON
  per-rate scalers: OFF
  site repeats: ON
  fast spr radius: AUTO
  spr subtree cutoff: 1.000000
  branch lengths: proportional (ML estimate, algorithm: NR-FAST)
  SIMD kernels: AVX
  parallelization: coarse-grained (auto), PTHREADS (auto)

WARNING: Running in REDO mode: existing checkpoints are ignored, and all result files will be overwritten!

WARNING: The model you specified on the command line (PROTGTR) will be ignored 
         since the binary MSA file already contains a model definition.
         If you want to change the model, please re-run RAxML-NG 
         with the original PHYLIP/FASTA alignment and --redo option.

[00:00:00] Loading binary alignment from file: trees_xen_ref/t56d10k45.orig.raxml.rba
[00:00:00] Alignment comprises 60 taxa, 1 partitions and 2086 patterns

Partition 0: noname
Model: PROTGTR+FO
Alignment sites / patterns: 2883 / 2086
Gaps: 45.25 %
Invariant sites: 47.00 %


Parallelization scheme autoconfig: 10 worker(s) x 2 thread(s)

Parallel reduction/worker buffer size: 1 KB  / 0 KB

[00:00:00] Generating 10 random starting tree(s) with 60 taxa
[00:00:00] Generating 10 parsimony starting tree(s) with 60 taxa
[00:00:00] Data distribution: max. partitions/sites/weight per thread: 1 / 1043 / 20860
[00:00:00] Data distribution: max. searches per worker: 2

Starting ML tree search with 20 distinct starting trees

[00:00:00 -98656.978747] Initial branch length optimization
[00:00:00 -90770.527486] Model parameter optimization (eps = 10.000000)
[00:21:04 -82196.558715] AUTODETECT spr round 1 (radius: 5)
[00:21:07 -44975.586726] AUTODETECT spr round 2 (radius: 10)
[00:21:11 -43570.808366] AUTODETECT spr round 3 (radius: 15)
[00:21:14 -43570.806276] SPR radius for FAST iterations: 10 (autodetect)
[00:21:14 -43570.806276] Model parameter optimization (eps = 3.000000)
[00:27:54] [worker #6] ML tree search #7, logLikelihood: -41811.194773
[00:30:28] [worker #9] ML tree search #10, logLikelihood: -41801.215042
[00:30:47 -43238.323310] FAST spr round 1 (radius: 10)
[00:30:52 -41933.295614] FAST spr round 2 (radius: 10)
[00:30:55 -41861.359189] FAST spr round 3 (radius: 10)
[00:30:58 -41861.359164] Model parameter optimization (eps = 1.000000)
[00:33:53 -41842.885841] SLOW spr round 1 (radius: 5)
[00:34:00 -41842.885724] SLOW spr round 2 (radius: 10)
[00:34:09 -41841.941028] SLOW spr round 3 (radius: 5)
[00:34:22 -41841.421134] SLOW spr round 4 (radius: 5)
[00:34:33 -41836.541329] SLOW spr round 5 (radius: 5)
[00:34:43 -41836.541108] SLOW spr round 6 (radius: 10)
[00:34:51 -41836.541099] SLOW spr round 7 (radius: 15)
[00:34:58] [worker #5] ML tree search #6, logLikelihood: -41804.147434
[00:34:59 -41836.541099] SLOW spr round 8 (radius: 20)
[00:35:00 -41836.541099] SLOW spr round 9 (radius: 25)
[00:35:00 -41836.541099] Model parameter optimization (eps = 0.100000)
[00:36:13] [worker #4] ML tree search #5, logLikelihood: -41811.406261

[00:36:29] [worker #0] ML tree search #1, logLikelihood: -41833.671634

[00:36:29 -54109.957956] Initial branch length optimization
[00:36:30 -45781.102418] Model parameter optimization (eps = 10.000000)
[00:37:04] [worker #7] ML tree search #8, logLikelihood: -41801.229300
[00:38:21] [worker #1] ML tree search #2, logLikelihood: -41801.093430
[00:40:51] [worker #6] ML tree search #17, logLikelihood: -41805.235321
[00:41:45] [worker #8] ML tree search #9, logLikelihood: -41801.222993
[00:45:02] [worker #9] ML tree search #20, logLikelihood: -41833.683179
[00:45:16] [worker #2] ML tree search #3, logLikelihood: -41801.230257
[00:45:43 -42187.044917] AUTODETECT spr round 1 (radius: 5)
[00:45:45 -41858.040966] AUTODETECT spr round 2 (radius: 10)
[00:45:49 -41852.582138] AUTODETECT spr round 3 (radius: 15)
[00:45:51 -41852.578631] SPR radius for FAST iterations: 10 (autodetect)
[00:45:51 -41852.578631] Model parameter optimization (eps = 3.000000)
[00:47:57] [worker #3] ML tree search #4, logLikelihood: -41833.381214
[00:47:59] [worker #5] ML tree search #16, logLikelihood: -41805.383834
[00:48:35 -41841.359996] FAST spr round 1 (radius: 10)
[00:48:37 -41823.970499] FAST spr round 2 (radius: 10)
[00:48:40 -41809.259615] FAST spr round 3 (radius: 10)
[00:48:43 -41809.259249] Model parameter optimization (eps = 1.000000)
[00:49:44 -41805.521746] SLOW spr round 1 (radius: 5)
[00:49:51 -41805.414575] SLOW spr round 2 (radius: 5)
[00:49:51] [worker #7] ML tree search #18, logLikelihood: -41805.403743
[00:49:58 -41805.414575] SLOW spr round 3 (radius: 10)
[00:50:05 -41805.414575] SLOW spr round 4 (radius: 15)
[00:50:12 -41805.414575] SLOW spr round 5 (radius: 20)
[00:50:15 -41805.414575] SLOW spr round 6 (radius: 25)
[00:50:15 -41805.414575] Model parameter optimization (eps = 0.100000)

[00:50:29] [worker #0] ML tree search #11, logLikelihood: -41805.384813

[00:50:35] [worker #4] ML tree search #15, logLikelihood: -41836.019375
[00:50:48] [worker #1] ML tree search #12, logLikelihood: -41810.042077
[00:53:34] [worker #8] ML tree search #19, logLikelihood: -41801.935315
[00:58:29] [worker #3] ML tree search #14, logLikelihood: -41802.009981
[00:59:21] [worker #2] ML tree search #13, logLikelihood: -41804.144098

Optimized model parameters:

   Partition 0: noname
   Rate heterogeneity: NONE
   Base frequencies (ML): 0.049259 0.042662 0.055909 0.046855 0.025256 0.023947 0.052002 0.052891 0.012641 0.086868 0.106074 0.057690 0.038359 0.078371 0.039007 0.071170 0.044769 0.016152 0.033543 0.066577 
   Substitution rates (ML): 0.225540 0.387069 0.624308 1.054324 1.731225 1.340262 1.885097 0.045399 0.803252 0.400093 0.751284 0.387283 0.351207 2.530320 3.792606 4.557924 0.454350 0.850348 3.026340 0.767983 0.584659 0.328468 3.071388 0.470686 0.547809 4.718118 0.517281 0.503824 6.532468 0.256939 0.379768 0.212341 0.812869 1.115881 0.199019 0.782454 0.082923 2.825903 0.336665 0.189315 0.547760 0.684547 7.733944 0.359223 0.206160 1.565312 0.380095 0.066937 0.146856 2.929001 1.683370 0.125806 1.021886 0.251319 0.001000 0.607535 7.547674 1.246637 1.718474 0.339092 0.202292 0.622164 0.138148 0.167221 0.480008 0.881616 0.643718 0.227155 0.530532 0.141240 0.393559 0.147824 0.602971 0.001000 0.670899 0.604232 0.574482 0.820925 0.787743 0.042338 1.246580 0.203033 1.818771 1.415377 0.546963 4.194430 0.228575 12.050859 0.215157 1.237839 4.837507 1.556450 0.333246 2.365051 1.007648 1.054595 0.001000 0.001000 0.483495 1.252745 1.111653 0.177943 0.315374 1.256261 0.158585 0.091965 0.765365 0.637924 1.129341 0.001000 0.171462 0.838899 0.327247 0.154953 0.222519 0.668585 0.117556 0.128443 0.266566 2.432491 0.687553 0.108219 0.316604 0.792192 0.075899 1.382684 1.992953 0.842470 1.286628 0.834661 0.440584 0.848657 0.001000 9.014587 0.356955 2.252980 0.326366 2.813197 0.887096 0.172801 0.337446 1.611308 0.170780 0.510725 6.069297 0.273997 3.255866 1.541217 0.608344 0.480006 0.444488 0.523492 0.860980 1.834024 0.431533 0.107638 0.544989 0.463136 0.835516 0.259881 0.602097 0.951693 0.567697 0.204308 0.317525 0.900066 0.153359 0.211684 2.038847 0.173613 0.677571 0.437411 0.430084 4.979498 0.797331 1.593438 1.073885 0.001000 0.170255 0.225776 5.552834 0.194145 0.782067 0.540321 0.164920 0.636725 1.616674 0.708494 0.393780 1.000000 


Final LogLikelihood: -41801.093430

AIC score: 84252.186861 / AICc score: 84335.057412 / BIC score: 86191.327538
Free parameters (model + branch lengths): 325

Best ML tree saved to: /global/home/users/uricchio/software/HybPiper-master/sodiumChannelPaperAnalyses/trees_xen_ref/t56d10k45.orig.raxml.bestTree
All ML trees saved to: /global/home/users/uricchio/software/HybPiper-master/sodiumChannelPaperAnalyses/trees_xen_ref/t56d10k45.orig.raxml.mlTrees
Optimized model saved to: /global/home/users/uricchio/software/HybPiper-master/sodiumChannelPaperAnalyses/trees_xen_ref/t56d10k45.orig.raxml.bestModel

Execution log saved to: /global/home/users/uricchio/software/HybPiper-master/sodiumChannelPaperAnalyses/trees_xen_ref/t56d10k45.orig.raxml.log

Analysis started: 07-May-2021 11:05:45 / finished: 07-May-2021 12:05:06

Elapsed time: 3561.352 seconds

Consumed energy: 212.500 Wh (= 1 km in an electric car, or 5 km with an e-scooter!)

