
RAxML-NG v. 1.0.0 released on 07.08.2020 by The Exelixis Lab.
Developed by: Alexey M. Kozlov and Alexandros Stamatakis.
Contributors: Diego Darriba, Tomas Flouri, Benoit Morel, Sarah Lutteropp, Ben Bettisworth.
Latest version: https://github.com/amkozlov/raxml-ng
Questions/problems/suggestions? Please visit: https://groups.google.com/forum/#!forum/raxml

System: Intel(R) Xeon(R) CPU E5-2670 v2 @ 2.50GHz, 20 cores, 62 GB RAM

RAxML-NG was called at 07-May-2021 12:12:55 as follows:

/global/home/users/uricchio/software/raxml-ng-master/raxml-ng --model PROTGTR --prefix trees_xen_ref/t72d10k45.pruned --redo --msa trees_xen_ref/t72d10k45.pruned.raxml.rba

Analysis options:
  run mode: ML tree search
  start tree(s): random (10) + parsimony (10)
  random seed: 1620414775
  tip-inner: OFF
  pattern compression: ON
  per-rate scalers: OFF
  site repeats: ON
  fast spr radius: AUTO
  spr subtree cutoff: 1.000000
  branch lengths: proportional (ML estimate, algorithm: NR-FAST)
  SIMD kernels: AVX
  parallelization: coarse-grained (auto), PTHREADS (auto)

WARNING: Running in REDO mode: existing checkpoints are ignored, and all result files will be overwritten!

WARNING: The model you specified on the command line (PROTGTR) will be ignored 
         since the binary MSA file already contains a model definition.
         If you want to change the model, please re-run RAxML-NG 
         with the original PHYLIP/FASTA alignment and --redo option.

[00:00:00] Loading binary alignment from file: trees_xen_ref/t72d10k45.pruned.raxml.rba
[00:00:00] Alignment comprises 60 taxa, 1 partitions and 1884 patterns

Partition 0: noname
Model: PROTGTR+FO
Alignment sites / patterns: 2240 / 1884
Gaps: 42.47 %
Invariant sites: 39.24 %


Parallelization scheme autoconfig: 10 worker(s) x 2 thread(s)

Parallel reduction/worker buffer size: 1 KB  / 0 KB

[00:00:00] Generating 10 random starting tree(s) with 60 taxa
[00:00:00] Generating 10 parsimony starting tree(s) with 60 taxa
[00:00:00] Data distribution: max. partitions/sites/weight per thread: 1 / 942 / 18840
[00:00:00] Data distribution: max. searches per worker: 2

Starting ML tree search with 20 distinct starting trees

[00:00:00 -80291.648923] Initial branch length optimization
[00:00:00 -72842.055587] Model parameter optimization (eps = 10.000000)
[00:21:34 -65850.512598] AUTODETECT spr round 1 (radius: 5)
[00:21:36 -34052.847527] AUTODETECT spr round 2 (radius: 10)
[00:21:39 -32086.314798] AUTODETECT spr round 3 (radius: 15)
[00:21:43 -32055.278245] AUTODETECT spr round 4 (radius: 20)
[00:21:45 -32055.264905] SPR radius for FAST iterations: 15 (autodetect)
[00:21:45 -32055.264905] Model parameter optimization (eps = 3.000000)
[00:28:38] [worker #7] ML tree search #8, logLikelihood: -30779.222817
[00:30:17] [worker #5] ML tree search #6, logLikelihood: -30776.659637
[00:32:06] [worker #6] ML tree search #7, logLikelihood: -30779.233894
[00:32:16] [worker #8] ML tree search #9, logLikelihood: -30776.571291
[00:32:57] [worker #3] ML tree search #4, logLikelihood: -30779.218894
[00:33:19] [worker #4] ML tree search #5, logLikelihood: -30779.304418
[00:33:44] [worker #9] ML tree search #10, logLikelihood: -30780.362794
[00:33:47] [worker #1] ML tree search #2, logLikelihood: -30780.250607
[00:35:07 -31815.427402] FAST spr round 1 (radius: 15)
[00:35:12 -30827.548065] FAST spr round 2 (radius: 15)
[00:35:15 -30809.156854] FAST spr round 3 (radius: 15)
[00:35:18 -30806.720823] FAST spr round 4 (radius: 15)
[00:35:20 -30804.440803] FAST spr round 5 (radius: 15)
[00:35:23 -30802.864335] FAST spr round 6 (radius: 15)
[00:35:25 -30801.469817] FAST spr round 7 (radius: 15)
[00:35:28 -30800.501183] FAST spr round 8 (radius: 15)
[00:35:30 -30799.928634] FAST spr round 9 (radius: 15)
[00:35:33 -30799.544572] FAST spr round 10 (radius: 15)
[00:35:35 -30799.477039] Model parameter optimization (eps = 1.000000)
[00:38:50 -30777.945047] SLOW spr round 1 (radius: 5)
[00:38:57 -30776.734435] SLOW spr round 2 (radius: 5)
[00:39:04 -30776.733846] SLOW spr round 3 (radius: 10)
[00:39:11 -30776.733846] SLOW spr round 4 (radius: 15)
[00:39:17 -30776.733846] SLOW spr round 5 (radius: 20)
[00:39:20 -30776.733846] SLOW spr round 6 (radius: 25)
[00:39:21 -30776.733846] Model parameter optimization (eps = 0.100000)
[00:40:00] [worker #2] ML tree search #3, logLikelihood: -30780.395014

[00:40:03] [worker #0] ML tree search #1, logLikelihood: -30776.592075

[00:40:03 -42347.340630] Initial branch length optimization
[00:40:03 -33730.247876] Model parameter optimization (eps = 10.000000)
[00:42:02] [worker #5] ML tree search #16, logLikelihood: -30776.769861
[00:42:02] [worker #1] ML tree search #12, logLikelihood: -30776.764732
[00:42:23] [worker #8] ML tree search #19, logLikelihood: -30779.217464
[00:42:58] [worker #7] ML tree search #18, logLikelihood: -30780.259188
[00:43:29] [worker #6] ML tree search #17, logLikelihood: -30776.665248
[00:43:34] [worker #3] ML tree search #14, logLikelihood: -30776.765098
[00:43:40] [worker #4] ML tree search #15, logLikelihood: -30776.692476
[00:45:20] [worker #9] ML tree search #20, logLikelihood: -30776.676830
[00:46:35 -30953.717744] AUTODETECT spr round 1 (radius: 5)
[00:46:37 -30835.782678] AUTODETECT spr round 2 (radius: 10)
[00:46:40 -30808.261743] AUTODETECT spr round 3 (radius: 15)
[00:46:43 -30808.253795] SPR radius for FAST iterations: 10 (autodetect)
[00:46:43 -30808.253795] Model parameter optimization (eps = 3.000000)
[00:48:20] [worker #2] ML tree search #13, logLikelihood: -30776.807229
[00:49:19 -30802.097540] FAST spr round 1 (radius: 10)
[00:49:22 -30786.998660] FAST spr round 2 (radius: 10)
[00:49:24 -30786.101053] FAST spr round 3 (radius: 10)
[00:49:26 -30784.615263] FAST spr round 4 (radius: 10)
[00:49:28 -30784.199268] FAST spr round 5 (radius: 10)
[00:49:30 -30784.199203] Model parameter optimization (eps = 1.000000)
[00:50:01 -30783.294106] SLOW spr round 1 (radius: 5)
[00:50:08 -30781.372619] SLOW spr round 2 (radius: 5)
[00:50:14 -30776.870941] SLOW spr round 3 (radius: 5)
[00:50:20 -30776.870940] SLOW spr round 4 (radius: 10)
[00:50:27 -30776.870940] SLOW spr round 5 (radius: 15)
[00:50:33 -30776.870940] SLOW spr round 6 (radius: 20)
[00:50:36 -30776.870940] SLOW spr round 7 (radius: 25)
[00:50:36 -30776.870940] Model parameter optimization (eps = 0.100000)

[00:51:35] [worker #0] ML tree search #11, logLikelihood: -30776.577562


Optimized model parameters:

   Partition 0: noname
   Rate heterogeneity: NONE
   Base frequencies (ML): 0.051001 0.045092 0.055615 0.046434 0.023165 0.025148 0.057151 0.051496 0.013008 0.083274 0.104602 0.057546 0.035650 0.075134 0.038309 0.070666 0.048937 0.014666 0.036483 0.066620 
   Substitution rates (ML): 0.590055 0.734105 1.528877 1.163713 3.238836 2.141181 3.903252 1.726121 1.280073 1.006900 1.858859 0.819947 0.836075 4.959465 8.259274 9.614701 1.143089 1.129156 6.261093 1.734957 0.672520 0.554761 6.668433 1.209126 0.721190 9.457277 0.874256 1.011930 15.792436 1.231400 0.409807 0.803427 1.745821 1.904331 0.513258 0.511815 0.233527 6.903089 0.431450 1.328778 0.830292 1.380167 17.576132 0.710455 0.393214 3.922047 1.033311 0.330831 0.033949 6.559214 3.578188 0.001000 2.533377 0.336200 0.001000 1.696190 18.330000 3.039656 2.445587 0.755846 0.416383 1.666561 0.001000 0.478875 1.238458 1.544697 1.838950 0.001000 1.471035 0.321935 0.001000 0.466512 2.305008 0.001000 2.043990 0.961150 1.171606 1.326011 2.432768 0.001000 2.831850 1.249660 3.037270 1.652969 2.027589 7.620412 0.685036 29.257667 0.455952 2.505707 11.205723 2.992964 0.882848 6.006495 2.755463 1.615591 0.297198 0.001000 1.455876 2.421415 3.819595 0.277687 0.659486 2.466888 0.477630 0.392111 1.613970 1.397875 1.791619 0.001000 0.214892 1.872126 0.584318 0.217797 0.523525 1.721476 0.567633 0.001000 0.467442 5.466352 1.768834 1.066139 0.294550 1.591343 0.285341 3.321817 3.426428 3.036864 2.311818 0.799234 0.480956 3.785547 0.001000 16.739586 0.382242 4.537712 0.543603 6.502712 2.120215 0.651809 0.916362 3.204709 0.001000 0.581076 14.658792 0.661048 8.260548 2.772125 1.366646 1.214900 1.034854 0.458941 0.590464 3.967374 0.720524 0.139736 1.672510 1.010919 1.854682 0.656859 1.943264 1.369182 0.601414 0.013259 1.155369 2.350296 0.939903 1.316247 3.566787 0.109930 0.972680 0.636579 2.215050 10.962092 1.714772 4.222593 2.213529 0.001000 0.001000 1.071574 10.515892 0.082569 1.597254 0.615417 0.410623 1.217847 3.582783 0.701536 0.126367 1.000000 


Final LogLikelihood: -30776.571291

AIC score: 62203.142582 / AICc score: 62313.853136 / BIC score: 64060.267705
Free parameters (model + branch lengths): 325

Best ML tree saved to: /global/home/users/uricchio/software/HybPiper-master/sodiumChannelPaperAnalyses/trees_xen_ref/t72d10k45.pruned.raxml.bestTree
All ML trees saved to: /global/home/users/uricchio/software/HybPiper-master/sodiumChannelPaperAnalyses/trees_xen_ref/t72d10k45.pruned.raxml.mlTrees
Optimized model saved to: /global/home/users/uricchio/software/HybPiper-master/sodiumChannelPaperAnalyses/trees_xen_ref/t72d10k45.pruned.raxml.bestModel

Execution log saved to: /global/home/users/uricchio/software/HybPiper-master/sodiumChannelPaperAnalyses/trees_xen_ref/t72d10k45.pruned.raxml.log

Analysis started: 07-May-2021 12:12:55 / finished: 07-May-2021 13:04:31

Elapsed time: 3095.963 seconds

Consumed energy: 175.883 Wh

