
RAxML-NG v. 1.0.0 released on 07.08.2020 by The Exelixis Lab.
Developed by: Alexey M. Kozlov and Alexandros Stamatakis.
Contributors: Diego Darriba, Tomas Flouri, Benoit Morel, Sarah Lutteropp, Ben Bettisworth.
Latest version: https://github.com/amkozlov/raxml-ng
Questions/problems/suggestions? Please visit: https://groups.google.com/forum/#!forum/raxml

System: Intel(R) Xeon(R) CPU E5-2670 v2 @ 2.50GHz, 20 cores, 62 GB RAM

RAxML-NG was called at 07-May-2021 13:56:25 as follows:

/global/home/users/uricchio/software/raxml-ng-master/raxml-ng --model PROTGTR --prefix trees_xen_ref/t76d10k45.pruned --redo --msa trees_xen_ref/t76d10k45.pruned.raxml.rba

Analysis options:
  run mode: ML tree search
  start tree(s): random (10) + parsimony (10)
  random seed: 1620420985
  tip-inner: OFF
  pattern compression: ON
  per-rate scalers: OFF
  site repeats: ON
  fast spr radius: AUTO
  spr subtree cutoff: 1.000000
  branch lengths: proportional (ML estimate, algorithm: NR-FAST)
  SIMD kernels: AVX
  parallelization: coarse-grained (auto), PTHREADS (auto)

WARNING: Running in REDO mode: existing checkpoints are ignored, and all result files will be overwritten!

WARNING: The model you specified on the command line (PROTGTR) will be ignored 
         since the binary MSA file already contains a model definition.
         If you want to change the model, please re-run RAxML-NG 
         with the original PHYLIP/FASTA alignment and --redo option.

[00:00:00] Loading binary alignment from file: trees_xen_ref/t76d10k45.pruned.raxml.rba
[00:00:00] Alignment comprises 60 taxa, 1 partitions and 1856 patterns

Partition 0: noname
Model: PROTGTR+FO
Alignment sites / patterns: 2186 / 1856
Gaps: 42.81 %
Invariant sites: 38.79 %


Parallelization scheme autoconfig: 10 worker(s) x 2 thread(s)

Parallel reduction/worker buffer size: 1 KB  / 0 KB

[00:00:00] Generating 10 random starting tree(s) with 60 taxa
[00:00:00] Generating 10 parsimony starting tree(s) with 60 taxa
[00:00:00] Data distribution: max. partitions/sites/weight per thread: 1 / 928 / 18560
[00:00:00] Data distribution: max. searches per worker: 2

Starting ML tree search with 20 distinct starting trees

[00:00:00 -74497.618047] Initial branch length optimization
[00:00:00 -68144.923540] Model parameter optimization (eps = 10.000000)
[00:13:11 -61527.069125] AUTODETECT spr round 1 (radius: 5)
[00:13:13 -32721.804505] AUTODETECT spr round 2 (radius: 10)
[00:13:17 -29983.382118] AUTODETECT spr round 3 (radius: 15)
[00:13:20 -29983.317909] SPR radius for FAST iterations: 10 (autodetect)
[00:13:20 -29983.317909] Model parameter optimization (eps = 3.000000)
[00:22:51] [worker #3] ML tree search #4, logLikelihood: -29337.683714
[00:24:33 -29774.885530] FAST spr round 1 (radius: 10)
[00:24:38 -29363.193451] FAST spr round 2 (radius: 10)
[00:24:41 -29357.282162] FAST spr round 3 (radius: 10)
[00:24:43 -29349.014274] FAST spr round 4 (radius: 10)
[00:24:45 -29349.013190] Model parameter optimization (eps = 1.000000)
[00:26:43 -29338.959946] SLOW spr round 1 (radius: 5)
[00:26:50 -29338.957532] SLOW spr round 2 (radius: 10)
[00:26:53] [worker #8] ML tree search #9, logLikelihood: -29333.489239
[00:26:57 -29338.957338] SLOW spr round 3 (radius: 15)
[00:27:04 -29338.957327] SLOW spr round 4 (radius: 20)
[00:27:06 -29338.957326] SLOW spr round 5 (radius: 25)
[00:27:06 -29338.957325] Model parameter optimization (eps = 0.100000)

[00:27:40] [worker #0] ML tree search #1, logLikelihood: -29338.901500

[00:27:40 -40599.229728] Initial branch length optimization
[00:27:40 -32191.351091] Model parameter optimization (eps = 10.000000)
[00:28:28] [worker #5] ML tree search #6, logLikelihood: -29349.287682
[00:30:13] [worker #1] ML tree search #2, logLikelihood: -29341.324342
[00:30:23] [worker #7] ML tree search #8, logLikelihood: -29333.467209
[00:31:52] [worker #9] ML tree search #10, logLikelihood: -29341.275969
[00:31:53] [worker #6] ML tree search #7, logLikelihood: -29345.621321
[00:34:46] [worker #3] ML tree search #14, logLikelihood: -29345.600856
[00:34:58] [worker #4] ML tree search #5, logLikelihood: -29333.461825
[00:36:20] [worker #8] ML tree search #19, logLikelihood: -29339.006531
[00:36:44 -29547.094750] AUTODETECT spr round 1 (radius: 5)
[00:36:46 -29439.752640] AUTODETECT spr round 2 (radius: 10)
[00:36:46] [worker #2] ML tree search #3, logLikelihood: -29337.693304
[00:36:49 -29388.505084] AUTODETECT spr round 3 (radius: 15)
[00:36:52 -29386.293242] AUTODETECT spr round 4 (radius: 20)
[00:36:52 -29386.255824] SPR radius for FAST iterations: 15 (autodetect)
[00:36:52 -29386.255824] Model parameter optimization (eps = 3.000000)
[00:38:31 -29381.857125] FAST spr round 1 (radius: 15)
[00:38:34 -29364.267665] FAST spr round 2 (radius: 15)
[00:38:36 -29363.138613] FAST spr round 3 (radius: 15)
[00:38:38 -29363.138527] Model parameter optimization (eps = 1.000000)
[00:39:10] [worker #7] ML tree search #18, logLikelihood: -29343.350004
[00:39:16 -29362.233019] SLOW spr round 1 (radius: 5)
[00:39:17] [worker #5] ML tree search #16, logLikelihood: -29343.847547
[00:39:24 -29349.400958] SLOW spr round 2 (radius: 5)
[00:39:31 -29349.396428] SLOW spr round 3 (radius: 10)
[00:39:37 -29349.396262] SLOW spr round 4 (radius: 15)
[00:39:44 -29349.396249] SLOW spr round 5 (radius: 20)
[00:39:47 -29349.396247] SLOW spr round 6 (radius: 25)
[00:39:48 -29349.396247] Model parameter optimization (eps = 0.100000)
[00:40:39] [worker #1] ML tree search #12, logLikelihood: -29345.625220

[00:41:19] [worker #0] ML tree search #11, logLikelihood: -29345.626336

[00:42:19] [worker #9] ML tree search #20, logLikelihood: -29343.325364
[00:44:27] [worker #6] ML tree search #17, logLikelihood: -29338.999674
[00:44:39] [worker #4] ML tree search #15, logLikelihood: -29336.643930
[00:47:05] [worker #2] ML tree search #13, logLikelihood: -29343.498909

Optimized model parameters:

   Partition 0: noname
   Rate heterogeneity: NONE
   Base frequencies (ML): 0.050830 0.046418 0.053388 0.048000 0.023291 0.023731 0.056578 0.053982 0.012957 0.079953 0.103029 0.055043 0.034368 0.077179 0.039526 0.071671 0.049311 0.016064 0.038918 0.065764 
   Substitution rates (ML): 0.343234 1.366234 1.366023 1.310082 1.967042 1.876182 2.744730 0.753502 0.876134 1.167677 1.316238 0.864011 0.461075 3.960239 6.358200 7.372808 0.788645 1.248290 4.941671 1.053671 0.830865 0.482095 4.366422 1.235127 0.668136 9.397117 0.532347 0.508880 12.576567 0.823472 0.542509 0.763762 1.360771 1.049077 0.644352 0.288304 0.216188 5.710825 0.325657 0.672995 0.596443 0.989630 18.571314 0.759338 0.238116 3.359414 0.607793 0.432981 0.001000 5.244132 2.843715 0.366768 1.843135 0.399198 0.001000 0.784295 14.708096 2.323685 1.682764 0.451881 0.313495 0.746831 0.240130 0.226116 0.633159 1.096731 0.751235 0.001000 0.686141 0.081440 1.100572 0.383211 1.917295 0.001000 1.485662 0.783359 0.719545 1.195565 2.115166 0.001000 2.773511 1.295308 2.764701 0.680754 1.947895 6.084439 0.938446 22.516330 0.001000 2.821208 9.004059 2.370994 0.475248 3.615746 2.068539 1.555354 0.001000 0.324795 0.874838 2.017525 3.096266 0.425323 0.477389 2.162373 0.217425 0.233487 1.575961 1.057782 0.964804 0.001000 0.333622 1.422929 1.134653 0.077367 0.216927 1.097606 0.606756 0.062338 0.103896 3.376057 1.239543 0.560067 0.461799 1.013379 0.781905 2.821508 3.002638 2.361450 0.865831 0.854281 0.931184 2.903160 0.001000 16.729646 0.001000 3.962471 0.637829 5.421723 1.354541 0.542091 0.739074 3.241360 0.001000 0.457603 13.147633 0.643551 7.566008 2.429049 1.544221 1.169122 0.635314 0.716093 0.519277 2.988989 0.833227 0.188939 1.687095 0.784917 1.598370 0.389349 0.835567 1.507464 0.647778 0.233788 0.443817 2.257682 0.821700 0.660772 3.249542 0.078804 0.616456 0.496882 0.969663 7.906242 1.271685 3.334519 1.854463 0.001000 0.001000 0.516488 8.078301 0.205381 0.923293 0.697598 0.313478 0.724691 3.008107 0.421112 0.517081 1.000000 


Final LogLikelihood: -29333.461825

AIC score: 59316.923649 / AICc score: 59430.848380 / BIC score: 61166.117966
Free parameters (model + branch lengths): 325

WARNING: Best ML tree contains 1 near-zero branches!

Best ML tree with collapsed near-zero branches saved to: /global/home/users/uricchio/software/HybPiper-master/sodiumChannelPaperAnalyses/trees_xen_ref/t76d10k45.pruned.raxml.bestTreeCollapsed
Best ML tree saved to: /global/home/users/uricchio/software/HybPiper-master/sodiumChannelPaperAnalyses/trees_xen_ref/t76d10k45.pruned.raxml.bestTree
All ML trees saved to: /global/home/users/uricchio/software/HybPiper-master/sodiumChannelPaperAnalyses/trees_xen_ref/t76d10k45.pruned.raxml.mlTrees
Optimized model saved to: /global/home/users/uricchio/software/HybPiper-master/sodiumChannelPaperAnalyses/trees_xen_ref/t76d10k45.pruned.raxml.bestModel

Execution log saved to: /global/home/users/uricchio/software/HybPiper-master/sodiumChannelPaperAnalyses/trees_xen_ref/t76d10k45.pruned.raxml.log

Analysis started: 07-May-2021 13:56:25 / finished: 07-May-2021 14:43:31

Elapsed time: 2825.931 seconds

Consumed energy: 160.195 Wh

