
RAxML-NG v. 1.0.0 released on 07.08.2020 by The Exelixis Lab.
Developed by: Alexey M. Kozlov and Alexandros Stamatakis.
Contributors: Diego Darriba, Tomas Flouri, Benoit Morel, Sarah Lutteropp, Ben Bettisworth.
Latest version: https://github.com/amkozlov/raxml-ng
Questions/problems/suggestions? Please visit: https://groups.google.com/forum/#!forum/raxml

System: Intel(R) Xeon(R) CPU E5-2670 v2 @ 2.50GHz, 20 cores, 62 GB RAM

RAxML-NG was called at 07-May-2021 15:14:43 as follows:

/global/home/users/uricchio/software/raxml-ng-master/raxml-ng --model PROTGTR --prefix trees_xen_ref/t84d10k45.pruned --redo --msa trees_xen_ref/t84d10k45.pruned.raxml.rba

Analysis options:
  run mode: ML tree search
  start tree(s): random (10) + parsimony (10)
  random seed: 1620425683
  tip-inner: OFF
  pattern compression: ON
  per-rate scalers: OFF
  site repeats: ON
  fast spr radius: AUTO
  spr subtree cutoff: 1.000000
  branch lengths: proportional (ML estimate, algorithm: NR-FAST)
  SIMD kernels: AVX
  parallelization: coarse-grained (auto), PTHREADS (auto)

WARNING: Running in REDO mode: existing checkpoints are ignored, and all result files will be overwritten!

WARNING: The model you specified on the command line (PROTGTR) will be ignored 
         since the binary MSA file already contains a model definition.
         If you want to change the model, please re-run RAxML-NG 
         with the original PHYLIP/FASTA alignment and --redo option.

[00:00:00] Loading binary alignment from file: trees_xen_ref/t84d10k45.pruned.raxml.rba
[00:00:00] Alignment comprises 60 taxa, 1 partitions and 1634 patterns

Partition 0: noname
Model: PROTGTR+FO
Alignment sites / patterns: 2143 / 1634
Gaps: 54.29 %
Invariant sites: 48.86 %


Parallelization scheme autoconfig: 10 worker(s) x 2 thread(s)

Parallel reduction/worker buffer size: 1 KB  / 0 KB

[00:00:00] Generating 10 random starting tree(s) with 60 taxa
[00:00:00] Generating 10 parsimony starting tree(s) with 60 taxa
[00:00:00] Data distribution: max. partitions/sites/weight per thread: 1 / 817 / 16340
[00:00:00] Data distribution: max. searches per worker: 2

Starting ML tree search with 20 distinct starting trees

[00:00:00 -56307.698786] Initial branch length optimization
[00:00:00 -50116.857420] Model parameter optimization (eps = 10.000000)
[00:16:40] [worker #3] ML tree search #4, logLikelihood: -21776.463048
[00:17:03 -44776.577906] AUTODETECT spr round 1 (radius: 5)
[00:17:04 -24292.264193] AUTODETECT spr round 2 (radius: 10)
[00:17:07 -22541.413618] AUTODETECT spr round 3 (radius: 15)
[00:17:09 -22541.413569] SPR radius for FAST iterations: 10 (autodetect)
[00:17:09 -22541.413569] Model parameter optimization (eps = 3.000000)
[00:22:17 -22371.948069] FAST spr round 1 (radius: 10)
[00:22:21 -21807.855125] FAST spr round 2 (radius: 10)
[00:22:23 -21794.057091] FAST spr round 3 (radius: 10)
[00:22:25 -21791.099031] FAST spr round 4 (radius: 10)
[00:22:27 -21791.099031] Model parameter optimization (eps = 1.000000)
[00:22:57] [worker #6] ML tree search #7, logLikelihood: -21776.521212
[00:23:34] [worker #2] ML tree search #3, logLikelihood: -21776.159251
[00:24:03 -21776.530517] SLOW spr round 1 (radius: 5)
[00:24:09 -21776.530190] SLOW spr round 2 (radius: 10)
[00:24:15 -21776.530152] SLOW spr round 3 (radius: 15)
[00:24:21 -21776.530143] SLOW spr round 4 (radius: 20)
[00:24:24 -21776.530140] SLOW spr round 5 (radius: 25)
[00:24:24 -21776.530140] Model parameter optimization (eps = 0.100000)
[00:24:43] [worker #7] ML tree search #8, logLikelihood: -21776.521132

[00:24:56] [worker #0] ML tree search #1, logLikelihood: -21776.508719

[00:24:56 -31622.402486] Initial branch length optimization
[00:24:56 -23908.989746] Model parameter optimization (eps = 10.000000)
[00:25:25] [worker #3] ML tree search #14, logLikelihood: -21776.823313
[00:28:26] [worker #9] ML tree search #10, logLikelihood: -21776.163930
[00:28:57 -21884.275064] AUTODETECT spr round 1 (radius: 5)
[00:28:58 -21794.063133] AUTODETECT spr round 2 (radius: 10)
[00:29:01 -21794.039683] SPR radius for FAST iterations: 5 (autodetect)
[00:29:01 -21794.039683] Model parameter optimization (eps = 3.000000)
[00:29:04] [worker #1] ML tree search #2, logLikelihood: -21801.755734
[00:30:36] [worker #8] ML tree search #9, logLikelihood: -21801.704506
[00:30:41] [worker #2] ML tree search #13, logLikelihood: -21776.404260
[00:30:53 -21788.358517] FAST spr round 1 (radius: 5)
[00:30:55 -21785.421892] FAST spr round 2 (radius: 5)
[00:30:57 -21785.402309] Model parameter optimization (eps = 1.000000)
[00:31:24] [worker #7] ML tree search #18, logLikelihood: -21776.528873
[00:31:34 -21785.263183] SLOW spr round 1 (radius: 5)
[00:31:40 -21785.261315] SLOW spr round 2 (radius: 10)
[00:31:47 -21785.261263] SLOW spr round 3 (radius: 15)
[00:31:53 -21785.261211] SLOW spr round 4 (radius: 20)
[00:31:55 -21785.261175] SLOW spr round 5 (radius: 25)
[00:31:55 -21785.261139] Model parameter optimization (eps = 0.100000)

[00:32:22] [worker #0] ML tree search #11, logLikelihood: -21785.243020

[00:33:24] [worker #5] ML tree search #6, logLikelihood: -21776.402482
[00:33:39] [worker #6] ML tree search #17, logLikelihood: -21776.440202
[00:35:11] [worker #4] ML tree search #5, logLikelihood: -21778.695202
[00:36:08] [worker #9] ML tree search #20, logLikelihood: -21802.159639
[00:36:19] [worker #1] ML tree search #12, logLikelihood: -21776.158213
[00:36:48] [worker #8] ML tree search #19, logLikelihood: -21802.016418
[00:40:18] [worker #5] ML tree search #16, logLikelihood: -21776.399768
[00:41:51] [worker #4] ML tree search #15, logLikelihood: -21776.428075

Optimized model parameters:

   Partition 0: noname
   Rate heterogeneity: NONE
   Base frequencies (ML): 0.053737 0.044061 0.054061 0.052508 0.021845 0.024484 0.061811 0.053538 0.013308 0.080833 0.101934 0.058096 0.033128 0.074230 0.038949 0.073189 0.049872 0.013530 0.033610 0.063276 
   Substitution rates (ML): 0.438707 0.990481 0.511921 1.775682 4.273403 2.777400 3.427805 3.588567 1.113393 1.024743 2.134468 1.623085 0.880989 6.816936 10.908393 13.002267 1.346250 1.408970 9.529924 2.356127 1.688127 1.561655 9.597596 1.766971 0.955261 18.405965 1.233452 0.575993 19.121964 0.447773 0.951602 0.802125 1.144904 0.889814 0.822410 0.162397 0.389873 7.015610 0.466596 1.943283 1.845772 1.893333 27.392640 1.058885 0.467379 3.590006 1.167037 0.180178 0.516221 6.471394 4.131840 0.344891 2.939367 0.650376 0.484122 2.804308 19.466232 4.097730 4.646040 0.847391 0.542867 0.841453 0.001000 0.395082 1.412150 0.996626 1.879968 0.731444 1.453876 0.333579 0.001000 0.829690 2.110492 0.001000 1.753926 1.222721 1.087796 2.220244 3.912530 0.001000 4.417216 1.087565 7.207038 1.505784 3.411256 10.550486 0.748910 30.455318 0.001000 3.393003 15.419535 3.984843 0.560311 6.741533 2.879106 2.282533 0.001000 1.192677 1.323074 2.427512 1.954316 0.267967 0.617327 2.196087 0.564078 0.326708 1.647378 1.620606 0.655611 0.584345 0.766811 2.461294 3.008302 0.132819 0.336482 2.017501 0.283908 0.001000 0.001000 5.968035 2.238870 0.700320 0.516793 2.072670 0.001000 3.647388 3.525641 2.188942 1.066025 0.001000 0.725671 1.729581 0.001000 30.901815 0.001000 6.036180 1.298794 8.620587 2.737867 0.496477 0.764646 6.667730 0.449654 0.361463 22.081714 1.169660 10.422434 4.742158 1.160598 1.130026 1.080407 1.132339 0.290812 5.563782 1.354586 0.112394 1.844236 0.733542 2.626679 0.428593 0.899574 1.611832 1.848283 1.505078 1.603988 2.383931 2.019074 0.001000 6.887555 0.207582 1.374613 0.034037 1.124405 14.457641 2.962416 4.749468 2.592606 0.001000 0.824228 1.169238 12.989135 0.517236 0.780585 1.464801 0.783001 0.657394 3.218525 1.788980 1.098725 1.000000 


Final LogLikelihood: -21776.158213

AIC score: 44202.316427 / AICc score: 44318.937230 / BIC score: 46045.054075
Free parameters (model + branch lengths): 325

Best ML tree saved to: /global/home/users/uricchio/software/HybPiper-master/sodiumChannelPaperAnalyses/trees_xen_ref/t84d10k45.pruned.raxml.bestTree
All ML trees saved to: /global/home/users/uricchio/software/HybPiper-master/sodiumChannelPaperAnalyses/trees_xen_ref/t84d10k45.pruned.raxml.mlTrees
Optimized model saved to: /global/home/users/uricchio/software/HybPiper-master/sodiumChannelPaperAnalyses/trees_xen_ref/t84d10k45.pruned.raxml.bestModel

Execution log saved to: /global/home/users/uricchio/software/HybPiper-master/sodiumChannelPaperAnalyses/trees_xen_ref/t84d10k45.pruned.raxml.log

Analysis started: 07-May-2021 15:14:43 / finished: 07-May-2021 15:56:34

Elapsed time: 2511.535 seconds

Consumed energy: 140.700 Wh

