Building DAG of jobs...
Using shell: /bin/bash
Provided cores: 1 (use --cores to define parallelism)
Rules claiming more threads will be scaled down.
Job stats:
job                 count    min threads    max threads
----------------  -------  -------------  -------------
all                     1              1              1
makeSubAlignFile        5              1              1
total                   6              1              1

Select jobs to execute...

[Fri Aug  5 11:23:12 2022]
rule makeSubAlignFile:
    input: ../../Data/alignmentREF.fa, plot_data/SCN5A.PROT.trimmed.manual.fa.wRef.fa
    output: plot_data/SCN5A.PROT.sub
    jobid: 4
    reason: Missing output files: plot_data/SCN5A.PROT.sub
    wildcards: sample=SCN5A
    resources: tmpdir=/var/folders/2l/zp0wk9q9097fqhyymq39vg880000gn/T

[Fri Aug  5 11:23:12 2022]
Error in rule makeSubAlignFile:
    jobid: 4
    output: plot_data/SCN5A.PROT.sub
    shell:
        ruby makemergetable.rb ../../Data/alignmentREF.fa plot_data/SCN5A.PROT.trimmed.manual.fa.wRef.fa -> plot_data/SCN5A.PROT.sub
        (one of the commands exited with non-zero exit code; note that snakemake uses bash strict mode!)

Removing output files of failed job makeSubAlignFile since they might be corrupted:
plot_data/SCN5A.PROT.sub
Shutting down, this might take some time.
Exiting because a job execution failed. Look above for error message
Complete log: .snakemake/log/2022-08-05T112311.848805.snakemake.log
