Building DAG of jobs...
Using shell: /bin/bash
Provided cores: 1 (use --cores to define parallelism)
Rules claiming more threads will be scaled down.
Job stats:
job                 count    min threads    max threads
----------------  -------  -------------  -------------
all                     1              1              1
extractCols             5              1              1
makeAlign               5              1              1
makeSubAlign            5              1              1
makeSubAlignFile        5              1              1
total                  21              1              1

Select jobs to execute...

[Wed Aug 10 15:01:52 2022]
rule makeAlign:
    input: ../../Data/alignmentREF.fa, plot_data/SCN3A.PROT.trimmed.manual.fa
    output: plot_data/SCN3A.PROT.trimmed.manual.fa.wRef.fa
    jobid: 4
    reason: Missing output files: plot_data/SCN3A.PROT.trimmed.manual.fa.wRef.fa
    wildcards: sample=SCN3A
    resources: tmpdir=/var/folders/2l/zp0wk9q9097fqhyymq39vg880000gn/T

[Wed Aug 10 15:01:52 2022]
Finished job 4.
1 of 21 steps (5%) done
Select jobs to execute...

[Wed Aug 10 15:01:52 2022]
rule makeAlign:
    input: ../../Data/alignmentREF.fa, plot_data/SCN1A.PROT.trimmed.manual.fa
    output: plot_data/SCN1A.PROT.trimmed.manual.fa.wRef.fa
    jobid: 2
    reason: Missing output files: plot_data/SCN1A.PROT.trimmed.manual.fa.wRef.fa
    wildcards: sample=SCN1A
    resources: tmpdir=/var/folders/2l/zp0wk9q9097fqhyymq39vg880000gn/T

[Wed Aug 10 15:01:52 2022]
Finished job 2.
2 of 21 steps (10%) done
Select jobs to execute...

[Wed Aug 10 15:01:52 2022]
rule makeSubAlignFile:
    input: ../../Data/alignmentREF.fa, plot_data/SCN3A.PROT.trimmed.manual.fa.wRef.fa
    output: plot_data/SCN3A.PROT.sub
    jobid: 3
    reason: Missing output files: plot_data/SCN3A.PROT.sub; Input files updated by another job: plot_data/SCN3A.PROT.trimmed.manual.fa.wRef.fa
    wildcards: sample=SCN3A
    resources: tmpdir=/var/folders/2l/zp0wk9q9097fqhyymq39vg880000gn/T

[Wed Aug 10 15:01:52 2022]
Finished job 3.
3 of 21 steps (14%) done
Select jobs to execute...

[Wed Aug 10 15:01:52 2022]
rule makeSubAlignFile:
    input: ../../Data/alignmentREF.fa, plot_data/SCN1A.PROT.trimmed.manual.fa.wRef.fa
    output: plot_data/SCN1A.PROT.sub
    jobid: 1
    reason: Missing output files: plot_data/SCN1A.PROT.sub; Input files updated by another job: plot_data/SCN1A.PROT.trimmed.manual.fa.wRef.fa
    wildcards: sample=SCN1A
    resources: tmpdir=/var/folders/2l/zp0wk9q9097fqhyymq39vg880000gn/T

[Wed Aug 10 15:01:52 2022]
Finished job 1.
4 of 21 steps (19%) done
Select jobs to execute...

[Wed Aug 10 15:01:52 2022]
rule makeSubAlign:
    input: plot_data/SCN1A.PROT.sub, plot_data/SCN1A.PROT.trimmed.manual.fa.wRef.fa
    output: plot_data/SCN1A.PROT.aligned.wRef.fa
    jobid: 11
    reason: Missing output files: plot_data/SCN1A.PROT.aligned.wRef.fa; Input files updated by another job: plot_data/SCN1A.PROT.sub, plot_data/SCN1A.PROT.trimmed.manual.fa.wRef.fa
    wildcards: sample=SCN1A
    resources: tmpdir=/var/folders/2l/zp0wk9q9097fqhyymq39vg880000gn/T

[Wed Aug 10 15:01:52 2022]
Finished job 11.
5 of 21 steps (24%) done
Select jobs to execute...

[Wed Aug 10 15:01:52 2022]
rule extractCols:
    input: plot_data/SCN1A.PROT.aligned.wRef.fa
    output: plot_data/SCN1A.PROT.pLoop.seqs
    jobid: 16
    reason: Missing output files: plot_data/SCN1A.PROT.pLoop.seqs; Input files updated by another job: plot_data/SCN1A.PROT.aligned.wRef.fa
    wildcards: sample=SCN1A
    resources: tmpdir=/var/folders/2l/zp0wk9q9097fqhyymq39vg880000gn/T

[Wed Aug 10 15:01:52 2022]
Finished job 16.
6 of 21 steps (29%) done
Select jobs to execute...

[Wed Aug 10 15:01:53 2022]
rule makeSubAlign:
    input: plot_data/SCN3A.PROT.sub, plot_data/SCN3A.PROT.trimmed.manual.fa.wRef.fa
    output: plot_data/SCN3A.PROT.aligned.wRef.fa
    jobid: 12
    reason: Missing output files: plot_data/SCN3A.PROT.aligned.wRef.fa; Input files updated by another job: plot_data/SCN3A.PROT.trimmed.manual.fa.wRef.fa, plot_data/SCN3A.PROT.sub
    wildcards: sample=SCN3A
    resources: tmpdir=/var/folders/2l/zp0wk9q9097fqhyymq39vg880000gn/T

[Wed Aug 10 15:01:54 2022]
Finished job 12.
7 of 21 steps (33%) done
Select jobs to execute...

[Wed Aug 10 15:01:54 2022]
rule makeAlign:
    input: ../../Data/alignmentREF.fa, plot_data/SCN8A.PROT.trimmed.manual.fa
    output: plot_data/SCN8A.PROT.trimmed.manual.fa.wRef.fa
    jobid: 10
    reason: Missing output files: plot_data/SCN8A.PROT.trimmed.manual.fa.wRef.fa
    wildcards: sample=SCN8A
    resources: tmpdir=/var/folders/2l/zp0wk9q9097fqhyymq39vg880000gn/T

[Wed Aug 10 15:01:54 2022]
Finished job 10.
8 of 21 steps (38%) done
Select jobs to execute...

[Wed Aug 10 15:01:54 2022]
rule makeSubAlignFile:
    input: ../../Data/alignmentREF.fa, plot_data/SCN8A.PROT.trimmed.manual.fa.wRef.fa
    output: plot_data/SCN8A.PROT.sub
    jobid: 9
    reason: Missing output files: plot_data/SCN8A.PROT.sub; Input files updated by another job: plot_data/SCN8A.PROT.trimmed.manual.fa.wRef.fa
    wildcards: sample=SCN8A
    resources: tmpdir=/var/folders/2l/zp0wk9q9097fqhyymq39vg880000gn/T

[Wed Aug 10 15:01:54 2022]
Finished job 9.
9 of 21 steps (43%) done
Select jobs to execute...

[Wed Aug 10 15:01:54 2022]
rule extractCols:
    input: plot_data/SCN3A.PROT.aligned.wRef.fa
    output: plot_data/SCN3A.PROT.pLoop.seqs
    jobid: 17
    reason: Missing output files: plot_data/SCN3A.PROT.pLoop.seqs; Input files updated by another job: plot_data/SCN3A.PROT.aligned.wRef.fa
    wildcards: sample=SCN3A
    resources: tmpdir=/var/folders/2l/zp0wk9q9097fqhyymq39vg880000gn/T

[Wed Aug 10 15:01:54 2022]
Finished job 17.
10 of 21 steps (48%) done
Select jobs to execute...

[Wed Aug 10 15:01:54 2022]
rule makeAlign:
    input: ../../Data/alignmentREF.fa, plot_data/SCN5A.PROT.trimmed.manual.fa
    output: plot_data/SCN5A.PROT.trimmed.manual.fa.wRef.fa
    jobid: 8
    reason: Missing output files: plot_data/SCN5A.PROT.trimmed.manual.fa.wRef.fa
    wildcards: sample=SCN5A
    resources: tmpdir=/var/folders/2l/zp0wk9q9097fqhyymq39vg880000gn/T

[Wed Aug 10 15:01:54 2022]
Finished job 8.
11 of 21 steps (52%) done
Select jobs to execute...

[Wed Aug 10 15:01:54 2022]
rule makeSubAlign:
    input: plot_data/SCN8A.PROT.sub, plot_data/SCN8A.PROT.trimmed.manual.fa.wRef.fa
    output: plot_data/SCN8A.PROT.aligned.wRef.fa
    jobid: 15
    reason: Missing output files: plot_data/SCN8A.PROT.aligned.wRef.fa; Input files updated by another job: plot_data/SCN8A.PROT.sub, plot_data/SCN8A.PROT.trimmed.manual.fa.wRef.fa
    wildcards: sample=SCN8A
    resources: tmpdir=/var/folders/2l/zp0wk9q9097fqhyymq39vg880000gn/T

[Wed Aug 10 15:01:55 2022]
Finished job 15.
12 of 21 steps (57%) done
Select jobs to execute...

[Wed Aug 10 15:01:55 2022]
rule extractCols:
    input: plot_data/SCN8A.PROT.aligned.wRef.fa
    output: plot_data/SCN8A.PROT.pLoop.seqs
    jobid: 20
    reason: Missing output files: plot_data/SCN8A.PROT.pLoop.seqs; Input files updated by another job: plot_data/SCN8A.PROT.aligned.wRef.fa
    wildcards: sample=SCN8A
    resources: tmpdir=/var/folders/2l/zp0wk9q9097fqhyymq39vg880000gn/T

[Wed Aug 10 15:01:55 2022]
Finished job 20.
13 of 21 steps (62%) done
Select jobs to execute...

[Wed Aug 10 15:01:55 2022]
rule makeAlign:
    input: ../../Data/alignmentREF.fa, plot_data/SCN4A.PROT.trimmed.manual.fa
    output: plot_data/SCN4A.PROT.trimmed.manual.fa.wRef.fa
    jobid: 6
    reason: Missing output files: plot_data/SCN4A.PROT.trimmed.manual.fa.wRef.fa
    wildcards: sample=SCN4A
    resources: tmpdir=/var/folders/2l/zp0wk9q9097fqhyymq39vg880000gn/T

[Wed Aug 10 15:01:55 2022]
Finished job 6.
14 of 21 steps (67%) done
Select jobs to execute...

[Wed Aug 10 15:01:55 2022]
rule makeSubAlignFile:
    input: ../../Data/alignmentREF.fa, plot_data/SCN4A.PROT.trimmed.manual.fa.wRef.fa
    output: plot_data/SCN4A.PROT.sub
    jobid: 5
    reason: Missing output files: plot_data/SCN4A.PROT.sub; Input files updated by another job: plot_data/SCN4A.PROT.trimmed.manual.fa.wRef.fa
    wildcards: sample=SCN4A
    resources: tmpdir=/var/folders/2l/zp0wk9q9097fqhyymq39vg880000gn/T

[Wed Aug 10 15:01:55 2022]
Finished job 5.
15 of 21 steps (71%) done
Select jobs to execute...

[Wed Aug 10 15:01:55 2022]
rule makeSubAlign:
    input: plot_data/SCN4A.PROT.sub, plot_data/SCN4A.PROT.trimmed.manual.fa.wRef.fa
    output: plot_data/SCN4A.PROT.aligned.wRef.fa
    jobid: 13
    reason: Missing output files: plot_data/SCN4A.PROT.aligned.wRef.fa; Input files updated by another job: plot_data/SCN4A.PROT.sub, plot_data/SCN4A.PROT.trimmed.manual.fa.wRef.fa
    wildcards: sample=SCN4A
    resources: tmpdir=/var/folders/2l/zp0wk9q9097fqhyymq39vg880000gn/T

[Wed Aug 10 15:01:57 2022]
Finished job 13.
16 of 21 steps (76%) done
Select jobs to execute...

[Wed Aug 10 15:01:57 2022]
rule makeSubAlignFile:
    input: ../../Data/alignmentREF.fa, plot_data/SCN5A.PROT.trimmed.manual.fa.wRef.fa
    output: plot_data/SCN5A.PROT.sub
    jobid: 7
    reason: Missing output files: plot_data/SCN5A.PROT.sub; Input files updated by another job: plot_data/SCN5A.PROT.trimmed.manual.fa.wRef.fa
    wildcards: sample=SCN5A
    resources: tmpdir=/var/folders/2l/zp0wk9q9097fqhyymq39vg880000gn/T

[Wed Aug 10 15:01:57 2022]
Finished job 7.
17 of 21 steps (81%) done
Select jobs to execute...

[Wed Aug 10 15:01:57 2022]
rule makeSubAlign:
    input: plot_data/SCN5A.PROT.sub, plot_data/SCN5A.PROT.trimmed.manual.fa.wRef.fa
    output: plot_data/SCN5A.PROT.aligned.wRef.fa
    jobid: 14
    reason: Missing output files: plot_data/SCN5A.PROT.aligned.wRef.fa; Input files updated by another job: plot_data/SCN5A.PROT.sub, plot_data/SCN5A.PROT.trimmed.manual.fa.wRef.fa
    wildcards: sample=SCN5A
    resources: tmpdir=/var/folders/2l/zp0wk9q9097fqhyymq39vg880000gn/T

[Wed Aug 10 15:01:58 2022]
Finished job 14.
18 of 21 steps (86%) done
Select jobs to execute...

[Wed Aug 10 15:01:58 2022]
rule extractCols:
    input: plot_data/SCN4A.PROT.aligned.wRef.fa
    output: plot_data/SCN4A.PROT.pLoop.seqs
    jobid: 18
    reason: Missing output files: plot_data/SCN4A.PROT.pLoop.seqs; Input files updated by another job: plot_data/SCN4A.PROT.aligned.wRef.fa
    wildcards: sample=SCN4A
    resources: tmpdir=/var/folders/2l/zp0wk9q9097fqhyymq39vg880000gn/T

[Wed Aug 10 15:01:58 2022]
Finished job 18.
19 of 21 steps (90%) done
Select jobs to execute...

[Wed Aug 10 15:01:58 2022]
rule extractCols:
    input: plot_data/SCN5A.PROT.aligned.wRef.fa
    output: plot_data/SCN5A.PROT.pLoop.seqs
    jobid: 19
    reason: Missing output files: plot_data/SCN5A.PROT.pLoop.seqs; Input files updated by another job: plot_data/SCN5A.PROT.aligned.wRef.fa
    wildcards: sample=SCN5A
    resources: tmpdir=/var/folders/2l/zp0wk9q9097fqhyymq39vg880000gn/T

[Wed Aug 10 15:01:58 2022]
Finished job 19.
20 of 21 steps (95%) done
Select jobs to execute...

[Wed Aug 10 15:01:58 2022]
localrule all:
    input: plot_data/SCN1A.PROT.sub, plot_data/SCN3A.PROT.sub, plot_data/SCN4A.PROT.sub, plot_data/SCN5A.PROT.sub, plot_data/SCN8A.PROT.sub, plot_data/SCN1A.PROT.aligned.wRef.fa, plot_data/SCN3A.PROT.aligned.wRef.fa, plot_data/SCN4A.PROT.aligned.wRef.fa, plot_data/SCN5A.PROT.aligned.wRef.fa, plot_data/SCN8A.PROT.aligned.wRef.fa, plot_data/SCN1A.PROT.trimmed.manual.fa.wRef.fa, plot_data/SCN1A.PROT.trimmed.manual.fa.wRef.fa, plot_data/SCN1A.PROT.trimmed.manual.fa.wRef.fa, plot_data/SCN1A.PROT.trimmed.manual.fa.wRef.fa, plot_data/SCN1A.PROT.trimmed.manual.fa.wRef.fa, plot_data/SCN1A.PROT.pLoop.seqs, plot_data/SCN3A.PROT.pLoop.seqs, plot_data/SCN4A.PROT.pLoop.seqs, plot_data/SCN5A.PROT.pLoop.seqs, plot_data/SCN8A.PROT.pLoop.seqs
    jobid: 0
    reason: Input files updated by another job: plot_data/SCN5A.PROT.sub, plot_data/SCN1A.PROT.aligned.wRef.fa, plot_data/SCN8A.PROT.pLoop.seqs, plot_data/SCN3A.PROT.sub, plot_data/SCN8A.PROT.sub, plot_data/SCN8A.PROT.aligned.wRef.fa, plot_data/SCN5A.PROT.pLoop.seqs, plot_data/SCN1A.PROT.pLoop.seqs, plot_data/SCN3A.PROT.pLoop.seqs, plot_data/SCN1A.PROT.trimmed.manual.fa.wRef.fa, plot_data/SCN3A.PROT.aligned.wRef.fa, plot_data/SCN1A.PROT.sub, plot_data/SCN5A.PROT.aligned.wRef.fa, plot_data/SCN4A.PROT.sub, plot_data/SCN4A.PROT.pLoop.seqs, plot_data/SCN4A.PROT.aligned.wRef.fa
    resources: tmpdir=/var/folders/2l/zp0wk9q9097fqhyymq39vg880000gn/T

[Wed Aug 10 15:01:58 2022]
Finished job 0.
21 of 21 steps (100%) done
Complete log: .snakemake/log/2022-08-10T150151.545391.snakemake.log
