
RAxML-NG v. 1.1.0 released on 29.11.2021 by The Exelixis Lab.
Developed by: Alexey M. Kozlov and Alexandros Stamatakis.
Contributors: Diego Darriba, Tomas Flouri, Benoit Morel, Sarah Lutteropp, Ben Bettisworth.
Latest version: https://github.com/amkozlov/raxml-ng
Questions/problems/suggestions? Please visit: https://groups.google.com/forum/#!forum/raxml

System: Apple M1, 8 cores, 8 GB RAM

RAxML-NG was called at 06-Aug-2022 09:26:21 as follows:

/Users/uricchio/projects/software/raxml-ng_v1.1.0_macos_x86_64/raxml-ng --model GTR+G --prefix plot_data/SCN4A.DNA.trimmed.fa --redo --msa plot_data/SCN4A.DNA.trimmed.fa.raxml.rba

Analysis options:
  run mode: ML tree search
  start tree(s): random (10) + parsimony (10)
  random seed: 1659803181
  tip-inner: OFF
  pattern compression: ON
  per-rate scalers: OFF
  site repeats: ON
  fast spr radius: AUTO
  spr subtree cutoff: 1.000000
  branch lengths: proportional (ML estimate, algorithm: NR-FAST)
  SIMD kernels: SSE3
  parallelization: coarse-grained (auto), PTHREADS (auto)

WARNING: Running in REDO mode: existing checkpoints are ignored, and all result files will be overwritten!

WARNING: The model you specified on the command line (GTR+G) will be ignored 
         since the binary MSA file already contains a model definition.
         If you want to change the model, please re-run RAxML-NG 
         with the original PHYLIP/FASTA alignment and --redo option.

[00:00:00] Loading binary alignment from file: plot_data/SCN4A.DNA.trimmed.fa.raxml.rba
[00:00:00] Alignment comprises 94 taxa, 1 partitions and 2406 patterns

Partition 0: noname
Model: GTR+FO+G4m
Alignment sites / patterns: 5205 / 2406
Gaps: 2.44 %
Invariant sites: 52.72 %


Parallelization scheme autoconfig: 4 worker(s) x 2 thread(s)

Parallel reduction/worker buffer size: 1 KB  / 0 KB

[00:00:00] Generating 10 random starting tree(s) with 94 taxa
[00:00:00] Generating 10 parsimony starting tree(s) with 94 taxa
[00:00:00] Data distribution: max. partitions/sites/weight per thread: 1 / 1203 / 19248
[00:00:00] Data distribution: max. searches per worker: 5

Starting ML tree search with 20 distinct starting trees

[00:00:01 -121930.422187] Initial branch length optimization
[00:00:19 -105967.975779] Model parameter optimization (eps = 10.000000)
[00:02:17 -96866.278685] AUTODETECT spr round 1 (radius: 5)
[00:05:01 -69401.541264] AUTODETECT spr round 2 (radius: 10)
[00:10:03 -59205.458326] AUTODETECT spr round 3 (radius: 15)
[00:15:20 -59189.590554] AUTODETECT spr round 4 (radius: 20)
[00:18:42 -59189.590316] SPR radius for FAST iterations: 15 (autodetect)
[00:18:42 -59189.590316] Model parameter optimization (eps = 3.000000)
[00:19:48 -59038.871277] FAST spr round 1 (radius: 15)
[00:27:12 -56473.754992] FAST spr round 2 (radius: 15)
[00:32:26 -56100.812835] FAST spr round 3 (radius: 15)
[00:36:28 -56096.041285] FAST spr round 4 (radius: 15)
[00:40:27 -56092.029390] FAST spr round 5 (radius: 15)
[00:44:13 -56089.875557] FAST spr round 6 (radius: 15)
[00:47:45 -56088.783321] FAST spr round 7 (radius: 15)
[00:51:42 -56087.791791] FAST spr round 8 (radius: 15)
[00:55:13 -56084.831273] FAST spr round 9 (radius: 15)
[00:58:20 -56080.609570] FAST spr round 10 (radius: 15)
[01:01:20 -56080.405374] FAST spr round 11 (radius: 15)
[01:04:23 -56080.405365] Model parameter optimization (eps = 1.000000)
[01:05:27 -56070.927849] SLOW spr round 1 (radius: 5)
[01:18:09 -56062.134940] SLOW spr round 2 (radius: 5)
[01:31:07 -56055.718814] SLOW spr round 3 (radius: 5)
[01:43:24 -56055.718811] SLOW spr round 4 (radius: 10)
[01:53:16] [worker #1] ML tree search #2, logLikelihood: -56055.563254
[01:54:05] [worker #2] ML tree search #3, logLikelihood: -56055.565486
[01:55:34] [worker #3] ML tree search #4, logLikelihood: -56055.563602
[01:56:33 -56055.718811] SLOW spr round 5 (radius: 15)
[02:14:31 -56055.718811] SLOW spr round 6 (radius: 20)
[02:21:42 -56055.718811] SLOW spr round 7 (radius: 25)
[02:22:03 -56055.718811] Model parameter optimization (eps = 0.100000)

[02:22:25] [worker #0] ML tree search #1, logLikelihood: -56055.561174

[02:22:26 -122074.523658] Initial branch length optimization
[02:22:55 -106146.891184] Model parameter optimization (eps = 10.000000)
[02:25:25 -96996.047637] AUTODETECT spr round 1 (radius: 5)
[02:28:35 -69810.919000] AUTODETECT spr round 2 (radius: 10)
[02:33:28 -59359.753402] AUTODETECT spr round 3 (radius: 15)
[02:39:24 -59359.533271] AUTODETECT spr round 4 (radius: 20)
[02:41:58 -59359.525663] SPR radius for FAST iterations: 15 (autodetect)
[02:41:58 -59359.525663] Model parameter optimization (eps = 3.000000)
[02:43:21 -59195.181072] FAST spr round 1 (radius: 15)
[02:51:50 -56148.511883] FAST spr round 2 (radius: 15)
[02:56:02 -56090.379718] FAST spr round 3 (radius: 15)
[03:00:13 -56075.162384] FAST spr round 4 (radius: 15)
[03:04:19 -56073.950741] FAST spr round 5 (radius: 15)
[03:08:24 -56073.392916] FAST spr round 6 (radius: 15)
[03:11:48 -56072.044785] FAST spr round 7 (radius: 15)
[03:15:32 -56071.820632] FAST spr round 8 (radius: 15)
[03:19:31 -56071.764998] Model parameter optimization (eps = 1.000000)
[03:20:19 -56069.377915] SLOW spr round 1 (radius: 5)
[03:34:39 -56055.602970] SLOW spr round 2 (radius: 5)
[03:47:38 -56055.602943] SLOW spr round 3 (radius: 10)
[04:01:09 -56055.602942] SLOW spr round 4 (radius: 15)
[04:05:08] [worker #3] ML tree search #8, logLikelihood: -56055.562575
[04:09:41] [worker #1] ML tree search #6, logLikelihood: -56055.561707
[04:18:31 -56055.602942] SLOW spr round 5 (radius: 20)
[04:22:17] [worker #2] ML tree search #7, logLikelihood: -56055.575704
[04:25:07 -56055.602942] SLOW spr round 6 (radius: 25)
[04:25:34 -56055.602942] Model parameter optimization (eps = 0.100000)

[04:25:49] [worker #0] ML tree search #5, logLikelihood: -56055.563417

[04:25:49 -120427.064341] Initial branch length optimization
[04:26:16 -105332.762850] Model parameter optimization (eps = 10.000000)
[04:28:37 -96479.397383] AUTODETECT spr round 1 (radius: 5)
[04:31:48 -68160.397266] AUTODETECT spr round 2 (radius: 10)
[04:38:00 -58862.977870] AUTODETECT spr round 3 (radius: 15)
[04:43:29 -58862.886908] SPR radius for FAST iterations: 10 (autodetect)
[04:43:29 -58862.886908] Model parameter optimization (eps = 3.000000)
[04:45:07 -58714.234321] FAST spr round 1 (radius: 10)
[04:52:41 -56134.712863] FAST spr round 2 (radius: 10)
[04:57:29 -56085.525105] FAST spr round 3 (radius: 10)
[05:01:49 -56072.685760] FAST spr round 4 (radius: 10)
[05:06:08 -56066.060242] FAST spr round 5 (radius: 10)
[05:10:09 -56063.187511] FAST spr round 6 (radius: 10)
[05:14:40 -56059.060323] FAST spr round 7 (radius: 10)
[05:18:51 -56059.060320] Model parameter optimization (eps = 1.000000)
[05:19:41 -56056.146172] SLOW spr round 1 (radius: 5)
[05:34:45 -56056.135695] SLOW spr round 2 (radius: 10)
[05:48:05 -56056.135310] SLOW spr round 3 (radius: 15)
[05:59:24] [worker #3] ML tree search #12, logLikelihood: -56056.090558
[06:05:44 -56056.135297] SLOW spr round 4 (radius: 20)
[06:07:08] [worker #1] ML tree search #10, logLikelihood: -56055.561950
[06:07:23] [worker #2] ML tree search #11, logLikelihood: -56055.560644
[06:12:35 -56056.135297] SLOW spr round 5 (radius: 25)
[06:12:59 -56056.135297] Model parameter optimization (eps = 0.100000)

[06:13:23] [worker #0] ML tree search #9, logLikelihood: -56056.097058

[06:13:23 -71135.481484] Initial branch length optimization
[06:14:01 -58479.519469] Model parameter optimization (eps = 10.000000)
[06:15:24 -56135.601658] AUTODETECT spr round 1 (radius: 5)
[06:18:01 -56082.488219] AUTODETECT spr round 2 (radius: 10)
[06:24:46 -56082.488141] SPR radius for FAST iterations: 5 (autodetect)
[06:24:46 -56082.488141] Model parameter optimization (eps = 3.000000)
[06:25:08 -56082.282617] FAST spr round 1 (radius: 5)
[06:28:47 -56072.312361] FAST spr round 2 (radius: 5)
[06:32:33 -56067.697789] FAST spr round 3 (radius: 5)
[06:36:13 -56064.846571] FAST spr round 4 (radius: 5)
[06:40:31 -56058.249985] FAST spr round 5 (radius: 5)
[06:44:02 -56057.543084] FAST spr round 6 (radius: 5)
[06:46:37 -56057.320300] FAST spr round 7 (radius: 5)
[06:49:48 -56057.320281] Model parameter optimization (eps = 1.000000)
[06:50:09 -56057.225193] SLOW spr round 1 (radius: 5)
[07:01:36 -56055.586842] SLOW spr round 2 (radius: 5)
[07:11:43 -56055.586811] SLOW spr round 3 (radius: 10)
[07:22:21 -56055.586810] SLOW spr round 4 (radius: 15)
[07:23:54] [worker #1] ML tree search #14, logLikelihood: -56056.091502
[07:30:02] [worker #3] ML tree search #16, logLikelihood: -56055.559995
[07:36:00 -56055.586810] SLOW spr round 5 (radius: 20)
[07:39:54 -56055.586810] SLOW spr round 6 (radius: 25)
[07:40:09 -56055.586810] Model parameter optimization (eps = 0.100000)
[07:40:14] [worker #2] ML tree search #15, logLikelihood: -56056.089771

[07:40:18] [worker #0] ML tree search #13, logLikelihood: -56055.561068

[07:40:19 -71221.198690] Initial branch length optimization
[07:40:32 -58555.886744] Model parameter optimization (eps = 10.000000)
[07:41:20 -56196.155354] AUTODETECT spr round 1 (radius: 5)
[07:42:59 -56077.078561] AUTODETECT spr round 2 (radius: 10)
[07:46:48 -56077.078391] SPR radius for FAST iterations: 5 (autodetect)
[07:46:48 -56077.078391] Model parameter optimization (eps = 3.000000)
[07:46:57 -56076.915095] FAST spr round 1 (radius: 5)
[07:49:00 -56066.923506] FAST spr round 2 (radius: 5)
[07:51:07 -56064.199659] FAST spr round 3 (radius: 5)
[07:53:18 -56063.094808] FAST spr round 4 (radius: 5)
[07:55:17 -56062.867156] FAST spr round 5 (radius: 5)
[07:57:26 -56062.867148] Model parameter optimization (eps = 1.000000)
[07:57:40 -56062.822429] SLOW spr round 1 (radius: 5)
[08:05:49 -56060.637252] SLOW spr round 2 (radius: 5)
[08:13:06 -56055.594924] SLOW spr round 3 (radius: 5)
[08:19:59 -56055.594917] SLOW spr round 4 (radius: 10)
[08:23:20] [worker #3] ML tree search #20, logLikelihood: -56055.560303
[08:27:28 -56055.594916] SLOW spr round 5 (radius: 15)
[08:29:18] [worker #1] ML tree search #18, logLikelihood: -56055.560816
[08:32:35 -56055.594916] SLOW spr round 6 (radius: 20)
[08:33:45] [worker #2] ML tree search #19, logLikelihood: -56056.089889
[08:34:08 -56055.594916] SLOW spr round 7 (radius: 25)
[08:34:14 -56055.594916] Model parameter optimization (eps = 0.100000)

[08:34:18] [worker #0] ML tree search #17, logLikelihood: -56055.564793


Optimized model parameters:

   Partition 0: noname
   Rate heterogeneity: GAMMA (4 cats, mean),  alpha: 0.380242 (ML),  weights&rates: (0.250000,0.013970) (0.250000,0.166850) (0.250000,0.708983) (0.250000,3.110197) 
   Base frequencies (ML): 0.296601 0.192550 0.204654 0.306195 
   Substitution rates (ML): 1.375870 3.888112 1.126414 1.157087 4.169476 1.000000 


Final LogLikelihood: -56055.559995

AIC score: 112499.119991 / AICc score: 112514.221787 / BIC score: 113771.250737
Free parameters (model + branch lengths): 194

Best ML tree saved to: /Users/uricchio/projects/poison/sodiumChannelPaper/Figures/Figure2/plot_data/SCN4A.DNA.trimmed.fa.raxml.bestTree
All ML trees saved to: /Users/uricchio/projects/poison/sodiumChannelPaper/Figures/Figure2/plot_data/SCN4A.DNA.trimmed.fa.raxml.mlTrees
Optimized model saved to: /Users/uricchio/projects/poison/sodiumChannelPaper/Figures/Figure2/plot_data/SCN4A.DNA.trimmed.fa.raxml.bestModel

Execution log saved to: /Users/uricchio/projects/poison/sodiumChannelPaper/Figures/Figure2/plot_data/SCN4A.DNA.trimmed.fa.raxml.log

Analysis started: 06-Aug-2022 09:26:21 / finished: 06-Aug-2022 18:00:40

Elapsed time: 30858.483 seconds

