
RAxML-NG v. 1.1.0 released on 29.11.2021 by The Exelixis Lab.
Developed by: Alexey M. Kozlov and Alexandros Stamatakis.
Contributors: Diego Darriba, Tomas Flouri, Benoit Morel, Sarah Lutteropp, Ben Bettisworth.
Latest version: https://github.com/amkozlov/raxml-ng
Questions/problems/suggestions? Please visit: https://groups.google.com/forum/#!forum/raxml

System: Apple M1, 8 cores, 8 GB RAM

RAxML-NG was called at 06-Aug-2022 09:26:22 as follows:

/Users/uricchio/projects/software/raxml-ng_v1.1.0_macos_x86_64/raxml-ng --model GTR+G --prefix plot_data/SCN4A.DNA.trimmed.manual.fa --redo --msa plot_data/SCN4A.DNA.trimmed.manual.fa.raxml.rba

Analysis options:
  run mode: ML tree search
  start tree(s): random (10) + parsimony (10)
  random seed: 1659803182
  tip-inner: OFF
  pattern compression: ON
  per-rate scalers: OFF
  site repeats: ON
  fast spr radius: AUTO
  spr subtree cutoff: 1.000000
  branch lengths: proportional (ML estimate, algorithm: NR-FAST)
  SIMD kernels: SSE3
  parallelization: coarse-grained (auto), PTHREADS (auto)

WARNING: Running in REDO mode: existing checkpoints are ignored, and all result files will be overwritten!

WARNING: The model you specified on the command line (GTR+G) will be ignored 
         since the binary MSA file already contains a model definition.
         If you want to change the model, please re-run RAxML-NG 
         with the original PHYLIP/FASTA alignment and --redo option.

[00:00:00] Loading binary alignment from file: plot_data/SCN4A.DNA.trimmed.manual.fa.raxml.rba
[00:00:00] Alignment comprises 94 taxa, 1 partitions and 2253 patterns

Partition 0: noname
Model: GTR+FO+G4m
Alignment sites / patterns: 5205 / 2253
Gaps: 2.71 %
Invariant sites: 56.50 %


Parallelization scheme autoconfig: 4 worker(s) x 2 thread(s)

Parallel reduction/worker buffer size: 1 KB  / 0 KB

[00:00:00] Generating 10 random starting tree(s) with 94 taxa
[00:00:00] Generating 10 parsimony starting tree(s) with 94 taxa
[00:00:00] Data distribution: max. partitions/sites/weight per thread: 1 / 1127 / 18032
[00:00:00] Data distribution: max. searches per worker: 5

Starting ML tree search with 20 distinct starting trees

[00:00:01 -115517.877682] Initial branch length optimization
[00:00:17 -100400.557274] Model parameter optimization (eps = 10.000000)
[00:02:28 -91294.544205] AUTODETECT spr round 1 (radius: 5)
[00:05:11 -63256.908300] AUTODETECT spr round 2 (radius: 10)
[00:09:31 -55013.678608] AUTODETECT spr round 3 (radius: 15)
[00:14:27 -55013.672238] SPR radius for FAST iterations: 10 (autodetect)
[00:14:27 -55013.672238] Model parameter optimization (eps = 3.000000)
[00:15:55 -54922.215572] FAST spr round 1 (radius: 10)
[00:22:48 -52228.372121] FAST spr round 2 (radius: 10)
[00:27:00 -52091.085872] FAST spr round 3 (radius: 10)
[00:30:23 -52087.093323] FAST spr round 4 (radius: 10)
[00:33:35 -52085.771513] FAST spr round 5 (radius: 10)
[00:37:07 -52079.335884] FAST spr round 6 (radius: 10)
[00:40:07 -52079.335883] Model parameter optimization (eps = 1.000000)
[00:40:51 -52074.378309] SLOW spr round 1 (radius: 5)
[00:53:20 -52064.045275] SLOW spr round 2 (radius: 5)
[01:05:48 -52054.902208] SLOW spr round 3 (radius: 5)
[01:17:05 -52054.902203] SLOW spr round 4 (radius: 10)
[01:29:31 -52054.902203] SLOW spr round 5 (radius: 15)
[01:41:02] [worker #3] ML tree search #4, logLikelihood: -52054.752797
[01:42:35] [worker #1] ML tree search #2, logLikelihood: -52054.556883
[01:45:47 -52054.902203] SLOW spr round 6 (radius: 20)
[01:52:42 -52054.902203] SLOW spr round 7 (radius: 25)
[01:53:04 -52054.902203] Model parameter optimization (eps = 0.100000)

[01:53:45] [worker #0] ML tree search #1, logLikelihood: -52054.745463

[01:53:45 -116909.362284] Initial branch length optimization
[01:54:02 -101595.039883] Model parameter optimization (eps = 10.000000)
[01:56:19 -92030.012874] AUTODETECT spr round 1 (radius: 5)
[01:56:24] [worker #2] ML tree search #3, logLikelihood: -52054.749432
[01:58:54 -64395.597050] AUTODETECT spr round 2 (radius: 10)
[02:04:01 -55011.390413] AUTODETECT spr round 3 (radius: 15)
[02:08:32 -55011.379801] SPR radius for FAST iterations: 10 (autodetect)
[02:08:32 -55011.379801] Model parameter optimization (eps = 3.000000)
[02:09:55 -54915.684589] FAST spr round 1 (radius: 10)
[02:17:46 -52252.794962] FAST spr round 2 (radius: 10)
[02:22:43 -52114.657797] FAST spr round 3 (radius: 10)
[02:27:16 -52094.490911] FAST spr round 4 (radius: 10)
[02:31:18 -52078.713822] FAST spr round 5 (radius: 10)
[02:34:54 -52077.306168] FAST spr round 6 (radius: 10)
[02:38:40 -52076.165200] FAST spr round 7 (radius: 10)
[02:42:17 -52075.473364] FAST spr round 8 (radius: 10)
[02:46:13 -52075.473339] Model parameter optimization (eps = 1.000000)
[02:47:12 -52070.140073] SLOW spr round 1 (radius: 5)
[03:00:25 -52067.050047] SLOW spr round 2 (radius: 5)
[03:12:59 -52054.867660] SLOW spr round 3 (radius: 5)
[03:21:17] [worker #1] ML tree search #6, logLikelihood: -52055.248475
[03:24:35 -52054.867625] SLOW spr round 4 (radius: 10)
[03:36:23 -52054.867625] SLOW spr round 5 (radius: 15)
[03:52:49 -52054.867625] SLOW spr round 6 (radius: 20)
[03:53:37] [worker #3] ML tree search #8, logLikelihood: -52055.023928
[03:59:18 -52054.867625] SLOW spr round 7 (radius: 25)
[03:59:41 -52054.867625] Model parameter optimization (eps = 0.100000)

[04:00:11] [worker #0] ML tree search #5, logLikelihood: -52054.745877

[04:00:11 -118278.667702] Initial branch length optimization
[04:00:38 -102999.983863] Model parameter optimization (eps = 10.000000)
[04:03:37 -93240.056322] AUTODETECT spr round 1 (radius: 5)
[04:03:53] [worker #2] ML tree search #7, logLikelihood: -52055.039501
[04:06:18 -64860.062215] AUTODETECT spr round 2 (radius: 10)
[04:11:17 -55195.300443] AUTODETECT spr round 3 (radius: 15)
[04:17:12 -55195.289262] SPR radius for FAST iterations: 10 (autodetect)
[04:17:12 -55195.289262] Model parameter optimization (eps = 3.000000)
[04:19:00 -55043.244900] FAST spr round 1 (radius: 10)
[04:25:35 -52137.473440] FAST spr round 2 (radius: 10)
[04:30:03 -52085.231253] FAST spr round 3 (radius: 10)
[04:33:56 -52072.931333] FAST spr round 4 (radius: 10)
[04:37:43 -52070.549221] FAST spr round 5 (radius: 10)
[04:41:14 -52070.464877] Model parameter optimization (eps = 1.000000)
[04:41:57 -52068.177598] SLOW spr round 1 (radius: 5)
[04:55:17 -52066.980558] SLOW spr round 2 (radius: 5)
[05:07:31 -52054.851792] SLOW spr round 3 (radius: 5)
[05:17:22] [worker #1] ML tree search #10, logLikelihood: -52054.749099
[05:20:09 -52054.851760] SLOW spr round 4 (radius: 10)
[05:33:06 -52054.851759] SLOW spr round 5 (radius: 15)
[05:34:11] [worker #3] ML tree search #12, logLikelihood: -52054.743988
[05:49:35 -52054.851759] SLOW spr round 6 (radius: 20)
[05:56:07 -52054.851759] SLOW spr round 7 (radius: 25)
[05:56:25 -52054.851759] Model parameter optimization (eps = 0.100000)

[05:56:44] [worker #0] ML tree search #9, logLikelihood: -52054.766285

[05:56:44 -67642.957378] Initial branch length optimization
[05:57:15 -54736.242537] Model parameter optimization (eps = 10.000000)
[05:58:53 -52145.816965] AUTODETECT spr round 1 (radius: 5)
[06:01:03 -52062.696222] AUTODETECT spr round 2 (radius: 10)
[06:07:35 -52062.694521] SPR radius for FAST iterations: 5 (autodetect)
[06:07:35 -52062.694521] Model parameter optimization (eps = 3.000000)
[06:07:53 -52062.587812] FAST spr round 1 (radius: 5)
[06:11:15 -52056.067904] FAST spr round 2 (radius: 5)
[06:14:31] [worker #2] ML tree search #11, logLikelihood: -52054.747653
[06:14:57 -52055.469344] FAST spr round 3 (radius: 5)
[06:18:21 -52055.085767] FAST spr round 4 (radius: 5)
[06:22:17 -52054.973735] FAST spr round 5 (radius: 5)
[06:25:51 -52054.787371] FAST spr round 6 (radius: 5)
[06:29:25 -52054.787363] Model parameter optimization (eps = 1.000000)
[06:29:49 -52054.745086] SLOW spr round 1 (radius: 5)
[06:43:04 -52054.745038] SLOW spr round 2 (radius: 10)
[06:51:46 -52054.745037] SLOW spr round 3 (radius: 15)
[06:54:52] [worker #3] ML tree search #16, logLikelihood: -52055.021551
[07:04:26 -52054.745037] SLOW spr round 4 (radius: 20)
[07:09:39 -52054.745037] SLOW spr round 5 (radius: 25)
[07:09:59 -52054.745037] Model parameter optimization (eps = 0.100000)

[07:10:15] [worker #0] ML tree search #13, logLikelihood: -52054.743287

[07:10:15 -67644.413312] Initial branch length optimization
[07:10:36 -54726.357075] Model parameter optimization (eps = 10.000000)
[07:10:56] [worker #1] ML tree search #14, logLikelihood: -52054.750406
[07:11:58 -52158.490645] AUTODETECT spr round 1 (radius: 5)
[07:13:46 -52080.843501] AUTODETECT spr round 2 (radius: 10)
[07:18:17 -52080.841488] SPR radius for FAST iterations: 5 (autodetect)
[07:18:17 -52080.841488] Model parameter optimization (eps = 3.000000)
[07:18:31 -52080.647034] FAST spr round 1 (radius: 5)
[07:21:14 -52074.120536] FAST spr round 2 (radius: 5)
[07:24:01 -52073.204428] FAST spr round 3 (radius: 5)
[07:26:50 -52072.906566] FAST spr round 4 (radius: 5)
[07:29:34 -52072.715187] FAST spr round 5 (radius: 5)
[07:32:41 -52068.374661] FAST spr round 6 (radius: 5)
[07:35:50 -52068.374644] Model parameter optimization (eps = 1.000000)
[07:36:05 -52068.332353] SLOW spr round 1 (radius: 5)
[07:43:30 -52067.459077] SLOW spr round 2 (radius: 5)
[07:43:33] [worker #2] ML tree search #15, logLikelihood: -52055.027469
[07:50:30 -52055.269152] SLOW spr round 3 (radius: 5)
[07:52:52] [worker #3] ML tree search #20, logLikelihood: -52054.744729
[07:56:57 -52055.269096] SLOW spr round 4 (radius: 10)
[08:03:55 -52055.269095] SLOW spr round 5 (radius: 15)
[08:10:43] [worker #1] ML tree search #18, logLikelihood: -52054.743995
[08:13:17 -52055.269095] SLOW spr round 6 (radius: 20)
[08:16:57 -52055.269095] SLOW spr round 7 (radius: 25)
[08:17:08 -52055.269095] Model parameter optimization (eps = 0.100000)

[08:17:20] [worker #0] ML tree search #17, logLikelihood: -52055.250874

[08:28:59] [worker #2] ML tree search #19, logLikelihood: -52055.021958

Optimized model parameters:

   Partition 0: noname
   Rate heterogeneity: GAMMA (4 cats, mean),  alpha: 0.328883 (ML),  weights&rates: (0.250000,0.007928) (0.250000,0.127070) (0.250000,0.641267) (0.250000,3.223735) 
   Base frequencies (ML): 0.294887 0.195639 0.205148 0.304326 
   Substitution rates (ML): 1.414396 4.413993 1.122768 1.180020 4.499143 1.000000 


Final LogLikelihood: -52054.556883

AIC score: 104497.113765 / AICc score: 104512.215562 / BIC score: 105769.244512
Free parameters (model + branch lengths): 194

Best ML tree saved to: /Users/uricchio/projects/poison/sodiumChannelPaper/Figures/Figure2/plot_data/SCN4A.DNA.trimmed.manual.fa.raxml.bestTree
All ML trees saved to: /Users/uricchio/projects/poison/sodiumChannelPaper/Figures/Figure2/plot_data/SCN4A.DNA.trimmed.manual.fa.raxml.mlTrees
Optimized model saved to: /Users/uricchio/projects/poison/sodiumChannelPaper/Figures/Figure2/plot_data/SCN4A.DNA.trimmed.manual.fa.raxml.bestModel

Execution log saved to: /Users/uricchio/projects/poison/sodiumChannelPaper/Figures/Figure2/plot_data/SCN4A.DNA.trimmed.manual.fa.raxml.log

Analysis started: 06-Aug-2022 09:26:22 / finished: 06-Aug-2022 17:55:22

Elapsed time: 30540.049 seconds

