
RAxML-NG v. 1.1.0 released on 29.11.2021 by The Exelixis Lab.
Developed by: Alexey M. Kozlov and Alexandros Stamatakis.
Contributors: Diego Darriba, Tomas Flouri, Benoit Morel, Sarah Lutteropp, Ben Bettisworth.
Latest version: https://github.com/amkozlov/raxml-ng
Questions/problems/suggestions? Please visit: https://groups.google.com/forum/#!forum/raxml

System: Apple M1, 8 cores, 8 GB RAM

RAxML-NG was called at 06-Aug-2022 09:26:21 as follows:

/Users/uricchio/projects/software/raxml-ng_v1.1.0_macos_x86_64/raxml-ng --model GTR+G --prefix plot_data/SCN5A.DNA.trimmed.fa --redo --msa plot_data/SCN5A.DNA.trimmed.fa.raxml.rba

Analysis options:
  run mode: ML tree search
  start tree(s): random (10) + parsimony (10)
  random seed: 1659803181
  tip-inner: OFF
  pattern compression: ON
  per-rate scalers: OFF
  site repeats: ON
  fast spr radius: AUTO
  spr subtree cutoff: 1.000000
  branch lengths: proportional (ML estimate, algorithm: NR-FAST)
  SIMD kernels: SSE3
  parallelization: coarse-grained (auto), PTHREADS (auto)

WARNING: Running in REDO mode: existing checkpoints are ignored, and all result files will be overwritten!

WARNING: The model you specified on the command line (GTR+G) will be ignored 
         since the binary MSA file already contains a model definition.
         If you want to change the model, please re-run RAxML-NG 
         with the original PHYLIP/FASTA alignment and --redo option.

[00:00:00] Loading binary alignment from file: plot_data/SCN5A.DNA.trimmed.fa.raxml.rba
[00:00:00] Alignment comprises 74 taxa, 1 partitions and 2018 patterns

Partition 0: noname
Model: GTR+FO+G4m
Alignment sites / patterns: 4524 / 2018
Gaps: 8.87 %
Invariant sites: 54.51 %


Parallelization scheme autoconfig: 4 worker(s) x 2 thread(s)

Parallel reduction/worker buffer size: 1 KB  / 0 KB

[00:00:00] Generating 10 random starting tree(s) with 74 taxa
[00:00:00] Generating 10 parsimony starting tree(s) with 74 taxa
[00:00:00] Data distribution: max. partitions/sites/weight per thread: 1 / 1009 / 16144
[00:00:00] Data distribution: max. searches per worker: 5

Starting ML tree search with 20 distinct starting trees

[00:00:00 -82901.198100] Initial branch length optimization
[00:00:14 -71549.840628] Model parameter optimization (eps = 10.000000)
[00:02:06 -66191.367395] AUTODETECT spr round 1 (radius: 5)
[00:03:49 -53450.567955] AUTODETECT spr round 2 (radius: 10)
[00:06:50 -49966.379121] AUTODETECT spr round 3 (radius: 15)
[00:10:03 -48982.503061] AUTODETECT spr round 4 (radius: 20)
[00:11:02 -48982.497237] SPR radius for FAST iterations: 15 (autodetect)
[00:11:02 -48982.497237] Model parameter optimization (eps = 3.000000)
[00:12:07 -48910.242219] FAST spr round 1 (radius: 15)
[00:16:59 -47008.825848] FAST spr round 2 (radius: 15)
[00:19:26 -46855.355862] FAST spr round 3 (radius: 15)
[00:22:39 -46848.574435] FAST spr round 4 (radius: 15)
[00:25:22 -46783.282401] FAST spr round 5 (radius: 15)
[00:27:24 -46782.329659] FAST spr round 6 (radius: 15)
[00:29:57 -46782.329437] Model parameter optimization (eps = 1.000000)
[00:30:37 -46777.933651] SLOW spr round 1 (radius: 5)
[00:39:18 -46770.810714] SLOW spr round 2 (radius: 5)
[00:46:54 -46770.810148] SLOW spr round 3 (radius: 10)
[00:55:20 -46770.810099] SLOW spr round 4 (radius: 15)
[01:05:50 -46770.810094] SLOW spr round 5 (radius: 20)
[01:06:52] [worker #1] ML tree search #2, logLikelihood: -46780.761254
[01:10:45 -46770.810094] SLOW spr round 6 (radius: 25)
[01:10:58 -46770.810094] Model parameter optimization (eps = 0.100000)

[01:11:00] [worker #0] ML tree search #1, logLikelihood: -46770.792635

[01:11:00 -83073.418977] Initial branch length optimization
[01:11:09 -72245.810501] Model parameter optimization (eps = 10.000000)
[01:11:30] [worker #3] ML tree search #4, logLikelihood: -46793.596294
[01:12:05] [worker #2] ML tree search #3, logLikelihood: -46780.779619
[01:12:45 -66686.966866] AUTODETECT spr round 1 (radius: 5)
[01:14:46 -52519.410316] AUTODETECT spr round 2 (radius: 10)
[01:17:47 -48682.298638] AUTODETECT spr round 3 (radius: 15)
[01:19:49 -48682.276258] SPR radius for FAST iterations: 10 (autodetect)
[01:19:49 -48682.276258] Model parameter optimization (eps = 3.000000)
[01:20:36 -48599.912377] FAST spr round 1 (radius: 10)
[01:25:44 -46830.462074] FAST spr round 2 (radius: 10)
[01:28:37 -46801.316722] FAST spr round 3 (radius: 10)
[01:30:56 -46796.615454] FAST spr round 4 (radius: 10)
[01:33:38 -46795.400395] FAST spr round 5 (radius: 10)
[01:35:55 -46795.389572] Model parameter optimization (eps = 1.000000)
[01:36:36 -46793.843471] SLOW spr round 1 (radius: 5)
[01:45:29 -46793.622387] SLOW spr round 2 (radius: 5)
[01:53:20 -46793.622131] SLOW spr round 3 (radius: 10)
[02:02:37 -46793.622110] SLOW spr round 4 (radius: 15)
[02:12:54 -46793.622108] SLOW spr round 5 (radius: 20)
[02:16:33] [worker #1] ML tree search #6, logLikelihood: -46793.587689
[02:16:59 -46793.622108] SLOW spr round 6 (radius: 25)
[02:17:17 -46793.622108] Model parameter optimization (eps = 0.100000)

[02:17:33] [worker #0] ML tree search #5, logLikelihood: -46793.592947

[02:17:33 -82478.426293] Initial branch length optimization
[02:17:47 -71768.401685] Model parameter optimization (eps = 10.000000)
[02:19:21 -66446.893162] AUTODETECT spr round 1 (radius: 5)
[02:20:33] [worker #2] ML tree search #7, logLikelihood: -46802.449315
[02:21:24 -52021.022800] AUTODETECT spr round 2 (radius: 10)
[02:24:20 -48636.185682] AUTODETECT spr round 3 (radius: 15)
[02:27:14 -48636.164271] SPR radius for FAST iterations: 10 (autodetect)
[02:27:14 -48636.164271] Model parameter optimization (eps = 3.000000)
[02:28:15 -48561.290523] FAST spr round 1 (radius: 10)
[02:29:04] [worker #3] ML tree search #8, logLikelihood: -46770.806784
[02:34:03 -46882.803617] FAST spr round 2 (radius: 10)
[02:37:00 -46842.994950] FAST spr round 3 (radius: 10)
[02:39:21 -46836.916339] FAST spr round 4 (radius: 10)
[02:42:16 -46785.000502] FAST spr round 5 (radius: 10)
[02:44:52 -46784.231946] FAST spr round 6 (radius: 10)
[02:47:27 -46784.231861] Model parameter optimization (eps = 1.000000)
[02:48:16 -46782.888259] SLOW spr round 1 (radius: 5)
[02:57:15 -46780.806317] SLOW spr round 2 (radius: 5)
[03:05:40 -46780.806317] SLOW spr round 3 (radius: 10)
[03:15:20 -46780.806317] SLOW spr round 4 (radius: 15)
[03:23:39] [worker #3] ML tree search #12, logLikelihood: -46770.051292
[03:27:00 -46780.806317] SLOW spr round 5 (radius: 20)
[03:28:56] [worker #1] ML tree search #10, logLikelihood: -46793.597885
[03:29:37] [worker #2] ML tree search #11, logLikelihood: -46770.793531
[03:30:02 -46780.806317] SLOW spr round 6 (radius: 25)
[03:30:19 -46780.806317] Model parameter optimization (eps = 0.100000)

[03:30:43] [worker #0] ML tree search #9, logLikelihood: -46780.765328

[03:30:43 -57722.546243] Initial branch length optimization
[03:31:05 -49335.107034] Model parameter optimization (eps = 10.000000)
[03:32:30 -47202.310869] AUTODETECT spr round 1 (radius: 5)
[03:34:12 -46826.484046] AUTODETECT spr round 2 (radius: 10)
[03:38:22 -46826.481487] SPR radius for FAST iterations: 5 (autodetect)
[03:38:22 -46826.481487] Model parameter optimization (eps = 3.000000)
[03:38:40 -46826.070832] FAST spr round 1 (radius: 5)
[03:41:43 -46786.567409] FAST spr round 2 (radius: 5)
[03:44:12 -46785.419042] FAST spr round 3 (radius: 5)
[03:46:42 -46785.394270] Model parameter optimization (eps = 1.000000)
[03:47:02 -46785.321332] SLOW spr round 1 (radius: 5)
[03:56:19 -46779.645466] SLOW spr round 2 (radius: 5)
[04:05:12 -46779.350865] SLOW spr round 3 (radius: 5)
[04:12:57 -46779.350763] SLOW spr round 4 (radius: 10)
[04:22:53 -46779.350759] SLOW spr round 5 (radius: 15)
[04:30:27] [worker #3] ML tree search #16, logLikelihood: -46770.044619
[04:32:02] [worker #2] ML tree search #15, logLikelihood: -46770.043819
[04:33:13 -46779.350758] SLOW spr round 6 (radius: 20)
[04:37:29 -46779.350758] SLOW spr round 7 (radius: 25)
[04:37:48 -46779.350758] Model parameter optimization (eps = 0.100000)

[04:38:02] [worker #0] ML tree search #13, logLikelihood: -46779.287689

[04:38:02 -57897.052907] Initial branch length optimization
[04:38:27 -49674.342310] Model parameter optimization (eps = 10.000000)
[04:39:58 -47470.745649] AUTODETECT spr round 1 (radius: 5)
[04:40:11] [worker #1] ML tree search #14, logLikelihood: -46793.585159
[04:42:02 -46850.742232] AUTODETECT spr round 2 (radius: 10)
[04:46:01 -46850.741262] SPR radius for FAST iterations: 5 (autodetect)
[04:46:01 -46850.741262] Model parameter optimization (eps = 3.000000)
[04:46:19 -46849.848481] FAST spr round 1 (radius: 5)
[04:49:11 -46826.043170] FAST spr round 2 (radius: 5)
[04:51:56 -46821.282902] FAST spr round 3 (radius: 5)
[04:54:18 -46818.553754] FAST spr round 4 (radius: 5)
[04:57:16 -46817.269459] FAST spr round 5 (radius: 5)
[04:59:48 -46816.099905] FAST spr round 6 (radius: 5)
[05:02:47 -46809.599634] FAST spr round 7 (radius: 5)
[05:05:30 -46808.024508] FAST spr round 8 (radius: 5)
[05:08:33 -46799.560198] FAST spr round 9 (radius: 5)
[05:11:13 -46794.731740] FAST spr round 10 (radius: 5)
[05:13:57 -46794.051749] FAST spr round 11 (radius: 5)
[05:17:03 -46794.040987] Model parameter optimization (eps = 1.000000)
[05:17:29 -46793.840105] SLOW spr round 1 (radius: 5)
[05:27:00 -46793.616808] SLOW spr round 2 (radius: 5)
[05:35:36 -46793.616746] SLOW spr round 3 (radius: 10)
[05:35:37] [worker #3] ML tree search #20, logLikelihood: -46793.588589
[05:36:56] [worker #2] ML tree search #19, logLikelihood: -46770.047309
[05:44:37 -46793.616741] SLOW spr round 4 (radius: 15)
[05:45:05] [worker #1] ML tree search #18, logLikelihood: -46780.759625
[05:55:34 -46793.616741] SLOW spr round 5 (radius: 20)
[05:59:23 -46793.616741] SLOW spr round 6 (radius: 25)
[05:59:41 -46793.616741] Model parameter optimization (eps = 0.100000)

[05:59:52] [worker #0] ML tree search #17, logLikelihood: -46793.588227


Optimized model parameters:

   Partition 0: noname
   Rate heterogeneity: GAMMA (4 cats, mean),  alpha: 0.318844 (ML),  weights&rates: (0.250000,0.006948) (0.250000,0.119211) (0.250000,0.626133) (0.250000,3.247708) 
   Base frequencies (ML): 0.292281 0.206433 0.207838 0.293448 
   Substitution rates (ML): 1.451991 3.350382 1.202178 1.152265 4.250668 1.000000 


Final LogLikelihood: -46770.043819

AIC score: 93848.087639 / AICc score: 93859.014624 / BIC score: 94836.329021
Free parameters (model + branch lengths): 154

WARNING: Best ML tree contains 2 near-zero branches!

Best ML tree with collapsed near-zero branches saved to: /Users/uricchio/projects/poison/sodiumChannelPaper/Figures/Figure2/plot_data/SCN5A.DNA.trimmed.fa.raxml.bestTreeCollapsed
Best ML tree saved to: /Users/uricchio/projects/poison/sodiumChannelPaper/Figures/Figure2/plot_data/SCN5A.DNA.trimmed.fa.raxml.bestTree
All ML trees saved to: /Users/uricchio/projects/poison/sodiumChannelPaper/Figures/Figure2/plot_data/SCN5A.DNA.trimmed.fa.raxml.mlTrees
Optimized model saved to: /Users/uricchio/projects/poison/sodiumChannelPaper/Figures/Figure2/plot_data/SCN5A.DNA.trimmed.fa.raxml.bestModel

Execution log saved to: /Users/uricchio/projects/poison/sodiumChannelPaper/Figures/Figure2/plot_data/SCN5A.DNA.trimmed.fa.raxml.log

Analysis started: 06-Aug-2022 09:26:21 / finished: 06-Aug-2022 15:26:32

Elapsed time: 21611.190 seconds

