
RAxML-NG v. 1.1.0 released on 29.11.2021 by The Exelixis Lab.
Developed by: Alexey M. Kozlov and Alexandros Stamatakis.
Contributors: Diego Darriba, Tomas Flouri, Benoit Morel, Sarah Lutteropp, Ben Bettisworth.
Latest version: https://github.com/amkozlov/raxml-ng
Questions/problems/suggestions? Please visit: https://groups.google.com/forum/#!forum/raxml

System: Apple M1, 8 cores, 8 GB RAM

RAxML-NG was called at 06-Aug-2022 09:26:21 as follows:

/Users/uricchio/projects/software/raxml-ng_v1.1.0_macos_x86_64/raxml-ng --model GTR+G --prefix plot_data/SCN8A.DNA.trimmed.manual.fa --redo --msa plot_data/SCN8A.DNA.trimmed.manual.fa.raxml.rba

Analysis options:
  run mode: ML tree search
  start tree(s): random (10) + parsimony (10)
  random seed: 1659803181
  tip-inner: OFF
  pattern compression: ON
  per-rate scalers: OFF
  site repeats: ON
  fast spr radius: AUTO
  spr subtree cutoff: 1.000000
  branch lengths: proportional (ML estimate, algorithm: NR-FAST)
  SIMD kernels: SSE3
  parallelization: coarse-grained (auto), PTHREADS (auto)

WARNING: Running in REDO mode: existing checkpoints are ignored, and all result files will be overwritten!

WARNING: The model you specified on the command line (GTR+G) will be ignored 
         since the binary MSA file already contains a model definition.
         If you want to change the model, please re-run RAxML-NG 
         with the original PHYLIP/FASTA alignment and --redo option.

[00:00:00] Loading binary alignment from file: plot_data/SCN8A.DNA.trimmed.manual.fa.raxml.rba
[00:00:00] Alignment comprises 94 taxa, 1 partitions and 1945 patterns

Partition 0: noname
Model: GTR+FO+G4m
Alignment sites / patterns: 5676 / 1945
Gaps: 2.42 %
Invariant sites: 64.39 %


Parallelization scheme autoconfig: 4 worker(s) x 2 thread(s)

Parallel reduction/worker buffer size: 1 KB  / 0 KB

[00:00:00] Generating 10 random starting tree(s) with 94 taxa
[00:00:00] Generating 10 parsimony starting tree(s) with 94 taxa
[00:00:00] Data distribution: max. partitions/sites/weight per thread: 1 / 973 / 15568
[00:00:00] Data distribution: max. searches per worker: 5

Starting ML tree search with 20 distinct starting trees

[00:00:01 -110177.827208] Initial branch length optimization
[00:00:17 -95577.925327] Model parameter optimization (eps = 10.000000)
[00:02:56 -85482.715347] AUTODETECT spr round 1 (radius: 5)
[00:05:20 -62477.494726] AUTODETECT spr round 2 (radius: 10)
[00:09:34 -54376.410099] AUTODETECT spr round 3 (radius: 15)
[00:13:38 -53523.002979] AUTODETECT spr round 4 (radius: 20)
[00:17:05 -53522.993892] SPR radius for FAST iterations: 15 (autodetect)
[00:17:05 -53522.993892] Model parameter optimization (eps = 3.000000)
[00:17:41 -53477.784516] FAST spr round 1 (radius: 15)
[00:23:20 -50630.327839] FAST spr round 2 (radius: 15)
[00:28:28 -50178.452703] FAST spr round 3 (radius: 15)
[00:32:06 -50154.744200] FAST spr round 4 (radius: 15)
[00:35:41 -50144.331155] FAST spr round 5 (radius: 15)
[00:38:33 -50143.420364] FAST spr round 6 (radius: 15)
[00:41:48 -50142.697484] FAST spr round 7 (radius: 15)
[00:44:47 -50142.160500] FAST spr round 8 (radius: 15)
[00:47:42 -50142.091862] Model parameter optimization (eps = 1.000000)
[00:48:27 -50138.552325] SLOW spr round 1 (radius: 5)
[00:59:22 -50138.314095] SLOW spr round 2 (radius: 5)
[01:08:34 -50135.092231] SLOW spr round 3 (radius: 5)
[01:18:11 -50135.092202] SLOW spr round 4 (radius: 10)
[01:21:47] [worker #1] ML tree search #2, logLikelihood: -50098.262429
[01:29:25 -50135.092200] SLOW spr round 5 (radius: 15)
[01:33:03] [worker #3] ML tree search #4, logLikelihood: -50098.266172
[01:33:47] [worker #2] ML tree search #3, logLikelihood: -50093.925718
[01:44:12 -50135.092199] SLOW spr round 6 (radius: 20)
[01:50:43 -50135.092199] SLOW spr round 7 (radius: 25)
[01:54:14 -50135.092199] Model parameter optimization (eps = 0.100000)

[01:54:44] [worker #0] ML tree search #1, logLikelihood: -50134.934911

[01:54:44 -110155.356103] Initial branch length optimization
[01:55:01 -95096.412350] Model parameter optimization (eps = 10.000000)
[01:58:27 -85098.820930] AUTODETECT spr round 1 (radius: 5)
[02:00:46 -61100.178200] AUTODETECT spr round 2 (radius: 10)
[02:05:51 -52689.796676] AUTODETECT spr round 3 (radius: 15)
[02:10:17 -52689.769976] SPR radius for FAST iterations: 10 (autodetect)
[02:10:17 -52689.769976] Model parameter optimization (eps = 3.000000)
[02:11:16 -52644.774582] FAST spr round 1 (radius: 10)
[02:18:53 -50357.289951] FAST spr round 2 (radius: 10)
[02:23:28 -50116.414650] FAST spr round 3 (radius: 10)
[02:26:34 -50115.946098] FAST spr round 4 (radius: 10)
[02:30:17 -50100.283104] FAST spr round 5 (radius: 10)
[02:33:28 -50100.153175] FAST spr round 6 (radius: 10)
[02:36:44 -50100.153172] Model parameter optimization (eps = 1.000000)
[02:37:23 -50098.493670] SLOW spr round 1 (radius: 5)
[02:48:47 -50098.324763] SLOW spr round 2 (radius: 5)
[02:59:45 -50098.324622] SLOW spr round 3 (radius: 10)
[03:00:29] [worker #3] ML tree search #8, logLikelihood: -50098.255268
[03:04:43] [worker #2] ML tree search #7, logLikelihood: -50093.921065
[03:06:55] [worker #1] ML tree search #6, logLikelihood: -50138.897673
[03:09:36 -50098.324613] SLOW spr round 4 (radius: 15)
[03:25:24 -50098.324612] SLOW spr round 5 (radius: 20)
[03:32:15 -50098.324612] SLOW spr round 6 (radius: 25)
[03:32:38 -50098.324612] Model parameter optimization (eps = 0.100000)

[03:32:55] [worker #0] ML tree search #5, logLikelihood: -50098.266939

[03:32:55 -109515.391452] Initial branch length optimization
[03:33:07 -94702.845713] Model parameter optimization (eps = 10.000000)
[03:35:42 -84912.125595] AUTODETECT spr round 1 (radius: 5)
[03:37:58 -62067.308417] AUTODETECT spr round 2 (radius: 10)
[03:42:45 -53071.988066] AUTODETECT spr round 3 (radius: 15)
[03:47:04 -53071.952639] SPR radius for FAST iterations: 10 (autodetect)
[03:47:04 -53071.952639] Model parameter optimization (eps = 3.000000)
[03:47:59 -53035.072889] FAST spr round 1 (radius: 10)
[03:53:41 -50342.447938] FAST spr round 2 (radius: 10)
[03:57:51 -50102.720011] FAST spr round 3 (radius: 10)
[04:01:24 -50097.776007] FAST spr round 4 (radius: 10)
[04:04:31 -50097.121084] FAST spr round 5 (radius: 10)
[04:07:42 -50096.929000] FAST spr round 6 (radius: 10)
[04:11:11 -50096.788927] FAST spr round 7 (radius: 10)
[04:14:39 -50096.788925] Model parameter optimization (eps = 1.000000)
[04:15:18 -50094.002888] SLOW spr round 1 (radius: 5)
[04:23:01] [worker #3] ML tree search #12, logLikelihood: -50093.909521
[04:26:40 -50093.980992] SLOW spr round 2 (radius: 10)
[04:33:28] [worker #2] ML tree search #11, logLikelihood: -50093.907983
[04:37:49 -50093.979516] SLOW spr round 3 (radius: 15)
[04:53:18 -50093.979419] SLOW spr round 4 (radius: 20)
[04:54:24] [worker #1] ML tree search #10, logLikelihood: -50093.917609
[05:00:03 -50093.979413] SLOW spr round 5 (radius: 25)
[05:00:23 -50093.979412] Model parameter optimization (eps = 0.100000)

[05:00:36] [worker #0] ML tree search #9, logLikelihood: -50093.918095

[05:00:36 -67640.806745] Initial branch length optimization
[05:01:07 -53533.850336] Model parameter optimization (eps = 10.000000)
[05:02:55 -50339.800731] AUTODETECT spr round 1 (radius: 5)
[05:05:08 -50110.236521] AUTODETECT spr round 2 (radius: 10)
[05:10:11 -50110.234392] SPR radius for FAST iterations: 5 (autodetect)
[05:10:11 -50110.234392] Model parameter optimization (eps = 3.000000)
[05:10:34 -50109.744548] FAST spr round 1 (radius: 5)
[05:13:53 -50100.672008] FAST spr round 2 (radius: 5)
[05:17:03 -50099.593643] FAST spr round 3 (radius: 5)
[05:20:30 -50098.859934] FAST spr round 4 (radius: 5)
[05:23:39 -50098.741154] FAST spr round 5 (radius: 5)
[05:27:10 -50098.741148] Model parameter optimization (eps = 1.000000)
[05:27:31 -50098.681194] SLOW spr round 1 (radius: 5)
[05:38:50 -50098.260010] SLOW spr round 2 (radius: 5)
[05:49:30 -50098.260005] SLOW spr round 3 (radius: 10)
[05:50:04] [worker #2] ML tree search #15, logLikelihood: -50134.927934
[05:55:51] [worker #3] ML tree search #16, logLikelihood: -50098.258764
[06:00:14 -50098.260005] SLOW spr round 4 (radius: 15)
[06:16:08 -50098.260005] SLOW spr round 5 (radius: 20)
[06:18:50] [worker #1] ML tree search #14, logLikelihood: -50093.908989
[06:23:32 -50098.260005] SLOW spr round 6 (radius: 25)
[06:23:52 -50098.260005] Model parameter optimization (eps = 0.100000)

[06:24:14] [worker #0] ML tree search #13, logLikelihood: -50098.253656

[06:24:15 -67444.261262] Initial branch length optimization
[06:24:45 -53394.857743] Model parameter optimization (eps = 10.000000)
[06:26:25 -50227.523066] AUTODETECT spr round 1 (radius: 5)
[06:28:28 -50116.988324] AUTODETECT spr round 2 (radius: 10)
[06:34:14 -50116.987071] SPR radius for FAST iterations: 5 (autodetect)
[06:34:14 -50116.987071] Model parameter optimization (eps = 3.000000)
[06:34:35 -50116.478343] FAST spr round 1 (radius: 5)
[06:37:14 -50115.202495] FAST spr round 2 (radius: 5)
[06:40:24 -50108.992650] FAST spr round 3 (radius: 5)
[06:43:18 -50100.070409] FAST spr round 4 (radius: 5)
[06:45:47 -50099.478899] FAST spr round 5 (radius: 5)
[06:48:13 -50099.193479] FAST spr round 6 (radius: 5)
[06:50:56 -50094.716169] FAST spr round 7 (radius: 5)
[06:53:16 -50094.318136] FAST spr round 8 (radius: 5)
[06:55:46 -50094.153092] FAST spr round 9 (radius: 5)
[06:58:04 -50094.035396] FAST spr round 10 (radius: 5)
[07:00:29 -50094.035390] Model parameter optimization (eps = 1.000000)
[07:00:52 -50093.916547] SLOW spr round 1 (radius: 5)
[07:05:58] [worker #2] ML tree search #19, logLikelihood: -50098.255981
[07:09:34 -50093.915008] SLOW spr round 2 (radius: 10)
[07:18:13 -50093.914899] SLOW spr round 3 (radius: 15)
[07:20:54] [worker #3] ML tree search #20, logLikelihood: -50093.906048
[07:30:35 -50093.914891] SLOW spr round 4 (radius: 20)
[07:31:28] [worker #1] ML tree search #18, logLikelihood: -50093.904535
[07:35:55 -50093.914891] SLOW spr round 5 (radius: 25)
[07:36:06 -50093.914891] Model parameter optimization (eps = 0.100000)

[07:36:20] [worker #0] ML tree search #17, logLikelihood: -50093.904663


Optimized model parameters:

   Partition 0: noname
   Rate heterogeneity: GAMMA (4 cats, mean),  alpha: 0.248133 (ML),  weights&rates: (0.250000,0.002026) (0.250000,0.065345) (0.250000,0.497531) (0.250000,3.435098) 
   Base frequencies (ML): 0.284579 0.211234 0.217182 0.287005 
   Substitution rates (ML): 1.403948 3.692969 0.982467 1.013056 5.192281 1.000000 


Final LogLikelihood: -50093.904535

AIC score: 100575.809070 / AICc score: 100589.613120 / BIC score: 101864.745465
Free parameters (model + branch lengths): 194

Best ML tree saved to: /Users/uricchio/projects/poison/sodiumChannelPaper/Figures/Figure2/plot_data/SCN8A.DNA.trimmed.manual.fa.raxml.bestTree
All ML trees saved to: /Users/uricchio/projects/poison/sodiumChannelPaper/Figures/Figure2/plot_data/SCN8A.DNA.trimmed.manual.fa.raxml.mlTrees
Optimized model saved to: /Users/uricchio/projects/poison/sodiumChannelPaper/Figures/Figure2/plot_data/SCN8A.DNA.trimmed.manual.fa.raxml.bestModel

Execution log saved to: /Users/uricchio/projects/poison/sodiumChannelPaper/Figures/Figure2/plot_data/SCN8A.DNA.trimmed.manual.fa.raxml.log

Analysis started: 06-Aug-2022 09:26:21 / finished: 06-Aug-2022 17:02:49

Elapsed time: 27388.079 seconds

