Building DAG of jobs...
Using shell: /bin/bash
Provided cores: 4
Rules claiming more threads will be scaled down.
Job stats:
job                       count    min threads    max threads
----------------------  -------  -------------  -------------
all                           1              1              1
get_remaining_DNA_seqs        2              1              1
makeDNA                       4              1              1
makeHyphyInput                5              1              1
makePROTfromDNA               4              1              1
makeTree                      5              1              1
runMeme                       5              1              1
trim_bad_columns              2              1              1
total                        28              1              1

Select jobs to execute...

[Sat Aug  6 08:46:43 2022]
rule get_remaining_DNA_seqs:
    input: plot_data/SCN3A.fa, ../../Data/alignments_full_assemb/align_SCN3A/SCN3A.t68d10k45.all.renamed.fa.mafft, ../../Data/alignments_full_assemb/align_SCN3A/SCN3A.DNA.spec.fa
    output: plot_data/SCN3A.DNA.fa
    jobid: 21
    reason: Missing output files: plot_data/SCN3A.DNA.fa
    wildcards: sample=SCN3A
    resources: tmpdir=/var/folders/2l/zp0wk9q9097fqhyymq39vg880000gn/T


[Sat Aug  6 08:46:43 2022]
rule get_remaining_DNA_seqs:
    input: plot_data/SCN5A.fa, ../../Data/alignments_full_assemb/align_SCN5A/SCN5A.t68d10k45.all.renamed.fa.mafft, ../../Data/alignments_full_assemb/align_SCN5A/SCN5A.DNA.spec.fa
    output: plot_data/SCN5A.DNA.fa
    jobid: 23
    reason: Missing output files: plot_data/SCN5A.DNA.fa
    wildcards: sample=SCN5A
    resources: tmpdir=/var/folders/2l/zp0wk9q9097fqhyymq39vg880000gn/T


[Sat Aug  6 08:46:43 2022]
rule trim_bad_columns:
    input: ../../Data/alignments_full_assemb/align_SCN1A/SCN1A.t68d10k45.all.renamed.fa.mafft.noStars
    output: plot_data/SCN1A.columns
    jobid: 25
    reason: Missing output files: plot_data/SCN1A.columns
    wildcards: sample=SCN1A
    resources: tmpdir=/var/folders/2l/zp0wk9q9097fqhyymq39vg880000gn/T


[Sat Aug  6 08:46:43 2022]
rule trim_bad_columns:
    input: ../../Data/alignments_full_assemb/align_SCN4A/SCN4A.t68d10k45.all.renamed.fa.mafft.noStars
    output: plot_data/SCN4A.columns
    jobid: 27
    reason: Missing output files: plot_data/SCN4A.columns
    wildcards: sample=SCN4A
    resources: tmpdir=/var/folders/2l/zp0wk9q9097fqhyymq39vg880000gn/T

[Sat Aug  6 08:46:43 2022]
Finished job 23.
1 of 28 steps (4%) done
Select jobs to execute...

[Sat Aug  6 08:46:43 2022]
rule makeTree:
    input: plot_data/SCN8A.DNA.trimmed.fa
    output: plot_data/SCN8A.DNA.trimmed.fa.raxml.bestTree
    jobid: 39
    reason: Missing output files: plot_data/SCN8A.DNA.trimmed.fa.raxml.bestTree
    wildcards: sample=SCN8A
    resources: tmpdir=/var/folders/2l/zp0wk9q9097fqhyymq39vg880000gn/T

[Sat Aug  6 08:46:43 2022]
Finished job 21.
2 of 28 steps (7%) done
Select jobs to execute...

[Sat Aug  6 08:46:43 2022]
rule makeDNA:
    input: plot_data/SCN3A.columns, plot_data/SCN3A.DNA.fa
    output: plot_data/SCN3A.DNA.trimmed.fa
    jobid: 31
    reason: Missing output files: plot_data/SCN3A.DNA.trimmed.fa; Input files updated by another job: plot_data/SCN3A.DNA.fa
    wildcards: sample=SCN3A
    resources: tmpdir=/var/folders/2l/zp0wk9q9097fqhyymq39vg880000gn/T

[Sat Aug  6 08:46:43 2022]
Finished job 25.
3 of 28 steps (11%) done
Select jobs to execute...

[Sat Aug  6 08:46:44 2022]
rule makeDNA:
    input: plot_data/SCN1A.columns, plot_data/SCN1A.DNA.fa
    output: plot_data/SCN1A.DNA.trimmed.fa
    jobid: 30
    reason: Missing output files: plot_data/SCN1A.DNA.trimmed.fa; Input files updated by another job: plot_data/SCN1A.columns
    wildcards: sample=SCN1A
    resources: tmpdir=/var/folders/2l/zp0wk9q9097fqhyymq39vg880000gn/T

[Sat Aug  6 08:46:44 2022]
Finished job 30.
4 of 28 steps (14%) done
Select jobs to execute...

[Sat Aug  6 08:46:44 2022]
rule makeTree:
    input: plot_data/SCN1A.DNA.trimmed.fa
    output: plot_data/SCN1A.DNA.trimmed.fa.raxml.bestTree
    jobid: 35
    reason: Missing output files: plot_data/SCN1A.DNA.trimmed.fa.raxml.bestTree; Input files updated by another job: plot_data/SCN1A.DNA.trimmed.fa
    wildcards: sample=SCN1A
    resources: tmpdir=/var/folders/2l/zp0wk9q9097fqhyymq39vg880000gn/T

[Sat Aug  6 08:46:44 2022]
Finished job 31.
5 of 28 steps (18%) done
Select jobs to execute...

[Sat Aug  6 08:46:44 2022]
rule makeTree:
    input: plot_data/SCN3A.DNA.trimmed.fa
    output: plot_data/SCN3A.DNA.trimmed.fa.raxml.bestTree
    jobid: 36
    reason: Missing output files: plot_data/SCN3A.DNA.trimmed.fa.raxml.bestTree; Input files updated by another job: plot_data/SCN3A.DNA.trimmed.fa
    wildcards: sample=SCN3A
    resources: tmpdir=/var/folders/2l/zp0wk9q9097fqhyymq39vg880000gn/T

[Sat Aug  6 08:46:44 2022]
Finished job 27.
6 of 28 steps (21%) done
Select jobs to execute...

[Sat Aug  6 08:46:44 2022]
rule makePROTfromDNA:
    input: plot_data/SCN3A.DNA.trimmed.fa
    output: plot_data/SCN3A.PROT.trimmed.fa
    jobid: 51
    reason: Missing output files: plot_data/SCN3A.PROT.trimmed.fa; Input files updated by another job: plot_data/SCN3A.DNA.trimmed.fa
    wildcards: sample=SCN3A
    resources: tmpdir=/var/folders/2l/zp0wk9q9097fqhyymq39vg880000gn/T

[Sat Aug  6 08:46:44 2022]
Finished job 51.
7 of 28 steps (25%) done
Select jobs to execute...

[Sat Aug  6 08:46:44 2022]
rule makePROTfromDNA:
    input: plot_data/SCN1A.DNA.trimmed.fa
    output: plot_data/SCN1A.PROT.trimmed.fa
    jobid: 50
    reason: Missing output files: plot_data/SCN1A.PROT.trimmed.fa; Input files updated by another job: plot_data/SCN1A.DNA.trimmed.fa
    wildcards: sample=SCN1A
    resources: tmpdir=/var/folders/2l/zp0wk9q9097fqhyymq39vg880000gn/T

[Sat Aug  6 08:46:45 2022]
Finished job 50.
8 of 28 steps (29%) done
Select jobs to execute...

[Sat Aug  6 08:46:45 2022]
rule makeDNA:
    input: plot_data/SCN4A.columns, plot_data/SCN4A.DNA.fa
    output: plot_data/SCN4A.DNA.trimmed.fa
    jobid: 32
    reason: Missing output files: plot_data/SCN4A.DNA.trimmed.fa; Input files updated by another job: plot_data/SCN4A.columns
    wildcards: sample=SCN4A
    resources: tmpdir=/var/folders/2l/zp0wk9q9097fqhyymq39vg880000gn/T

[Sat Aug  6 08:46:45 2022]
Finished job 32.
9 of 28 steps (32%) done
Select jobs to execute...

[Sat Aug  6 08:46:45 2022]
rule makePROTfromDNA:
    input: plot_data/SCN4A.DNA.trimmed.fa
    output: plot_data/SCN4A.PROT.trimmed.fa
    jobid: 52
    reason: Missing output files: plot_data/SCN4A.PROT.trimmed.fa; Input files updated by another job: plot_data/SCN4A.DNA.trimmed.fa
    wildcards: sample=SCN4A
    resources: tmpdir=/var/folders/2l/zp0wk9q9097fqhyymq39vg880000gn/T

[Sat Aug  6 08:46:45 2022]
Finished job 52.
10 of 28 steps (36%) done
Select jobs to execute...

[Sat Aug  6 08:46:45 2022]
rule makeTree:
    input: plot_data/SCN4A.DNA.trimmed.fa
    output: plot_data/SCN4A.DNA.trimmed.fa.raxml.bestTree
    jobid: 37
    reason: Missing output files: plot_data/SCN4A.DNA.trimmed.fa.raxml.bestTree; Input files updated by another job: plot_data/SCN4A.DNA.trimmed.fa
    wildcards: sample=SCN4A
    resources: tmpdir=/var/folders/2l/zp0wk9q9097fqhyymq39vg880000gn/T

Terminating processes on user request, this might take some time.
[Sat Aug  6 08:47:21 2022]
Error in rule makeTree:
    jobid: 37
    output: plot_data/SCN4A.DNA.trimmed.fa.raxml.bestTree
    shell:
        ../../scripts/make_tree.sh plot_data/SCN4A.DNA.trimmed.fa
        (one of the commands exited with non-zero exit code; note that snakemake uses bash strict mode!)

[Sat Aug  6 08:47:21 2022]
[Sat Aug  6 08:47:21 2022]
[Sat Aug  6 08:47:21 2022]
Error in rule makeTree:
    jobid: 35
    output: plot_data/SCN1A.DNA.trimmed.fa.raxml.bestTree
    shell:
        ../../scripts/make_tree.sh plot_data/SCN1A.DNA.trimmed.fa
        (one of the commands exited with non-zero exit code; note that snakemake uses bash strict mode!)

Error in rule makeTree:
    jobid: 36
    output: plot_data/SCN3A.DNA.trimmed.fa.raxml.bestTree
    shell:
        ../../scripts/make_tree.sh plot_data/SCN3A.DNA.trimmed.fa
        (one of the commands exited with non-zero exit code; note that snakemake uses bash strict mode!)

Error in rule makeTree:
    jobid: 39
    output: plot_data/SCN8A.DNA.trimmed.fa.raxml.bestTree
    shell:
        ../../scripts/make_tree.sh plot_data/SCN8A.DNA.trimmed.fa
        (one of the commands exited with non-zero exit code; note that snakemake uses bash strict mode!)

Complete log: .snakemake/log/2022-08-06T084643.347288.snakemake.log
