Building DAG of jobs...
Using shell: /bin/bash
Provided cores: 6
Rules claiming more threads will be scaled down.
Job stats:
job                       count    min threads    max threads
----------------------  -------  -------------  -------------
all                           1              1              1
makeHyphyAnnotInputMan        5              1              1
runBustedAnnot                5              1              1
total                        11              1              1

Select jobs to execute...

[Thu Aug 11 14:28:56 2022]
rule makeHyphyAnnotInputMan:
    input: plot_data/SCN3A.DNA.trimmed.manual.fa, plot_data/SCN3A.DNA.trimmed.wTree.manual.fa.BUSTED.json.tree.annot
    output: plot_data/SCN3A.DNA.trimmed.wTree.manual.annot.fa
    jobid: 91
    reason: Missing output files: plot_data/SCN3A.DNA.trimmed.wTree.manual.annot.fa
    wildcards: sample=SCN3A
    resources: tmpdir=/var/folders/2l/zp0wk9q9097fqhyymq39vg880000gn/T


[Thu Aug 11 14:28:56 2022]
rule makeHyphyAnnotInputMan:
    input: plot_data/SCN5A.DNA.trimmed.manual.fa, plot_data/SCN5A.DNA.trimmed.wTree.manual.fa.BUSTED.json.tree.annot
    output: plot_data/SCN5A.DNA.trimmed.wTree.manual.annot.fa
    jobid: 93
    reason: Missing output files: plot_data/SCN5A.DNA.trimmed.wTree.manual.annot.fa
    wildcards: sample=SCN5A
    resources: tmpdir=/var/folders/2l/zp0wk9q9097fqhyymq39vg880000gn/T


[Thu Aug 11 14:28:56 2022]
rule makeHyphyAnnotInputMan:
    input: plot_data/SCN1A.DNA.trimmed.manual.fa, plot_data/SCN1A.DNA.trimmed.wTree.manual.fa.BUSTED.json.tree.annot
    output: plot_data/SCN1A.DNA.trimmed.wTree.manual.annot.fa
    jobid: 90
    reason: Missing output files: plot_data/SCN1A.DNA.trimmed.wTree.manual.annot.fa
    wildcards: sample=SCN1A
    resources: tmpdir=/var/folders/2l/zp0wk9q9097fqhyymq39vg880000gn/T


[Thu Aug 11 14:28:56 2022]
rule makeHyphyAnnotInputMan:
    input: plot_data/SCN4A.DNA.trimmed.manual.fa, plot_data/SCN4A.DNA.trimmed.wTree.manual.fa.BUSTED.json.tree.annot
    output: plot_data/SCN4A.DNA.trimmed.wTree.manual.annot.fa
    jobid: 92
    reason: Missing output files: plot_data/SCN4A.DNA.trimmed.wTree.manual.annot.fa
    wildcards: sample=SCN4A
    resources: tmpdir=/var/folders/2l/zp0wk9q9097fqhyymq39vg880000gn/T


[Thu Aug 11 14:28:56 2022]
rule makeHyphyAnnotInputMan:
    input: plot_data/SCN8A.DNA.trimmed.manual.fa, plot_data/SCN8A.DNA.trimmed.wTree.manual.fa.BUSTED.json.tree.annot
    output: plot_data/SCN8A.DNA.trimmed.wTree.manual.annot.fa
    jobid: 94
    reason: Missing output files: plot_data/SCN8A.DNA.trimmed.wTree.manual.annot.fa
    wildcards: sample=SCN8A
    resources: tmpdir=/var/folders/2l/zp0wk9q9097fqhyymq39vg880000gn/T

[Thu Aug 11 14:28:56 2022]
Finished job 90.
1 of 11 steps (9%) done
Select jobs to execute...

[Thu Aug 11 14:28:56 2022]
rule runBustedAnnot:
    input: plot_data/SCN1A.DNA.trimmed.wTree.manual.annot.fa
    output: plot_data/SCN1A.DNA.trimmed.wTree.manual.annot.fa.BUSTED.json
    jobid: 95
    reason: Missing output files: plot_data/SCN1A.DNA.trimmed.wTree.manual.annot.fa.BUSTED.json; Input files updated by another job: plot_data/SCN1A.DNA.trimmed.wTree.manual.annot.fa
    wildcards: sample=SCN1A
    resources: tmpdir=/var/folders/2l/zp0wk9q9097fqhyymq39vg880000gn/T

[Thu Aug 11 14:28:56 2022]
Finished job 93.
2 of 11 steps (18%) done
[Thu Aug 11 14:28:56 2022]
Finished job 91.
3 of 11 steps (27%) done
Select jobs to execute...

[Thu Aug 11 14:28:56 2022]
rule runBustedAnnot:
    input: plot_data/SCN5A.DNA.trimmed.wTree.manual.annot.fa
    output: plot_data/SCN5A.DNA.trimmed.wTree.manual.annot.fa.BUSTED.json
    jobid: 98
    reason: Missing output files: plot_data/SCN5A.DNA.trimmed.wTree.manual.annot.fa.BUSTED.json; Input files updated by another job: plot_data/SCN5A.DNA.trimmed.wTree.manual.annot.fa
    wildcards: sample=SCN5A
    resources: tmpdir=/var/folders/2l/zp0wk9q9097fqhyymq39vg880000gn/T


[Thu Aug 11 14:28:56 2022]
rule runBustedAnnot:
    input: plot_data/SCN3A.DNA.trimmed.wTree.manual.annot.fa
    output: plot_data/SCN3A.DNA.trimmed.wTree.manual.annot.fa.BUSTED.json
    jobid: 96
    reason: Missing output files: plot_data/SCN3A.DNA.trimmed.wTree.manual.annot.fa.BUSTED.json; Input files updated by another job: plot_data/SCN3A.DNA.trimmed.wTree.manual.annot.fa
    wildcards: sample=SCN3A
    resources: tmpdir=/var/folders/2l/zp0wk9q9097fqhyymq39vg880000gn/T

[Thu Aug 11 14:28:56 2022]
Finished job 92.
4 of 11 steps (36%) done
[Thu Aug 11 14:28:56 2022]
Finished job 94.
5 of 11 steps (45%) done
Select jobs to execute...

[Thu Aug 11 14:28:56 2022]
rule runBustedAnnot:
    input: plot_data/SCN4A.DNA.trimmed.wTree.manual.annot.fa
    output: plot_data/SCN4A.DNA.trimmed.wTree.manual.annot.fa.BUSTED.json
    jobid: 97
    reason: Missing output files: plot_data/SCN4A.DNA.trimmed.wTree.manual.annot.fa.BUSTED.json; Input files updated by another job: plot_data/SCN4A.DNA.trimmed.wTree.manual.annot.fa
    wildcards: sample=SCN4A
    resources: tmpdir=/var/folders/2l/zp0wk9q9097fqhyymq39vg880000gn/T


[Thu Aug 11 14:28:56 2022]
rule runBustedAnnot:
    input: plot_data/SCN8A.DNA.trimmed.wTree.manual.annot.fa
    output: plot_data/SCN8A.DNA.trimmed.wTree.manual.annot.fa.BUSTED.json
    jobid: 99
    reason: Missing output files: plot_data/SCN8A.DNA.trimmed.wTree.manual.annot.fa.BUSTED.json; Input files updated by another job: plot_data/SCN8A.DNA.trimmed.wTree.manual.annot.fa
    wildcards: sample=SCN8A
    resources: tmpdir=/var/folders/2l/zp0wk9q9097fqhyymq39vg880000gn/T

[Thu Aug 11 16:06:19 2022]
Finished job 95.
6 of 11 steps (55%) done
[Fri Aug 12 00:01:10 2022]
Finished job 98.
7 of 11 steps (64%) done
[Fri Aug 12 01:05:37 2022]
Finished job 96.
8 of 11 steps (73%) done
[Fri Aug 12 01:30:56 2022]
Finished job 97.
9 of 11 steps (82%) done
Terminating processes on user request, this might take some time.
Cancelling snakemake on user request.
