Building DAG of jobs...
Using shell: /bin/bash
Provided cores: 1 (use --cores to define parallelism)
Rules claiming more threads will be scaled down.
Job stats:
job                       count    min threads    max threads
----------------------  -------  -------------  -------------
all                           1              1              1
get_remaining_DNA_seqs        6              1              1
makeDNA                       5              1              1
makeHyphyInput                5              1              1
makePROTfromDNA               5              1              1
makeTree                      5              1              1
remove_stars                  2              1              1
runMeme                       5              1              1
run_mafft                     1              1              1
trim_bad_columns              2              1              1
trim_bad_seqs                 2              1              1
total                        39              1              1

Select jobs to execute...

[Fri Aug  5 22:39:10 2022]
rule get_remaining_DNA_seqs:
    input: plot_data/SCN3A.fa, ../../Data/alignments_full_assemb/align_SCN3A/SCN3A.t68d10k45.all.renamed.fa.mafft, ../../Data/alignments_full_assemb/align_SCN3A/SCN3A.DNA.spec.fa
    output: plot_data/SCN3A.DNA.fa
    jobid: 21
    reason: Missing output files: plot_data/SCN3A.DNA.fa; Updated input files: ../../Data/alignments_full_assemb/align_SCN3A/SCN3A.DNA.spec.fa
    wildcards: sample=SCN3A
    resources: tmpdir=/var/folders/2l/zp0wk9q9097fqhyymq39vg880000gn/T

[Fri Aug  5 22:39:10 2022]
Finished job 21.
1 of 39 steps (3%) done
Select jobs to execute...

[Fri Aug  5 22:39:10 2022]
rule makeDNA:
    input: plot_data/SCN3A.columns, plot_data/SCN3A.DNA.fa
    output: plot_data/SCN3A.DNA.trimmed.fa
    jobid: 31
    reason: Input files updated by another job: plot_data/SCN3A.DNA.fa
    wildcards: sample=SCN3A
    resources: tmpdir=/var/folders/2l/zp0wk9q9097fqhyymq39vg880000gn/T

[Fri Aug  5 22:39:10 2022]
Finished job 31.
2 of 39 steps (5%) done
Select jobs to execute...

[Fri Aug  5 22:39:10 2022]
rule makeTree:
    input: plot_data/SCN3A.DNA.trimmed.fa
    output: plot_data/SCN3A.DNA.trimmed.fa.raxml.bestTree
    jobid: 36
    reason: Missing output files: plot_data/SCN3A.DNA.trimmed.fa.raxml.bestTree; Input files updated by another job: plot_data/SCN3A.DNA.trimmed.fa
    wildcards: sample=SCN3A
    resources: tmpdir=/var/folders/2l/zp0wk9q9097fqhyymq39vg880000gn/T

Terminating processes on user request, this might take some time.
[Fri Aug  5 22:39:19 2022]
Error in rule makeTree:
    jobid: 36
    output: plot_data/SCN3A.DNA.trimmed.fa.raxml.bestTree
    shell:
        ../../scripts/make_tree.sh plot_data/SCN3A.DNA.trimmed.fa
        (one of the commands exited with non-zero exit code; note that snakemake uses bash strict mode!)

Complete log: .snakemake/log/2022-08-05T223909.607844.snakemake.log
