Building DAG of jobs...
Using shell: /bin/bash
Provided cores: 1 (use --cores to define parallelism)
Rules claiming more threads will be scaled down.
Job stats:
job                       count    min threads    max threads
----------------------  -------  -------------  -------------
all                           1              1              1
get_remaining_DNA_seqs        6              1              1
makeDNA                       5              1              1
makeHyphyInput                5              1              1
makePROTfromDNA               5              1              1
makeTree                      5              1              1
runMeme                       5              1              1
trim_bad_columns              5              1              1
trim_bad_seqs                 6              1              1
total                        43              1              1

Select jobs to execute...

[Sat Aug  6 07:26:58 2022]
rule trim_bad_seqs:
    input: ../../Data/alignments_full_assemb/align_SCN3A/SCN3A.t68d10k45.all.renamed.fa.mafft.noStars
    output: plot_data/SCN3A.fa
    jobid: 15
    reason: Missing output files: plot_data/SCN3A.fa
    wildcards: sample=SCN3A
    resources: tmpdir=/var/folders/2l/zp0wk9q9097fqhyymq39vg880000gn/T

[Sat Aug  6 07:26:58 2022]
Finished job 15.
1 of 43 steps (2%) done
Select jobs to execute...

[Sat Aug  6 07:26:58 2022]
rule trim_bad_seqs:
    input: ../../Data/alignments_full_assemb/align_SCN1A/SCN1A.t68d10k45.all.renamed.fa.mafft.noStars
    output: plot_data/SCN1A.fa
    jobid: 13
    reason: Missing output files: plot_data/SCN1A.fa
    wildcards: sample=SCN1A
    resources: tmpdir=/var/folders/2l/zp0wk9q9097fqhyymq39vg880000gn/T

[Sat Aug  6 07:26:58 2022]
Finished job 13.
2 of 43 steps (5%) done
Select jobs to execute...

[Sat Aug  6 07:26:58 2022]
rule trim_bad_seqs:
    input: ../../Data/alignments_full_assemb/align_SCN5A/SCN5A.t68d10k45.all.renamed.fa.mafft.noStars
    output: plot_data/SCN5A.fa
    jobid: 17
    reason: Missing output files: plot_data/SCN5A.fa
    wildcards: sample=SCN5A
    resources: tmpdir=/var/folders/2l/zp0wk9q9097fqhyymq39vg880000gn/T

[Sat Aug  6 07:26:58 2022]
Finished job 17.
3 of 43 steps (7%) done
Select jobs to execute...

[Sat Aug  6 07:26:58 2022]
rule trim_bad_columns:
    input: ../../Data/alignments_full_assemb/align_SCN5A/SCN5A.t68d10k45.all.renamed.fa.mafft.noStars
    output: plot_data/SCN5A.columns
    jobid: 28
    reason: Missing output files: plot_data/SCN5A.columns
    wildcards: sample=SCN5A
    resources: tmpdir=/var/folders/2l/zp0wk9q9097fqhyymq39vg880000gn/T

[Sat Aug  6 07:26:58 2022]
Finished job 28.
4 of 43 steps (9%) done
Select jobs to execute...

[Sat Aug  6 07:26:58 2022]
rule get_remaining_DNA_seqs:
    input: plot_data/SCN1A.fa, ../../Data/alignments_full_assemb/align_SCN1A/SCN1A.t68d10k45.all.renamed.fa.mafft, ../../Data/alignments_full_assemb/align_SCN1A/SCN1A.DNA.spec.fa
    output: plot_data/SCN1A.DNA.fa
    jobid: 19
    reason: Missing output files: plot_data/SCN1A.DNA.fa; Input files updated by another job: plot_data/SCN1A.fa
    wildcards: sample=SCN1A
    resources: tmpdir=/var/folders/2l/zp0wk9q9097fqhyymq39vg880000gn/T

[Sat Aug  6 07:26:58 2022]
Finished job 19.
5 of 43 steps (12%) done
Select jobs to execute...

[Sat Aug  6 07:26:59 2022]
rule trim_bad_columns:
    input: ../../Data/alignments_full_assemb/align_SCN3A/SCN3A.t68d10k45.all.renamed.fa.mafft.noStars
    output: plot_data/SCN3A.columns
    jobid: 26
    reason: Missing output files: plot_data/SCN3A.columns
    wildcards: sample=SCN3A
    resources: tmpdir=/var/folders/2l/zp0wk9q9097fqhyymq39vg880000gn/T

[Sat Aug  6 07:26:59 2022]
Finished job 26.
6 of 43 steps (14%) done
Select jobs to execute...

[Sat Aug  6 07:26:59 2022]
rule trim_bad_seqs:
    input: ../../Data/alignments_full_assemb/align_SCN8A/SCN8A.t68d10k45.all.renamed.fa.mafft.noStars
    output: plot_data/SCN8A.fa
    jobid: 18
    reason: Missing output files: plot_data/SCN8A.fa
    wildcards: sample=SCN8A
    resources: tmpdir=/var/folders/2l/zp0wk9q9097fqhyymq39vg880000gn/T

[Sat Aug  6 07:26:59 2022]
Finished job 18.
7 of 43 steps (16%) done
Select jobs to execute...

[Sat Aug  6 07:26:59 2022]
rule get_remaining_DNA_seqs:
    input: plot_data/SCN8A.fa, ../../Data/alignments_full_assemb/align_SCN8A/SCN8A.t68d10k45.all.renamed.fa.mafft, ../../Data/alignments_full_assemb/align_SCN8A/SCN8A.DNA.spec.fa
    output: plot_data/SCN8A.DNA.fa
    jobid: 24
    reason: Missing output files: plot_data/SCN8A.DNA.fa; Input files updated by another job: plot_data/SCN8A.fa
    wildcards: sample=SCN8A
    resources: tmpdir=/var/folders/2l/zp0wk9q9097fqhyymq39vg880000gn/T

[Sat Aug  6 07:26:59 2022]
Finished job 24.
8 of 43 steps (19%) done
Select jobs to execute...

[Sat Aug  6 07:26:59 2022]
rule trim_bad_seqs:
    input: ../../Data/alignments_full_assemb/align_SCN4A/SCN4A.t68d10k45.all.renamed.fa.mafft.noStars
    output: plot_data/SCN4A.fa
    jobid: 16
    reason: Missing output files: plot_data/SCN4A.fa
    wildcards: sample=SCN4A
    resources: tmpdir=/var/folders/2l/zp0wk9q9097fqhyymq39vg880000gn/T

[Sat Aug  6 07:26:59 2022]
Finished job 16.
9 of 43 steps (21%) done
Select jobs to execute...

[Sat Aug  6 07:26:59 2022]
rule get_remaining_DNA_seqs:
    input: plot_data/SCN4A.fa, ../../Data/alignments_full_assemb/align_SCN4A/SCN4A.t68d10k45.all.renamed.fa.mafft, ../../Data/alignments_full_assemb/align_SCN4A/SCN4A.DNA.spec.fa
    output: plot_data/SCN4A.DNA.fa
    jobid: 22
    reason: Missing output files: plot_data/SCN4A.DNA.fa; Input files updated by another job: plot_data/SCN4A.fa
    wildcards: sample=SCN4A
    resources: tmpdir=/var/folders/2l/zp0wk9q9097fqhyymq39vg880000gn/T

[Sat Aug  6 07:26:59 2022]
Finished job 22.
10 of 43 steps (23%) done
Select jobs to execute...

[Sat Aug  6 07:26:59 2022]
rule trim_bad_seqs:
    input: ../../Data/alignments_full_assemb/align_SCN2A/SCN2A.t68d10k45.all.renamed.fa.mafft.noStars
    output: plot_data/SCN2A.fa
    jobid: 14
    reason: Missing output files: plot_data/SCN2A.fa
    wildcards: sample=SCN2A
    resources: tmpdir=/var/folders/2l/zp0wk9q9097fqhyymq39vg880000gn/T

[Sat Aug  6 07:27:00 2022]
Finished job 14.
11 of 43 steps (26%) done
Select jobs to execute...

[Sat Aug  6 07:27:00 2022]
rule get_remaining_DNA_seqs:
    input: plot_data/SCN2A.fa, ../../Data/alignments_full_assemb/align_SCN2A/SCN2A.t68d10k45.all.renamed.fa.mafft, ../../Data/alignments_full_assemb/align_SCN2A/SCN2A.DNA.spec.fa
    output: plot_data/SCN2A.DNA.fa
    jobid: 20
    reason: Missing output files: plot_data/SCN2A.DNA.fa; Input files updated by another job: plot_data/SCN2A.fa
    wildcards: sample=SCN2A
    resources: tmpdir=/var/folders/2l/zp0wk9q9097fqhyymq39vg880000gn/T

[Sat Aug  6 07:27:00 2022]
Finished job 20.
12 of 43 steps (28%) done
Select jobs to execute...

[Sat Aug  6 07:27:00 2022]
rule trim_bad_columns:
    input: ../../Data/alignments_full_assemb/align_SCN8A/SCN8A.t68d10k45.all.renamed.fa.mafft.noStars
    output: plot_data/SCN8A.columns
    jobid: 29
    reason: Missing output files: plot_data/SCN8A.columns
    wildcards: sample=SCN8A
    resources: tmpdir=/var/folders/2l/zp0wk9q9097fqhyymq39vg880000gn/T

[Sat Aug  6 07:27:00 2022]
Finished job 29.
13 of 43 steps (30%) done
Select jobs to execute...

[Sat Aug  6 07:27:00 2022]
rule makeDNA:
    input: plot_data/SCN8A.columns, plot_data/SCN8A.DNA.fa
    output: plot_data/SCN8A.DNA.trimmed.fa
    jobid: 34
    reason: Missing output files: plot_data/SCN8A.DNA.trimmed.fa; Input files updated by another job: plot_data/SCN8A.DNA.fa, plot_data/SCN8A.columns
    wildcards: sample=SCN8A
    resources: tmpdir=/var/folders/2l/zp0wk9q9097fqhyymq39vg880000gn/T

[Sat Aug  6 07:27:00 2022]
Finished job 34.
14 of 43 steps (33%) done
Select jobs to execute...

[Sat Aug  6 07:27:00 2022]
rule makePROTfromDNA:
    input: plot_data/SCN8A.DNA.trimmed.fa
    output: plot_data/SCN8A.PROT.trimmed.fa
    jobid: 54
    reason: Missing output files: plot_data/SCN8A.PROT.trimmed.fa; Input files updated by another job: plot_data/SCN8A.DNA.trimmed.fa
    wildcards: sample=SCN8A
    resources: tmpdir=/var/folders/2l/zp0wk9q9097fqhyymq39vg880000gn/T

[Sat Aug  6 07:27:00 2022]
Finished job 54.
15 of 43 steps (35%) done
Select jobs to execute...

[Sat Aug  6 07:27:00 2022]
rule makeTree:
    input: plot_data/SCN8A.DNA.trimmed.fa
    output: plot_data/SCN8A.DNA.trimmed.fa.raxml.bestTree
    jobid: 39
    reason: Missing output files: plot_data/SCN8A.DNA.trimmed.fa.raxml.bestTree; Input files updated by another job: plot_data/SCN8A.DNA.trimmed.fa
    wildcards: sample=SCN8A
    resources: tmpdir=/var/folders/2l/zp0wk9q9097fqhyymq39vg880000gn/T

Terminating processes on user request, this might take some time.
[Sat Aug  6 07:28:29 2022]
Error in rule makeTree:
    jobid: 39
    output: plot_data/SCN8A.DNA.trimmed.fa.raxml.bestTree
    shell:
        ../../scripts/make_tree.sh plot_data/SCN8A.DNA.trimmed.fa
        (one of the commands exited with non-zero exit code; note that snakemake uses bash strict mode!)

Complete log: .snakemake/log/2022-08-06T072658.023965.snakemake.log
