
RAxML-NG v. 1.0.0 released on 07.08.2020 by The Exelixis Lab.
Developed by: Alexey M. Kozlov and Alexandros Stamatakis.
Contributors: Diego Darriba, Tomas Flouri, Benoit Morel, Sarah Lutteropp, Ben Bettisworth.
Latest version: https://github.com/amkozlov/raxml-ng
Questions/problems/suggestions? Please visit: https://groups.google.com/forum/#!forum/raxml

System: Intel(R) Xeon(R) CPU E5-2670 v2 @ 2.50GHz, 20 cores, 62 GB RAM

RAxML-NG was called at 12-May-2021 12:58:49 as follows:

/global/home/users/uricchio/software/raxml-ng-master/raxml-ng --model PROTGTR --prefix trees/t76d10k45.pruned --redo --msa trees/t76d10k45.pruned.raxml.rba

Analysis options:
  run mode: ML tree search
  start tree(s): random (10) + parsimony (10)
  random seed: 1620849529
  tip-inner: OFF
  pattern compression: ON
  per-rate scalers: OFF
  site repeats: ON
  fast spr radius: AUTO
  spr subtree cutoff: 1.000000
  branch lengths: proportional (ML estimate, algorithm: NR-FAST)
  SIMD kernels: AVX
  parallelization: coarse-grained (auto), PTHREADS (auto)

WARNING: Running in REDO mode: existing checkpoints are ignored, and all result files will be overwritten!

WARNING: The model you specified on the command line (PROTGTR) will be ignored 
         since the binary MSA file already contains a model definition.
         If you want to change the model, please re-run RAxML-NG 
         with the original PHYLIP/FASTA alignment and --redo option.

[00:00:00] Loading binary alignment from file: trees/t76d10k45.pruned.raxml.rba
[00:00:00] Alignment comprises 570 taxa, 1 partitions and 2266 patterns

Partition 0: noname
Model: PROTGTR+FO
Alignment sites / patterns: 2449 / 2266
Gaps: 39.55 %
Invariant sites: 23.52 %


Parallelization scheme autoconfig: 10 worker(s) x 2 thread(s)

Parallel reduction/worker buffer size: 1 KB  / 0 KB

[00:00:00] Generating 10 random starting tree(s) with 570 taxa
[00:00:00] Generating 10 parsimony starting tree(s) with 570 taxa
[00:00:08] Data distribution: max. partitions/sites/weight per thread: 1 / 1133 / 22660
[00:00:08] Data distribution: max. searches per worker: 2

Starting ML tree search with 20 distinct starting trees

[00:00:08 -816449.932295] Initial branch length optimization
[00:00:11 -731570.846265] Model parameter optimization (eps = 10.000000)
[07:32:10 -660106.569000] AUTODETECT spr round 1 (radius: 5)
[07:33:33 -272587.259472] AUTODETECT spr round 2 (radius: 10)
[07:35:14 -186630.111712] AUTODETECT spr round 3 (radius: 15)
[07:37:34 -158432.536447] AUTODETECT spr round 4 (radius: 20)
[07:40:26 -155697.736528] AUTODETECT spr round 5 (radius: 25)
[07:42:57 -155317.740907] SPR radius for FAST iterations: 25 (autodetect)
[07:42:57 -155317.740907] Model parameter optimization (eps = 3.000000)
[09:10:02] [worker #4] ML tree search #5, logLikelihood: -137360.801720
[09:16:55 -153616.403283] FAST spr round 1 (radius: 25)
[09:18:27] [worker #9] ML tree search #10, logLikelihood: -137420.821756
[09:18:37 -138956.536655] FAST spr round 2 (radius: 25)
[09:19:56 -137813.033013] FAST spr round 3 (radius: 25)
[09:20:59 -137780.302908] FAST spr round 4 (radius: 25)
[09:21:52 -137775.439888] FAST spr round 5 (radius: 25)
[09:22:45 -137753.411742] FAST spr round 6 (radius: 25)
[09:23:31 -137753.411378] Model parameter optimization (eps = 1.000000)
[09:41:37 -137716.256754] SLOW spr round 1 (radius: 5)
[09:42:21] [worker #5] ML tree search #6, logLikelihood: -137421.416045
[09:43:35 -137666.304301] SLOW spr round 2 (radius: 5)
[09:45:19 -137660.537526] SLOW spr round 3 (radius: 5)
[09:47:01 -137659.837668] SLOW spr round 4 (radius: 5)
[09:48:39 -137659.837662] SLOW spr round 5 (radius: 10)
[09:50:26 -137639.677634] SLOW spr round 6 (radius: 5)
[09:53:14 -137638.665443] SLOW spr round 7 (radius: 5)
[09:55:28 -137638.665223] SLOW spr round 8 (radius: 10)
[09:57:22 -137637.625613] SLOW spr round 9 (radius: 5)
[10:00:19 -137622.517997] SLOW spr round 10 (radius: 5)
[10:02:33 -137622.133199] SLOW spr round 11 (radius: 5)
[10:04:24] [worker #1] ML tree search #2, logLikelihood: -137394.737089
[10:04:31 -137621.501869] SLOW spr round 12 (radius: 5)
[10:06:21 -137621.499732] SLOW spr round 13 (radius: 10)
[10:07:42] [worker #3] ML tree search #4, logLikelihood: -137370.862542
[10:08:11 -137621.499721] SLOW spr round 14 (radius: 15)
[10:10:06] [worker #7] ML tree search #8, logLikelihood: -137393.865551
[10:12:02 -137560.805209] SLOW spr round 15 (radius: 5)
[10:14:58 -137556.877233] SLOW spr round 16 (radius: 5)
[10:17:16 -137556.877029] SLOW spr round 17 (radius: 10)
[10:19:11 -137552.095063] SLOW spr round 18 (radius: 5)
[10:21:54 -137546.554823] SLOW spr round 19 (radius: 5)
[10:24:03 -137546.554815] SLOW spr round 20 (radius: 10)
[10:25:53 -137546.554815] SLOW spr round 21 (radius: 15)
[10:29:23 -137546.554815] SLOW spr round 22 (radius: 20)
[10:35:47 -137546.554815] SLOW spr round 23 (radius: 25)
[10:42:26] [worker #2] ML tree search #3, logLikelihood: -137377.450529
[10:46:23 -137473.211087] SLOW spr round 24 (radius: 5)
[10:49:20 -137453.868742] SLOW spr round 25 (radius: 5)
[10:51:44 -137453.866061] SLOW spr round 26 (radius: 10)
[10:53:40 -137453.865958] SLOW spr round 27 (radius: 15)
[10:57:07 -137453.865954] SLOW spr round 28 (radius: 20)
[10:58:17] [worker #6] ML tree search #7, logLikelihood: -137398.478165
[11:03:31 -137453.865954] SLOW spr round 29 (radius: 25)
[11:14:01 -137453.865954] Model parameter optimization (eps = 0.100000)

[11:39:10] [worker #0] ML tree search #1, logLikelihood: -137449.111505

[11:39:10 -276369.508925] Initial branch length optimization
[11:39:12 -152453.841472] Model parameter optimization (eps = 10.000000)
[11:39:26] [worker #8] ML tree search #9, logLikelihood: -137396.341818
[11:42:06] [worker #9] ML tree search #20, logLikelihood: -137511.058356
[11:57:29] [worker #4] ML tree search #15, logLikelihood: -137378.716385
[12:16:01] [worker #5] ML tree search #16, logLikelihood: -137516.660795
[12:21:08] [worker #1] ML tree search #12, logLikelihood: -137355.070565
[12:34:37] [worker #7] ML tree search #18, logLikelihood: -137456.985370
[12:42:18 -140086.942835] AUTODETECT spr round 1 (radius: 5)
[12:43:03 -138461.652695] AUTODETECT spr round 2 (radius: 10)
[12:44:23 -138202.547321] AUTODETECT spr round 3 (radius: 15)
[12:46:29 -138105.312518] AUTODETECT spr round 4 (radius: 20)
[12:47:58] [worker #3] ML tree search #14, logLikelihood: -137407.481529
[12:49:38 -138105.308480] SPR radius for FAST iterations: 15 (autodetect)
[12:49:38 -138105.308480] Model parameter optimization (eps = 3.000000)
[13:07:54 -138092.068829] FAST spr round 1 (radius: 15)
[13:09:13 -137581.773037] FAST spr round 2 (radius: 15)
[13:10:13 -137562.116013] FAST spr round 3 (radius: 15)
[13:10:18] [worker #6] ML tree search #17, logLikelihood: -137429.275299
[13:11:04 -137558.711754] FAST spr round 4 (radius: 15)
[13:11:53 -137551.227496] FAST spr round 5 (radius: 15)
[13:12:40 -137549.890759] FAST spr round 6 (radius: 15)
[13:13:26 -137548.975410] FAST spr round 7 (radius: 15)
[13:14:11 -137547.464907] FAST spr round 8 (radius: 15)
[13:14:56 -137546.904846] FAST spr round 9 (radius: 15)
[13:15:41 -137546.595902] FAST spr round 10 (radius: 15)
[13:16:31 -137537.137224] FAST spr round 11 (radius: 15)
[13:17:17 -137534.727962] FAST spr round 12 (radius: 15)
[13:18:02 -137534.516064] FAST spr round 13 (radius: 15)
[13:18:49 -137531.312352] FAST spr round 14 (radius: 15)
[13:19:34 -137529.885490] FAST spr round 15 (radius: 15)
[13:20:22 -137528.067822] FAST spr round 16 (radius: 15)
[13:21:09 -137528.067365] Model parameter optimization (eps = 1.000000)
[13:29:06] [worker #2] ML tree search #13, logLikelihood: -137435.082987
[13:29:30 -137521.438335] SLOW spr round 1 (radius: 5)
[13:31:11 -137519.764474] SLOW spr round 2 (radius: 5)
[13:32:47 -137519.764374] SLOW spr round 3 (radius: 10)
[13:34:25 -137515.572346] SLOW spr round 4 (radius: 5)
[13:37:02 -137514.926282] SLOW spr round 5 (radius: 5)
[13:39:04 -137514.926282] SLOW spr round 6 (radius: 10)
[13:40:46 -137511.724862] SLOW spr round 7 (radius: 5)
[13:43:19 -137508.602755] SLOW spr round 8 (radius: 5)
[13:45:21 -137505.916581] SLOW spr round 9 (radius: 5)
[13:47:09 -137494.495911] SLOW spr round 10 (radius: 5)
[13:48:50 -137476.587441] SLOW spr round 11 (radius: 5)
[13:50:24 -137476.587408] SLOW spr round 12 (radius: 10)
[13:52:00 -137476.587408] SLOW spr round 13 (radius: 15)
[13:55:20 -137464.279626] SLOW spr round 14 (radius: 5)
[13:58:01 -137450.718894] SLOW spr round 15 (radius: 5)
[14:00:06 -137450.718891] SLOW spr round 16 (radius: 10)
[14:01:49 -137450.718891] SLOW spr round 17 (radius: 15)
[14:04:59 -137450.718891] SLOW spr round 18 (radius: 20)
[14:10:16 -137450.718891] SLOW spr round 19 (radius: 25)
[14:19:35 -137450.718891] Model parameter optimization (eps = 0.100000)
[14:22:35] [worker #8] ML tree search #19, logLikelihood: -137366.393051

[14:27:21] [worker #0] ML tree search #11, logLikelihood: -137448.449940


Optimized model parameters:

   Partition 0: noname
   Rate heterogeneity: NONE
   Base frequencies (ML): 0.046970 0.041278 0.054891 0.042152 0.025767 0.022646 0.047369 0.043775 0.017482 0.086879 0.112311 0.051763 0.038268 0.088752 0.035043 0.074702 0.049285 0.014891 0.033835 0.071941 
   Substitution rates (ML): 1.003667 1.278609 2.014772 1.422331 3.245903 3.495843 4.454303 1.576613 1.542226 1.282754 1.635751 1.221031 0.653204 4.909262 10.217346 10.759359 1.035122 1.041078 8.797064 1.364188 0.479251 1.990780 9.731349 1.723093 2.753544 10.143568 0.923757 1.269005 16.639100 1.684858 0.596808 1.144257 2.476213 2.103664 0.817199 0.735997 0.727701 8.899631 0.725093 2.794569 1.335890 1.562813 17.813348 1.362551 0.547638 5.241093 0.626878 0.390562 0.462579 7.979362 4.757466 0.272291 4.304860 0.569608 0.440273 2.753633 26.498399 3.544821 3.672294 0.458572 0.495737 1.265032 0.326435 0.342288 1.116765 1.425146 1.727724 0.149224 1.822960 0.854927 0.901228 0.380322 2.877805 0.635369 1.515000 1.270053 0.316197 1.681490 2.391228 0.454239 4.219413 1.654933 3.408221 4.719038 1.924900 9.393863 1.004899 30.426819 0.812894 4.195502 12.279559 3.922997 0.282674 6.092527 2.179763 2.920967 2.049947 1.588974 1.442736 2.627456 1.789006 0.495900 0.892874 4.333478 0.410253 0.308752 1.619222 1.239852 1.720564 0.095362 0.491827 2.233039 0.958129 0.215272 0.395501 1.473339 0.381997 0.487193 0.604662 5.528640 0.885341 1.075256 0.726187 1.468807 0.684240 2.422816 1.364197 1.063143 1.291584 2.632794 2.173198 2.776468 0.726009 16.911096 0.972330 6.114324 0.814868 7.511852 2.319671 0.477670 1.058816 4.790802 0.429985 1.274886 15.900893 0.996635 7.640989 3.663491 2.113855 1.236910 1.439009 0.909317 2.578031 5.135170 1.597908 0.352713 1.472376 1.556637 3.119893 0.537484 0.995204 1.480868 1.282406 0.373061 1.091940 4.177396 0.520160 0.875297 6.007663 0.301123 1.541881 0.651340 2.138114 12.882798 1.785867 5.929120 2.629311 0.384566 0.963903 0.600790 11.590164 0.284381 2.306928 1.163147 0.523064 1.906002 3.457729 2.526362 0.652255 1.000000 


Final LogLikelihood: -137355.070565

AIC score: 277400.141130 / AICc score: 280682.770323 / BIC score: 285205.761282
Free parameters (model + branch lengths): 1345

WARNING: Best ML tree contains 10 near-zero branches!

Best ML tree with collapsed near-zero branches saved to: /global/home/users/uricchio/software/HybPiper-master/sodiumChannelPaperAnalyses/trees/t76d10k45.pruned.raxml.bestTreeCollapsed
Best ML tree saved to: /global/home/users/uricchio/software/HybPiper-master/sodiumChannelPaperAnalyses/trees/t76d10k45.pruned.raxml.bestTree
All ML trees saved to: /global/home/users/uricchio/software/HybPiper-master/sodiumChannelPaperAnalyses/trees/t76d10k45.pruned.raxml.mlTrees
Optimized model saved to: /global/home/users/uricchio/software/HybPiper-master/sodiumChannelPaperAnalyses/trees/t76d10k45.pruned.raxml.bestModel

Execution log saved to: /global/home/users/uricchio/software/HybPiper-master/sodiumChannelPaperAnalyses/trees/t76d10k45.pruned.raxml.log

Analysis started: 12-May-2021 12:58:49 / finished: 13-May-2021 03:26:10

Elapsed time: 52041.471 seconds

Consumed energy: 3031.856 Wh (= 15 km in an electric car, or 76 km with an e-scooter!)

