
RAxML-NG v. 1.0.0 released on 07.08.2020 by The Exelixis Lab.
Developed by: Alexey M. Kozlov and Alexandros Stamatakis.
Contributors: Diego Darriba, Tomas Flouri, Benoit Morel, Sarah Lutteropp, Ben Bettisworth.
Latest version: https://github.com/amkozlov/raxml-ng
Questions/problems/suggestions? Please visit: https://groups.google.com/forum/#!forum/raxml

System: Intel(R) Xeon(R) CPU E5-2670 v2 @ 2.50GHz, 20 cores, 62 GB RAM

RAxML-NG was called at 12-May-2021 13:35:15 as follows:

/global/home/users/uricchio/software/raxml-ng-master/raxml-ng --model PROTGTR --prefix trees/t80d10k45.pruned --redo --msa trees/t80d10k45.pruned.raxml.rba

Analysis options:
  run mode: ML tree search
  start tree(s): random (10) + parsimony (10)
  random seed: 1620851715
  tip-inner: OFF
  pattern compression: ON
  per-rate scalers: OFF
  site repeats: ON
  fast spr radius: AUTO
  spr subtree cutoff: 1.000000
  branch lengths: proportional (ML estimate, algorithm: NR-FAST)
  SIMD kernels: AVX
  parallelization: coarse-grained (auto), PTHREADS (auto)

WARNING: Running in REDO mode: existing checkpoints are ignored, and all result files will be overwritten!

WARNING: The model you specified on the command line (PROTGTR) will be ignored 
         since the binary MSA file already contains a model definition.
         If you want to change the model, please re-run RAxML-NG 
         with the original PHYLIP/FASTA alignment and --redo option.

[00:00:00] Loading binary alignment from file: trees/t80d10k45.pruned.raxml.rba
[00:00:00] Alignment comprises 570 taxa, 1 partitions and 2188 patterns

Partition 0: noname
Model: PROTGTR+FO
Alignment sites / patterns: 2348 / 2188
Gaps: 38.75 %
Invariant sites: 23.13 %


Parallelization scheme autoconfig: 10 worker(s) x 2 thread(s)

Parallel reduction/worker buffer size: 1 KB  / 0 KB

[00:00:00] Generating 10 random starting tree(s) with 570 taxa
[00:00:00] Generating 10 parsimony starting tree(s) with 570 taxa
[00:00:07] Data distribution: max. partitions/sites/weight per thread: 1 / 1094 / 21880
[00:00:07] Data distribution: max. searches per worker: 2

Starting ML tree search with 20 distinct starting trees

[00:00:08 -797383.839335] Initial branch length optimization
[00:00:11 -717092.542181] Model parameter optimization (eps = 10.000000)
[08:01:32 -646652.802034] AUTODETECT spr round 1 (radius: 5)
[08:02:53 -268809.221482] AUTODETECT spr round 2 (radius: 10)
[08:04:30 -179678.598854] AUTODETECT spr round 3 (radius: 15)
[08:06:41 -147682.413340] AUTODETECT spr round 4 (radius: 20)
[08:09:57 -143951.737684] AUTODETECT spr round 5 (radius: 25)
[08:13:17 -143758.134378] SPR radius for FAST iterations: 25 (autodetect)
[08:13:17 -143758.134378] Model parameter optimization (eps = 3.000000)
[09:55:31] [worker #6] ML tree search #7, logLikelihood: -129601.781411
[10:06:37] [worker #8] ML tree search #9, logLikelihood: -129673.486354
[10:40:48] [worker #2] ML tree search #3, logLikelihood: -129686.303355
[11:12:01 -142100.463655] FAST spr round 1 (radius: 25)
[11:13:32 -130506.614052] FAST spr round 2 (radius: 25)
[11:14:43 -129908.235172] FAST spr round 3 (radius: 25)
[11:15:49 -129786.733897] FAST spr round 4 (radius: 25)
[11:16:28] [worker #9] ML tree search #10, logLikelihood: -129749.421164
[11:16:44 -129772.993989] FAST spr round 5 (radius: 25)
[11:17:31 -129770.742691] FAST spr round 6 (radius: 25)
[11:18:17 -129769.382405] FAST spr round 7 (radius: 25)
[11:19:03 -129769.300188] Model parameter optimization (eps = 1.000000)
[11:27:58] [worker #4] ML tree search #5, logLikelihood: -129701.455368
[11:44:50] [worker #3] ML tree search #4, logLikelihood: -129579.274351
[11:48:22 -129727.514447] SLOW spr round 1 (radius: 5)
[11:50:14 -129690.099465] SLOW spr round 2 (radius: 5)
[11:51:56 -129688.151697] SLOW spr round 3 (radius: 5)
[11:53:35 -129688.151674] SLOW spr round 4 (radius: 10)
[11:55:18 -129671.984993] SLOW spr round 5 (radius: 5)
[11:58:02 -129663.817598] SLOW spr round 6 (radius: 5)
[12:00:11 -129663.814592] SLOW spr round 7 (radius: 10)
[12:01:58 -129663.813649] SLOW spr round 8 (radius: 15)
[12:05:22 -129663.813356] SLOW spr round 9 (radius: 20)
[12:10:42 -129663.813260] SLOW spr round 10 (radius: 25)
[12:14:46] [worker #5] ML tree search #6, logLikelihood: -129677.650504
[12:19:10 -129663.813220] Model parameter optimization (eps = 0.100000)

[12:32:27] [worker #0] ML tree search #1, logLikelihood: -129662.446562

[12:32:27 -266327.059948] Initial branch length optimization
[12:32:29 -144629.033482] Model parameter optimization (eps = 10.000000)
[12:45:56] [worker #6] ML tree search #17, logLikelihood: -129681.933690
[12:47:46] [worker #7] ML tree search #8, logLikelihood: -129688.799751
[12:51:44] [worker #1] ML tree search #2, logLikelihood: -129697.265577
[13:31:46] [worker #2] ML tree search #13, logLikelihood: -129798.161858
[13:35:25] [worker #8] ML tree search #19, logLikelihood: -129748.830307
[13:53:02 -132684.926127] AUTODETECT spr round 1 (radius: 5)
[13:53:47 -130709.478016] AUTODETECT spr round 2 (radius: 10)
[13:54:07] [worker #4] ML tree search #15, logLikelihood: -129775.172170
[13:55:17 -130482.283498] AUTODETECT spr round 3 (radius: 15)
[13:57:55 -130329.838633] AUTODETECT spr round 4 (radius: 20)
[14:01:54 -130329.818159] SPR radius for FAST iterations: 15 (autodetect)
[14:01:54 -130329.818159] Model parameter optimization (eps = 3.000000)
[14:06:42] [worker #9] ML tree search #20, logLikelihood: -129688.206169
[14:19:45 -130308.158898] FAST spr round 1 (radius: 15)
[14:21:02 -129959.558437] FAST spr round 2 (radius: 15)
[14:22:03 -129936.530055] FAST spr round 3 (radius: 15)
[14:23:00 -129909.308738] FAST spr round 4 (radius: 15)
[14:23:48 -129900.161520] FAST spr round 5 (radius: 15)
[14:24:30 -129899.695580] FAST spr round 6 (radius: 15)
[14:25:11 -129899.695200] Model parameter optimization (eps = 1.000000)
[14:33:58] [worker #3] ML tree search #14, logLikelihood: -129837.652616
[14:34:56 -129892.314173] SLOW spr round 1 (radius: 5)
[14:36:44 -129859.138328] SLOW spr round 2 (radius: 5)
[14:38:21 -129856.404506] SLOW spr round 3 (radius: 5)
[14:39:55 -129854.977108] SLOW spr round 4 (radius: 5)
[14:41:26 -129854.975273] SLOW spr round 5 (radius: 10)
[14:42:59 -129851.990393] SLOW spr round 6 (radius: 5)
[14:45:32 -129850.380979] SLOW spr round 7 (radius: 5)
[14:47:33 -129850.380343] SLOW spr round 8 (radius: 10)
[14:49:11 -129841.021223] SLOW spr round 9 (radius: 5)
[14:51:42 -129835.086016] SLOW spr round 10 (radius: 5)
[14:53:44 -129816.157382] SLOW spr round 11 (radius: 5)
[14:55:28 -129816.157175] SLOW spr round 12 (radius: 10)
[14:57:06 -129816.157025] SLOW spr round 13 (radius: 15)
[15:00:18 -129816.156894] SLOW spr round 14 (radius: 20)
[15:05:11 -129816.156778] SLOW spr round 15 (radius: 25)
[15:11:31] [worker #5] ML tree search #16, logLikelihood: -129778.097260
[15:13:17 -129816.156676] Model parameter optimization (eps = 0.100000)

[15:27:39] [worker #0] ML tree search #11, logLikelihood: -129813.537058

[15:42:56] [worker #7] ML tree search #18, logLikelihood: -129699.439498
[15:44:15] [worker #1] ML tree search #12, logLikelihood: -129799.164265

Optimized model parameters:

   Partition 0: noname
   Rate heterogeneity: NONE
   Base frequencies (ML): 0.047593 0.043455 0.053479 0.041263 0.028697 0.021789 0.046650 0.047572 0.017103 0.088864 0.107344 0.049245 0.037029 0.091632 0.035222 0.073736 0.047970 0.014207 0.033439 0.073711 
   Substitution rates (ML): 0.476244 1.225782 1.413586 0.868046 2.338449 2.384149 3.089345 1.321761 1.057499 0.968461 1.070635 0.850870 0.643960 3.645064 7.710306 8.360074 0.574277 0.961501 6.666138 0.949035 0.591251 1.277179 7.670066 1.169456 1.851166 7.333934 0.536700 0.946346 12.743492 1.367959 0.294798 0.753248 1.693988 1.502837 0.627343 0.803438 0.561377 7.120744 0.204224 2.474843 0.779932 1.142339 14.161372 1.116286 0.317172 3.938316 0.526352 0.148704 0.438212 5.786043 3.555835 0.001000 3.145085 0.489904 0.311977 2.109787 21.320506 2.353444 2.850393 0.428085 0.302134 0.991008 0.135023 0.308115 0.943441 1.185486 1.296344 0.001000 1.395371 0.550077 0.612017 0.262836 1.977215 0.787424 0.706450 0.938949 0.321109 1.350314 1.961755 0.048648 3.185737 1.485769 2.946529 2.697455 1.537675 7.596683 1.040055 25.233737 0.802774 2.651029 9.792938 2.123861 0.341027 4.148693 1.770458 2.713848 1.468860 1.404039 1.129734 1.924431 0.916891 0.346361 0.679879 3.271509 0.303478 0.257248 1.118750 0.762298 1.322214 0.085407 0.235521 1.612672 1.083073 0.117959 0.460549 0.960627 0.308088 0.304687 0.609604 3.734060 0.730674 0.687643 0.377824 1.011786 0.418869 1.639106 1.771214 0.916044 0.911476 1.946988 1.559264 2.020903 0.001000 15.291148 0.716418 4.415271 0.609775 6.019521 1.576797 0.240239 0.765675 3.361976 0.309409 0.885001 11.597030 0.642729 5.996035 3.036734 1.557008 0.902913 1.112381 0.759682 1.797761 4.031006 1.225111 0.191499 1.031683 0.897469 2.292908 0.344703 1.053838 0.909578 0.656921 0.297652 0.966925 3.155705 0.475825 0.477986 4.323508 0.105749 1.243268 0.495067 1.654247 9.558381 1.330502 4.694794 2.291220 0.212368 0.356498 0.431457 8.931492 0.222667 1.742757 0.911788 0.334651 1.182114 2.787011 1.797974 0.220795 1.000000 


Final LogLikelihood: -129579.274351

AIC score: 261848.548702 / AICc score: 265462.061676 / BIC score: 269597.523000
Free parameters (model + branch lengths): 1345

WARNING: Best ML tree contains 15 near-zero branches!

Best ML tree with collapsed near-zero branches saved to: /global/home/users/uricchio/software/HybPiper-master/sodiumChannelPaperAnalyses/trees/t80d10k45.pruned.raxml.bestTreeCollapsed
Best ML tree saved to: /global/home/users/uricchio/software/HybPiper-master/sodiumChannelPaperAnalyses/trees/t80d10k45.pruned.raxml.bestTree
All ML trees saved to: /global/home/users/uricchio/software/HybPiper-master/sodiumChannelPaperAnalyses/trees/t80d10k45.pruned.raxml.mlTrees
Optimized model saved to: /global/home/users/uricchio/software/HybPiper-master/sodiumChannelPaperAnalyses/trees/t80d10k45.pruned.raxml.bestModel

Execution log saved to: /global/home/users/uricchio/software/HybPiper-master/sodiumChannelPaperAnalyses/trees/t80d10k45.pruned.raxml.log

Analysis started: 12-May-2021 13:35:15 / finished: 13-May-2021 05:19:31

Elapsed time: 56655.911 seconds

Consumed energy: 3179.670 Wh (= 16 km in an electric car, or 79 km with an e-scooter!)

