
RAxML-NG v. 1.0.0 released on 07.08.2020 by The Exelixis Lab.
Developed by: Alexey M. Kozlov and Alexandros Stamatakis.
Contributors: Diego Darriba, Tomas Flouri, Benoit Morel, Sarah Lutteropp, Ben Bettisworth.
Latest version: https://github.com/amkozlov/raxml-ng
Questions/problems/suggestions? Please visit: https://groups.google.com/forum/#!forum/raxml

System: Intel(R) Xeon(R) CPU E5-2670 v2 @ 2.50GHz, 20 cores, 62 GB RAM

RAxML-NG was called at 04-May-2021 22:20:03 as follows:

/global/home/users/uricchio/software/raxml-ng-master/raxml-ng --all --tree rand{50},pars{0} --model PROTGTR --prefix treesSCN4A/t80d10k45.orig --redo --msa treesSCN4A/t80d10k45.orig.raxml.rba --bs-trees 50

Analysis options:
  run mode: ML tree search + bootstrapping (Felsenstein Bootstrap)
  start tree(s): random (50) + parsimony (10)
  bootstrap replicates: 50
  random seed: 1620192003
  tip-inner: OFF
  pattern compression: ON
  per-rate scalers: OFF
  site repeats: ON
  branch lengths: proportional (ML estimate, algorithm: NR-FAST)
  SIMD kernels: AVX
  parallelization: coarse-grained (auto), PTHREADS (auto)

WARNING: Running in REDO mode: existing checkpoints are ignored, and all result files will be overwritten!

WARNING: The model you specified on the command line (PROTGTR) will be ignored 
         since the binary MSA file already contains a model definition.
         If you want to change the model, please re-run RAxML-NG 
         with the original PHYLIP/FASTA alignment and --redo option.

[00:00:00] Loading binary alignment from file: treesSCN4A/t80d10k45.orig.raxml.rba
[00:00:00] Alignment comprises 95 taxa, 1 partitions and 1194 patterns

Partition 0: noname
Model: PROTGTR+FO
Alignment sites / patterns: 2354 / 1194
Gaps: 22.99 %
Invariant sites: 67.29 %


Parallelization scheme autoconfig: 20 worker(s) x 1 thread(s)

Parallel reduction/worker buffer size: 1 KB  / 0 KB

[00:00:00] Generating 50 random starting tree(s) with 95 taxa
[00:00:00] Generating 10 parsimony starting tree(s) with 95 taxa
[00:00:00] Data distribution: max. partitions/sites/weight per thread: 1 / 1194 / 23880
[00:00:00] Data distribution: max. searches per worker: 6

Starting ML tree search with 60 distinct starting trees

[00:33:16] [worker #18] ML tree search #19, logLikelihood: -30613.487805
[00:34:54] [worker #19] ML tree search #20, logLikelihood: -30603.982962
[00:35:12] [worker #16] ML tree search #17, logLikelihood: -30608.838702
[00:35:21] [worker #15] ML tree search #16, logLikelihood: -30598.613862
[00:35:31] [worker #4] ML tree search #5, logLikelihood: -30588.785636
[00:35:36] [worker #6] ML tree search #7, logLikelihood: -30597.343705
[00:36:23] [worker #10] ML tree search #11, logLikelihood: -30592.191951
[00:36:38] [worker #9] ML tree search #10, logLikelihood: -30595.402351
[00:37:08] [worker #5] ML tree search #6, logLikelihood: -30600.283821
[00:37:16] [worker #7] ML tree search #8, logLikelihood: -30588.725171
[00:37:56] [worker #12] ML tree search #13, logLikelihood: -30593.155479
[00:38:59] [worker #2] ML tree search #3, logLikelihood: -30596.612517
[00:39:39] [worker #3] ML tree search #4, logLikelihood: -30581.127515
[00:40:37] [worker #17] ML tree search #18, logLikelihood: -30596.570648
[00:41:57] [worker #8] ML tree search #9, logLikelihood: -30593.107001
[00:42:14] [worker #14] ML tree search #15, logLikelihood: -30577.462206
[00:42:18] [worker #0] ML tree search #1, logLikelihood: -30577.452214
[00:43:39] [worker #13] ML tree search #14, logLikelihood: -30577.439890
[00:47:18] [worker #1] ML tree search #2, logLikelihood: -30595.618577
[00:47:30] [worker #11] ML tree search #12, logLikelihood: -30596.587513
[01:09:27] [worker #16] ML tree search #37, logLikelihood: -30597.673800
[01:10:27] [worker #6] ML tree search #27, logLikelihood: -30607.483889
[01:12:39] [worker #10] ML tree search #31, logLikelihood: -30595.465152
[01:13:12] [worker #4] ML tree search #25, logLikelihood: -30593.093869
[01:14:03] [worker #15] ML tree search #36, logLikelihood: -30580.423704
[01:14:48] [worker #5] ML tree search #26, logLikelihood: -30596.837962
[01:15:45] [worker #19] ML tree search #40, logLikelihood: -30573.189368
[01:19:59] [worker #14] ML tree search #35, logLikelihood: -30578.695254
[01:21:15] [worker #18] ML tree search #39, logLikelihood: -30593.117659
[01:21:16] [worker #17] ML tree search #38, logLikelihood: -30592.398088
[01:21:41] [worker #0] ML tree search #21, logLikelihood: -30594.946368
[01:21:57] [worker #9] ML tree search #30, logLikelihood: -30596.253842
[01:23:51] [worker #2] ML tree search #23, logLikelihood: -30581.592533
[01:23:54] [worker #11] ML tree search #32, logLikelihood: -30595.093610
[01:24:26] [worker #3] ML tree search #24, logLikelihood: -30595.589973
[01:24:59] [worker #12] ML tree search #33, logLikelihood: -30580.865733
[01:25:56] [worker #7] ML tree search #28, logLikelihood: -30627.215716
[01:28:05] [worker #13] ML tree search #34, logLikelihood: -30577.470284
[01:30:00] [worker #16] ML tree search #57, logLikelihood: -30604.289367
[01:30:02] [worker #8] ML tree search #29, logLikelihood: -30621.302814
[01:31:20] [worker #15] ML tree search #56, logLikelihood: -30589.999419
[01:31:35] [worker #10] ML tree search #51, logLikelihood: -30593.190807
[01:35:14] [worker #1] ML tree search #22, logLikelihood: -30595.221649
[01:39:19] [worker #19] ML tree search #60, logLikelihood: -30596.800426
[01:40:57] [worker #14] ML tree search #55, logLikelihood: -30597.801548
[01:44:04] [worker #12] ML tree search #53, logLikelihood: -30582.691113
[01:44:05] [worker #18] ML tree search #59, logLikelihood: -30598.401903
[01:44:06] [worker #17] ML tree search #58, logLikelihood: -30581.728455
[01:44:22] [worker #11] ML tree search #52, logLikelihood: -30584.090405
[01:44:26] [worker #4] ML tree search #45, logLikelihood: -30608.456043
[01:47:04] [worker #5] ML tree search #46, logLikelihood: -30607.648299
[01:47:10] [worker #13] ML tree search #54, logLikelihood: -30593.080813
[01:48:44] [worker #6] ML tree search #47, logLikelihood: -30608.917475
[01:56:36] [worker #7] ML tree search #48, logLikelihood: -30593.249447
[01:59:29] [worker #0] ML tree search #41, logLikelihood: -30593.077825
[01:59:59] [worker #9] ML tree search #50, logLikelihood: -30573.126060
[02:00:20] [worker #2] ML tree search #43, logLikelihood: -30579.611710
[02:02:21] [worker #3] ML tree search #44, logLikelihood: -30648.781064
[02:03:27] [worker #8] ML tree search #49, logLikelihood: -30607.522237
[02:04:31] [worker #1] ML tree search #42, logLikelihood: -30598.456403

[02:04:31] ML tree search completed, best tree logLH: -30573.126060

[02:04:31] Starting bootstrapping analysis with 50 replicates.

[02:28:03] [worker #13] Bootstrap tree #14, logLikelihood: -29829.101400
[02:30:12] [worker #8] Bootstrap tree #9, logLikelihood: -31815.519139
[02:33:24] [worker #18] Bootstrap tree #19, logLikelihood: -29465.972116
[02:35:01] [worker #16] Bootstrap tree #17, logLikelihood: -29850.340754
[02:36:20] [worker #4] Bootstrap tree #5, logLikelihood: -30559.489216
[02:37:52] [worker #1] Bootstrap tree #2, logLikelihood: -30304.093793
[02:39:19] [worker #11] Bootstrap tree #12, logLikelihood: -30481.039350
[02:40:01] [worker #9] Bootstrap tree #10, logLikelihood: -31271.771890
[02:42:12] [worker #5] Bootstrap tree #6, logLikelihood: -29585.183853
[02:43:38] [worker #19] Bootstrap tree #20, logLikelihood: -29619.316323
[02:43:47] [worker #12] Bootstrap tree #13, logLikelihood: -30079.558448
[02:45:21] [worker #17] Bootstrap tree #18, logLikelihood: -30865.782548
[02:45:45] [worker #15] Bootstrap tree #16, logLikelihood: -31178.090618
[02:47:21] [worker #6] Bootstrap tree #7, logLikelihood: -29059.249123
[02:47:25] [worker #0] Bootstrap tree #1, logLikelihood: -28897.203263
[02:49:43] [worker #10] Bootstrap tree #11, logLikelihood: -29832.505551
[02:51:10] [worker #7] Bootstrap tree #8, logLikelihood: -31420.638312
[02:52:09] [worker #3] Bootstrap tree #4, logLikelihood: -29545.425685
[02:54:37] [worker #2] Bootstrap tree #3, logLikelihood: -29664.790841
[02:54:45] [worker #14] Bootstrap tree #15, logLikelihood: -31075.393240
[03:03:31] [worker #4] Bootstrap tree #25, logLikelihood: -29399.246794
[03:04:08] [worker #13] Bootstrap tree #34, logLikelihood: -28723.847784
[03:05:34] [worker #1] Bootstrap tree #22, logLikelihood: -31622.795165
[03:06:41] [worker #11] Bootstrap tree #32, logLikelihood: -28050.825805
[03:07:28] [worker #8] Bootstrap tree #29, logLikelihood: -29909.101081
[03:07:42] [worker #9] Bootstrap tree #30, logLikelihood: -28764.375962
[03:09:05] [worker #16] Bootstrap tree #37, logLikelihood: -31129.773243
[03:11:34] [worker #19] Bootstrap tree #40, logLikelihood: -29813.573657
[03:14:13] [worker #15] Bootstrap tree #36, logLikelihood: -30281.320667
[03:15:46] [worker #18] Bootstrap tree #39, logLikelihood: -30022.397107
[03:18:57] [worker #10] Bootstrap tree #31, logLikelihood: -32132.753509
[03:19:06] [worker #5] Bootstrap tree #26, logLikelihood: -30057.748103
[03:19:09] [worker #12] Bootstrap tree #33, logLikelihood: -30864.051218
[03:20:49] [worker #0] Bootstrap tree #21, logLikelihood: -29503.544948
[03:22:10] [worker #6] Bootstrap tree #27, logLikelihood: -29890.238446
[03:22:27] [worker #3] Bootstrap tree #24, logLikelihood: -29335.713931
[03:23:57] [worker #14] Bootstrap tree #35, logLikelihood: -29709.887401
[03:24:46] [worker #17] Bootstrap tree #38, logLikelihood: -29598.529138
[03:26:43] [worker #2] Bootstrap tree #23, logLikelihood: -30904.383889
[03:33:25] [worker #7] Bootstrap tree #28, logLikelihood: -29196.994088
[03:36:08] [worker #1] Bootstrap tree #42, logLikelihood: -28208.714928
[03:36:52] [worker #4] Bootstrap tree #45, logLikelihood: -31599.628984
[03:38:17] [worker #8] Bootstrap tree #49, logLikelihood: -29261.526281
[03:39:24] [worker #9] Bootstrap tree #50, logLikelihood: -31085.535201
[03:43:05] [worker #0] Bootstrap tree #41, logLikelihood: -30491.961815
[03:43:22] [worker #5] Bootstrap tree #46, logLikelihood: -32071.157944
[03:50:02] [worker #6] Bootstrap tree #47, logLikelihood: -29355.692158
[03:53:12] [worker #3] Bootstrap tree #44, logLikelihood: -30900.582808
[03:57:10] [worker #7] Bootstrap tree #48, logLikelihood: -29181.525249
[03:59:13] [worker #2] Bootstrap tree #43, logLikelihood: -28411.093119

Optimized model parameters:

   Partition 0: noname
   Rate heterogeneity: NONE
   Base frequencies (ML): 0.045220 0.042326 0.056583 0.042321 0.026910 0.025514 0.058621 0.048487 0.016667 0.076673 0.112524 0.049158 0.036346 0.078456 0.044437 0.073593 0.043286 0.014377 0.029722 0.078777 
   Substitution rates (ML): 0.705452 3.987907 2.239626 2.317315 7.330324 2.989551 5.186683 3.391227 3.467040 1.988025 1.424855 0.470078 1.116119 6.341308 16.303671 19.792985 0.771162 0.286360 13.491698 1.297119 1.572639 2.232889 6.606673 0.601630 3.663511 3.800479 0.873759 1.474330 17.715113 2.978520 1.188115 1.628693 2.646668 3.403180 0.001000 1.885578 0.938212 10.490992 0.001000 4.006057 1.304305 1.567980 25.194595 1.013429 0.458618 3.323450 0.252707 0.001000 0.336337 7.541213 5.543600 0.001000 4.961505 0.835030 1.391573 5.602334 38.893140 2.387948 3.871480 0.812969 0.133410 2.708747 0.001000 0.645300 3.112906 1.532598 0.726853 0.001000 2.875735 0.811965 1.545338 0.001000 2.437385 1.882748 3.171029 1.503618 0.845139 4.959552 2.829425 0.001000 1.671500 0.522859 0.001000 7.377873 2.427594 8.204998 2.647006 30.682800 0.537060 8.838903 7.550503 3.407455 0.570007 2.952706 1.525278 4.479050 2.988724 2.664484 0.753937 1.759598 0.656885 0.497475 0.485658 3.283421 0.227597 0.001000 0.772358 0.581138 0.906017 0.001000 0.290642 1.863750 0.712897 0.407024 0.697225 2.159284 0.490533 0.676347 1.173179 7.012935 1.154205 0.001000 1.015767 1.898770 0.540988 4.092817 4.197628 1.578156 2.590573 0.910296 1.473082 2.319269 0.001000 24.404657 0.001000 12.264962 1.663739 9.354254 3.842556 0.306658 1.532055 7.849053 1.208606 2.238591 25.381327 1.273312 9.855166 5.429969 1.380831 1.240281 2.651036 1.163673 5.748801 7.324107 3.149439 0.119003 0.493246 0.910702 0.150789 0.702121 3.739449 3.313827 1.544948 0.649495 0.630201 8.960884 0.649964 0.980804 10.159889 0.194821 2.244575 0.511222 4.002396 26.894431 1.698730 10.598281 2.867889 0.001000 0.788777 0.323546 17.998306 0.001000 3.436122 1.558639 0.001000 2.215911 7.357900 0.001000 0.001000 1.000000 


Final LogLikelihood: -30573.126060

AIC score: 61936.252120 / AICc score: 62096.027401 / BIC score: 64212.981279
Free parameters (model + branch lengths): 395

Best ML tree saved to: /global/home/users/uricchio/software/HybPiper-master/HPwrap/treesSCN4A/t80d10k45.orig.raxml.bestTree
All ML trees saved to: /global/home/users/uricchio/software/HybPiper-master/HPwrap/treesSCN4A/t80d10k45.orig.raxml.mlTrees
Best ML tree with Felsenstein bootstrap (FBP) support values saved to: /global/home/users/uricchio/software/HybPiper-master/HPwrap/treesSCN4A/t80d10k45.orig.raxml.support
Optimized model saved to: /global/home/users/uricchio/software/HybPiper-master/HPwrap/treesSCN4A/t80d10k45.orig.raxml.bestModel
Bootstrap trees saved to: /global/home/users/uricchio/software/HybPiper-master/HPwrap/treesSCN4A/t80d10k45.orig.raxml.bootstraps

Execution log saved to: /global/home/users/uricchio/software/HybPiper-master/HPwrap/treesSCN4A/t80d10k45.orig.raxml.log

Analysis started: 04-May-2021 22:20:03 / finished: 05-May-2021 02:19:17

Elapsed time: 14353.322 seconds

Consumed energy: 736.209 Wh (= 4 km in an electric car, or 18 km with an e-scooter!)

