Building DAG of jobs...
Using shell: /bin/bash
Provided cores: 1 (use --cores to define parallelism)
Rules claiming more threads will be scaled down.
Job stats:
job            count    min threads    max threads
-----------  -------  -------------  -------------
all                1              1              1
extractCols        5              1              1
total              6              1              1

Select jobs to execute...

[Wed Aug 10 11:00:08 2022]
rule extractCols:
    input: plot_data/SCN5A.PROT.aligned.wRef.fa
    output: plot_data/SCN5A.PROT.pLoop.seqs
    jobid: 19
    reason: Missing output files: plot_data/SCN5A.PROT.pLoop.seqs
    wildcards: sample=SCN5A
    resources: tmpdir=/var/folders/2l/zp0wk9q9097fqhyymq39vg880000gn/T

[Wed Aug 10 11:00:08 2022]
Finished job 19.
1 of 6 steps (17%) done
Select jobs to execute...

[Wed Aug 10 11:00:08 2022]
rule extractCols:
    input: plot_data/SCN8A.PROT.aligned.wRef.fa
    output: plot_data/SCN8A.PROT.pLoop.seqs
    jobid: 20
    reason: Missing output files: plot_data/SCN8A.PROT.pLoop.seqs
    wildcards: sample=SCN8A
    resources: tmpdir=/var/folders/2l/zp0wk9q9097fqhyymq39vg880000gn/T

[Wed Aug 10 11:00:08 2022]
Finished job 20.
2 of 6 steps (33%) done
Select jobs to execute...

[Wed Aug 10 11:00:08 2022]
rule extractCols:
    input: plot_data/SCN4A.PROT.aligned.wRef.fa
    output: plot_data/SCN4A.PROT.pLoop.seqs
    jobid: 18
    reason: Missing output files: plot_data/SCN4A.PROT.pLoop.seqs
    wildcards: sample=SCN4A
    resources: tmpdir=/var/folders/2l/zp0wk9q9097fqhyymq39vg880000gn/T

[Wed Aug 10 11:00:08 2022]
Finished job 18.
3 of 6 steps (50%) done
Select jobs to execute...

[Wed Aug 10 11:00:08 2022]
rule extractCols:
    input: plot_data/SCN1A.PROT.aligned.wRef.fa
    output: plot_data/SCN1A.PROT.pLoop.seqs
    jobid: 16
    reason: Missing output files: plot_data/SCN1A.PROT.pLoop.seqs
    wildcards: sample=SCN1A
    resources: tmpdir=/var/folders/2l/zp0wk9q9097fqhyymq39vg880000gn/T

[Wed Aug 10 11:00:08 2022]
Finished job 16.
4 of 6 steps (67%) done
Select jobs to execute...

[Wed Aug 10 11:00:08 2022]
rule extractCols:
    input: plot_data/SCN3A.PROT.aligned.wRef.fa
    output: plot_data/SCN3A.PROT.pLoop.seqs
    jobid: 17
    reason: Missing output files: plot_data/SCN3A.PROT.pLoop.seqs
    wildcards: sample=SCN3A
    resources: tmpdir=/var/folders/2l/zp0wk9q9097fqhyymq39vg880000gn/T

[Wed Aug 10 11:00:08 2022]
Finished job 17.
5 of 6 steps (83%) done
Select jobs to execute...

[Wed Aug 10 11:00:08 2022]
localrule all:
    input: plot_data/SCN1A.PROT.sub, plot_data/SCN3A.PROT.sub, plot_data/SCN4A.PROT.sub, plot_data/SCN5A.PROT.sub, plot_data/SCN8A.PROT.sub, plot_data/SCN1A.PROT.aligned.wRef.fa, plot_data/SCN3A.PROT.aligned.wRef.fa, plot_data/SCN4A.PROT.aligned.wRef.fa, plot_data/SCN5A.PROT.aligned.wRef.fa, plot_data/SCN8A.PROT.aligned.wRef.fa, plot_data/SCN1A.PROT.trimmed.manual.fa.wRef.fa, plot_data/SCN1A.PROT.trimmed.manual.fa.wRef.fa, plot_data/SCN1A.PROT.trimmed.manual.fa.wRef.fa, plot_data/SCN1A.PROT.trimmed.manual.fa.wRef.fa, plot_data/SCN1A.PROT.trimmed.manual.fa.wRef.fa, plot_data/SCN1A.PROT.pLoop.seqs, plot_data/SCN3A.PROT.pLoop.seqs, plot_data/SCN4A.PROT.pLoop.seqs, plot_data/SCN5A.PROT.pLoop.seqs, plot_data/SCN8A.PROT.pLoop.seqs
    jobid: 0
    reason: Input files updated by another job: plot_data/SCN3A.PROT.pLoop.seqs, plot_data/SCN8A.PROT.pLoop.seqs, plot_data/SCN4A.PROT.pLoop.seqs, plot_data/SCN1A.PROT.pLoop.seqs, plot_data/SCN5A.PROT.pLoop.seqs
    resources: tmpdir=/var/folders/2l/zp0wk9q9097fqhyymq39vg880000gn/T

[Wed Aug 10 11:00:08 2022]
Finished job 0.
6 of 6 steps (100%) done
Complete log: .snakemake/log/2022-08-10T110007.986952.snakemake.log
