Building DAG of jobs...
Using shell: /bin/bash
Provided cores: 1 (use --cores to define parallelism)
Rules claiming more threads will be scaled down.
Job counts:
	count	jobs
	1	all
	1	plot_data
	2
Select jobs to execute...

[Mon Jun 21 12:20:58 2021]
rule plot_data:
    input: plot_data/trees_xenPum_ref_DNA.txt, plot_data/trees_xen_ref_DNA.txt, plot_data/lens_xenPum.txt, plot_data/lens_xen.txt
    output: plot_data/summary_alignments_xenPum_ref_DNA.pdf, plot_data/summary_alignments_xen_ref_DNA.pdf
    jobid: 5

[Mon Jun 21 12:21:03 2021]
Finished job 5.
1 of 2 steps (50%) done
Select jobs to execute...

[Mon Jun 21 12:21:03 2021]
localrule all:
    input: plot_data/trees_xenPum_ref_DNA.txt, plot_data/trees_xen_ref_DNA.txt, plot_data/lens_xenPum.txt, plot_data/lens_xen.txt, plot_data/summary_alignments_xenPum_ref_DNA.pdf, plot_data/summary_alignments_xen_ref_DNA.pdf
    jobid: 0

[Mon Jun 21 12:21:03 2021]
Finished job 0.
2 of 2 steps (100%) done
Complete log: /Users/uricchio/projects/poison/sodiumChannelPaper/Figures/FigureS1_S2/.snakemake/log/2021-06-21T122057.103565.snakemake.log
