Building DAG of jobs...
Using shell: /bin/bash
Provided cores: 1 (use --cores to define parallelism)
Rules claiming more threads will be scaled down.
Job counts:
	count	jobs
	1	all
	2	make_concord
	1	plot_data
	4
Select jobs to execute...

[Mon Jun 21 12:17:38 2021]
rule make_concord:
    input: ../../Data/trees_xenPum_ref_DNA
    output: plot_data/trees_xenPum_ref_DNA.txt
    jobid: 1
    wildcards: sample=xenPum_ref_DNA

[Mon Jun 21 12:17:43 2021]
Finished job 1.
1 of 4 steps (25%) done
Select jobs to execute...

[Mon Jun 21 12:17:43 2021]
rule make_concord:
    input: ../../Data/trees_xen_ref_DNA
    output: plot_data/trees_xen_ref_DNA.txt
    jobid: 2
    wildcards: sample=xen_ref_DNA

[Mon Jun 21 12:17:48 2021]
Finished job 2.
2 of 4 steps (50%) done
Select jobs to execute...

[Mon Jun 21 12:17:48 2021]
rule plot_data:
    input: plot_data/trees_xenPum_ref_DNA.txt, plot_data/trees_xen_ref_DNA.txt, plot_data/lens_xenPum.txt, plot_data/lens_xen.txt
    output: plot_data/summary_alignments_xenPum_ref_DNA.pdf, plot_data/summary_alignments_xen_ref_DNA.pdf
    jobid: 5

Waiting at most 5 seconds for missing files.
MissingOutputException in line 28 of /Users/uricchio/projects/poison/sodiumChannelPaper/Figures/FigureS1_S2/Snakefile:
Job Missing files after 5 seconds:
plot_data/summary_alignments_xenPum_ref_DNA.pdf
plot_data/summary_alignments_xen_ref_DNA.pdf
This might be due to filesystem latency. If that is the case, consider to increase the wait time with --latency-wait.
Job id: 5 completed successfully, but some output files are missing. 5
  File "/opt/miniconda3/envs/snakemake/lib/python3.9/site-packages/snakemake/executors/__init__.py", line 583, in handle_job_success
  File "/opt/miniconda3/envs/snakemake/lib/python3.9/site-packages/snakemake/executors/__init__.py", line 252, in handle_job_success
Shutting down, this might take some time.
Exiting because a job execution failed. Look above for error message
Complete log: /Users/uricchio/projects/poison/sodiumChannelPaper/Figures/FigureS1_S2/.snakemake/log/2021-06-21T121737.428087.snakemake.log
