Building DAG of jobs...
Using shell: /bin/bash
Provided cores: 1 (use --cores to define parallelism)
Rules claiming more threads will be scaled down.
Job counts:
	count	jobs
	1	all
	2	make_concord
	1	make_lens
	1	plot_data
	5
Select jobs to execute...

[Wed Jun 23 14:22:15 2021]
rule make_concord:
    input: ../../sodiumChannelPaperAnalyses/trees_xen_ref_orig_DNA
    output: plot_data/trees_xen_ref_orig_DNA.txt
    jobid: 2
    wildcards: sample=xen_ref_orig_DNA

[Wed Jun 23 14:22:18 2021]
Finished job 2.
1 of 5 steps (20%) done
Select jobs to execute...

[Wed Jun 23 14:22:18 2021]
rule make_lens:
    input: ../../alignments/assembs_xen_ref_orig
    output: plot_data/lens_xen_ref_orig.txt
    jobid: 4
    wildcards: sample=xen_ref_orig

[Wed Jun 23 14:22:20 2021]
Finished job 4.
2 of 5 steps (40%) done
Select jobs to execute...

[Wed Jun 23 14:22:20 2021]
rule make_concord:
    input: ../../sodiumChannelPaperAnalyses/trees_xenPum_ref_orig_DNA
    output: plot_data/trees_xenPum_ref_orig_DNA.txt
    jobid: 1
    wildcards: sample=xenPum_ref_orig_DNA

[Wed Jun 23 14:22:22 2021]
Finished job 1.
3 of 5 steps (60%) done
Select jobs to execute...

[Wed Jun 23 14:22:22 2021]
rule plot_data:
    input: plot_data/trees_xenPum_ref_orig_DNA.txt, plot_data/trees_xen_ref_orig_DNA.txt, plot_data/lens_xenPum_ref_orig.txt, plot_data/lens_xen_ref_orig.txt
    output: plot_data/summary_alignments_xenPum_ref_orig.pdf, plot_data/summary_alignments_xen_ref_orig.pdf
    jobid: 5

[Wed Jun 23 14:22:24 2021]
Error in rule plot_data:
    jobid: 5
    output: plot_data/summary_alignments_xenPum_ref_orig.pdf, plot_data/summary_alignments_xen_ref_orig.pdf
    shell:
        Rscript ../../scripts/plot_HybPiper_perf.R
        (one of the commands exited with non-zero exit code; note that snakemake uses bash strict mode!)

Shutting down, this might take some time.
Exiting because a job execution failed. Look above for error message
Complete log: /Users/uricchio/projects/poison/sodiumChannelPaper/Figures/FigureS1_S2/.snakemake/log/2021-06-23T142214.320648.snakemake.log
