Building DAG of jobs...
Using shell: /bin/bash
Provided cores: 1 (use --cores to define parallelism)
Rules claiming more threads will be scaled down.
Job counts:
	count	jobs
	1	all
	2	make_concord
	2	make_lens
	1	plot_data
	6
Select jobs to execute...

[Tue May  4 11:28:17 2021]
rule make_lens:
    input: ../../Data/alignments_xenPum
    output: plot_data/lens_xenPum.txt
    jobid: 3
    wildcards: sample=xenPum

[Tue May  4 11:28:20 2021]
Finished job 3.
1 of 6 steps (17%) done
Select jobs to execute...

[Tue May  4 11:28:20 2021]
rule make_concord:
    input: ../../Data/trees_xen_ref
    output: plot_data/trees_xen_ref.txt
    jobid: 2
    wildcards: sample=xen_ref

[Tue May  4 11:28:31 2021]
Finished job 2.
2 of 6 steps (33%) done
Select jobs to execute...

[Tue May  4 11:28:31 2021]
rule make_concord:
    input: ../../Data/trees_xenPum_ref
    output: plot_data/trees_xenPum_ref.txt
    jobid: 1
    wildcards: sample=xenPum_ref

[Tue May  4 11:28:48 2021]
Finished job 1.
3 of 6 steps (50%) done
Select jobs to execute...

[Tue May  4 11:28:48 2021]
rule plot_data:
    input: ../../scripts/plot_HybPiper_perf.R
    output: plot_data/summary_alignments_xenPum_ref.pdf, plot_data/summary_alignments_xen_ref.pdf
    jobid: 5

[Tue May  4 11:28:49 2021]
Error in rule plot_data:
    jobid: 5
    output: plot_data/summary_alignments_xenPum_ref.pdf, plot_data/summary_alignments_xen_ref.pdf
    shell:
        Rscript ../../scripts/plot_HybPiper_perf.R
        (one of the commands exited with non-zero exit code; note that snakemake uses bash strict mode!)

Shutting down, this might take some time.
Exiting because a job execution failed. Look above for error message
Complete log: /Users/uricchio/projects/poison/sodiumChannelPaper/Figures/FigureS1_S2/.snakemake/log/2021-05-04T112816.735553.snakemake.log
