Building DAG of jobs...
Using shell: /bin/bash
Provided cores: 1 (use --cores to define parallelism)
Rules claiming more threads will be scaled down.
Job counts:
	count	jobs
	1	all
	1	make_concord
	2
Select jobs to execute...

[Mon May  3 14:57:15 2021]
rule make_concord:
    input: ../../Data/trees_xen_ref
    output: plot_data/trees_xen_ref.txt
    jobid: 2
    wildcards: sample=xen_ref

[Mon May  3 14:57:27 2021]
Finished job 2.
1 of 2 steps (50%) done
Select jobs to execute...

[Mon May  3 14:57:27 2021]
localrule all:
    input: plot_data/trees_xenPum_ref.txt, plot_data/trees_xen_ref.txt
    jobid: 0

[Mon May  3 14:57:27 2021]
Finished job 0.
2 of 2 steps (100%) done
Complete log: /Users/uricchio/projects/poison/sodiumChannelPaper/Figures/FigureS1/.snakemake/log/2021-05-03T145715.098969.snakemake.log
