Building DAG of jobs...
Using shell: /bin/bash
Provided cores: 1 (use --cores to define parallelism)
Rules claiming more threads will be scaled down.
Job stats:
job             count    min threads    max threads
------------  -------  -------------  -------------
all                 1              1              1
make_concord        2              1              1
make_lens           1              1              1
plot_data           1              1              1
total               5              1              1

Select jobs to execute...

[Fri Jul 22 11:23:02 2022]
rule make_lens:
    input: ../../alignments/assembs_xenPum_ref_HPfixed
    output: plot_data/lens_xenPum_ref_HPfixed.txt
    jobid: 3
    reason: Updated input files: ../../alignments/assembs_xenPum_ref_HPfixed
    wildcards: sample=xenPum_ref_HPfixed
    resources: tmpdir=/var/folders/2l/zp0wk9q9097fqhyymq39vg880000gn/T

[Fri Jul 22 11:23:03 2022]
Finished job 3.
1 of 5 steps (20%) done
Select jobs to execute...

[Fri Jul 22 11:23:03 2022]
rule make_concord:
    input: ../../sodiumChannelPaperAnalyses/trees_xenPum_ref_HPfixed_DNA
    output: plot_data/trees_xenPum_ref_HPfixed_DNA.txt
    jobid: 1
    reason: Updated input files: ../../sodiumChannelPaperAnalyses/trees_xenPum_ref_HPfixed_DNA
    wildcards: sample=xenPum_ref_HPfixed_DNA
    resources: tmpdir=/var/folders/2l/zp0wk9q9097fqhyymq39vg880000gn/T

[Fri Jul 22 11:23:04 2022]
Finished job 1.
2 of 5 steps (40%) done
Select jobs to execute...

[Fri Jul 22 11:23:04 2022]
rule make_concord:
    input: ../../sodiumChannelPaperAnalyses/trees_xen_ref_HPfixed_DNA
    output: plot_data/trees_xen_ref_HPfixed_DNA.txt
    jobid: 2
    reason: Updated input files: ../../sodiumChannelPaperAnalyses/trees_xen_ref_HPfixed_DNA
    wildcards: sample=xen_ref_HPfixed_DNA
    resources: tmpdir=/var/folders/2l/zp0wk9q9097fqhyymq39vg880000gn/T

[Fri Jul 22 11:23:05 2022]
Finished job 2.
3 of 5 steps (60%) done
Select jobs to execute...

[Fri Jul 22 11:23:05 2022]
rule plot_data:
    input: plot_data/trees_xenPum_ref_HPfixed_DNA.txt, plot_data/trees_xen_ref_HPfixed_DNA.txt, plot_data/lens_xenPum_ref_HPfixed.txt, plot_data/lens_xen_ref_HPfixed.txt
    output: plot_data/summary_alignments_xenPum_ref_HPfixed.pdf, plot_data/summary_alignments_xen_ref_HPfixed.pdf
    jobid: 5
    reason: Input files updated by another job: plot_data/lens_xenPum_ref_HPfixed.txt, plot_data/trees_xenPum_ref_HPfixed_DNA.txt, plot_data/trees_xen_ref_HPfixed_DNA.txt
    resources: tmpdir=/var/folders/2l/zp0wk9q9097fqhyymq39vg880000gn/T

[Fri Jul 22 11:23:06 2022]
Finished job 5.
4 of 5 steps (80%) done
Select jobs to execute...

[Fri Jul 22 11:23:06 2022]
localrule all:
    input: plot_data/trees_xenPum_ref_HPfixed_DNA.txt, plot_data/trees_xen_ref_HPfixed_DNA.txt, plot_data/lens_xenPum_ref_HPfixed.txt, plot_data/lens_xen_ref_HPfixed.txt, plot_data/summary_alignments_xenPum_ref_HPfixed.pdf, plot_data/summary_alignments_xen_ref_HPfixed.pdf
    jobid: 0
    reason: Input files updated by another job: plot_data/lens_xenPum_ref_HPfixed.txt, plot_data/trees_xenPum_ref_HPfixed_DNA.txt, plot_data/summary_alignments_xenPum_ref_HPfixed.pdf, plot_data/trees_xen_ref_HPfixed_DNA.txt, plot_data/summary_alignments_xen_ref_HPfixed.pdf
    resources: tmpdir=/var/folders/2l/zp0wk9q9097fqhyymq39vg880000gn/T

[Fri Jul 22 11:23:06 2022]
Finished job 0.
5 of 5 steps (100%) done
Complete log: .snakemake/log/2022-07-22T112301.958773.snakemake.log
