Building DAG of jobs...
Using shell: /bin/bash
Provided cores: 1 (use --cores to define parallelism)
Rules claiming more threads will be scaled down.
Job stats:
job             count    min threads    max threads
------------  -------  -------------  -------------
all                 1              1              1
make_concord        2              1              1
make_lens           2              1              1
plot_data           1              1              1
total               6              1              1

Select jobs to execute...

[Mon Jul 18 16:33:08 2022]
rule make_lens:
    input: ../../alignments/assembs_xenPum_ref_HPfixed
    output: plot_data/lens_xenPum_ref_HPfixed.txt
    jobid: 3
    reason: Code has changed since last execution
    wildcards: sample=xenPum_ref_HPfixed
    resources: tmpdir=/var/folders/2l/zp0wk9q9097fqhyymq39vg880000gn/T

[Mon Jul 18 16:33:09 2022]
Finished job 3.
1 of 6 steps (17%) done
Select jobs to execute...

[Mon Jul 18 16:33:09 2022]
rule make_concord:
    input: ../../sodiumChannelPaperAnalyses/trees_xen_ref_HPfixed_DNA
    output: plot_data/trees_xen_ref_HPfixed_DNA.txt
    jobid: 2
    reason: Code has changed since last execution
    wildcards: sample=xen_ref_HPfixed_DNA
    resources: tmpdir=/var/folders/2l/zp0wk9q9097fqhyymq39vg880000gn/T

[Mon Jul 18 16:33:10 2022]
Finished job 2.
2 of 6 steps (33%) done
Select jobs to execute...

[Mon Jul 18 16:33:10 2022]
rule make_lens:
    input: ../../alignments/assembs_xen_ref_HPfixed
    output: plot_data/lens_xen_ref_HPfixed.txt
    jobid: 4
    reason: Code has changed since last execution
    wildcards: sample=xen_ref_HPfixed
    resources: tmpdir=/var/folders/2l/zp0wk9q9097fqhyymq39vg880000gn/T

[Mon Jul 18 16:33:11 2022]
Finished job 4.
3 of 6 steps (50%) done
Select jobs to execute...

[Mon Jul 18 16:33:11 2022]
rule make_concord:
    input: ../../sodiumChannelPaperAnalyses/trees_xenPum_ref_HPfixed_DNA
    output: plot_data/trees_xenPum_ref_HPfixed_DNA.txt
    jobid: 1
    reason: Code has changed since last execution
    wildcards: sample=xenPum_ref_HPfixed_DNA
    resources: tmpdir=/var/folders/2l/zp0wk9q9097fqhyymq39vg880000gn/T

[Mon Jul 18 16:33:12 2022]
Finished job 1.
4 of 6 steps (67%) done
Select jobs to execute...

[Mon Jul 18 16:33:12 2022]
rule plot_data:
    input: plot_data/trees_xenPum_ref_HPfixed_DNA.txt, plot_data/trees_xen_ref_HPfixed_DNA.txt, plot_data/lens_xenPum_ref_HPfixed.txt, plot_data/lens_xen_ref_HPfixed.txt
    output: plot_data/summary_alignments_xenPum_ref_HPfixed.pdf, plot_data/summary_alignments_xen_ref_HPfixed.pdf
    jobid: 5
    reason: Input files updated by another job: plot_data/trees_xenPum_ref_HPfixed_DNA.txt, plot_data/lens_xenPum_ref_HPfixed.txt, plot_data/trees_xen_ref_HPfixed_DNA.txt, plot_data/lens_xen_ref_HPfixed.txt
    resources: tmpdir=/var/folders/2l/zp0wk9q9097fqhyymq39vg880000gn/T

[Mon Jul 18 16:33:13 2022]
Finished job 5.
5 of 6 steps (83%) done
Select jobs to execute...

[Mon Jul 18 16:33:13 2022]
localrule all:
    input: plot_data/trees_xenPum_ref_HPfixed_DNA.txt, plot_data/trees_xen_ref_HPfixed_DNA.txt, plot_data/lens_xenPum_ref_HPfixed.txt, plot_data/lens_xen_ref_HPfixed.txt, plot_data/summary_alignments_xenPum_ref_HPfixed.pdf, plot_data/summary_alignments_xen_ref_HPfixed.pdf
    jobid: 0
    reason: Input files updated by another job: plot_data/summary_alignments_xen_ref_HPfixed.pdf, plot_data/summary_alignments_xenPum_ref_HPfixed.pdf, plot_data/lens_xenPum_ref_HPfixed.txt, plot_data/trees_xen_ref_HPfixed_DNA.txt, plot_data/lens_xen_ref_HPfixed.txt, plot_data/trees_xenPum_ref_HPfixed_DNA.txt
    resources: tmpdir=/var/folders/2l/zp0wk9q9097fqhyymq39vg880000gn/T

[Mon Jul 18 16:33:13 2022]
Finished job 0.
6 of 6 steps (100%) done
Complete log: .snakemake/log/2022-07-18T163308.453537.snakemake.log
