
RAxML-NG v. 1.0.0 released on 07.08.2020 by The Exelixis Lab.
Developed by: Alexey M. Kozlov and Alexandros Stamatakis.
Contributors: Diego Darriba, Tomas Flouri, Benoit Morel, Sarah Lutteropp, Ben Bettisworth.
Latest version: https://github.com/amkozlov/raxml-ng
Questions/problems/suggestions? Please visit: https://groups.google.com/forum/#!forum/raxml

System: Intel(R) Xeon(R) CPU E5-2670 v2 @ 2.50GHz, 20 cores, 62 GB RAM

RAxML-NG was called at 06-Jan-2021 21:30:00 as follows:

/global/home/users/uricchio/software/raxml-ng-master/raxml-ng --msa trees/t60d10k35.orig.raxml.rba --model PROTGTR --prefix trees/t60d10k35.orig --redo

Analysis options:
  run mode: ML tree search
  start tree(s): random (10) + parsimony (10)
  random seed: 1609997400
  tip-inner: OFF
  pattern compression: ON
  per-rate scalers: OFF
  site repeats: ON
  fast spr radius: AUTO
  spr subtree cutoff: 1.000000
  branch lengths: proportional (ML estimate, algorithm: NR-FAST)
  SIMD kernels: AVX
  parallelization: coarse-grained (auto), PTHREADS (auto)

WARNING: Running in REDO mode: existing checkpoints are ignored, and all result files will be overwritten!

WARNING: The model you specified on the command line (PROTGTR) will be ignored 
         since the binary MSA file already contains a model definition.
         If you want to change the model, please re-run RAxML-NG 
         with the original PHYLIP/FASTA alignment and --redo option.

[00:00:00] Loading binary alignment from file: trees/t60d10k35.orig.raxml.rba
[00:00:00] Alignment comprises 60 taxa, 1 partitions and 2057 patterns

Partition 0: noname
Model: PROTGTR+FO
Alignment sites / patterns: 3139 / 2057
Gaps: 43.95 %
Invariant sites: 52.05 %


Parallelization scheme autoconfig: 10 worker(s) x 2 thread(s)

Parallel reduction/worker buffer size: 1 KB  / 0 KB

[00:00:00] Generating 10 random starting tree(s) with 60 taxa
[00:00:00] Generating 10 parsimony starting tree(s) with 60 taxa
[00:00:00] Data distribution: max. partitions/sites/weight per thread: 1 / 1029 / 20580
[00:00:00] Data distribution: max. searches per worker: 2

Starting ML tree search with 20 distinct starting trees

[00:00:00 -103856.692185] Initial branch length optimization
[00:00:00 -96219.028114] Model parameter optimization (eps = 10.000000)
[00:15:51 -87830.482937] AUTODETECT spr round 1 (radius: 5)
[00:15:54 -58009.569361] AUTODETECT spr round 2 (radius: 10)
[00:15:57 -55107.515431] AUTODETECT spr round 3 (radius: 15)
[00:16:00 -55107.513431] SPR radius for FAST iterations: 10 (autodetect)
[00:16:00 -55107.513431] Model parameter optimization (eps = 3.000000)
[00:23:28 -54830.565309] FAST spr round 1 (radius: 10)
[00:23:34 -53951.059165] FAST spr round 2 (radius: 10)
[00:23:38 -53560.150024] FAST spr round 3 (radius: 10)
[00:23:42 -53503.469168] FAST spr round 4 (radius: 10)
[00:23:45 -53409.499858] FAST spr round 5 (radius: 10)
[00:23:49 -53390.195267] FAST spr round 6 (radius: 10)
[00:23:52 -53383.166690] FAST spr round 7 (radius: 10)
[00:23:55 -53381.142173] FAST spr round 8 (radius: 10)
[00:23:59 -53378.580782] FAST spr round 9 (radius: 10)
[00:24:02 -53378.064880] FAST spr round 10 (radius: 10)
[00:24:03] [worker #4] ML tree search #5, logLikelihood: -53063.193847
[00:24:05 -53378.064876] Model parameter optimization (eps = 1.000000)
[00:26:07] [worker #9] ML tree search #10, logLikelihood: -53178.898725
[00:26:51] [worker #5] ML tree search #6, logLikelihood: -53027.025419
[00:27:13] [worker #2] ML tree search #3, logLikelihood: -52953.618558
[00:27:17] [worker #7] ML tree search #8, logLikelihood: -52915.838539
[00:28:06 -53358.668075] SLOW spr round 1 (radius: 5)
[00:28:14 -53358.668045] SLOW spr round 2 (radius: 10)
[00:28:22 -53358.668045] SLOW spr round 3 (radius: 15)
[00:28:31 -52920.266807] SLOW spr round 4 (radius: 5)
[00:28:42] [worker #8] ML tree search #9, logLikelihood: -52910.667834
[00:28:45 -52920.266807] SLOW spr round 5 (radius: 10)
[00:28:55 -52920.266807] SLOW spr round 6 (radius: 15)
[00:29:04 -52920.266807] SLOW spr round 7 (radius: 20)
[00:29:08 -52920.266807] SLOW spr round 8 (radius: 25)
[00:29:08 -52920.266807] Model parameter optimization (eps = 0.100000)
[00:29:55] [worker #6] ML tree search #7, logLikelihood: -52977.559275

[00:30:20] [worker #0] ML tree search #1, logLikelihood: -52916.111686

[00:30:20 -65451.445443] Initial branch length optimization
[00:30:21 -57888.848548] Model parameter optimization (eps = 10.000000)
[00:31:36] [worker #3] ML tree search #4, logLikelihood: -53100.576969
[00:33:23] [worker #1] ML tree search #2, logLikelihood: -53004.342932
[00:37:49 -53595.952339] AUTODETECT spr round 1 (radius: 5)
[00:37:51 -53127.274297] AUTODETECT spr round 2 (radius: 10)
[00:37:56 -53127.268826] SPR radius for FAST iterations: 5 (autodetect)
[00:37:56 -53127.268826] Model parameter optimization (eps = 3.000000)
[00:38:58] [worker #9] ML tree search #20, logLikelihood: -53143.623544
[00:40:16] [worker #2] ML tree search #13, logLikelihood: -52953.602169
[00:41:05 -53116.044146] FAST spr round 1 (radius: 5)
[00:41:08 -53067.109103] FAST spr round 2 (radius: 5)
[00:41:11 -53049.321991] FAST spr round 3 (radius: 5)
[00:41:14 -53041.852684] FAST spr round 4 (radius: 5)
[00:41:18 -53038.356108] FAST spr round 5 (radius: 5)
[00:41:21 -53038.294539] Model parameter optimization (eps = 1.000000)
[00:41:52] [worker #4] ML tree search #15, logLikelihood: -52908.946977
[00:43:07] [worker #5] ML tree search #16, logLikelihood: -52908.954507
[00:43:07 -53033.832771] SLOW spr round 1 (radius: 5)
[00:43:15 -53033.832758] SLOW spr round 2 (radius: 10)
[00:43:23 -53033.832758] SLOW spr round 3 (radius: 15)
[00:43:29] [worker #7] ML tree search #18, logLikelihood: -52953.605617
[00:43:30 -53033.832758] SLOW spr round 4 (radius: 20)
[00:43:31 -53033.832758] SLOW spr round 5 (radius: 25)
[00:43:31 -53033.832758] Model parameter optimization (eps = 0.100000)

[00:44:00] [worker #0] ML tree search #11, logLikelihood: -53033.787724

[00:44:06] [worker #8] ML tree search #19, logLikelihood: -52905.470905
[00:44:49] [worker #3] ML tree search #14, logLikelihood: -52953.598927
[00:46:15] [worker #6] ML tree search #17, logLikelihood: -53079.405071
[00:47:58] [worker #1] ML tree search #12, logLikelihood: -53076.986828

Optimized model parameters:

   Partition 0: noname
   Rate heterogeneity: NONE
   Base frequencies (ML): 0.048186 0.041403 0.052592 0.043269 0.028475 0.027381 0.056852 0.053609 0.012638 0.083423 0.108972 0.053742 0.033444 0.079958 0.034671 0.067324 0.049148 0.017633 0.031823 0.075457 
   Substitution rates (ML): 0.161005 1.151126 1.106573 0.800994 1.547809 1.474649 2.488116 0.819794 1.190016 0.751113 0.984415 0.826052 0.559246 3.087383 5.402143 4.913143 0.786141 0.211488 3.099376 0.759007 0.536069 0.174262 3.972167 0.211841 0.789963 5.320656 0.728129 0.691876 8.183702 0.388268 0.345497 0.628222 0.816821 0.675245 0.120054 1.497973 0.185872 3.865221 0.176795 1.136086 1.119508 0.759648 8.164320 0.241907 0.200533 1.701259 0.214806 0.279524 0.595835 3.850763 1.787247 0.200337 2.045792 0.468351 0.020913 1.368245 8.137730 1.408557 1.171697 0.310116 0.303523 0.621508 0.482104 0.188043 0.836899 0.879550 1.153556 0.001000 0.810718 0.248453 0.001000 0.269322 0.623008 0.001000 0.960197 1.010422 0.070537 1.459802 1.106848 0.088319 1.105440 1.241911 3.779074 1.418821 1.109880 5.546633 0.228476 11.373494 0.067579 1.120805 6.524983 1.460924 0.340163 2.207444 1.384932 1.262892 1.774246 1.651241 0.701568 1.074108 2.129920 0.093576 0.361339 1.824124 0.336815 0.149843 0.928326 1.200994 1.513124 0.001000 0.716193 0.868630 1.891205 0.128687 0.159860 0.624615 0.186641 0.256298 0.231748 2.774166 0.847244 0.439655 0.683572 0.518194 0.001000 1.655033 1.263826 1.042191 0.892571 1.997597 1.152339 1.318720 0.001000 10.044388 0.397684 2.486995 0.751352 3.277392 1.092966 0.251293 0.737230 2.013783 0.232671 1.072450 6.574229 0.739977 4.518515 1.901853 0.916761 0.751241 0.358882 0.321798 0.572203 1.653079 0.561951 0.252467 1.174411 0.485152 1.573136 0.438204 0.822870 0.614451 1.121029 0.274811 0.267402 1.400357 0.623186 0.327814 2.427363 0.218815 0.989510 0.414202 1.245664 8.285099 0.724394 2.094956 1.022613 0.001000 0.391976 0.132651 6.652137 0.142833 1.541729 0.244345 0.092000 0.771582 2.464058 1.687931 0.196149 1.000000 


Final LogLikelihood: -52905.470905

AIC score: 106460.941810 / AICc score: 106536.270641 / BIC score: 108427.731166
Free parameters (model + branch lengths): 325

WARNING: Best ML tree contains 1 near-zero branches!

Best ML tree with collapsed near-zero branches saved to: /global/home/users/uricchio/software/HybPiper-master/HPwrap/trees/t60d10k35.orig.raxml.bestTreeCollapsed
Best ML tree saved to: /global/home/users/uricchio/software/HybPiper-master/HPwrap/trees/t60d10k35.orig.raxml.bestTree
All ML trees saved to: /global/home/users/uricchio/software/HybPiper-master/HPwrap/trees/t60d10k35.orig.raxml.mlTrees
Optimized model saved to: /global/home/users/uricchio/software/HybPiper-master/HPwrap/trees/t60d10k35.orig.raxml.bestModel

Execution log saved to: /global/home/users/uricchio/software/HybPiper-master/HPwrap/trees/t60d10k35.orig.raxml.log

Analysis started: 06-Jan-2021 21:30:00 / finished: 06-Jan-2021 22:17:59

Elapsed time: 2878.778 seconds

Consumed energy: 167.407 Wh

