
RAxML-NG v. 1.0.0 released on 07.08.2020 by The Exelixis Lab.
Developed by: Alexey M. Kozlov and Alexandros Stamatakis.
Contributors: Diego Darriba, Tomas Flouri, Benoit Morel, Sarah Lutteropp, Ben Bettisworth.
Latest version: https://github.com/amkozlov/raxml-ng
Questions/problems/suggestions? Please visit: https://groups.google.com/forum/#!forum/raxml

System: Intel(R) Xeon(R) CPU E5-2670 v2 @ 2.50GHz, 20 cores, 62 GB RAM

RAxML-NG was called at 06-Jan-2021 20:47:36 as follows:

/global/home/users/uricchio/software/raxml-ng-master/raxml-ng --msa trees/t64d10k35.pruned.raxml.rba --model PROTGTR --prefix trees/t64d10k35.pruned --redo

Analysis options:
  run mode: ML tree search
  start tree(s): random (10) + parsimony (10)
  random seed: 1609994856
  tip-inner: OFF
  pattern compression: ON
  per-rate scalers: OFF
  site repeats: ON
  fast spr radius: AUTO
  spr subtree cutoff: 1.000000
  branch lengths: proportional (ML estimate, algorithm: NR-FAST)
  SIMD kernels: AVX
  parallelization: coarse-grained (auto), PTHREADS (auto)

WARNING: Running in REDO mode: existing checkpoints are ignored, and all result files will be overwritten!

WARNING: The model you specified on the command line (PROTGTR) will be ignored 
         since the binary MSA file already contains a model definition.
         If you want to change the model, please re-run RAxML-NG 
         with the original PHYLIP/FASTA alignment and --redo option.

[00:00:00] Loading binary alignment from file: trees/t64d10k35.pruned.raxml.rba
[00:00:00] Alignment comprises 60 taxa, 1 partitions and 1910 patterns

Partition 0: noname
Model: PROTGTR+FO
Alignment sites / patterns: 2592 / 1910
Gaps: 36.55 %
Invariant sites: 44.95 %


Parallelization scheme autoconfig: 10 worker(s) x 2 thread(s)

Parallel reduction/worker buffer size: 1 KB  / 0 KB

[00:00:00] Generating 10 random starting tree(s) with 60 taxa
[00:00:00] Generating 10 parsimony starting tree(s) with 60 taxa
[00:00:00] Data distribution: max. partitions/sites/weight per thread: 1 / 955 / 19100
[00:00:00] Data distribution: max. searches per worker: 2

Starting ML tree search with 20 distinct starting trees

[00:00:00 -91469.386413] Initial branch length optimization
[00:00:00 -84697.928997] Model parameter optimization (eps = 10.000000)
[00:12:01 -77334.743427] AUTODETECT spr round 1 (radius: 5)
[00:12:04 -52275.030151] AUTODETECT spr round 2 (radius: 10)
[00:12:07 -49171.203199] AUTODETECT spr round 3 (radius: 15)
[00:12:10 -49171.196119] SPR radius for FAST iterations: 10 (autodetect)
[00:12:10 -49171.196119] Model parameter optimization (eps = 3.000000)
[00:19:14 -48960.515685] FAST spr round 1 (radius: 10)
[00:19:19 -47989.108551] FAST spr round 2 (radius: 10)
[00:19:22 -47972.317786] FAST spr round 3 (radius: 10)
[00:19:25 -47938.471887] FAST spr round 4 (radius: 10)
[00:19:28 -47903.155159] FAST spr round 5 (radius: 10)
[00:19:31 -47841.438902] FAST spr round 6 (radius: 10)
[00:19:34 -47840.299679] FAST spr round 7 (radius: 10)
[00:19:37 -47838.425789] FAST spr round 8 (radius: 10)
[00:19:41 -47838.425669] Model parameter optimization (eps = 1.000000)
[00:21:29 -47821.959442] SLOW spr round 1 (radius: 5)
[00:21:37 -47821.959367] SLOW spr round 2 (radius: 10)
[00:21:45 -47821.959366] SLOW spr round 3 (radius: 15)
[00:21:53 -47821.959366] SLOW spr round 4 (radius: 20)
[00:21:58 -47821.959366] SLOW spr round 5 (radius: 25)
[00:21:59 -47821.959366] Model parameter optimization (eps = 0.100000)

[00:22:26] [worker #0] ML tree search #1, logLikelihood: -47821.886089

[00:22:26 -59837.344385] Initial branch length optimization
[00:22:26 -52437.743675] Model parameter optimization (eps = 10.000000)
[00:27:23] [worker #8] ML tree search #9, logLikelihood: -47801.495193
[00:27:46] [worker #7] ML tree search #8, logLikelihood: -47820.050272
[00:28:45] [worker #1] ML tree search #2, logLikelihood: -47823.364873
[00:29:12] [worker #2] ML tree search #3, logLikelihood: -47836.542712
[00:30:00] [worker #4] ML tree search #5, logLikelihood: -47820.059656
[00:30:00] [worker #3] ML tree search #4, logLikelihood: -47823.334005
[00:30:16 -48444.563191] AUTODETECT spr round 1 (radius: 5)
[00:30:18 -47970.112844] AUTODETECT spr round 2 (radius: 10)
[00:30:22 -47970.109615] SPR radius for FAST iterations: 5 (autodetect)
[00:30:22 -47970.109615] Model parameter optimization (eps = 3.000000)
[00:30:30] [worker #5] ML tree search #6, logLikelihood: -47801.482636
[00:32:10] [worker #6] ML tree search #7, logLikelihood: -47820.070351
[00:33:00] [worker #9] ML tree search #10, logLikelihood: -47823.346844
[00:34:21 -47957.859049] FAST spr round 1 (radius: 5)
[00:34:25 -47830.542777] FAST spr round 2 (radius: 5)
[00:34:28 -47820.677292] FAST spr round 3 (radius: 5)
[00:34:31 -47814.687760] FAST spr round 4 (radius: 5)
[00:34:34 -47813.774076] FAST spr round 5 (radius: 5)
[00:34:36 -47813.774075] Model parameter optimization (eps = 1.000000)
[00:36:18 -47810.064174] SLOW spr round 1 (radius: 5)
[00:36:26 -47810.064135] SLOW spr round 2 (radius: 10)
[00:36:33 -47810.064135] SLOW spr round 3 (radius: 15)
[00:36:41 -47810.064135] SLOW spr round 4 (radius: 20)
[00:36:46 -47810.064135] SLOW spr round 5 (radius: 25)
[00:36:46 -47810.064135] Model parameter optimization (eps = 0.100000)

[00:37:30] [worker #0] ML tree search #11, logLikelihood: -47810.019227

[00:40:05] [worker #8] ML tree search #19, logLikelihood: -47832.633456
[00:42:09] [worker #5] ML tree search #16, logLikelihood: -47813.736871
[00:42:24] [worker #2] ML tree search #13, logLikelihood: -47949.048139
[00:43:03] [worker #4] ML tree search #15, logLikelihood: -47820.049036
[00:44:08] [worker #7] ML tree search #18, logLikelihood: -47822.241321
[00:44:46] [worker #1] ML tree search #12, logLikelihood: -47823.362261
[00:46:12] [worker #6] ML tree search #17, logLikelihood: -47832.608391
[00:46:39] [worker #3] ML tree search #14, logLikelihood: -47851.772902
[00:47:57] [worker #9] ML tree search #20, logLikelihood: -47809.403430

Optimized model parameters:

   Partition 0: noname
   Rate heterogeneity: NONE
   Base frequencies (ML): 0.051850 0.042198 0.050118 0.047980 0.027808 0.026735 0.060835 0.052995 0.014487 0.082507 0.103408 0.057972 0.032972 0.075659 0.035802 0.067717 0.047506 0.015449 0.034602 0.071400 
   Substitution rates (ML): 0.350978 2.479576 1.594129 0.702923 2.101233 1.717001 3.186951 1.225471 1.497507 1.200929 1.147875 0.970033 0.539428 4.405853 6.945034 6.899375 1.433310 0.700534 4.357873 1.441375 0.354401 0.285700 5.387918 0.509567 1.271953 7.817524 0.993188 1.292178 10.428148 0.158358 0.558733 0.954122 1.740907 1.106782 0.163855 1.873546 0.299249 4.823029 0.001000 1.146720 2.012678 1.538098 10.741426 0.312017 0.314630 2.200722 0.348679 0.412527 0.718020 5.279187 3.309625 0.442963 2.870776 0.894643 0.049057 2.087653 10.887391 1.848419 2.391373 0.468828 0.526259 0.929538 0.632976 0.373488 0.676216 0.891222 2.080123 0.001000 0.562819 0.385365 0.001000 0.428864 1.429583 0.001000 1.381535 1.183006 0.360202 2.469543 1.307604 0.001000 1.608911 1.664628 4.650282 1.734801 1.520153 6.930674 0.123852 16.575797 0.467866 1.565553 8.442691 3.126622 0.566943 4.017798 2.248357 1.693630 1.913530 2.869387 0.853083 1.859266 2.361066 0.235916 0.620297 2.224790 0.591500 0.055397 1.568329 1.743766 1.819995 0.118410 0.472826 1.289018 2.894624 0.111671 0.173256 0.929234 0.137001 0.267405 0.299533 4.101142 1.300220 0.903781 0.830385 0.837925 0.201017 2.900955 2.062022 0.018823 1.438228 1.612160 0.882620 0.272679 0.713618 13.338677 0.896479 3.366040 1.065412 5.494236 2.067808 0.223472 1.133133 2.977643 0.727204 1.638015 10.265679 1.052577 6.680900 2.983411 1.178723 0.854183 0.526249 0.538612 1.131690 2.484423 0.664996 0.311672 1.118251 0.885714 2.341421 0.688714 0.537431 0.965183 1.675527 0.845212 0.413882 2.149381 0.867902 0.001000 3.499803 0.072502 1.422246 0.690667 1.833580 12.684537 1.120995 3.010214 1.346544 0.229357 0.586020 0.390519 9.308478 0.139178 1.331522 0.284409 0.001000 1.035008 3.457221 3.102233 0.001000 1.000000 


Final LogLikelihood: -47801.482636

AIC score: 96252.965271 / AICc score: 96346.478069 / BIC score: 98157.525415
Free parameters (model + branch lengths): 325

Best ML tree saved to: /global/home/users/uricchio/software/HybPiper-master/HPwrap/trees/t64d10k35.pruned.raxml.bestTree
All ML trees saved to: /global/home/users/uricchio/software/HybPiper-master/HPwrap/trees/t64d10k35.pruned.raxml.mlTrees
Optimized model saved to: /global/home/users/uricchio/software/HybPiper-master/HPwrap/trees/t64d10k35.pruned.raxml.bestModel

Execution log saved to: /global/home/users/uricchio/software/HybPiper-master/HPwrap/trees/t64d10k35.pruned.raxml.log

Analysis started: 06-Jan-2021 20:47:36 / finished: 06-Jan-2021 21:35:33

Elapsed time: 2877.843 seconds

Consumed energy: 160.369 Wh

