
RAxML-NG v. 1.0.0 released on 07.08.2020 by The Exelixis Lab.
Developed by: Alexey M. Kozlov and Alexandros Stamatakis.
Contributors: Diego Darriba, Tomas Flouri, Benoit Morel, Sarah Lutteropp, Ben Bettisworth.
Latest version: https://github.com/amkozlov/raxml-ng
Questions/problems/suggestions? Please visit: https://groups.google.com/forum/#!forum/raxml

System: Intel(R) Xeon(R) CPU E5-2670 v2 @ 2.50GHz, 20 cores, 62 GB RAM

RAxML-NG was called at 06-Jan-2021 22:11:22 as follows:

/global/home/users/uricchio/software/raxml-ng-master/raxml-ng --msa trees/t64d10k45.pruned.raxml.rba --model PROTGTR --prefix trees/t64d10k45.pruned --redo

Analysis options:
  run mode: ML tree search
  start tree(s): random (10) + parsimony (10)
  random seed: 1609999881
  tip-inner: OFF
  pattern compression: ON
  per-rate scalers: OFF
  site repeats: ON
  fast spr radius: AUTO
  spr subtree cutoff: 1.000000
  branch lengths: proportional (ML estimate, algorithm: NR-FAST)
  SIMD kernels: AVX
  parallelization: coarse-grained (auto), PTHREADS (auto)

WARNING: Running in REDO mode: existing checkpoints are ignored, and all result files will be overwritten!

WARNING: The model you specified on the command line (PROTGTR) will be ignored 
         since the binary MSA file already contains a model definition.
         If you want to change the model, please re-run RAxML-NG 
         with the original PHYLIP/FASTA alignment and --redo option.

[00:00:00] Loading binary alignment from file: trees/t64d10k45.pruned.raxml.rba
[00:00:00] Alignment comprises 60 taxa, 1 partitions and 1900 patterns

Partition 0: noname
Model: PROTGTR+FO
Alignment sites / patterns: 2593 / 1900
Gaps: 36.55 %
Invariant sites: 45.35 %


Parallelization scheme autoconfig: 10 worker(s) x 2 thread(s)

Parallel reduction/worker buffer size: 1 KB  / 0 KB

[00:00:00] Generating 10 random starting tree(s) with 60 taxa
[00:00:00] Generating 10 parsimony starting tree(s) with 60 taxa
[00:00:00] Data distribution: max. partitions/sites/weight per thread: 1 / 950 / 19000
[00:00:00] Data distribution: max. searches per worker: 2

Starting ML tree search with 20 distinct starting trees

[00:00:00 -96565.343265] Initial branch length optimization
[00:00:00 -89283.286291] Model parameter optimization (eps = 10.000000)
[00:19:29 -81505.538917] AUTODETECT spr round 1 (radius: 5)
[00:19:31 -51357.077150] AUTODETECT spr round 2 (radius: 10)
[00:19:35 -49576.092850] AUTODETECT spr round 3 (radius: 15)
[00:19:37 -49576.088301] SPR radius for FAST iterations: 10 (autodetect)
[00:19:37 -49576.088301] Model parameter optimization (eps = 3.000000)
[00:20:52] [worker #2] ML tree search #3, logLikelihood: -48217.309457
[00:21:54] [worker #9] ML tree search #10, logLikelihood: -48217.335353
[00:23:17] [worker #6] ML tree search #7, logLikelihood: -48214.060799
[00:24:42] [worker #3] ML tree search #4, logLikelihood: -48217.312869
[00:25:12] [worker #5] ML tree search #6, logLikelihood: -48333.035517
[00:25:16] [worker #1] ML tree search #2, logLikelihood: -48218.636118
[00:27:23 -49283.599560] FAST spr round 1 (radius: 10)
[00:27:28 -48296.854052] FAST spr round 2 (radius: 10)
[00:27:32 -48241.591199] FAST spr round 3 (radius: 10)
[00:27:34 -48237.703967] FAST spr round 4 (radius: 10)
[00:27:37 -48234.236665] FAST spr round 5 (radius: 10)
[00:27:40 -48234.236659] Model parameter optimization (eps = 1.000000)
[00:27:59] [worker #4] ML tree search #5, logLikelihood: -48244.618047
[00:29:22] [worker #8] ML tree search #9, logLikelihood: -48231.414619
[00:30:40 -48219.350371] SLOW spr round 1 (radius: 5)
[00:30:47 -48219.350154] SLOW spr round 2 (radius: 10)
[00:30:54] [worker #7] ML tree search #8, logLikelihood: -48213.927729
[00:30:55 -48219.350153] SLOW spr round 3 (radius: 15)
[00:31:03 -48219.350153] SLOW spr round 4 (radius: 20)
[00:31:04 -48219.350153] SLOW spr round 5 (radius: 25)
[00:31:04 -48219.350153] Model parameter optimization (eps = 0.100000)

[00:31:23] [worker #0] ML tree search #1, logLikelihood: -48219.260757

[00:31:23 -60008.246652] Initial branch length optimization
[00:31:24 -52674.544766] Model parameter optimization (eps = 10.000000)
[00:32:43] [worker #2] ML tree search #13, logLikelihood: -48219.652903
[00:32:44] [worker #9] ML tree search #20, logLikelihood: -48218.639975
[00:35:34] [worker #6] ML tree search #17, logLikelihood: -48219.891225
[00:36:55 -48689.721389] AUTODETECT spr round 1 (radius: 5)
[00:36:57 -48460.781720] AUTODETECT spr round 2 (radius: 10)
[00:37:00 -48337.626438] AUTODETECT spr round 3 (radius: 15)
[00:37:02 -48337.626421] SPR radius for FAST iterations: 10 (autodetect)
[00:37:02 -48337.626421] Model parameter optimization (eps = 3.000000)
[00:37:32] [worker #3] ML tree search #14, logLikelihood: -48228.977442
[00:37:40] [worker #1] ML tree search #12, logLikelihood: -48204.422298
[00:37:45] [worker #5] ML tree search #16, logLikelihood: -48219.649642
[00:39:14] [worker #4] ML tree search #15, logLikelihood: -48204.325791
[00:39:35 -48325.506911] FAST spr round 1 (radius: 10)
[00:39:37 -48307.979751] FAST spr round 2 (radius: 10)
[00:39:40 -48235.288619] FAST spr round 3 (radius: 10)
[00:39:43 -48235.288604] Model parameter optimization (eps = 1.000000)
[00:39:57] [worker #8] ML tree search #19, logLikelihood: -48218.652003
[00:40:44 -48232.991947] SLOW spr round 1 (radius: 5)
[00:40:52 -48229.974610] SLOW spr round 2 (radius: 5)
[00:40:59 -48225.505504] SLOW spr round 3 (radius: 5)
[00:41:06 -48225.505435] SLOW spr round 4 (radius: 10)
[00:41:12 -48225.505423] SLOW spr round 5 (radius: 15)
[00:41:20 -48225.505420] SLOW spr round 6 (radius: 20)
[00:41:25 -48225.505419] SLOW spr round 7 (radius: 25)
[00:41:28 -48225.505419] Model parameter optimization (eps = 0.100000)

[00:42:03] [worker #0] ML tree search #11, logLikelihood: -48224.916502

[00:43:05] [worker #7] ML tree search #18, logLikelihood: -48228.834398

Optimized model parameters:

   Partition 0: noname
   Rate heterogeneity: NONE
   Base frequencies (ML): 0.049337 0.044933 0.051781 0.047020 0.026352 0.025733 0.058841 0.052484 0.014976 0.083412 0.105269 0.058718 0.032623 0.073179 0.036938 0.068267 0.048913 0.016613 0.033821 0.070789 
   Substitution rates (ML): 0.289950 1.860867 1.309195 0.647673 1.859076 1.377546 2.625067 0.955559 1.187962 0.975057 0.993533 0.768165 0.463313 3.443973 5.663599 5.411813 1.299601 0.446155 3.434648 1.176915 0.341574 0.213412 4.789428 0.256654 0.951645 5.657501 0.859118 0.774980 7.638355 0.197737 0.486303 0.652846 1.113321 0.755185 0.112565 1.430902 0.159564 4.098417 0.288380 1.037118 1.428036 1.035662 7.573696 0.242619 0.180571 1.543804 0.215343 0.395892 0.486569 3.961897 2.482320 0.127922 2.223919 0.626306 0.001000 1.765681 8.932288 1.363983 2.009055 0.354307 0.396975 0.749935 0.542086 0.301845 0.376109 0.793168 1.446616 0.001000 0.528288 0.241521 0.001000 0.312245 0.963284 0.001000 1.196669 1.032081 0.237703 2.006732 1.227836 0.001000 1.383337 1.197899 4.515310 1.709236 1.150785 5.717907 0.001000 12.589282 0.456281 1.432032 7.090115 2.095694 0.370819 3.326996 1.677283 1.347269 1.504793 2.422226 0.898424 1.461087 1.578189 0.233528 0.512203 1.787663 0.286430 0.122414 1.028138 1.408742 1.646462 0.088992 0.378327 0.969721 2.252012 0.113991 0.225454 0.719301 0.189026 0.202553 0.395737 3.303873 0.966777 0.654639 0.710714 0.638973 0.070965 2.080632 1.464113 0.001000 1.534662 1.151682 0.696452 0.504716 0.523278 9.719842 0.623904 2.618241 0.831686 3.987498 1.477918 0.134675 0.835998 2.258293 0.383732 1.199121 7.850558 0.789911 5.287215 2.317596 0.898780 0.700992 0.395252 0.620914 0.747676 2.033401 0.491614 0.246827 1.009582 0.636363 1.745353 0.575593 0.680275 0.640877 1.311727 0.514357 0.307743 1.639522 0.813313 0.001000 2.889992 0.133558 1.148724 0.620558 1.388688 10.117366 0.915258 2.378844 0.923022 0.167490 0.611876 0.322292 6.817866 0.208207 1.176675 0.315343 0.001000 0.744377 2.760321 2.139140 0.001000 1.000000 


Final LogLikelihood: -48204.325791

AIC score: 97058.651582 / AICc score: 97152.123130 / BIC score: 98963.337087
Free parameters (model + branch lengths): 325

Best ML tree saved to: /global/home/users/uricchio/software/HybPiper-master/HPwrap/trees/t64d10k45.pruned.raxml.bestTree
All ML trees saved to: /global/home/users/uricchio/software/HybPiper-master/HPwrap/trees/t64d10k45.pruned.raxml.mlTrees
Optimized model saved to: /global/home/users/uricchio/software/HybPiper-master/HPwrap/trees/t64d10k45.pruned.raxml.bestModel

Execution log saved to: /global/home/users/uricchio/software/HybPiper-master/HPwrap/trees/t64d10k45.pruned.raxml.log

Analysis started: 06-Jan-2021 22:11:22 / finished: 06-Jan-2021 22:54:27

Elapsed time: 2585.249 seconds

Consumed energy: 142.822 Wh

