
RAxML-NG v. 1.0.0 released on 07.08.2020 by The Exelixis Lab.
Developed by: Alexey M. Kozlov and Alexandros Stamatakis.
Contributors: Diego Darriba, Tomas Flouri, Benoit Morel, Sarah Lutteropp, Ben Bettisworth.
Latest version: https://github.com/amkozlov/raxml-ng
Questions/problems/suggestions? Please visit: https://groups.google.com/forum/#!forum/raxml

System: Intel(R) Xeon(R) CPU E5-2670 v2 @ 2.50GHz, 20 cores, 62 GB RAM

RAxML-NG was called at 21-Jul-2022 21:01:09 as follows:

/global/home/users/uricchio/software/raxml-ng-master/raxml-ng --model GTR+G --prefix trees_xenPum_ref_orig_DNA/t56d10k45.orig --redo --msa trees_xenPum_ref_orig_DNA/t56d10k45.orig.raxml.rba

Analysis options:
  run mode: ML tree search
  start tree(s): random (10) + parsimony (10)
  random seed: 1658462469
  tip-inner: OFF
  pattern compression: ON
  per-rate scalers: OFF
  site repeats: ON
  fast spr radius: AUTO
  spr subtree cutoff: 1.000000
  branch lengths: proportional (ML estimate, algorithm: NR-FAST)
  SIMD kernels: AVX
  parallelization: coarse-grained (auto), PTHREADS (auto)

WARNING: Running in REDO mode: existing checkpoints are ignored, and all result files will be overwritten!

WARNING: The model you specified on the command line (GTR+G) will be ignored 
         since the binary MSA file already contains a model definition.
         If you want to change the model, please re-run RAxML-NG 
         with the original PHYLIP/FASTA alignment and --redo option.

[00:00:00] Loading binary alignment from file: trees_xenPum_ref_orig_DNA/t56d10k45.orig.raxml.rba
[00:00:00] Alignment comprises 60 taxa, 1 partitions and 4755 patterns

Partition 0: noname
Model: GTR+FO+G4m
Alignment sites / patterns: 9297 / 4755
Gaps: 43.64 %
Invariant sites: 50.06 %


Parallelization scheme autoconfig: 5 worker(s) x 4 thread(s)

Parallel reduction/worker buffer size: 1 KB  / 0 KB

[00:00:00] Generating 10 random starting tree(s) with 60 taxa
[00:00:00] Generating 10 parsimony starting tree(s) with 60 taxa
[00:00:00] Data distribution: max. partitions/sites/weight per thread: 1 / 1189 / 19024
[00:00:00] Data distribution: max. searches per worker: 4

Starting ML tree search with 20 distinct starting trees

[00:00:00 -200705.538732] Initial branch length optimization
[00:00:00 -179284.574128] Model parameter optimization (eps = 10.000000)
[00:00:05 -172853.900081] AUTODETECT spr round 1 (radius: 5)
[00:00:06 -132491.082802] AUTODETECT spr round 2 (radius: 10)
[00:00:08 -123653.887803] AUTODETECT spr round 3 (radius: 15)
[00:00:09 -123653.734646] AUTODETECT spr round 4 (radius: 20)
[00:00:09 -123653.726403] SPR radius for FAST iterations: 15 (autodetect)
[00:00:09 -123653.726403] Model parameter optimization (eps = 3.000000)
[00:00:10 -123350.448936] FAST spr round 1 (radius: 15)
[00:00:13 -120917.813647] FAST spr round 2 (radius: 15)
[00:00:14 -120609.546975] FAST spr round 3 (radius: 15)
[00:00:16 -120583.168763] FAST spr round 4 (radius: 15)
[00:00:18 -120582.783506] FAST spr round 5 (radius: 15)
[00:00:19 -120582.782476] Model parameter optimization (eps = 1.000000)
[00:00:20 -120578.395011] SLOW spr round 1 (radius: 5)
[00:00:24 -120578.377604] SLOW spr round 2 (radius: 10)
[00:00:28] [worker #2] ML tree search #3, logLikelihood: -120578.326093
[00:00:29 -120578.377506] SLOW spr round 3 (radius: 15)
[00:00:29] [worker #4] ML tree search #5, logLikelihood: -120588.463031
[00:00:30] [worker #1] ML tree search #2, logLikelihood: -120820.939600
[00:00:32 -120578.377504] SLOW spr round 4 (radius: 20)
[00:00:33 -120578.377504] SLOW spr round 5 (radius: 25)
[00:00:33 -120578.377504] Model parameter optimization (eps = 0.100000)

[00:00:33] [worker #0] ML tree search #1, logLikelihood: -120578.336762

[00:00:33 -197847.893038] Initial branch length optimization
[00:00:33 -178327.706929] Model parameter optimization (eps = 10.000000)
[00:00:34] [worker #3] ML tree search #4, logLikelihood: -120588.472449
[00:00:36 -172198.777055] AUTODETECT spr round 1 (radius: 5)
[00:00:37 -133088.796512] AUTODETECT spr round 2 (radius: 10)
[00:00:38 -124099.640707] AUTODETECT spr round 3 (radius: 15)
[00:00:39 -124099.627527] SPR radius for FAST iterations: 10 (autodetect)
[00:00:39 -124099.627527] Model parameter optimization (eps = 3.000000)
[00:00:39 -123927.047390] FAST spr round 1 (radius: 10)
[00:00:42 -120951.249838] FAST spr round 2 (radius: 10)
[00:00:44 -120757.838900] FAST spr round 3 (radius: 10)
[00:00:45 -120735.273032] FAST spr round 4 (radius: 10)
[00:00:47 -120704.189347] FAST spr round 5 (radius: 10)
[00:00:48 -120702.346433] FAST spr round 6 (radius: 10)
[00:00:50 -120702.072523] FAST spr round 7 (radius: 10)
[00:00:51 -120702.072215] Model parameter optimization (eps = 1.000000)
[00:00:51 -120694.781540] SLOW spr round 1 (radius: 5)
[00:00:56 -120694.778974] SLOW spr round 2 (radius: 10)
[00:00:58] [worker #4] ML tree search #10, logLikelihood: -120588.457139
[00:00:58] [worker #1] ML tree search #7, logLikelihood: -120578.338789
[00:01:00 -120694.778935] SLOW spr round 3 (radius: 15)
[00:01:03] [worker #3] ML tree search #9, logLikelihood: -120578.337240
[00:01:04 -120694.778934] SLOW spr round 4 (radius: 20)
[00:01:05] [worker #2] ML tree search #8, logLikelihood: -120588.458723
[00:01:06 -120694.778934] SLOW spr round 5 (radius: 25)
[00:01:06 -120694.778934] Model parameter optimization (eps = 0.100000)

[00:01:06] [worker #0] ML tree search #6, logLikelihood: -120694.695437

[00:01:06 -129376.176775] Initial branch length optimization
[00:01:06 -123882.488300] Model parameter optimization (eps = 10.000000)
[00:01:07 -120999.761021] AUTODETECT spr round 1 (radius: 5)
[00:01:08 -120640.612531] AUTODETECT spr round 2 (radius: 10)
[00:01:10 -120640.611108] SPR radius for FAST iterations: 5 (autodetect)
[00:01:10 -120640.611108] Model parameter optimization (eps = 3.000000)
[00:01:10 -120639.323608] FAST spr round 1 (radius: 5)
[00:01:11 -120578.574157] FAST spr round 2 (radius: 5)
[00:01:12 -120578.573235] Model parameter optimization (eps = 1.000000)
[00:01:13 -120578.433668] SLOW spr round 1 (radius: 5)
[00:01:17 -120578.433396] SLOW spr round 2 (radius: 10)
[00:01:19] [worker #4] ML tree search #15, logLikelihood: -120588.461024
[00:01:21 -120578.433389] SLOW spr round 3 (radius: 15)
[00:01:22] [worker #1] ML tree search #12, logLikelihood: -120588.469483
[00:01:23] [worker #3] ML tree search #14, logLikelihood: -120578.398788
[00:01:25 -120578.433389] SLOW spr round 4 (radius: 20)
[00:01:25 -120578.433389] SLOW spr round 5 (radius: 25)
[00:01:25 -120578.433389] Model parameter optimization (eps = 0.100000)

[00:01:25] [worker #0] ML tree search #11, logLikelihood: -120578.394825

[00:01:25 -129060.797664] Initial branch length optimization
[00:01:25 -123721.671427] Model parameter optimization (eps = 10.000000)
[00:01:26] [worker #2] ML tree search #13, logLikelihood: -120588.462671
[00:01:26 -120868.704365] AUTODETECT spr round 1 (radius: 5)
[00:01:27 -120680.830343] AUTODETECT spr round 2 (radius: 10)
[00:01:29 -120680.825160] SPR radius for FAST iterations: 5 (autodetect)
[00:01:29 -120680.825160] Model parameter optimization (eps = 3.000000)
[00:01:29 -120680.026162] FAST spr round 1 (radius: 5)
[00:01:30 -120647.556877] FAST spr round 2 (radius: 5)
[00:01:31 -120637.238407] FAST spr round 3 (radius: 5)
[00:01:33 -120597.429165] FAST spr round 4 (radius: 5)
[00:01:34 -120589.273832] FAST spr round 5 (radius: 5)
[00:01:36 -120589.091770] FAST spr round 6 (radius: 5)
[00:01:37 -120589.091641] Model parameter optimization (eps = 1.000000)
[00:01:37 -120588.642847] SLOW spr round 1 (radius: 5)
[00:01:41] [worker #1] ML tree search #17, logLikelihood: -120578.412829
[00:01:42] [worker #4] ML tree search #20, logLikelihood: -120792.699957
[00:01:42 -120588.642514] SLOW spr round 2 (radius: 10)
[00:01:46 -120588.642507] SLOW spr round 3 (radius: 15)
[00:01:49] [worker #3] ML tree search #19, logLikelihood: -120588.460805
[00:01:50 -120588.642507] SLOW spr round 4 (radius: 20)
[00:01:50 -120588.642507] SLOW spr round 5 (radius: 25)
[00:01:50 -120588.642507] Model parameter optimization (eps = 0.100000)

[00:01:50] [worker #0] ML tree search #16, logLikelihood: -120588.459089

[00:01:52] [worker #2] ML tree search #18, logLikelihood: -120588.453333

Optimized model parameters:

   Partition 0: noname
   Rate heterogeneity: GAMMA (4 cats, mean),  alpha: 0.523156 (ML),  weights&rates: (0.250000,0.037756) (0.250000,0.266764) (0.250000,0.836413) (0.250000,2.859067) 
   Base frequencies (ML): 0.283194 0.211207 0.210562 0.295038 
   Substitution rates (ML): 1.328293 2.568348 1.213106 1.046444 3.042049 1.000000 


Final LogLikelihood: -120578.326093

AIC score: 241408.652186 / AICc score: 241412.142262 / BIC score: 242307.970514
Free parameters (model + branch lengths): 126

Best ML tree saved to: /global/home/users/uricchio/software/HybPiper-master/sodiumChannelPaperAnalyses/trees_xenPum_ref_orig_DNA/t56d10k45.orig.raxml.bestTree
All ML trees saved to: /global/home/users/uricchio/software/HybPiper-master/sodiumChannelPaperAnalyses/trees_xenPum_ref_orig_DNA/t56d10k45.orig.raxml.mlTrees
Optimized model saved to: /global/home/users/uricchio/software/HybPiper-master/sodiumChannelPaperAnalyses/trees_xenPum_ref_orig_DNA/t56d10k45.orig.raxml.bestModel

Execution log saved to: /global/home/users/uricchio/software/HybPiper-master/sodiumChannelPaperAnalyses/trees_xenPum_ref_orig_DNA/t56d10k45.orig.raxml.log

Analysis started: 21-Jul-2022 21:01:09 / finished: 21-Jul-2022 21:03:01

Elapsed time: 112.052 seconds

Consumed energy: 5.408 Wh

