
RAxML-NG v. 1.0.0 released on 07.08.2020 by The Exelixis Lab.
Developed by: Alexey M. Kozlov and Alexandros Stamatakis.
Contributors: Diego Darriba, Tomas Flouri, Benoit Morel, Sarah Lutteropp, Ben Bettisworth.
Latest version: https://github.com/amkozlov/raxml-ng
Questions/problems/suggestions? Please visit: https://groups.google.com/forum/#!forum/raxml

System: Intel(R) Xeon(R) CPU E5-2670 v2 @ 2.50GHz, 20 cores, 62 GB RAM

RAxML-NG was called at 21-Jul-2022 21:03:12 as follows:

/global/home/users/uricchio/software/raxml-ng-master/raxml-ng --model GTR+G --prefix trees_xenPum_ref_orig_DNA/t76d10k45.orig --redo --msa trees_xenPum_ref_orig_DNA/t76d10k45.orig.raxml.rba

Analysis options:
  run mode: ML tree search
  start tree(s): random (10) + parsimony (10)
  random seed: 1658462592
  tip-inner: OFF
  pattern compression: ON
  per-rate scalers: OFF
  site repeats: ON
  fast spr radius: AUTO
  spr subtree cutoff: 1.000000
  branch lengths: proportional (ML estimate, algorithm: NR-FAST)
  SIMD kernels: AVX
  parallelization: coarse-grained (auto), PTHREADS (auto)

WARNING: Running in REDO mode: existing checkpoints are ignored, and all result files will be overwritten!

WARNING: The model you specified on the command line (GTR+G) will be ignored 
         since the binary MSA file already contains a model definition.
         If you want to change the model, please re-run RAxML-NG 
         with the original PHYLIP/FASTA alignment and --redo option.

[00:00:00] Loading binary alignment from file: trees_xenPum_ref_orig_DNA/t76d10k45.orig.raxml.rba
[00:00:00] Alignment comprises 60 taxa, 1 partitions and 4788 patterns

Partition 0: noname
Model: GTR+FO+G4m
Alignment sites / patterns: 8115 / 4788
Gaps: 39.46 %
Invariant sites: 44.51 %


Parallelization scheme autoconfig: 5 worker(s) x 4 thread(s)

Parallel reduction/worker buffer size: 1 KB  / 0 KB

[00:00:00] Generating 10 random starting tree(s) with 60 taxa
[00:00:00] Generating 10 parsimony starting tree(s) with 60 taxa
[00:00:00] Data distribution: max. partitions/sites/weight per thread: 1 / 1197 / 19152
[00:00:00] Data distribution: max. searches per worker: 4

Starting ML tree search with 20 distinct starting trees

[00:00:00 -200090.104736] Initial branch length optimization
[00:00:00 -181194.367077] Model parameter optimization (eps = 10.000000)
[00:00:04 -174202.708786] AUTODETECT spr round 1 (radius: 5)
[00:00:08 -130187.419847] AUTODETECT spr round 2 (radius: 10)
[00:00:10 -116099.896323] AUTODETECT spr round 3 (radius: 15)
[00:00:12 -115745.056530] AUTODETECT spr round 4 (radius: 20)
[00:00:12 -115745.010585] SPR radius for FAST iterations: 15 (autodetect)
[00:00:12 -115745.010585] Model parameter optimization (eps = 3.000000)
[00:00:14 -115396.870852] FAST spr round 1 (radius: 15)
[00:00:17 -112592.611300] FAST spr round 2 (radius: 15)
[00:00:19 -112127.949086] FAST spr round 3 (radius: 15)
[00:00:21 -112057.874275] FAST spr round 4 (radius: 15)
[00:00:23 -112043.172123] FAST spr round 5 (radius: 15)
[00:00:24 -112032.248020] FAST spr round 6 (radius: 15)
[00:00:26 -112029.544222] FAST spr round 7 (radius: 15)
[00:00:28 -112026.922244] FAST spr round 8 (radius: 15)
[00:00:29 -112020.029794] FAST spr round 9 (radius: 15)
[00:00:31 -112019.238634] FAST spr round 10 (radius: 15)
[00:00:32 -112019.238268] Model parameter optimization (eps = 1.000000)
[00:00:33 -112016.127284] SLOW spr round 1 (radius: 5)
[00:00:37 -112016.127160] SLOW spr round 2 (radius: 10)
[00:00:41 -112016.127156] SLOW spr round 3 (radius: 15)
[00:00:45] [worker #1] ML tree search #2, logLikelihood: -111952.003602
[00:00:47 -112016.127156] SLOW spr round 4 (radius: 20)
[00:00:50] [worker #3] ML tree search #4, logLikelihood: -112002.219515
[00:00:51 -112016.127156] SLOW spr round 5 (radius: 25)
[00:00:52 -112016.127156] Model parameter optimization (eps = 0.100000)

[00:00:52] [worker #0] ML tree search #1, logLikelihood: -112016.121760

[00:00:52 -199029.070505] Initial branch length optimization
[00:00:52 -179267.794982] Model parameter optimization (eps = 10.000000)
[00:00:55 -172342.278664] AUTODETECT spr round 1 (radius: 5)
[00:00:56 -124592.342219] AUTODETECT spr round 2 (radius: 10)
[00:00:56] [worker #2] ML tree search #3, logLikelihood: -112002.235184
[00:00:56] [worker #4] ML tree search #5, logLikelihood: -112002.221496
[00:00:57 -117125.437537] AUTODETECT spr round 3 (radius: 15)
[00:00:59 -116915.801504] AUTODETECT spr round 4 (radius: 20)
[00:00:59 -116915.762481] SPR radius for FAST iterations: 15 (autodetect)
[00:00:59 -116915.762481] Model parameter optimization (eps = 3.000000)
[00:01:00 -116612.821781] FAST spr round 1 (radius: 15)
[00:01:03 -112219.194317] FAST spr round 2 (radius: 15)
[00:01:04 -112031.262187] FAST spr round 3 (radius: 15)
[00:01:06 -112027.883357] FAST spr round 4 (radius: 15)
[00:01:07 -112022.105537] FAST spr round 5 (radius: 15)
[00:01:08 -112019.133741] FAST spr round 6 (radius: 15)
[00:01:10 -112017.782890] FAST spr round 7 (radius: 15)
[00:01:11 -112017.231219] FAST spr round 8 (radius: 15)
[00:01:13 -112017.231216] Model parameter optimization (eps = 1.000000)
[00:01:13 -112011.344216] SLOW spr round 1 (radius: 5)
[00:01:17 -112005.236970] SLOW spr round 2 (radius: 5)
[00:01:21 -112005.236440] SLOW spr round 3 (radius: 10)
[00:01:25 -112005.236410] SLOW spr round 4 (radius: 15)
[00:01:27] [worker #1] ML tree search #7, logLikelihood: -112016.123760
[00:01:31] [worker #2] ML tree search #8, logLikelihood: -112002.222495
[00:01:31] [worker #4] ML tree search #10, logLikelihood: -111979.768898
[00:01:32 -112005.236409] SLOW spr round 5 (radius: 20)
[00:01:34] [worker #3] ML tree search #9, logLikelihood: -111979.767118
[00:01:35 -112005.236409] SLOW spr round 6 (radius: 25)
[00:01:36 -112005.236409] Model parameter optimization (eps = 0.100000)

[00:01:36] [worker #0] ML tree search #6, logLikelihood: -112005.208929

[00:01:36 -121723.740311] Initial branch length optimization
[00:01:36 -116096.475945] Model parameter optimization (eps = 10.000000)
[00:01:37 -113093.444546] AUTODETECT spr round 1 (radius: 5)
[00:01:38 -112500.061258] AUTODETECT spr round 2 (radius: 10)
[00:01:40 -112500.057840] SPR radius for FAST iterations: 5 (autodetect)
[00:01:40 -112500.057840] Model parameter optimization (eps = 3.000000)
[00:01:40 -112499.060121] FAST spr round 1 (radius: 5)
[00:01:41 -112439.302947] FAST spr round 2 (radius: 5)
[00:01:43 -112376.335178] FAST spr round 3 (radius: 5)
[00:01:44 -112341.105068] FAST spr round 4 (radius: 5)
[00:01:45 -112340.244436] FAST spr round 5 (radius: 5)
[00:01:47 -112340.244374] Model parameter optimization (eps = 1.000000)
[00:01:47 -112340.095054] SLOW spr round 1 (radius: 5)
[00:01:51 -112340.094979] SLOW spr round 2 (radius: 10)
[00:01:55 -112321.730044] SLOW spr round 3 (radius: 5)
[00:01:59] [worker #1] ML tree search #12, logLikelihood: -111955.645591
[00:02:01 -112223.299394] SLOW spr round 4 (radius: 5)
[00:02:06 -112221.423259] SLOW spr round 5 (radius: 5)
[00:02:07] [worker #4] ML tree search #15, logLikelihood: -112002.220972
[00:02:10 -112221.423234] SLOW spr round 6 (radius: 10)
[00:02:14 -112221.423232] SLOW spr round 7 (radius: 15)
[00:02:20 -112221.423232] SLOW spr round 8 (radius: 20)
[00:02:25 -112221.423232] SLOW spr round 9 (radius: 25)
[00:02:26 -112221.423232] Model parameter optimization (eps = 0.100000)

[00:02:27] [worker #0] ML tree search #11, logLikelihood: -112221.003116

[00:02:27 -121623.699683] Initial branch length optimization
[00:02:27 -115708.989144] Model parameter optimization (eps = 10.000000)
[00:02:27 -112804.194579] AUTODETECT spr round 1 (radius: 5)
[00:02:28 -112341.285197] AUTODETECT spr round 2 (radius: 10)
[00:02:29] [worker #2] ML tree search #13, logLikelihood: -111955.648166
[00:02:30] [worker #4] ML tree search #20, logLikelihood: -112324.965018
[00:02:30 -112341.281439] SPR radius for FAST iterations: 5 (autodetect)
[00:02:30 -112341.281439] Model parameter optimization (eps = 3.000000)
[00:02:30 -112340.611013] FAST spr round 1 (radius: 5)
[00:02:31] [worker #1] ML tree search #17, logLikelihood: -112013.412847
[00:02:31 -112330.954091] FAST spr round 2 (radius: 5)
[00:02:33 -112325.827461] FAST spr round 3 (radius: 5)
[00:02:34] [worker #3] ML tree search #14, logLikelihood: -112344.417390
[00:02:34 -112325.104531] FAST spr round 4 (radius: 5)
[00:02:35 -112325.104530] Model parameter optimization (eps = 1.000000)
[00:02:35 -112324.974230] SLOW spr round 1 (radius: 5)
[00:02:39 -112324.974125] SLOW spr round 2 (radius: 10)
[00:02:44 -112324.974119] SLOW spr round 3 (radius: 15)
[00:02:48 -112324.974119] SLOW spr round 4 (radius: 20)
[00:02:49 -112324.974119] SLOW spr round 5 (radius: 25)
[00:02:49 -112324.974119] Model parameter optimization (eps = 0.100000)

[00:02:49] [worker #0] ML tree search #16, logLikelihood: -112324.961365

[00:02:54] [worker #2] ML tree search #18, logLikelihood: -112395.023316
[00:03:49] [worker #3] ML tree search #19, logLikelihood: -111955.645875

Optimized model parameters:

   Partition 0: noname
   Rate heterogeneity: GAMMA (4 cats, mean),  alpha: 0.557736 (ML),  weights&rates: (0.250000,0.044525) (0.250000,0.287947) (0.250000,0.858124) (0.250000,2.809404) 
   Base frequencies (ML): 0.288882 0.212115 0.218487 0.280515 
   Substitution rates (ML): 1.280789 2.594571 1.163818 1.032567 3.459642 1.000000 


Final LogLikelihood: -111952.003602

AIC score: 224156.007203 / AICc score: 224160.013713 / BIC score: 225038.192358
Free parameters (model + branch lengths): 126

WARNING: Best ML tree contains 1 near-zero branches!

Best ML tree with collapsed near-zero branches saved to: /global/home/users/uricchio/software/HybPiper-master/sodiumChannelPaperAnalyses/trees_xenPum_ref_orig_DNA/t76d10k45.orig.raxml.bestTreeCollapsed
Best ML tree saved to: /global/home/users/uricchio/software/HybPiper-master/sodiumChannelPaperAnalyses/trees_xenPum_ref_orig_DNA/t76d10k45.orig.raxml.bestTree
All ML trees saved to: /global/home/users/uricchio/software/HybPiper-master/sodiumChannelPaperAnalyses/trees_xenPum_ref_orig_DNA/t76d10k45.orig.raxml.mlTrees
Optimized model saved to: /global/home/users/uricchio/software/HybPiper-master/sodiumChannelPaperAnalyses/trees_xenPum_ref_orig_DNA/t76d10k45.orig.raxml.bestModel

Execution log saved to: /global/home/users/uricchio/software/HybPiper-master/sodiumChannelPaperAnalyses/trees_xenPum_ref_orig_DNA/t76d10k45.orig.raxml.log

Analysis started: 21-Jul-2022 21:03:12 / finished: 21-Jul-2022 21:07:01

Elapsed time: 229.098 seconds

Consumed energy: 12.647 Wh

