
RAxML-NG v. 1.0.0 released on 07.08.2020 by The Exelixis Lab.
Developed by: Alexey M. Kozlov and Alexandros Stamatakis.
Contributors: Diego Darriba, Tomas Flouri, Benoit Morel, Sarah Lutteropp, Ben Bettisworth.
Latest version: https://github.com/amkozlov/raxml-ng
Questions/problems/suggestions? Please visit: https://groups.google.com/forum/#!forum/raxml

System: Intel(R) Xeon(R) CPU E5-2670 v2 @ 2.50GHz, 20 cores, 62 GB RAM

RAxML-NG was called at 21-Jul-2022 21:05:09 as follows:

/global/home/users/uricchio/software/raxml-ng-master/raxml-ng --model GTR+G --prefix trees_xenPum_ref_orig_DNA/t84d10k45.orig --redo --msa trees_xenPum_ref_orig_DNA/t84d10k45.orig.raxml.rba

Analysis options:
  run mode: ML tree search
  start tree(s): random (10) + parsimony (10)
  random seed: 1658462709
  tip-inner: OFF
  pattern compression: ON
  per-rate scalers: OFF
  site repeats: ON
  fast spr radius: AUTO
  spr subtree cutoff: 1.000000
  branch lengths: proportional (ML estimate, algorithm: NR-FAST)
  SIMD kernels: AVX
  parallelization: coarse-grained (auto), PTHREADS (auto)

WARNING: Running in REDO mode: existing checkpoints are ignored, and all result files will be overwritten!

WARNING: The model you specified on the command line (GTR+G) will be ignored 
         since the binary MSA file already contains a model definition.
         If you want to change the model, please re-run RAxML-NG 
         with the original PHYLIP/FASTA alignment and --redo option.

[00:00:00] Loading binary alignment from file: trees_xenPum_ref_orig_DNA/t84d10k45.orig.raxml.rba
[00:00:00] Alignment comprises 60 taxa, 1 partitions and 4406 patterns

Partition 0: noname
Model: GTR+FO+G4m
Alignment sites / patterns: 8085 / 4406
Gaps: 45.31 %
Invariant sites: 46.02 %


Parallelization scheme autoconfig: 5 worker(s) x 4 thread(s)

Parallel reduction/worker buffer size: 1 KB  / 0 KB

[00:00:00] Generating 10 random starting tree(s) with 60 taxa
[00:00:00] Generating 10 parsimony starting tree(s) with 60 taxa
[00:00:00] Data distribution: max. partitions/sites/weight per thread: 1 / 1102 / 17632
[00:00:00] Data distribution: max. searches per worker: 4

Starting ML tree search with 20 distinct starting trees

[00:00:00 -177519.937815] Initial branch length optimization
[00:00:00 -159360.666511] Model parameter optimization (eps = 10.000000)
[00:00:04 -151272.271562] AUTODETECT spr round 1 (radius: 5)
[00:00:05 -107116.713553] AUTODETECT spr round 2 (radius: 10)
[00:00:06 -91955.840805] AUTODETECT spr round 3 (radius: 15)
[00:00:07 -91890.822519] AUTODETECT spr round 4 (radius: 20)
[00:00:07 -91890.533659] AUTODETECT spr round 5 (radius: 25)
[00:00:08 -91890.494904] SPR radius for FAST iterations: 20 (autodetect)
[00:00:08 -91890.494904] Model parameter optimization (eps = 3.000000)
[00:00:08 -91317.676621] FAST spr round 1 (radius: 20)
[00:00:11 -89640.510132] FAST spr round 2 (radius: 20)
[00:00:13 -89604.066014] FAST spr round 3 (radius: 20)
[00:00:14 -89598.359531] FAST spr round 4 (radius: 20)
[00:00:15 -89592.945016] FAST spr round 5 (radius: 20)
[00:00:17 -89542.692136] FAST spr round 6 (radius: 20)
[00:00:18 -89540.655062] FAST spr round 7 (radius: 20)
[00:00:19 -89538.452425] FAST spr round 8 (radius: 20)
[00:00:21 -89536.525354] FAST spr round 9 (radius: 20)
[00:00:22 -89536.525175] Model parameter optimization (eps = 1.000000)
[00:00:22 -89530.558077] SLOW spr round 1 (radius: 5)
[00:00:26 -89530.556471] SLOW spr round 2 (radius: 10)
[00:00:30 -89530.556425] SLOW spr round 3 (radius: 15)
[00:00:35] [worker #2] ML tree search #3, logLikelihood: -89532.469977
[00:00:35 -89530.556423] SLOW spr round 4 (radius: 20)
[00:00:36 -89530.556423] SLOW spr round 5 (radius: 25)
[00:00:36 -89530.556423] Model parameter optimization (eps = 0.100000)

[00:00:36] [worker #0] ML tree search #1, logLikelihood: -89530.516100

[00:00:36 -177800.656030] Initial branch length optimization
[00:00:37 -155624.772604] Model parameter optimization (eps = 10.000000)
[00:00:37] [worker #3] ML tree search #4, logLikelihood: -89533.644894
[00:00:38 -147720.141270] AUTODETECT spr round 1 (radius: 5)
[00:00:39 -99882.924428] AUTODETECT spr round 2 (radius: 10)
[00:00:41 -91326.127791] AUTODETECT spr round 3 (radius: 15)
[00:00:42 -91312.875867] AUTODETECT spr round 4 (radius: 20)
[00:00:42 -91312.844410] SPR radius for FAST iterations: 15 (autodetect)
[00:00:42 -91312.844410] Model parameter optimization (eps = 3.000000)
[00:00:43 -90826.505829] FAST spr round 1 (radius: 15)
[00:00:44] [worker #4] ML tree search #5, logLikelihood: -89582.209331
[00:00:45 -89657.445645] FAST spr round 2 (radius: 15)
[00:00:47] [worker #1] ML tree search #2, logLikelihood: -89573.295781
[00:00:47 -89610.344777] FAST spr round 3 (radius: 15)
[00:00:49 -89536.297128] FAST spr round 4 (radius: 15)
[00:00:50 -89535.152824] FAST spr round 5 (radius: 15)
[00:00:51 -89534.856954] FAST spr round 6 (radius: 15)
[00:00:52 -89534.856919] Model parameter optimization (eps = 1.000000)
[00:00:53 -89532.487289] SLOW spr round 1 (radius: 5)
[00:00:57 -89532.486675] SLOW spr round 2 (radius: 10)
[00:01:00 -89532.486658] SLOW spr round 3 (radius: 15)
[00:01:07 -89532.486657] SLOW spr round 4 (radius: 20)
[00:01:08] [worker #2] ML tree search #8, logLikelihood: -89528.379842
[00:01:10 -89532.486657] SLOW spr round 5 (radius: 25)
[00:01:10 -89532.486657] Model parameter optimization (eps = 0.100000)

[00:01:10] [worker #0] ML tree search #6, logLikelihood: -89532.461254

[00:01:10 -99535.087960] Initial branch length optimization
[00:01:11 -92638.558960] Model parameter optimization (eps = 10.000000)
[00:01:11] [worker #3] ML tree search #9, logLikelihood: -89602.531801
[00:01:11 -89845.705121] AUTODETECT spr round 1 (radius: 5)
[00:01:12 -89591.835906] AUTODETECT spr round 2 (radius: 10)
[00:01:13 -89591.817316] SPR radius for FAST iterations: 5 (autodetect)
[00:01:13 -89591.817316] Model parameter optimization (eps = 3.000000)
[00:01:14 -89591.204857] FAST spr round 1 (radius: 5)
[00:01:15 -89555.477647] FAST spr round 2 (radius: 5)
[00:01:16 -89541.095002] FAST spr round 3 (radius: 5)
[00:01:17 -89535.682956] FAST spr round 4 (radius: 5)
[00:01:18 -89534.306484] FAST spr round 5 (radius: 5)
[00:01:19] [worker #1] ML tree search #7, logLikelihood: -89533.644443
[00:01:19 -89532.770600] FAST spr round 6 (radius: 5)
[00:01:21 -89532.519068] FAST spr round 7 (radius: 5)
[00:01:22 -89532.311697] FAST spr round 8 (radius: 5)
[00:01:23 -89530.658928] FAST spr round 9 (radius: 5)
[00:01:23] [worker #4] ML tree search #10, logLikelihood: -89614.892086
[00:01:24 -89530.658890] Model parameter optimization (eps = 1.000000)
[00:01:24 -89530.545150] SLOW spr round 1 (radius: 5)
[00:01:28 -89530.542259] SLOW spr round 2 (radius: 10)
[00:01:32 -89530.542249] SLOW spr round 3 (radius: 15)
[00:01:36 -89530.542249] SLOW spr round 4 (radius: 20)
[00:01:37 -89530.542249] SLOW spr round 5 (radius: 25)
[00:01:37 -89530.542249] Model parameter optimization (eps = 0.100000)

[00:01:38] [worker #0] ML tree search #11, logLikelihood: -89530.514266

[00:01:38 -99504.010279] Initial branch length optimization
[00:01:38 -92614.395524] Model parameter optimization (eps = 10.000000)
[00:01:38 -89818.372730] AUTODETECT spr round 1 (radius: 5)
[00:01:39 -89583.285827] AUTODETECT spr round 2 (radius: 10)
[00:01:40 -89583.275213] SPR radius for FAST iterations: 5 (autodetect)
[00:01:40 -89583.275213] Model parameter optimization (eps = 3.000000)
[00:01:41 -89583.016328] FAST spr round 1 (radius: 5)
[00:01:42 -89574.552643] FAST spr round 2 (radius: 5)
[00:01:43 -89573.346844] FAST spr round 3 (radius: 5)
[00:01:44 -89573.346131] Model parameter optimization (eps = 1.000000)
[00:01:44 -89573.297991] SLOW spr round 1 (radius: 5)
[00:01:44] [worker #4] ML tree search #15, logLikelihood: -89591.135681
[00:01:45] [worker #3] ML tree search #14, logLikelihood: -89533.642313
[00:01:48] [worker #2] ML tree search #13, logLikelihood: -89582.210079
[00:01:48 -89573.297841] SLOW spr round 2 (radius: 10)
[00:01:50] [worker #1] ML tree search #12, logLikelihood: -89526.971985
[00:01:52 -89573.297835] SLOW spr round 3 (radius: 15)
[00:01:57 -89573.297835] SLOW spr round 4 (radius: 20)
[00:01:58 -89573.297834] SLOW spr round 5 (radius: 25)
[00:01:58 -89573.297834] Model parameter optimization (eps = 0.100000)

[00:01:59] [worker #0] ML tree search #16, logLikelihood: -89573.293387

[00:02:07] [worker #4] ML tree search #20, logLikelihood: -89575.294538
[00:02:10] [worker #3] ML tree search #19, logLikelihood: -89530.510167
[00:02:33] [worker #1] ML tree search #17, logLikelihood: -89645.906175
[00:02:37] [worker #2] ML tree search #18, logLikelihood: -89533.642625

Optimized model parameters:

   Partition 0: noname
   Rate heterogeneity: GAMMA (4 cats, mean),  alpha: 0.516527 (ML),  weights&rates: (0.250000,0.036490) (0.250000,0.262568) (0.250000,0.831931) (0.250000,2.869010) 
   Base frequencies (ML): 0.285847 0.207275 0.216897 0.289981 
   Substitution rates (ML): 1.368255 3.168379 1.162298 1.129492 4.210884 1.000000 


Final LogLikelihood: -89526.971985

AIC score: 179305.943970 / AICc score: 179309.965583 / BIC score: 180187.662457
Free parameters (model + branch lengths): 126

WARNING: Best ML tree contains 1 near-zero branches!

Best ML tree with collapsed near-zero branches saved to: /global/home/users/uricchio/software/HybPiper-master/sodiumChannelPaperAnalyses/trees_xenPum_ref_orig_DNA/t84d10k45.orig.raxml.bestTreeCollapsed
Best ML tree saved to: /global/home/users/uricchio/software/HybPiper-master/sodiumChannelPaperAnalyses/trees_xenPum_ref_orig_DNA/t84d10k45.orig.raxml.bestTree
All ML trees saved to: /global/home/users/uricchio/software/HybPiper-master/sodiumChannelPaperAnalyses/trees_xenPum_ref_orig_DNA/t84d10k45.orig.raxml.mlTrees
Optimized model saved to: /global/home/users/uricchio/software/HybPiper-master/sodiumChannelPaperAnalyses/trees_xenPum_ref_orig_DNA/t84d10k45.orig.raxml.bestModel

Execution log saved to: /global/home/users/uricchio/software/HybPiper-master/sodiumChannelPaperAnalyses/trees_xenPum_ref_orig_DNA/t84d10k45.orig.raxml.log

Analysis started: 21-Jul-2022 21:05:09 / finished: 21-Jul-2022 21:07:46

Elapsed time: 157.263 seconds

Consumed energy: 8.144 Wh

