Building DAG of jobs...
Using shell: /bin/bash
Provided cores: 1 (use --cores to define parallelism)
Rules claiming more threads will be scaled down.
Job stats:
job             count    min threads    max threads
------------  -------  -------------  -------------
all                 1              1              1
make_concord        1              1              1
make_lens           1              1              1
plot_data           1              1              1
total               4              1              1

Select jobs to execute...

[Mon Jul 18 16:37:54 2022]
rule make_concord:
    input: ../../Data/trees_full_assemb
    output: plot_data/trees_full_assemb.txt
    jobid: 1
    reason: Code has changed since last execution
    wildcards: sample=full_assemb
    resources: tmpdir=/var/folders/2l/zp0wk9q9097fqhyymq39vg880000gn/T

[Mon Jul 18 16:37:58 2022]
Finished job 1.
1 of 4 steps (25%) done
Select jobs to execute...

[Mon Jul 18 16:37:58 2022]
rule make_lens:
    input: ../../Data/alignments_full_assemb
    output: plot_data/lens_full_assemb.txt
    jobid: 2
    reason: Code has changed since last execution
    wildcards: sample=full_assemb
    resources: tmpdir=/var/folders/2l/zp0wk9q9097fqhyymq39vg880000gn/T

[Mon Jul 18 16:38:00 2022]
Finished job 2.
2 of 4 steps (50%) done
Select jobs to execute...

[Mon Jul 18 16:38:00 2022]
rule plot_data:
    input: plot_data/trees_full_assemb.txt, plot_data/lens_full_assemb.txt
    output: plot_data/summary_alignments.pdf
    jobid: 3
    reason: Input files updated by another job: plot_data/lens_full_assemb.txt, plot_data/trees_full_assemb.txt
    resources: tmpdir=/var/folders/2l/zp0wk9q9097fqhyymq39vg880000gn/T

[Mon Jul 18 16:38:01 2022]
Finished job 3.
3 of 4 steps (75%) done
Select jobs to execute...

[Mon Jul 18 16:38:01 2022]
localrule all:
    input: plot_data/trees_full_assemb.txt, plot_data/lens_full_assemb.txt, plot_data/summary_alignments.pdf
    jobid: 0
    reason: Input files updated by another job: plot_data/summary_alignments.pdf, plot_data/lens_full_assemb.txt, plot_data/trees_full_assemb.txt
    resources: tmpdir=/var/folders/2l/zp0wk9q9097fqhyymq39vg880000gn/T

[Mon Jul 18 16:38:01 2022]
Finished job 0.
4 of 4 steps (100%) done
Complete log: .snakemake/log/2022-07-18T163753.704731.snakemake.log
