Building DAG of jobs...
Using shell: /bin/bash
Provided cores: 1 (use --cores to define parallelism)
Rules claiming more threads will be scaled down.
Job stats:
job          count    min threads    max threads
---------  -------  -------------  -------------
all              1              1              1
make_lens        1              1              1
plot_data        1              1              1
total            3              1              1

Select jobs to execute...

[Fri Jul 22 12:43:00 2022]
rule make_lens:
    input: ../../Data/alignments_full_assemb
    output: plot_data/lens_full_assemb.txt
    jobid: 2
    reason: Missing output files: plot_data/lens_full_assemb.txt; Updated input files: ../../Data/alignments_full_assemb
    wildcards: sample=full_assemb
    resources: tmpdir=/var/folders/2l/zp0wk9q9097fqhyymq39vg880000gn/T

[Fri Jul 22 12:43:01 2022]
Finished job 2.
1 of 3 steps (33%) done
Select jobs to execute...

[Fri Jul 22 12:43:01 2022]
rule plot_data:
    input: plot_data/trees_full_assemb.txt, plot_data/lens_full_assemb.txt
    output: plot_data/summary_alignments.pdf
    jobid: 3
    reason: Input files updated by another job: plot_data/lens_full_assemb.txt
    resources: tmpdir=/var/folders/2l/zp0wk9q9097fqhyymq39vg880000gn/T

[Fri Jul 22 12:43:01 2022]
Finished job 3.
2 of 3 steps (67%) done
Select jobs to execute...

[Fri Jul 22 12:43:01 2022]
localrule all:
    input: plot_data/trees_full_assemb.txt, plot_data/lens_full_assemb.txt, plot_data/summary_alignments.pdf
    jobid: 0
    reason: Input files updated by another job: plot_data/summary_alignments.pdf, plot_data/lens_full_assemb.txt
    resources: tmpdir=/var/folders/2l/zp0wk9q9097fqhyymq39vg880000gn/T

[Fri Jul 22 12:43:01 2022]
Finished job 0.
3 of 3 steps (100%) done
Complete log: .snakemake/log/2022-07-22T124259.892007.snakemake.log
