
RAxML-NG v. 1.1.0 released on 29.11.2021 by The Exelixis Lab.
Developed by: Alexey M. Kozlov and Alexandros Stamatakis.
Contributors: Diego Darriba, Tomas Flouri, Benoit Morel, Sarah Lutteropp, Ben Bettisworth.
Latest version: https://github.com/amkozlov/raxml-ng
Questions/problems/suggestions? Please visit: https://groups.google.com/forum/#!forum/raxml

System: Apple M1, 8 cores, 8 GB RAM

RAxML-NG was called at 16-Aug-2022 13:30:51 as follows:

/Users/uricchio/projects/software/raxml-ng_v1.1.0_macos_x86_64/raxml-ng --model GTR+G --prefix plot_data/SCN8A.DNA.trimmed.fa --redo --msa plot_data/SCN8A.DNA.trimmed.fa.raxml.rba

Analysis options:
  run mode: ML tree search
  start tree(s): random (10) + parsimony (10)
  random seed: 1660681851
  tip-inner: OFF
  pattern compression: ON
  per-rate scalers: OFF
  site repeats: ON
  fast spr radius: AUTO
  spr subtree cutoff: 1.000000
  branch lengths: proportional (ML estimate, algorithm: NR-FAST)
  SIMD kernels: SSE3
  parallelization: coarse-grained (auto), PTHREADS (auto)

WARNING: Running in REDO mode: existing checkpoints are ignored, and all result files will be overwritten!

WARNING: The model you specified on the command line (GTR+G) will be ignored 
         since the binary MSA file already contains a model definition.
         If you want to change the model, please re-run RAxML-NG 
         with the original PHYLIP/FASTA alignment and --redo option.

[00:00:00] Loading binary alignment from file: plot_data/SCN8A.DNA.trimmed.fa.raxml.rba
[00:00:00] Alignment comprises 94 taxa, 1 partitions and 2091 patterns

Partition 0: noname
Model: GTR+FO+G4m
Alignment sites / patterns: 5649 / 2091
Gaps: 1.78 %
Invariant sites: 59.32 %


Parallelization scheme autoconfig: 4 worker(s) x 2 thread(s)

Parallel reduction/worker buffer size: 1 KB  / 0 KB

[00:00:00] Generating 10 random starting tree(s) with 94 taxa
[00:00:00] Generating 10 parsimony starting tree(s) with 94 taxa
[00:00:00] Data distribution: max. partitions/sites/weight per thread: 1 / 1046 / 16736
[00:00:00] Data distribution: max. searches per worker: 5

Starting ML tree search with 20 distinct starting trees

[00:00:00 -114553.829605] Initial branch length optimization
[00:00:04 -99560.413101] Model parameter optimization (eps = 10.000000)
[00:01:18 -90833.963936] AUTODETECT spr round 1 (radius: 5)
[00:02:16 -69227.849379] AUTODETECT spr round 2 (radius: 10)
[00:04:22 -60861.023740] AUTODETECT spr round 3 (radius: 15)
[00:06:15 -59917.384904] AUTODETECT spr round 4 (radius: 20)
[00:07:26 -59917.344635] SPR radius for FAST iterations: 15 (autodetect)
[00:07:26 -59917.344635] Model parameter optimization (eps = 3.000000)
[00:07:56 -59860.139241] FAST spr round 1 (radius: 15)
[00:10:48 -56515.304744] FAST spr round 2 (radius: 15)
[00:12:53 -56270.799703] FAST spr round 3 (radius: 15)
[00:14:21 -56261.766069] FAST spr round 4 (radius: 15)
[00:15:32 -56259.651955] FAST spr round 5 (radius: 15)
[00:16:50 -56258.197158] FAST spr round 6 (radius: 15)
[00:18:18 -56254.967036] FAST spr round 7 (radius: 15)
[00:19:47 -56253.452214] FAST spr round 8 (radius: 15)
[00:21:29 -56253.328079] FAST spr round 9 (radius: 15)
[00:23:07 -56253.328073] Model parameter optimization (eps = 1.000000)
[00:23:24 -56251.020048] SLOW spr round 1 (radius: 5)
[00:29:04 -56229.032588] SLOW spr round 2 (radius: 5)
[00:33:59 -56229.032297] SLOW spr round 3 (radius: 10)
[00:38:47 -56229.032280] SLOW spr round 4 (radius: 15)
[00:43:38] [worker #3] ML tree search #4, logLikelihood: -56228.914890
[00:45:41 -56229.032279] SLOW spr round 5 (radius: 20)
[00:46:15] [worker #2] ML tree search #3, logLikelihood: -56226.601026
[00:46:17] [worker #1] ML tree search #2, logLikelihood: -56300.723581
[00:48:59 -56229.032279] SLOW spr round 6 (radius: 25)
[00:49:57 -56229.032279] Model parameter optimization (eps = 0.100000)

[00:50:14] [worker #0] ML tree search #1, logLikelihood: -56228.913798

[00:50:14 -117285.211907] Initial branch length optimization
[00:50:20 -100968.365939] Model parameter optimization (eps = 10.000000)
[00:51:42 -91498.993246] AUTODETECT spr round 1 (radius: 5)
[00:52:59 -69934.510603] AUTODETECT spr round 2 (radius: 10)
[00:55:03 -59727.161076] AUTODETECT spr round 3 (radius: 15)
[00:57:21 -59102.241262] AUTODETECT spr round 4 (radius: 20)
[00:57:52 -59102.236503] SPR radius for FAST iterations: 15 (autodetect)
[00:57:52 -59102.236503] Model parameter optimization (eps = 3.000000)
[00:58:34 -59004.171884] FAST spr round 1 (radius: 15)
[01:01:25 -56370.674227] FAST spr round 2 (radius: 15)
[01:03:21 -56261.995669] FAST spr round 3 (radius: 15)
[01:04:52 -56259.877596] FAST spr round 4 (radius: 15)
[01:06:20 -56257.841237] FAST spr round 5 (radius: 15)
[01:07:47 -56256.617279] FAST spr round 6 (radius: 15)
[01:09:21 -56255.669270] FAST spr round 7 (radius: 15)
[01:10:56 -56255.669268] Model parameter optimization (eps = 1.000000)
[01:11:15 -56254.011512] SLOW spr round 1 (radius: 5)
[01:16:43 -56236.994309] SLOW spr round 2 (radius: 5)
[01:21:45 -56236.993438] SLOW spr round 3 (radius: 10)
[01:27:08 -56236.993387] SLOW spr round 4 (radius: 15)
[01:28:32] [worker #1] ML tree search #6, logLikelihood: -56234.611652
[01:34:43 -56236.993384] SLOW spr round 5 (radius: 20)
[01:37:25] [worker #2] ML tree search #7, logLikelihood: -56228.427317
[01:38:15 -56236.993384] SLOW spr round 6 (radius: 25)
[01:39:28 -56236.993384] Model parameter optimization (eps = 0.100000)

[01:39:38] [worker #0] ML tree search #5, logLikelihood: -56236.904130

[01:39:38 -115126.059575] Initial branch length optimization
[01:39:46 -99165.815247] Model parameter optimization (eps = 10.000000)
[01:40:07] [worker #3] ML tree search #8, logLikelihood: -56225.665502
[01:41:02 -90205.841511] AUTODETECT spr round 1 (radius: 5)
[01:42:12 -71609.740660] AUTODETECT spr round 2 (radius: 10)
[01:44:41 -60582.289772] AUTODETECT spr round 3 (radius: 15)
[01:46:57 -60407.462320] AUTODETECT spr round 4 (radius: 20)
[01:47:43 -60407.462159] SPR radius for FAST iterations: 15 (autodetect)
[01:47:43 -60407.462159] Model parameter optimization (eps = 3.000000)
[01:48:11 -60318.276299] FAST spr round 1 (radius: 15)
[01:51:13 -56305.603994] FAST spr round 2 (radius: 15)
[01:52:42 -56260.474348] FAST spr round 3 (radius: 15)
[01:54:14 -56256.155553] FAST spr round 4 (radius: 15)
[01:55:48 -56256.155368] Model parameter optimization (eps = 1.000000)
[01:56:06 -56252.680825] SLOW spr round 1 (radius: 5)
[02:02:12 -56229.508237] SLOW spr round 2 (radius: 5)
[02:07:24 -56229.507921] SLOW spr round 3 (radius: 10)
[02:12:44 -56229.507905] SLOW spr round 4 (radius: 15)
[02:16:52] [worker #1] ML tree search #10, logLikelihood: -56234.006628
