Building DAG of jobs...
Using shell: /bin/bash
Provided cores: 1 (use --cores to define parallelism)
Rules claiming more threads will be scaled down.
Job stats:
job                 count    min threads    max threads
----------------  -------  -------------  -------------
all                     1              1              1
makeAlign               5              1              1
makeSubAlign            5              1              1
makeSubAlignFile        5              1              1
total                  16              1              1

Select jobs to execute...

[Wed Aug 10 10:30:02 2022]
rule makeAlign:
    input: plot_data/SCN3A.PROT.trimmed.manual.fa, ../../Data/alignmentREF.fa
    output: plot_data/SCN3A.PROT.trimmed.manual.fa.wRef.fa
    jobid: 4
    reason: Missing output files: plot_data/SCN3A.PROT.trimmed.manual.fa.wRef.fa
    wildcards: sample=SCN3A
    resources: tmpdir=/var/folders/2l/zp0wk9q9097fqhyymq39vg880000gn/T

Terminating processes on user request, this might take some time.
[Wed Aug 10 10:30:13 2022]
Error in rule makeAlign:
    jobid: 4
    output: plot_data/SCN3A.PROT.trimmed.manual.fa.wRef.fa
    shell:
        cat plot_data/SCN3A.PROT.trimmed.manual.fa ../../Data/alignmentREF.fa -> plot_data/SCN3A.PROT.trimmed.manual.fa.wRef.fa
        (one of the commands exited with non-zero exit code; note that snakemake uses bash strict mode!)

Complete log: .snakemake/log/2022-08-10T103002.107023.snakemake.log
