Building DAG of jobs...
Using shell: /bin/bash
Provided cores: 1 (use --cores to define parallelism)
Rules claiming more threads will be scaled down.
Job stats:
job                       count    min threads    max threads
----------------------  -------  -------------  -------------
all                           1              1              1
get_remaining_DNA_seqs        5              1              1
makeDNA                       5              1              1
trim_bad_columns              5              1              1
trim_bad_seqs                 4              1              1
total                        20              1              1

Select jobs to execute...

[Tue Jul 26 15:58:30 2022]
rule trim_bad_columns:
    input: ../../Data/alignments_full_assemb/align_SCN5A/SCN5A.t68d10k45.all.renamed.fa.mafft.noStars
    output: plot_data/SCN5A.columns
    jobid: 28
    reason: Missing output files: plot_data/SCN5A.columns
    wildcards: sample=SCN5A
    resources: tmpdir=/var/folders/2l/zp0wk9q9097fqhyymq39vg880000gn/T

[Tue Jul 26 15:58:30 2022]
Finished job 28.
1 of 20 steps (5%) done
Select jobs to execute...

[Tue Jul 26 15:58:30 2022]
rule trim_bad_seqs:
    input: ../../Data/alignments_full_assemb/align_SCN2A/SCN2A.t68d10k45.all.renamed.fa.mafft.noStars
    output: plot_data/SCN2A.fa
    jobid: 14
    reason: Missing output files: plot_data/SCN2A.fa
    wildcards: sample=SCN2A
    resources: tmpdir=/var/folders/2l/zp0wk9q9097fqhyymq39vg880000gn/T

[Tue Jul 26 15:58:30 2022]
Finished job 14.
2 of 20 steps (10%) done
Select jobs to execute...

[Tue Jul 26 15:58:30 2022]
rule trim_bad_columns:
    input: ../../Data/alignments_full_assemb/align_SCN3A/SCN3A.t68d10k45.all.renamed.fa.mafft.noStars
    output: plot_data/SCN3A.columns
    jobid: 26
    reason: Missing output files: plot_data/SCN3A.columns
    wildcards: sample=SCN3A
    resources: tmpdir=/var/folders/2l/zp0wk9q9097fqhyymq39vg880000gn/T

[Tue Jul 26 15:58:30 2022]
Finished job 26.
3 of 20 steps (15%) done
Select jobs to execute...

[Tue Jul 26 15:58:30 2022]
rule get_remaining_DNA_seqs:
    input: plot_data/SCN2A.fa, ../../Data/alignments_full_assemb/align_SCN2A/SCN2A.t68d10k45.all.renamed.fa.mafft, ../../Data/alignments_full_assemb/align_SCN2A/SCN2A.t68d10k45.DNA.renamed.fa
    output: plot_data/SCN2A.DNA.fa
    jobid: 20
    reason: Missing output files: plot_data/SCN2A.DNA.fa; Input files updated by another job: plot_data/SCN2A.fa
    wildcards: sample=SCN2A
    resources: tmpdir=/var/folders/2l/zp0wk9q9097fqhyymq39vg880000gn/T

[Tue Jul 26 15:58:30 2022]
Finished job 20.
4 of 20 steps (20%) done
Select jobs to execute...

[Tue Jul 26 15:58:30 2022]
rule trim_bad_seqs:
    input: ../../Data/alignments_full_assemb/align_SCN5A/SCN5A.t68d10k45.all.renamed.fa.mafft.noStars
    output: plot_data/SCN5A.fa
    jobid: 17
    reason: Missing output files: plot_data/SCN5A.fa
    wildcards: sample=SCN5A
    resources: tmpdir=/var/folders/2l/zp0wk9q9097fqhyymq39vg880000gn/T

[Tue Jul 26 15:58:30 2022]
Finished job 17.
5 of 20 steps (25%) done
Select jobs to execute...

[Tue Jul 26 15:58:30 2022]
rule get_remaining_DNA_seqs:
    input: plot_data/SCN5A.fa, ../../Data/alignments_full_assemb/align_SCN5A/SCN5A.t68d10k45.all.renamed.fa.mafft, ../../Data/alignments_full_assemb/align_SCN5A/SCN5A.t68d10k45.DNA.renamed.fa
    output: plot_data/SCN5A.DNA.fa
    jobid: 23
    reason: Missing output files: plot_data/SCN5A.DNA.fa; Input files updated by another job: plot_data/SCN5A.fa
    wildcards: sample=SCN5A
    resources: tmpdir=/var/folders/2l/zp0wk9q9097fqhyymq39vg880000gn/T

[Tue Jul 26 15:58:30 2022]
Finished job 23.
6 of 20 steps (30%) done
Select jobs to execute...

[Tue Jul 26 15:58:30 2022]
rule makeDNA:
    input: plot_data/SCN5A.columns, plot_data/SCN5A.DNA.fa
    output: plot_data/SCN5A.DNA.trimmed.fa
    jobid: 33
    reason: Missing output files: plot_data/SCN5A.DNA.trimmed.fa; Input files updated by another job: plot_data/SCN5A.columns, plot_data/SCN5A.DNA.fa
    wildcards: sample=SCN5A
    resources: tmpdir=/var/folders/2l/zp0wk9q9097fqhyymq39vg880000gn/T

[Tue Jul 26 15:58:31 2022]
Finished job 33.
7 of 20 steps (35%) done
Select jobs to execute...

[Tue Jul 26 15:58:31 2022]
rule trim_bad_columns:
    input: ../../Data/alignments_full_assemb/align_SCN8A/SCN8A.t68d10k45.all.renamed.fa.mafft.noStars
    output: plot_data/SCN8A.columns
    jobid: 29
    reason: Missing output files: plot_data/SCN8A.columns
    wildcards: sample=SCN8A
    resources: tmpdir=/var/folders/2l/zp0wk9q9097fqhyymq39vg880000gn/T

[Tue Jul 26 15:58:31 2022]
Finished job 29.
8 of 20 steps (40%) done
Select jobs to execute...

[Tue Jul 26 15:58:31 2022]
rule trim_bad_seqs:
    input: ../../Data/alignments_full_assemb/align_SCN3A/SCN3A.t68d10k45.all.renamed.fa.mafft.noStars
    output: plot_data/SCN3A.fa
    jobid: 15
    reason: Missing output files: plot_data/SCN3A.fa
    wildcards: sample=SCN3A
    resources: tmpdir=/var/folders/2l/zp0wk9q9097fqhyymq39vg880000gn/T

[Tue Jul 26 15:58:31 2022]
Finished job 15.
9 of 20 steps (45%) done
Select jobs to execute...

[Tue Jul 26 15:58:31 2022]
rule get_remaining_DNA_seqs:
    input: plot_data/SCN3A.fa, ../../Data/alignments_full_assemb/align_SCN3A/SCN3A.t68d10k45.all.renamed.fa.mafft, ../../Data/alignments_full_assemb/align_SCN3A/SCN3A.t68d10k45.DNA.renamed.fa
    output: plot_data/SCN3A.DNA.fa
    jobid: 21
    reason: Missing output files: plot_data/SCN3A.DNA.fa; Input files updated by another job: plot_data/SCN3A.fa
    wildcards: sample=SCN3A
    resources: tmpdir=/var/folders/2l/zp0wk9q9097fqhyymq39vg880000gn/T

[Tue Jul 26 15:58:31 2022]
Finished job 21.
10 of 20 steps (50%) done
Select jobs to execute...

[Tue Jul 26 15:58:31 2022]
rule trim_bad_seqs:
    input: ../../Data/alignments_full_assemb/align_SCN1A/SCN1A.t68d10k45.all.renamed.fa.mafft.noStars
    output: plot_data/SCN1A.fa
    jobid: 13
    reason: Missing output files: plot_data/SCN1A.fa
    wildcards: sample=SCN1A
    resources: tmpdir=/var/folders/2l/zp0wk9q9097fqhyymq39vg880000gn/T

[Tue Jul 26 15:58:31 2022]
Finished job 13.
11 of 20 steps (55%) done
Select jobs to execute...

[Tue Jul 26 15:58:31 2022]
rule get_remaining_DNA_seqs:
    input: plot_data/SCN1A.fa, ../../Data/alignments_full_assemb/align_SCN1A/SCN1A.t68d10k45.all.renamed.fa.mafft, ../../Data/alignments_full_assemb/align_SCN1A/SCN1A.t68d10k45.DNA.renamed.fa
    output: plot_data/SCN1A.DNA.fa
    jobid: 19
    reason: Missing output files: plot_data/SCN1A.DNA.fa; Input files updated by another job: plot_data/SCN1A.fa
    wildcards: sample=SCN1A
    resources: tmpdir=/var/folders/2l/zp0wk9q9097fqhyymq39vg880000gn/T

[Tue Jul 26 15:58:31 2022]
Finished job 19.
12 of 20 steps (60%) done
Select jobs to execute...

[Tue Jul 26 15:58:31 2022]
rule trim_bad_columns:
    input: ../../Data/alignments_full_assemb/align_SCN1A/SCN1A.t68d10k45.all.renamed.fa.mafft.noStars
    output: plot_data/SCN1A.columns
    jobid: 25
    reason: Missing output files: plot_data/SCN1A.columns
    wildcards: sample=SCN1A
    resources: tmpdir=/var/folders/2l/zp0wk9q9097fqhyymq39vg880000gn/T

[Tue Jul 26 15:58:32 2022]
Finished job 25.
13 of 20 steps (65%) done
Select jobs to execute...

[Tue Jul 26 15:58:32 2022]
rule makeDNA:
    input: plot_data/SCN3A.columns, plot_data/SCN3A.DNA.fa
    output: plot_data/SCN3A.DNA.trimmed.fa
    jobid: 31
    reason: Missing output files: plot_data/SCN3A.DNA.trimmed.fa; Input files updated by another job: plot_data/SCN3A.DNA.fa, plot_data/SCN3A.columns
    wildcards: sample=SCN3A
    resources: tmpdir=/var/folders/2l/zp0wk9q9097fqhyymq39vg880000gn/T

[Tue Jul 26 15:58:32 2022]
Finished job 31.
14 of 20 steps (70%) done
Select jobs to execute...

[Tue Jul 26 15:58:32 2022]
rule makeDNA:
    input: plot_data/SCN1A.columns, plot_data/SCN1A.DNA.fa
    output: plot_data/SCN1A.DNA.trimmed.fa
    jobid: 30
    reason: Missing output files: plot_data/SCN1A.DNA.trimmed.fa; Input files updated by another job: plot_data/SCN1A.columns, plot_data/SCN1A.DNA.fa
    wildcards: sample=SCN1A
    resources: tmpdir=/var/folders/2l/zp0wk9q9097fqhyymq39vg880000gn/T

[Tue Jul 26 15:58:32 2022]
Finished job 30.
15 of 20 steps (75%) done
Select jobs to execute...

[Tue Jul 26 15:58:32 2022]
rule trim_bad_columns:
    input: ../../Data/alignments_full_assemb/align_SCN4A/SCN4A.t68d10k45.all.renamed.fa.mafft.noStars
    output: plot_data/SCN4A.columns
    jobid: 27
    reason: Missing output files: plot_data/SCN4A.columns
    wildcards: sample=SCN4A
    resources: tmpdir=/var/folders/2l/zp0wk9q9097fqhyymq39vg880000gn/T

[Tue Jul 26 15:58:32 2022]
Finished job 27.
16 of 20 steps (80%) done
Select jobs to execute...

[Tue Jul 26 15:58:32 2022]
rule makeDNA:
    input: plot_data/SCN4A.columns, plot_data/SCN4A.DNA.fa
    output: plot_data/SCN4A.DNA.trimmed.fa
    jobid: 32
    reason: Missing output files: plot_data/SCN4A.DNA.trimmed.fa; Input files updated by another job: plot_data/SCN4A.columns
    wildcards: sample=SCN4A
    resources: tmpdir=/var/folders/2l/zp0wk9q9097fqhyymq39vg880000gn/T

[Tue Jul 26 15:58:32 2022]
Finished job 32.
17 of 20 steps (85%) done
Select jobs to execute...

[Tue Jul 26 15:58:32 2022]
rule get_remaining_DNA_seqs:
    input: plot_data/SCN8A.fa, ../../Data/alignments_full_assemb/align_SCN8A/SCN8A.t68d10k45.all.renamed.fa.mafft, ../../Data/alignments_full_assemb/align_SCN8A/SCN8A.t68d10k45.DNA.renamed.fa
    output: plot_data/SCN8A.DNA.fa
    jobid: 24
    reason: Missing output files: plot_data/SCN8A.DNA.fa
    wildcards: sample=SCN8A
    resources: tmpdir=/var/folders/2l/zp0wk9q9097fqhyymq39vg880000gn/T

[Tue Jul 26 15:58:33 2022]
Finished job 24.
18 of 20 steps (90%) done
Select jobs to execute...

[Tue Jul 26 15:58:33 2022]
rule makeDNA:
    input: plot_data/SCN8A.columns, plot_data/SCN8A.DNA.fa
    output: plot_data/SCN8A.DNA.trimmed.fa
    jobid: 34
    reason: Missing output files: plot_data/SCN8A.DNA.trimmed.fa; Input files updated by another job: plot_data/SCN8A.columns, plot_data/SCN8A.DNA.fa
    wildcards: sample=SCN8A
    resources: tmpdir=/var/folders/2l/zp0wk9q9097fqhyymq39vg880000gn/T

[Tue Jul 26 15:58:33 2022]
Finished job 34.
19 of 20 steps (95%) done
Select jobs to execute...

[Tue Jul 26 15:58:33 2022]
localrule all:
    input: ../../Data/alignments_full_assemb/align_SCN1A/SCN1A.t68d10k45.all.renamed.fa.mafft, ../../Data/alignments_full_assemb/align_SCN2A/SCN2A.t68d10k45.all.renamed.fa.mafft, ../../Data/alignments_full_assemb/align_SCN3A/SCN3A.t68d10k45.all.renamed.fa.mafft, ../../Data/alignments_full_assemb/align_SCN4A/SCN4A.t68d10k45.all.renamed.fa.mafft, ../../Data/alignments_full_assemb/align_SCN5A/SCN5A.t68d10k45.all.renamed.fa.mafft, ../../Data/alignments_full_assemb/align_SCN8A/SCN8A.t68d10k45.all.renamed.fa.mafft, ../../Data/alignments_full_assemb/align_SCN1A/SCN1A.t68d10k45.all.renamed.fa.mafft.noStars, ../../Data/alignments_full_assemb/align_SCN2A/SCN2A.t68d10k45.all.renamed.fa.mafft.noStars, ../../Data/alignments_full_assemb/align_SCN3A/SCN3A.t68d10k45.all.renamed.fa.mafft.noStars, ../../Data/alignments_full_assemb/align_SCN4A/SCN4A.t68d10k45.all.renamed.fa.mafft.noStars, ../../Data/alignments_full_assemb/align_SCN5A/SCN5A.t68d10k45.all.renamed.fa.mafft.noStars, ../../Data/alignments_full_assemb/align_SCN8A/SCN8A.t68d10k45.all.renamed.fa.mafft.noStars, plot_data/SCN1A.fa, plot_data/SCN2A.fa, plot_data/SCN3A.fa, plot_data/SCN4A.fa, plot_data/SCN5A.fa, plot_data/SCN8A.fa, plot_data/SCN1A.DNA.fa, plot_data/SCN2A.DNA.fa, plot_data/SCN3A.DNA.fa, plot_data/SCN4A.DNA.fa, plot_data/SCN5A.DNA.fa, plot_data/SCN8A.DNA.fa, plot_data/SCN1A.columns, plot_data/SCN3A.columns, plot_data/SCN4A.columns, plot_data/SCN5A.columns, plot_data/SCN8A.columns, plot_data/SCN1A.DNA.trimmed.fa, plot_data/SCN3A.DNA.trimmed.fa, plot_data/SCN4A.DNA.trimmed.fa, plot_data/SCN5A.DNA.trimmed.fa, plot_data/SCN8A.DNA.trimmed.fa
    jobid: 0
    reason: Input files updated by another job: plot_data/SCN8A.DNA.fa, plot_data/SCN1A.columns, plot_data/SCN2A.fa, plot_data/SCN1A.DNA.fa, plot_data/SCN3A.DNA.fa, plot_data/SCN2A.DNA.fa, plot_data/SCN5A.DNA.fa, plot_data/SCN1A.DNA.trimmed.fa, plot_data/SCN5A.DNA.trimmed.fa, plot_data/SCN8A.DNA.trimmed.fa, plot_data/SCN4A.columns, plot_data/SCN1A.fa, plot_data/SCN3A.fa, plot_data/SCN5A.fa, plot_data/SCN3A.columns, plot_data/SCN4A.DNA.trimmed.fa, plot_data/SCN5A.columns, plot_data/SCN8A.columns, plot_data/SCN3A.DNA.trimmed.fa
    resources: tmpdir=/var/folders/2l/zp0wk9q9097fqhyymq39vg880000gn/T

[Tue Jul 26 15:58:33 2022]
Finished job 0.
20 of 20 steps (100%) done
Complete log: .snakemake/log/2022-07-26T155829.699643.snakemake.log
