Building DAG of jobs...
Using shell: /bin/bash
Provided cores: 1 (use --cores to define parallelism)
Rules claiming more threads will be scaled down.
Job stats:
job                       count    min threads    max threads
----------------------  -------  -------------  -------------
all                           1              1              1
get_remaining_DNA_seqs        6              1              1
run_mafft                     6              1              1
trim_bad_columns              5              1              1
trim_bad_seqs                 6              1              1
total                        24              1              1

Select jobs to execute...

[Tue Jul 26 13:47:56 2022]
rule run_mafft:
    input: ../../Data/alignments_full_assemb/align_SCN3A/SCN3A.t68d10k45.all.renamed.fa
    output: ../../Data/alignments_full_assemb/align_SCN3A/SCN3A.t68d10k45.all.renamed.mafft.fa
    jobid: 3
    reason: Missing output files: ../../Data/alignments_full_assemb/align_SCN3A/SCN3A.t68d10k45.all.renamed.mafft.fa
    wildcards: sample=SCN3A
    resources: tmpdir=/var/folders/2l/zp0wk9q9097fqhyymq39vg880000gn/T

[Tue Jul 26 13:48:00 2022]
Finished job 3.
1 of 24 steps (4%) done
Select jobs to execute...

[Tue Jul 26 13:48:00 2022]
rule run_mafft:
    input: ../../Data/alignments_full_assemb/align_SCN1A/SCN1A.t68d10k45.all.renamed.fa
    output: ../../Data/alignments_full_assemb/align_SCN1A/SCN1A.t68d10k45.all.renamed.mafft.fa
    jobid: 1
    reason: Missing output files: ../../Data/alignments_full_assemb/align_SCN1A/SCN1A.t68d10k45.all.renamed.mafft.fa
    wildcards: sample=SCN1A
    resources: tmpdir=/var/folders/2l/zp0wk9q9097fqhyymq39vg880000gn/T

[Tue Jul 26 13:48:04 2022]
Finished job 1.
2 of 24 steps (8%) done
Select jobs to execute...

[Tue Jul 26 13:48:04 2022]
rule run_mafft:
    input: ../../Data/alignments_full_assemb/align_SCN8A/SCN8A.t68d10k45.all.renamed.fa
    output: ../../Data/alignments_full_assemb/align_SCN8A/SCN8A.t68d10k45.all.renamed.mafft.fa
    jobid: 6
    reason: Missing output files: ../../Data/alignments_full_assemb/align_SCN8A/SCN8A.t68d10k45.all.renamed.mafft.fa
    wildcards: sample=SCN8A
    resources: tmpdir=/var/folders/2l/zp0wk9q9097fqhyymq39vg880000gn/T

[Tue Jul 26 13:48:08 2022]
Finished job 6.
3 of 24 steps (12%) done
Select jobs to execute...

[Tue Jul 26 13:48:08 2022]
rule trim_bad_seqs:
    input: ../../Data/alignments_full_assemb/align_SCN8A/SCN8A.t68d10k45.all.renamed.mafft.fa
    output: plot_data/SCN8A.fa
    jobid: 12
    reason: Missing output files: plot_data/SCN8A.fa; Input files updated by another job: ../../Data/alignments_full_assemb/align_SCN8A/SCN8A.t68d10k45.all.renamed.mafft.fa
    wildcards: sample=SCN8A
    resources: tmpdir=/var/folders/2l/zp0wk9q9097fqhyymq39vg880000gn/T

[Tue Jul 26 13:48:08 2022]
Error in rule trim_bad_seqs:
    jobid: 12
    output: plot_data/SCN8A.fa
    shell:
        ./trimAl.sh ../../Data/alignments_full_assemb/align_SCN8A/SCN8A.t68d10k45.all.renamed.mafft.fa SCN8A
        (one of the commands exited with non-zero exit code; note that snakemake uses bash strict mode!)

Shutting down, this might take some time.
Exiting because a job execution failed. Look above for error message
Complete log: .snakemake/log/2022-07-26T134756.521602.snakemake.log
