Building DAG of jobs...
Using shell: /bin/bash
Provided cores: 1 (use --cores to define parallelism)
Rules claiming more threads will be scaled down.
Job stats:
job                       count    min threads    max threads
----------------------  -------  -------------  -------------
all                           1              1              1
get_remaining_DNA_seqs        6              1              1
makeDNA2                      5              1              1
trim_bad_columns              5              1              1
trim_bad_seqs                 6              1              1
total                        23              1              1

Select jobs to execute...

[Tue Jul 26 16:39:27 2022]
rule trim_bad_seqs:
    input: ../../Data/alignments_full_assemb/align_SCN8A/SCN8A.t68d10k45.all.renamed.fa.mafft.noStars
    output: plot_data/SCN8A.fa, plot_data/SCN8A.1.columns
    jobid: 18
    reason: Missing output files: plot_data/SCN8A.fa
    wildcards: sample=SCN8A
    resources: tmpdir=/var/folders/2l/zp0wk9q9097fqhyymq39vg880000gn/T

[Tue Jul 26 16:39:27 2022]
Error in rule trim_bad_seqs:
    jobid: 18
    output: plot_data/SCN8A.fa, plot_data/SCN8A.1.columns
    shell:
        ./trimAl.sh ../../Data/alignments_full_assemb/align_SCN8A/SCN8A.t68d10k45.all.renamed.fa.mafft.noStars SCN8A
        (one of the commands exited with non-zero exit code; note that snakemake uses bash strict mode!)

Removing output files of failed job trim_bad_seqs since they might be corrupted:
plot_data/SCN8A.1.columns
Shutting down, this might take some time.
Exiting because a job execution failed. Look above for error message
Complete log: .snakemake/log/2022-07-26T163926.725415.snakemake.log
