Building DAG of jobs...
Using shell: /bin/bash
Provided cores: 1 (use --cores to define parallelism)
Rules claiming more threads will be scaled down.
Job stats:
job                       count    min threads    max threads
----------------------  -------  -------------  -------------
all                           1              1              1
get_remaining_DNA_seqs        6              1              1
makeDNA                       5              1              1
trim_bad_columns              5              1              1
trim_bad_seqs                 6              1              1
total                        23              1              1

Select jobs to execute...

[Tue Jul 26 15:57:52 2022]
rule trim_bad_seqs:
    input: ../../Data/alignments_full_assemb/align_SCN8A/SCN8A.t68d10k45.all.renamed.fa.mafft.noStars
    output: plot_data/SCN8A.fa
    jobid: 18
    reason: Missing output files: plot_data/SCN8A.fa
    wildcards: sample=SCN8A
    resources: tmpdir=/var/folders/2l/zp0wk9q9097fqhyymq39vg880000gn/T

[Tue Jul 26 15:57:52 2022]
Finished job 18.
1 of 23 steps (4%) done
Select jobs to execute...

[Tue Jul 26 15:57:52 2022]
rule trim_bad_seqs:
    input: ../../Data/alignments_full_assemb/align_SCN4A/SCN4A.t68d10k45.all.renamed.fa.mafft.noStars
    output: plot_data/SCN4A.fa
    jobid: 16
    reason: Missing output files: plot_data/SCN4A.fa
    wildcards: sample=SCN4A
    resources: tmpdir=/var/folders/2l/zp0wk9q9097fqhyymq39vg880000gn/T

[Tue Jul 26 15:57:52 2022]
Finished job 16.
2 of 23 steps (9%) done
Select jobs to execute...

[Tue Jul 26 15:57:52 2022]
rule get_remaining_DNA_seqs:
    input: plot_data/SCN4A.fa, ../../Data/alignments_full_assemb/align_SCN4A/SCN4A.t68d10k45.all.renamed.fa.mafft, ../../Data/alignments_full_assemb/align_SCN4A/SCN4A.t68d10k45.DNA.renamed.fa
    output: plot_data/SCN4A.DNA.fa
    jobid: 22
    reason: Missing output files: plot_data/SCN4A.DNA.fa; Input files updated by another job: plot_data/SCN4A.fa
    wildcards: sample=SCN4A
    resources: tmpdir=/var/folders/2l/zp0wk9q9097fqhyymq39vg880000gn/T

[Tue Jul 26 15:57:52 2022]
Finished job 22.
3 of 23 steps (13%) done
Select jobs to execute...

[Tue Jul 26 15:57:52 2022]
rule trim_bad_columns:
    input: ../../Data/alignments_full_assemb/align_SCN5A/SCN5A.t68d10k45.all.renamed.fa.mafft.noStars
    output: plot_data/SCN5A.columns
    jobid: 28
    reason: Missing output files: plot_data/SCN5A.columns
    wildcards: sample=SCN5A
    resources: tmpdir=/var/folders/2l/zp0wk9q9097fqhyymq39vg880000gn/T

[Tue Jul 26 15:57:52 2022]
Error in rule trim_bad_columns:
    jobid: 28
    output: plot_data/SCN5A.columns
    shell:
        ./trimAlCol.sh SCN5A -> plot_data/SCN5A.columns
        (one of the commands exited with non-zero exit code; note that snakemake uses bash strict mode!)

Removing output files of failed job trim_bad_columns since they might be corrupted:
plot_data/SCN5A.columns
Shutting down, this might take some time.
Exiting because a job execution failed. Look above for error message
Complete log: .snakemake/log/2022-07-26T155751.966555.snakemake.log
