Building DAG of jobs...
Using shell: /bin/bash
Provided cores: 1 (use --cores to define parallelism)
Rules claiming more threads will be scaled down.
Job stats:
job                       count    min threads    max threads
----------------------  -------  -------------  -------------
all                           1              1              1
get_remaining_DNA_seqs        6              1              1
trim_bad_columns              5              1              1
trim_bad_seqs                 6              1              1
total                        18              1              1

Select jobs to execute...

[Tue Jul 26 13:27:38 2022]
rule trim_bad_seqs:
    input: ../../Data/alignments_full_assemb/align_SCN3A
    output: plot_data/SCN3A.fa
    jobid: 3
    reason: Missing output files: plot_data/SCN3A.fa
    wildcards: sample=SCN3A
    resources: tmpdir=/var/folders/2l/zp0wk9q9097fqhyymq39vg880000gn/T

[Tue Jul 26 13:27:38 2022]
Finished job 3.
1 of 18 steps (6%) done
Select jobs to execute...

[Tue Jul 26 13:27:38 2022]
rule trim_bad_seqs:
    input: ../../Data/alignments_full_assemb/align_SCN1A
    output: plot_data/SCN1A.fa
    jobid: 1
    reason: Missing output files: plot_data/SCN1A.fa
    wildcards: sample=SCN1A
    resources: tmpdir=/var/folders/2l/zp0wk9q9097fqhyymq39vg880000gn/T

[Tue Jul 26 13:27:38 2022]
Finished job 1.
2 of 18 steps (11%) done
Select jobs to execute...

[Tue Jul 26 13:27:38 2022]
rule trim_bad_seqs:
    input: ../../Data/alignments_full_assemb/align_SCN8A
    output: plot_data/SCN8A.fa
    jobid: 6
    reason: Missing output files: plot_data/SCN8A.fa
    wildcards: sample=SCN8A
    resources: tmpdir=/var/folders/2l/zp0wk9q9097fqhyymq39vg880000gn/T

[Tue Jul 26 13:27:38 2022]
Finished job 6.
3 of 18 steps (17%) done
Select jobs to execute...

[Tue Jul 26 13:27:38 2022]
rule trim_bad_seqs:
    input: ../../Data/alignments_full_assemb/align_SCN4A
    output: plot_data/SCN4A.fa
    jobid: 4
    reason: Missing output files: plot_data/SCN4A.fa
    wildcards: sample=SCN4A
    resources: tmpdir=/var/folders/2l/zp0wk9q9097fqhyymq39vg880000gn/T

[Tue Jul 26 13:27:38 2022]
Finished job 4.
4 of 18 steps (22%) done
Select jobs to execute...

[Tue Jul 26 13:27:38 2022]
rule trim_bad_seqs:
    input: ../../Data/alignments_full_assemb/align_SCN2A
    output: plot_data/SCN2A.fa
    jobid: 2
    reason: Missing output files: plot_data/SCN2A.fa
    wildcards: sample=SCN2A
    resources: tmpdir=/var/folders/2l/zp0wk9q9097fqhyymq39vg880000gn/T

[Tue Jul 26 13:27:38 2022]
Finished job 2.
5 of 18 steps (28%) done
Select jobs to execute...

[Tue Jul 26 13:27:38 2022]
rule get_remaining_DNA_seqs:
    input: plot_data/SCN8A.fa, ../../Data/alignments_full_assemb/align_SCN8A/SCN8A.t68d10k45.DNA.renamed.fa
    output: plot_data/SCN8A.DNA.fa
    jobid: 12
    reason: Missing output files: plot_data/SCN8A.DNA.fa; Input files updated by another job: plot_data/SCN8A.fa
    wildcards: sample=SCN8A
    resources: tmpdir=/var/folders/2l/zp0wk9q9097fqhyymq39vg880000gn/T

[Tue Jul 26 13:27:39 2022]
Finished job 12.
6 of 18 steps (33%) done
Select jobs to execute...

[Tue Jul 26 13:27:39 2022]
rule trim_bad_columns:
    input: plot_data/SCN8A.DNA.fa
    output: plot_data/SCN8A.trimmedCol.fa
    jobid: 17
    reason: Missing output files: plot_data/SCN8A.trimmedCol.fa; Input files updated by another job: plot_data/SCN8A.DNA.fa
    wildcards: sample=SCN8A
    resources: tmpdir=/var/folders/2l/zp0wk9q9097fqhyymq39vg880000gn/T

[Tue Jul 26 13:27:39 2022]
Error in rule trim_bad_columns:
    jobid: 17
    output: plot_data/SCN8A.trimmedCol.fa
    shell:
        ./trimAlCol.sh SCN8A
        (one of the commands exited with non-zero exit code; note that snakemake uses bash strict mode!)

Shutting down, this might take some time.
Exiting because a job execution failed. Look above for error message
Complete log: .snakemake/log/2022-07-26T132737.770407.snakemake.log
