Building DAG of jobs...
Using shell: /bin/bash
Provided cores: 1 (use --cores to define parallelism)
Rules claiming more threads will be scaled down.
Job stats:
job                       count    min threads    max threads
----------------------  -------  -------------  -------------
all                           1              1              1
get_remaining_DNA_seqs        5              1              1
trim_bad_columns              5              1              1
total                        11              1              1

Select jobs to execute...

[Tue Jul 26 14:17:04 2022]
rule get_remaining_DNA_seqs:
    input: plot_data/SCN3A.fa, ../../Data/alignments_full_assemb/align_SCN3A/SCN3A.t68d10k45.all.renamed.fa.mafft, ../../Data/alignments_full_assemb/align_SCN3A/SCN3A.t68d10k45.DNA.renamed.fa
    output: plot_data/SCN3A.DNA.fa
    jobid: 21
    reason: Missing output files: plot_data/SCN3A.DNA.fa
    wildcards: sample=SCN3A
    resources: tmpdir=/var/folders/2l/zp0wk9q9097fqhyymq39vg880000gn/T

[Tue Jul 26 14:17:04 2022]
Finished job 21.
1 of 11 steps (9%) done
Select jobs to execute...

[Tue Jul 26 14:17:04 2022]
rule get_remaining_DNA_seqs:
    input: plot_data/SCN2A.fa, ../../Data/alignments_full_assemb/align_SCN2A/SCN2A.t68d10k45.all.renamed.fa.mafft, ../../Data/alignments_full_assemb/align_SCN2A/SCN2A.t68d10k45.DNA.renamed.fa
    output: plot_data/SCN2A.DNA.fa
    jobid: 20
    reason: Set of input files has changed since last execution
    wildcards: sample=SCN2A
    resources: tmpdir=/var/folders/2l/zp0wk9q9097fqhyymq39vg880000gn/T

[Tue Jul 26 14:17:04 2022]
Finished job 20.
2 of 11 steps (18%) done
Select jobs to execute...

[Tue Jul 26 14:17:04 2022]
rule trim_bad_columns:
    input: plot_data/SCN4A.DNA.fa
    output: plot_data/SCN4A.trimmedCol.fa
    jobid: 27
    reason: Updated input files: plot_data/SCN4A.DNA.fa
    wildcards: sample=SCN4A
    resources: tmpdir=/var/folders/2l/zp0wk9q9097fqhyymq39vg880000gn/T

[Tue Jul 26 14:17:05 2022]
Finished job 27.
3 of 11 steps (27%) done
Select jobs to execute...

[Tue Jul 26 14:17:05 2022]
rule get_remaining_DNA_seqs:
    input: plot_data/SCN8A.fa, ../../Data/alignments_full_assemb/align_SCN8A/SCN8A.t68d10k45.all.renamed.fa.mafft, ../../Data/alignments_full_assemb/align_SCN8A/SCN8A.t68d10k45.DNA.renamed.fa
    output: plot_data/SCN8A.DNA.fa
    jobid: 24
    reason: Set of input files has changed since last execution
    wildcards: sample=SCN8A
    resources: tmpdir=/var/folders/2l/zp0wk9q9097fqhyymq39vg880000gn/T

[Tue Jul 26 14:17:05 2022]
Finished job 24.
4 of 11 steps (36%) done
Select jobs to execute...

[Tue Jul 26 14:17:05 2022]
rule trim_bad_columns:
    input: plot_data/SCN8A.DNA.fa
    output: plot_data/SCN8A.trimmedCol.fa
    jobid: 29
    reason: Input files updated by another job: plot_data/SCN8A.DNA.fa
    wildcards: sample=SCN8A
    resources: tmpdir=/var/folders/2l/zp0wk9q9097fqhyymq39vg880000gn/T

[Tue Jul 26 14:17:05 2022]
Finished job 29.
5 of 11 steps (45%) done
Select jobs to execute...

[Tue Jul 26 14:17:05 2022]
rule trim_bad_columns:
    input: plot_data/SCN3A.DNA.fa
    output: plot_data/SCN3A.trimmedCol.fa
    jobid: 26
    reason: Input files updated by another job: plot_data/SCN3A.DNA.fa
    wildcards: sample=SCN3A
    resources: tmpdir=/var/folders/2l/zp0wk9q9097fqhyymq39vg880000gn/T

[Tue Jul 26 14:17:05 2022]
Finished job 26.
6 of 11 steps (55%) done
Select jobs to execute...

[Tue Jul 26 14:17:05 2022]
rule get_remaining_DNA_seqs:
    input: plot_data/SCN5A.fa, ../../Data/alignments_full_assemb/align_SCN5A/SCN5A.t68d10k45.all.renamed.fa.mafft, ../../Data/alignments_full_assemb/align_SCN5A/SCN5A.t68d10k45.DNA.renamed.fa
    output: plot_data/SCN5A.DNA.fa
    jobid: 23
    reason: Set of input files has changed since last execution
    wildcards: sample=SCN5A
    resources: tmpdir=/var/folders/2l/zp0wk9q9097fqhyymq39vg880000gn/T

[Tue Jul 26 14:17:05 2022]
Finished job 23.
7 of 11 steps (64%) done
Select jobs to execute...

[Tue Jul 26 14:17:05 2022]
rule trim_bad_columns:
    input: plot_data/SCN5A.DNA.fa
    output: plot_data/SCN5A.trimmedCol.fa
    jobid: 28
    reason: Input files updated by another job: plot_data/SCN5A.DNA.fa
    wildcards: sample=SCN5A
    resources: tmpdir=/var/folders/2l/zp0wk9q9097fqhyymq39vg880000gn/T

[Tue Jul 26 14:17:05 2022]
Finished job 28.
8 of 11 steps (73%) done
Select jobs to execute...

[Tue Jul 26 14:17:05 2022]
rule get_remaining_DNA_seqs:
    input: plot_data/SCN1A.fa, ../../Data/alignments_full_assemb/align_SCN1A/SCN1A.t68d10k45.all.renamed.fa.mafft, ../../Data/alignments_full_assemb/align_SCN1A/SCN1A.t68d10k45.DNA.renamed.fa
    output: plot_data/SCN1A.DNA.fa
    jobid: 19
    reason: Set of input files has changed since last execution
    wildcards: sample=SCN1A
    resources: tmpdir=/var/folders/2l/zp0wk9q9097fqhyymq39vg880000gn/T

[Tue Jul 26 14:17:05 2022]
Finished job 19.
9 of 11 steps (82%) done
Select jobs to execute...

[Tue Jul 26 14:17:05 2022]
rule trim_bad_columns:
    input: plot_data/SCN1A.DNA.fa
    output: plot_data/SCN1A.trimmedCol.fa
    jobid: 25
    reason: Input files updated by another job: plot_data/SCN1A.DNA.fa
    wildcards: sample=SCN1A
    resources: tmpdir=/var/folders/2l/zp0wk9q9097fqhyymq39vg880000gn/T

[Tue Jul 26 14:17:06 2022]
Finished job 25.
10 of 11 steps (91%) done
Select jobs to execute...

[Tue Jul 26 14:17:06 2022]
localrule all:
    input: ../../Data/alignments_full_assemb/align_SCN1A/SCN1A.t68d10k45.all.renamed.fa.mafft, ../../Data/alignments_full_assemb/align_SCN2A/SCN2A.t68d10k45.all.renamed.fa.mafft, ../../Data/alignments_full_assemb/align_SCN3A/SCN3A.t68d10k45.all.renamed.fa.mafft, ../../Data/alignments_full_assemb/align_SCN4A/SCN4A.t68d10k45.all.renamed.fa.mafft, ../../Data/alignments_full_assemb/align_SCN5A/SCN5A.t68d10k45.all.renamed.fa.mafft, ../../Data/alignments_full_assemb/align_SCN8A/SCN8A.t68d10k45.all.renamed.fa.mafft, ../../Data/alignments_full_assemb/align_SCN1A/SCN1A.t68d10k45.all.renamed.fa.mafft.noStars, ../../Data/alignments_full_assemb/align_SCN2A/SCN2A.t68d10k45.all.renamed.fa.mafft.noStars, ../../Data/alignments_full_assemb/align_SCN3A/SCN3A.t68d10k45.all.renamed.fa.mafft.noStars, ../../Data/alignments_full_assemb/align_SCN4A/SCN4A.t68d10k45.all.renamed.fa.mafft.noStars, ../../Data/alignments_full_assemb/align_SCN5A/SCN5A.t68d10k45.all.renamed.fa.mafft.noStars, ../../Data/alignments_full_assemb/align_SCN8A/SCN8A.t68d10k45.all.renamed.fa.mafft.noStars, plot_data/SCN1A.fa, plot_data/SCN2A.fa, plot_data/SCN3A.fa, plot_data/SCN4A.fa, plot_data/SCN5A.fa, plot_data/SCN8A.fa, plot_data/SCN1A.DNA.fa, plot_data/SCN2A.DNA.fa, plot_data/SCN3A.DNA.fa, plot_data/SCN4A.DNA.fa, plot_data/SCN5A.DNA.fa, plot_data/SCN8A.DNA.fa, plot_data/SCN1A.trimmedCol.fa, plot_data/SCN3A.trimmedCol.fa, plot_data/SCN4A.trimmedCol.fa, plot_data/SCN5A.trimmedCol.fa, plot_data/SCN8A.trimmedCol.fa
    jobid: 0
    reason: Input files updated by another job: plot_data/SCN5A.DNA.fa, plot_data/SCN8A.DNA.fa, plot_data/SCN1A.trimmedCol.fa, plot_data/SCN2A.DNA.fa, plot_data/SCN3A.DNA.fa, plot_data/SCN8A.trimmedCol.fa, plot_data/SCN4A.trimmedCol.fa, plot_data/SCN5A.trimmedCol.fa, plot_data/SCN1A.DNA.fa, plot_data/SCN3A.trimmedCol.fa
    resources: tmpdir=/var/folders/2l/zp0wk9q9097fqhyymq39vg880000gn/T

[Tue Jul 26 14:17:06 2022]
Finished job 0.
11 of 11 steps (100%) done
Complete log: .snakemake/log/2022-07-26T141704.385433.snakemake.log
