Building DAG of jobs...
Using shell: /bin/bash
Provided cores: 1 (use --cores to define parallelism)
Rules claiming more threads will be scaled down.
Job stats:
job                 count    min threads    max threads
----------------  -------  -------------  -------------
all                     1              1              1
trim_bad_columns        6              1              1
total                   7              1              1

Select jobs to execute...

[Tue Jul 26 12:34:08 2022]
rule trim_bad_columns:
    input: plot_data/SCN8A.DNA.fa
    output: plot_data/SCN8A.trimmedCol.fa
    jobid: 18
    reason: Missing output files: plot_data/SCN8A.trimmedCol.fa
    wildcards: sample=SCN8A
    resources: tmpdir=/var/folders/2l/zp0wk9q9097fqhyymq39vg880000gn/T

[Tue Jul 26 12:34:08 2022]
Finished job 18.
1 of 7 steps (14%) done
Select jobs to execute...

[Tue Jul 26 12:34:08 2022]
rule trim_bad_columns:
    input: plot_data/SCN3A.DNA.fa
    output: plot_data/SCN3A.trimmedCol.fa
    jobid: 15
    reason: Missing output files: plot_data/SCN3A.trimmedCol.fa
    wildcards: sample=SCN3A
    resources: tmpdir=/var/folders/2l/zp0wk9q9097fqhyymq39vg880000gn/T

[Tue Jul 26 12:34:09 2022]
Finished job 15.
2 of 7 steps (29%) done
Select jobs to execute...

[Tue Jul 26 12:34:09 2022]
rule trim_bad_columns:
    input: plot_data/SCN1A.DNA.fa
    output: plot_data/SCN1A.trimmedCol.fa
    jobid: 13
    reason: Missing output files: plot_data/SCN1A.trimmedCol.fa
    wildcards: sample=SCN1A
    resources: tmpdir=/var/folders/2l/zp0wk9q9097fqhyymq39vg880000gn/T

[Tue Jul 26 12:34:09 2022]
Finished job 13.
3 of 7 steps (43%) done
Select jobs to execute...

[Tue Jul 26 12:34:09 2022]
rule trim_bad_columns:
    input: plot_data/SCN5A.DNA.fa
    output: plot_data/SCN5A.trimmedCol.fa
    jobid: 17
    reason: Missing output files: plot_data/SCN5A.trimmedCol.fa
    wildcards: sample=SCN5A
    resources: tmpdir=/var/folders/2l/zp0wk9q9097fqhyymq39vg880000gn/T

[Tue Jul 26 12:34:09 2022]
Finished job 17.
4 of 7 steps (57%) done
Select jobs to execute...

[Tue Jul 26 12:34:09 2022]
rule trim_bad_columns:
    input: plot_data/SCN4A.DNA.fa
    output: plot_data/SCN4A.trimmedCol.fa
    jobid: 16
    reason: Missing output files: plot_data/SCN4A.trimmedCol.fa
    wildcards: sample=SCN4A
    resources: tmpdir=/var/folders/2l/zp0wk9q9097fqhyymq39vg880000gn/T

[Tue Jul 26 12:34:10 2022]
Finished job 16.
5 of 7 steps (71%) done
Select jobs to execute...

[Tue Jul 26 12:34:10 2022]
rule trim_bad_columns:
    input: plot_data/SCN2A.DNA.fa
    output: plot_data/SCN2A.trimmedCol.fa
    jobid: 14
    reason: Missing output files: plot_data/SCN2A.trimmedCol.fa
    wildcards: sample=SCN2A
    resources: tmpdir=/var/folders/2l/zp0wk9q9097fqhyymq39vg880000gn/T

[Tue Jul 26 12:34:10 2022]
Error in rule trim_bad_columns:
    jobid: 14
    output: plot_data/SCN2A.trimmedCol.fa
    shell:
        ./trimAlCol.sh SCN2A
        (one of the commands exited with non-zero exit code; note that snakemake uses bash strict mode!)

Shutting down, this might take some time.
Exiting because a job execution failed. Look above for error message
Complete log: .snakemake/log/2022-07-26T123407.884534.snakemake.log
