Building DAG of jobs...
Using shell: /bin/bash
Provided cores: 1 (use --cores to define parallelism)
Rules claiming more threads will be scaled down.
Job stats:
job                 count    min threads    max threads
----------------  -------  -------------  -------------
all                     1              1              1
trim_bad_columns        6              1              1
total                   7              1              1

Select jobs to execute...

[Tue Jul 26 12:32:25 2022]
rule trim_bad_columns:
    input: plot_data/SCN4A.DNA.fa
    output: plot_data/SCN4A.trimmedCol.fa
    jobid: 16
    reason: Missing output files: plot_data/SCN4A.trimmedCol.fa
    wildcards: sample=SCN4A
    resources: tmpdir=/var/folders/2l/zp0wk9q9097fqhyymq39vg880000gn/T

[Tue Jul 26 12:32:25 2022]
Error in rule trim_bad_columns:
    jobid: 16
    output: plot_data/SCN4A.trimmedCol.fa
    shell:
        ./trimAlCol.sh plot_data/SCN4A.DNA.fa
        (one of the commands exited with non-zero exit code; note that snakemake uses bash strict mode!)

Shutting down, this might take some time.
Exiting because a job execution failed. Look above for error message
Complete log: .snakemake/log/2022-07-26T123225.259618.snakemake.log
