Building DAG of jobs...
Using shell: /bin/bash
Provided cores: 1 (use --cores to define parallelism)
Rules claiming more threads will be scaled down.
Job stats:
job         count    min threads    max threads
--------  -------  -------------  -------------
all             1              1              1
makeTree        4              1              1
total           5              1              1

Select jobs to execute...

[Tue Jul 26 20:47:40 2022]
rule makeTree:
    input: plot_data/SCN5A.DNA.trimmed.fa
    output: plot_data/SCN5A.DNA.trimmed.fa.raxml.bestTree
    jobid: 38
    reason: Missing output files: plot_data/SCN5A.DNA.trimmed.fa.raxml.bestTree
    wildcards: sample=SCN5A
    resources: tmpdir=/var/folders/2l/zp0wk9q9097fqhyymq39vg880000gn/T

[Tue Jul 26 20:52:41 2022]
Finished job 38.
1 of 5 steps (20%) done
Select jobs to execute...

[Tue Jul 26 20:52:41 2022]
rule makeTree:
    input: plot_data/SCN4A.DNA.trimmed.fa
    output: plot_data/SCN4A.DNA.trimmed.fa.raxml.bestTree
    jobid: 37
    reason: Missing output files: plot_data/SCN4A.DNA.trimmed.fa.raxml.bestTree
    wildcards: sample=SCN4A
    resources: tmpdir=/var/folders/2l/zp0wk9q9097fqhyymq39vg880000gn/T

[Tue Jul 26 21:05:19 2022]
Finished job 37.
2 of 5 steps (40%) done
Select jobs to execute...

[Tue Jul 26 21:05:19 2022]
rule makeTree:
    input: plot_data/SCN8A.DNA.trimmed.fa
    output: plot_data/SCN8A.DNA.trimmed.fa.raxml.bestTree
    jobid: 39
    reason: Missing output files: plot_data/SCN8A.DNA.trimmed.fa.raxml.bestTree
    wildcards: sample=SCN8A
    resources: tmpdir=/var/folders/2l/zp0wk9q9097fqhyymq39vg880000gn/T

[Tue Jul 26 21:17:00 2022]
Finished job 39.
3 of 5 steps (60%) done
Select jobs to execute...

[Tue Jul 26 21:17:00 2022]
rule makeTree:
    input: plot_data/SCN3A.DNA.trimmed.fa
    output: plot_data/SCN3A.DNA.trimmed.fa.raxml.bestTree
    jobid: 36
    reason: Missing output files: plot_data/SCN3A.DNA.trimmed.fa.raxml.bestTree
    wildcards: sample=SCN3A
    resources: tmpdir=/var/folders/2l/zp0wk9q9097fqhyymq39vg880000gn/T

[Tue Jul 26 21:31:57 2022]
Finished job 36.
4 of 5 steps (80%) done
Select jobs to execute...

[Tue Jul 26 21:31:57 2022]
localrule all:
    input: ../../Data/alignments_full_assemb/align_SCN1A/SCN1A.t68d10k45.all.renamed.fa.mafft, ../../Data/alignments_full_assemb/align_SCN2A/SCN2A.t68d10k45.all.renamed.fa.mafft, ../../Data/alignments_full_assemb/align_SCN3A/SCN3A.t68d10k45.all.renamed.fa.mafft, ../../Data/alignments_full_assemb/align_SCN4A/SCN4A.t68d10k45.all.renamed.fa.mafft, ../../Data/alignments_full_assemb/align_SCN5A/SCN5A.t68d10k45.all.renamed.fa.mafft, ../../Data/alignments_full_assemb/align_SCN8A/SCN8A.t68d10k45.all.renamed.fa.mafft, ../../Data/alignments_full_assemb/align_SCN1A/SCN1A.t68d10k45.all.renamed.fa.mafft.noStars, ../../Data/alignments_full_assemb/align_SCN2A/SCN2A.t68d10k45.all.renamed.fa.mafft.noStars, ../../Data/alignments_full_assemb/align_SCN3A/SCN3A.t68d10k45.all.renamed.fa.mafft.noStars, ../../Data/alignments_full_assemb/align_SCN4A/SCN4A.t68d10k45.all.renamed.fa.mafft.noStars, ../../Data/alignments_full_assemb/align_SCN5A/SCN5A.t68d10k45.all.renamed.fa.mafft.noStars, ../../Data/alignments_full_assemb/align_SCN8A/SCN8A.t68d10k45.all.renamed.fa.mafft.noStars, plot_data/SCN1A.fa, plot_data/SCN2A.fa, plot_data/SCN3A.fa, plot_data/SCN4A.fa, plot_data/SCN5A.fa, plot_data/SCN8A.fa, plot_data/SCN1A.DNA.fa, plot_data/SCN2A.DNA.fa, plot_data/SCN3A.DNA.fa, plot_data/SCN4A.DNA.fa, plot_data/SCN5A.DNA.fa, plot_data/SCN8A.DNA.fa, plot_data/SCN1A.columns, plot_data/SCN3A.columns, plot_data/SCN4A.columns, plot_data/SCN5A.columns, plot_data/SCN8A.columns, plot_data/SCN1A.DNA.trimmed.fa, plot_data/SCN3A.DNA.trimmed.fa, plot_data/SCN4A.DNA.trimmed.fa, plot_data/SCN5A.DNA.trimmed.fa, plot_data/SCN8A.DNA.trimmed.fa, plot_data/SCN1A.DNA.trimmed.fa.raxml.bestTree, plot_data/SCN3A.DNA.trimmed.fa.raxml.bestTree, plot_data/SCN4A.DNA.trimmed.fa.raxml.bestTree, plot_data/SCN5A.DNA.trimmed.fa.raxml.bestTree, plot_data/SCN8A.DNA.trimmed.fa.raxml.bestTree
    jobid: 0
    reason: Input files updated by another job: plot_data/SCN3A.DNA.trimmed.fa.raxml.bestTree, plot_data/SCN8A.DNA.trimmed.fa.raxml.bestTree, plot_data/SCN5A.DNA.trimmed.fa.raxml.bestTree, plot_data/SCN4A.DNA.trimmed.fa.raxml.bestTree
    resources: tmpdir=/var/folders/2l/zp0wk9q9097fqhyymq39vg880000gn/T

[Tue Jul 26 21:31:57 2022]
Finished job 0.
5 of 5 steps (100%) done
Complete log: .snakemake/log/2022-07-26T204740.396904.snakemake.log
