Building DAG of jobs...
Using shell: /bin/bash
Provided cores: 1 (use --cores to define parallelism)
Rules claiming more threads will be scaled down.
Job stats:
job                 count    min threads    max threads
----------------  -------  -------------  -------------
all                     1              1              1
trim_bad_columns        5              1              1
total                   6              1              1

Select jobs to execute...

[Tue Jul 26 14:24:05 2022]
rule trim_bad_columns:
    input: plot_data/SCN3A.DNA.fa
    output: plot_data/SCN3A.trimmedCol.fa, plot_data/SCN3A.columns
    jobid: 26
    reason: Missing output files: plot_data/SCN3A.columns, plot_data/SCN3A.trimmedCol.fa
    wildcards: sample=SCN3A
    resources: tmpdir=/var/folders/2l/zp0wk9q9097fqhyymq39vg880000gn/T

Waiting at most 5 seconds for missing files.
MissingOutputException in line 74 of /Users/uricchio/projects/poison/sodiumChannelPaper/Figures/Figure2/Snakefile:
Job Missing files after 5 seconds. This might be due to filesystem latency. If that is the case, consider to increase the wait time with --latency-wait:
plot_data/SCN3A.columns completed successfully, but some output files are missing. 26
Removing output files of failed job trim_bad_columns since they might be corrupted:
plot_data/SCN3A.trimmedCol.fa
Shutting down, this might take some time.
Exiting because a job execution failed. Look above for error message
Complete log: .snakemake/log/2022-07-26T142404.949083.snakemake.log
