Building DAG of jobs...
Using shell: /bin/bash
Provided cores: 1 (use --cores to define parallelism)
Rules claiming more threads will be scaled down.
Job stats:
job                       count    min threads    max threads
----------------------  -------  -------------  -------------
all                           1              1              1
get_remaining_DNA_seqs        6              1              1
trim_bad_columns              5              1              1
total                        12              1              1

Select jobs to execute...

[Tue Jul 26 14:16:03 2022]
rule get_remaining_DNA_seqs:
    input: plot_data/SCN4A.fa, ../../Data/alignments_full_assemb/align_SCN4A/SCN4A.t68d10k45.all.renamed.fa.mafft, ../../Data/alignments_full_assemb/align_SCN4A/SCN4A.t68d10k45.DNA.renamed.fa
    output: plot_data/SCN4A.DNA.fa
    jobid: 22
    reason: Set of input files has changed since last execution
    wildcards: sample=SCN4A
    resources: tmpdir=/var/folders/2l/zp0wk9q9097fqhyymq39vg880000gn/T

[Tue Jul 26 14:16:03 2022]
Finished job 22.
1 of 12 steps (8%) done
Select jobs to execute...

[Tue Jul 26 14:16:03 2022]
rule get_remaining_DNA_seqs:
    input: plot_data/SCN3A.fa, ../../Data/alignments_full_assemb/align_SCN3A/SCN3A.t68d10k45.all.renamed.fa.mafft, ../../Data/alignments_full_assemb/align_SCN3A/SCN3A.t68d10k45.DNA.renamed.fa
    output: plot_data/SCN3A.DNA.fa
    jobid: 21
    reason: Set of input files has changed since last execution
    wildcards: sample=SCN3A
    resources: tmpdir=/var/folders/2l/zp0wk9q9097fqhyymq39vg880000gn/T

[Tue Jul 26 14:16:03 2022]
Error in rule get_remaining_DNA_seqs:
    jobid: 21
    output: plot_data/SCN3A.DNA.fa
    shell:
        python ../../scripts/getDNAfromProtAlign.py plot_data/SCN3A.fa ../../Data/alignments_full_assemb/align_SCN3A/SCN3A.t68d10k45.all.renamed.fa.mafft ../../Data/alignments_full_assemb/align_SCN3A/SCN3A.t68d10k45.DNA.renamed.fa -> plot_data/SCN3A.DNA.fa
        (one of the commands exited with non-zero exit code; note that snakemake uses bash strict mode!)

Removing output files of failed job get_remaining_DNA_seqs since they might be corrupted:
plot_data/SCN3A.DNA.fa
Shutting down, this might take some time.
Exiting because a job execution failed. Look above for error message
Complete log: .snakemake/log/2022-07-26T141602.982056.snakemake.log
