Building DAG of jobs...
Using shell: /bin/bash
Provided cores: 1 (use --cores to define parallelism)
Rules claiming more threads will be scaled down.
Job stats:
job                       count    min threads    max threads
----------------------  -------  -------------  -------------
all                           1              1              1
get_remaining_DNA_seqs        6              1              1
remove_stars                  6              1              1
run_mafft                     3              1              1
trim_bad_columns              5              1              1
trim_bad_seqs                 6              1              1
total                        27              1              1

Select jobs to execute...

[Tue Jul 26 14:07:36 2022]
rule remove_stars:
    input: ../../Data/alignments_full_assemb/align_SCN5A/SCN5A.t68d10k45.all.renamed.fa.mafft
    output: ../../Data/alignments_full_assemb/align_SCN5A/SCN5A.t68d10k45.all.renamed.fa.mafft.noStars
    jobid: 11
    reason: Missing output files: ../../Data/alignments_full_assemb/align_SCN5A/SCN5A.t68d10k45.all.renamed.fa.mafft.noStars
    wildcards: sample=SCN5A
    resources: tmpdir=/var/folders/2l/zp0wk9q9097fqhyymq39vg880000gn/T

[Tue Jul 26 14:07:36 2022]
Finished job 11.
1 of 27 steps (4%) done
Select jobs to execute...

[Tue Jul 26 14:07:36 2022]
rule trim_bad_seqs:
    input: ../../Data/alignments_full_assemb/align_SCN5A/SCN5A.t68d10k45.all.renamed.fa.mafft.noStars
    output: plot_data/SCN5A.fa
    jobid: 17
    reason: Input files updated by another job: ../../Data/alignments_full_assemb/align_SCN5A/SCN5A.t68d10k45.all.renamed.fa.mafft.noStars
    wildcards: sample=SCN5A
    resources: tmpdir=/var/folders/2l/zp0wk9q9097fqhyymq39vg880000gn/T

[Tue Jul 26 14:07:36 2022]
Error in rule trim_bad_seqs:
    jobid: 17
    output: plot_data/SCN5A.fa
    shell:
        ./trimAl.sh ../../Data/alignments_full_assemb/align_SCN5A/SCN5A.t68d10k45.all.renamed.fa.mafft.noStars SCN5A
        (one of the commands exited with non-zero exit code; note that snakemake uses bash strict mode!)

Shutting down, this might take some time.
Exiting because a job execution failed. Look above for error message
Complete log: .snakemake/log/2022-07-26T140735.979225.snakemake.log
