Building DAG of jobs...
Using shell: /bin/bash
Provided cores: 1 (use --cores to define parallelism)
Rules claiming more threads will be scaled down.
Job stats:
job        count    min threads    max threads
-------  -------  -------------  -------------
all            1              1              1
runMeme        3              1              1
total          4              1              1

Select jobs to execute...

[Thu Jul 28 09:17:08 2022]
rule runMeme:
    input: plot_data/SCN3A.DNA.trimmed.wTree.fa
    output: plot_data/SCN3A.DNA.trimmed.wTree.fa.MEME.json
    jobid: 46
    reason: Missing output files: plot_data/SCN3A.DNA.trimmed.wTree.fa.MEME.json
    wildcards: sample=SCN3A
    resources: tmpdir=/var/folders/2l/zp0wk9q9097fqhyymq39vg880000gn/T

[Thu Jul 28 20:29:01 2022]
Finished job 46.
1 of 4 steps (25%) done
Select jobs to execute...

[Thu Jul 28 20:29:01 2022]
rule runMeme:
    input: plot_data/SCN5A.DNA.trimmed.wTree.fa
    output: plot_data/SCN5A.DNA.trimmed.wTree.fa.MEME.json
    jobid: 48
    reason: Missing output files: plot_data/SCN5A.DNA.trimmed.wTree.fa.MEME.json
    wildcards: sample=SCN5A
    resources: tmpdir=/var/folders/2l/zp0wk9q9097fqhyymq39vg880000gn/T

[Fri Jul 29 13:09:02 2022]
Finished job 48.
2 of 4 steps (50%) done
Select jobs to execute...

[Fri Jul 29 13:09:02 2022]
rule runMeme:
    input: plot_data/SCN8A.DNA.trimmed.wTree.fa
    output: plot_data/SCN8A.DNA.trimmed.wTree.fa.MEME.json
    jobid: 49
    reason: Missing output files: plot_data/SCN8A.DNA.trimmed.wTree.fa.MEME.json
    wildcards: sample=SCN8A
    resources: tmpdir=/var/folders/2l/zp0wk9q9097fqhyymq39vg880000gn/T

[Fri Jul 29 22:11:33 2022]
Finished job 49.
3 of 4 steps (75%) done
Select jobs to execute...

[Fri Jul 29 22:11:33 2022]
localrule all:
    input: ../../Data/alignments_full_assemb/align_SCN1A/SCN1A.t68d10k45.all.renamed.fa.mafft, ../../Data/alignments_full_assemb/align_SCN2A/SCN2A.t68d10k45.all.renamed.fa.mafft, ../../Data/alignments_full_assemb/align_SCN3A/SCN3A.t68d10k45.all.renamed.fa.mafft, ../../Data/alignments_full_assemb/align_SCN4A/SCN4A.t68d10k45.all.renamed.fa.mafft, ../../Data/alignments_full_assemb/align_SCN5A/SCN5A.t68d10k45.all.renamed.fa.mafft, ../../Data/alignments_full_assemb/align_SCN8A/SCN8A.t68d10k45.all.renamed.fa.mafft, ../../Data/alignments_full_assemb/align_SCN1A/SCN1A.t68d10k45.all.renamed.fa.mafft.noStars, ../../Data/alignments_full_assemb/align_SCN2A/SCN2A.t68d10k45.all.renamed.fa.mafft.noStars, ../../Data/alignments_full_assemb/align_SCN3A/SCN3A.t68d10k45.all.renamed.fa.mafft.noStars, ../../Data/alignments_full_assemb/align_SCN4A/SCN4A.t68d10k45.all.renamed.fa.mafft.noStars, ../../Data/alignments_full_assemb/align_SCN5A/SCN5A.t68d10k45.all.renamed.fa.mafft.noStars, ../../Data/alignments_full_assemb/align_SCN8A/SCN8A.t68d10k45.all.renamed.fa.mafft.noStars, plot_data/SCN1A.fa, plot_data/SCN2A.fa, plot_data/SCN3A.fa, plot_data/SCN4A.fa, plot_data/SCN5A.fa, plot_data/SCN8A.fa, plot_data/SCN1A.DNA.fa, plot_data/SCN2A.DNA.fa, plot_data/SCN3A.DNA.fa, plot_data/SCN4A.DNA.fa, plot_data/SCN5A.DNA.fa, plot_data/SCN8A.DNA.fa, plot_data/SCN1A.columns, plot_data/SCN3A.columns, plot_data/SCN4A.columns, plot_data/SCN5A.columns, plot_data/SCN8A.columns, plot_data/SCN1A.DNA.trimmed.fa, plot_data/SCN3A.DNA.trimmed.fa, plot_data/SCN4A.DNA.trimmed.fa, plot_data/SCN5A.DNA.trimmed.fa, plot_data/SCN8A.DNA.trimmed.fa, plot_data/SCN1A.DNA.trimmed.fa.raxml.bestTree, plot_data/SCN3A.DNA.trimmed.fa.raxml.bestTree, plot_data/SCN4A.DNA.trimmed.fa.raxml.bestTree, plot_data/SCN5A.DNA.trimmed.fa.raxml.bestTree, plot_data/SCN8A.DNA.trimmed.fa.raxml.bestTree, plot_data/SCN1A.DNA.trimmed.wTree.fa, plot_data/SCN3A.DNA.trimmed.wTree.fa, plot_data/SCN4A.DNA.trimmed.wTree.fa, plot_data/SCN5A.DNA.trimmed.wTree.fa, plot_data/SCN8A.DNA.trimmed.wTree.fa, plot_data/SCN1A.DNA.trimmed.wTree.fa.MEME.json, plot_data/SCN3A.DNA.trimmed.wTree.fa.MEME.json, plot_data/SCN4A.DNA.trimmed.wTree.fa.MEME.json, plot_data/SCN5A.DNA.trimmed.wTree.fa.MEME.json, plot_data/SCN8A.DNA.trimmed.wTree.fa.MEME.json, plot_data/SCN1A.PROT.trimmed.fa, plot_data/SCN3A.PROT.trimmed.fa, plot_data/SCN4A.PROT.trimmed.fa, plot_data/SCN5A.PROT.trimmed.fa, plot_data/SCN8A.PROT.trimmed.fa
    jobid: 0
    reason: Input files updated by another job: plot_data/SCN5A.DNA.trimmed.wTree.fa.MEME.json, plot_data/SCN3A.DNA.trimmed.wTree.fa.MEME.json, plot_data/SCN8A.DNA.trimmed.wTree.fa.MEME.json
    resources: tmpdir=/var/folders/2l/zp0wk9q9097fqhyymq39vg880000gn/T

[Fri Jul 29 22:11:33 2022]
Finished job 0.
4 of 4 steps (100%) done
Complete log: .snakemake/log/2022-07-28T091708.116180.snakemake.log
