Building DAG of jobs...
Using shell: /bin/bash
Provided cores: 1 (use --cores to define parallelism)
Rules claiming more threads will be scaled down.
Job stats:
job               count    min threads    max threads
--------------  -------  -------------  -------------
all                   1              1              1
makeHyphyInput        5              1              1
total                 6              1              1

Select jobs to execute...

[Wed Jul 27 10:09:46 2022]
rule makeHyphyInput:
    input: plot_data/SCN8A.DNA.trimmed.fa.raxml.bestTree, plot_data/SCN8A.DNA.trimmed.fa
    output: plot_data/SCN8A.DNA.trimmed.wTree.fa
    jobid: 44
    reason: Missing output files: plot_data/SCN8A.DNA.trimmed.wTree.fa
    wildcards: sample=SCN8A
    resources: tmpdir=/var/folders/2l/zp0wk9q9097fqhyymq39vg880000gn/T

RuleException in line 110 of /Users/uricchio/projects/poison/sodiumChannelPaper/Figures/Figure2/Snakefile:
NameError: The name 'wlidcards' is unknown in this context. Please make sure that you defined that variable. Also note that braces not used for variable access have to be escaped by repeating them, i.e. {{print $1}}
