Building DAG of jobs...
Using shell: /bin/bash
Provided cores: 1 (use --cores to define parallelism)
Rules claiming more threads will be scaled down.
Job stats:
job                       count    min threads    max threads
----------------------  -------  -------------  -------------
all                           1              1              1
get_remaining_DNA_seqs        6              1              1
makeDNA                       5              1              1
trim_bad_columns              5              1              1
trim_bad_seqs                 3              1              1
total                        20              1              1

Select jobs to execute...

[Tue Jul 26 16:06:28 2022]
rule trim_bad_columns:
    input: ../../Data/alignments_full_assemb/align_SCN5A/SCN5A.t68d10k45.all.renamed.fa.mafft.noStars
    output: plot_data/SCN5A.columns
    jobid: 28
    reason: Missing output files: plot_data/SCN5A.columns
    wildcards: sample=SCN5A
    resources: tmpdir=/var/folders/2l/zp0wk9q9097fqhyymq39vg880000gn/T

[Tue Jul 26 16:06:28 2022]
Error in rule trim_bad_columns:
    jobid: 28
    output: plot_data/SCN5A.columns
    shell:
        ./trimAlCol.sh SCN5A -> plot_data/SCN5A.columns
        (one of the commands exited with non-zero exit code; note that snakemake uses bash strict mode!)

Removing output files of failed job trim_bad_columns since they might be corrupted:
plot_data/SCN5A.columns
Shutting down, this might take some time.
Exiting because a job execution failed. Look above for error message
Complete log: .snakemake/log/2022-07-26T160628.574762.snakemake.log
