Building DAG of jobs...
Using shell: /bin/bash
Provided cores: 1 (use --cores to define parallelism)
Rules claiming more threads will be scaled down.
Job stats:
job                       count    min threads    max threads
----------------------  -------  -------------  -------------
all                           1              1              1
get_remaining_DNA_seqs        6              1              1
makeDNA                       5              1              1
trim_bad_columns              5              1              1
trim_bad_seqs                 6              1              1
total                        23              1              1

Select jobs to execute...

[Tue Jul 26 20:16:57 2022]
rule trim_bad_seqs:
    input: ../../Data/alignments_full_assemb/align_SCN8A/SCN8A.t68d10k45.all.renamed.fa.mafft.noStars
    output: plot_data/SCN8A.fa, plot_data/SCN8A.1.columns
    jobid: 18
    reason: Missing output files: plot_data/SCN8A.fa
    wildcards: sample=SCN8A
    resources: tmpdir=/var/folders/2l/zp0wk9q9097fqhyymq39vg880000gn/T

Waiting at most 5 seconds for missing files.
Terminating processes on user request, this might take some time.
Complete log: .snakemake/log/2022-07-26T201657.396899.snakemake.log
