Building DAG of jobs...
Using shell: /bin/bash
Provided cores: 1 (use --cores to define parallelism)
Rules claiming more threads will be scaled down.
Job stats:
job              count    min threads    max threads
-------------  -------  -------------  -------------
all                  1              1              1
trim_bad_seqs        5              1              1
total                6              1              1

Select jobs to execute...

[Tue Jul 26 11:22:23 2022]
rule trim_bad_seqs:
    input: ../../Data/alignments_full_assemb/align_SCN3A
    output: plot_data/SCN3A.fa
    jobid: 3
    reason: Missing output files: plot_data/SCN3A.fa
    wildcards: sample=SCN3A
    resources: tmpdir=/var/folders/2l/zp0wk9q9097fqhyymq39vg880000gn/T

[Tue Jul 26 11:22:23 2022]
Finished job 3.
1 of 6 steps (17%) done
Select jobs to execute...

[Tue Jul 26 11:22:23 2022]
rule trim_bad_seqs:
    input: ../../Data/alignments_full_assemb/align_SCN2A
    output: plot_data/SCN2A.fa
    jobid: 2
    reason: Missing output files: plot_data/SCN2A.fa
    wildcards: sample=SCN2A
    resources: tmpdir=/var/folders/2l/zp0wk9q9097fqhyymq39vg880000gn/T

[Tue Jul 26 11:22:23 2022]
Finished job 2.
2 of 6 steps (33%) done
Select jobs to execute...

[Tue Jul 26 11:22:23 2022]
rule trim_bad_seqs:
    input: ../../Data/alignments_full_assemb/align_SCN8A
    output: plot_data/SCN8A.fa
    jobid: 6
    reason: Missing output files: plot_data/SCN8A.fa
    wildcards: sample=SCN8A
    resources: tmpdir=/var/folders/2l/zp0wk9q9097fqhyymq39vg880000gn/T

[Tue Jul 26 11:22:23 2022]
Finished job 6.
3 of 6 steps (50%) done
Select jobs to execute...

[Tue Jul 26 11:22:23 2022]
rule trim_bad_seqs:
    input: ../../Data/alignments_full_assemb/align_SCN4A
    output: plot_data/SCN4A.fa
    jobid: 4
    reason: Missing output files: plot_data/SCN4A.fa
    wildcards: sample=SCN4A
    resources: tmpdir=/var/folders/2l/zp0wk9q9097fqhyymq39vg880000gn/T

[Tue Jul 26 11:22:23 2022]
Finished job 4.
4 of 6 steps (67%) done
Select jobs to execute...

[Tue Jul 26 11:22:23 2022]
rule trim_bad_seqs:
    input: ../../Data/alignments_full_assemb/align_SCN5A
    output: plot_data/SCN5A.fa
    jobid: 5
    reason: Missing output files: plot_data/SCN5A.fa
    wildcards: sample=SCN5A
    resources: tmpdir=/var/folders/2l/zp0wk9q9097fqhyymq39vg880000gn/T

[Tue Jul 26 11:22:24 2022]
Finished job 5.
5 of 6 steps (83%) done
Select jobs to execute...

[Tue Jul 26 11:22:24 2022]
localrule all:
    input: plot_data/SCN1A.fa, plot_data/SCN2A.fa, plot_data/SCN3A.fa, plot_data/SCN4A.fa, plot_data/SCN5A.fa, plot_data/SCN8A.fa
    jobid: 0
    reason: Input files updated by another job: plot_data/SCN4A.fa, plot_data/SCN2A.fa, plot_data/SCN3A.fa, plot_data/SCN8A.fa, plot_data/SCN5A.fa
    resources: tmpdir=/var/folders/2l/zp0wk9q9097fqhyymq39vg880000gn/T

[Tue Jul 26 11:22:24 2022]
Finished job 0.
6 of 6 steps (100%) done
Complete log: .snakemake/log/2022-07-26T112223.255479.snakemake.log
