
RAxML-NG v. 1.0.0 released on 07.08.2020 by The Exelixis Lab.
Developed by: Alexey M. Kozlov and Alexandros Stamatakis.
Contributors: Diego Darriba, Tomas Flouri, Benoit Morel, Sarah Lutteropp, Ben Bettisworth.
Latest version: https://github.com/amkozlov/raxml-ng
Questions/problems/suggestions? Please visit: https://groups.google.com/forum/#!forum/raxml

System: Intel(R) Xeon(R) CPU E5-2670 v2 @ 2.50GHz, 20 cores, 62 GB RAM

RAxML-NG was called at 11-May-2021 03:34:13 as follows:

/global/home/users/uricchio/software/raxml-ng-master/raxml-ng --model PROTGTR --prefix trees_xenPum_ref/t76d10k45.orig --redo --msa trees_xenPum_ref/t76d10k45.orig.raxml.rba

Analysis options:
  run mode: ML tree search
  start tree(s): random (10) + parsimony (10)
  random seed: 1620729253
  tip-inner: OFF
  pattern compression: ON
  per-rate scalers: OFF
  site repeats: ON
  fast spr radius: AUTO
  spr subtree cutoff: 1.000000
  branch lengths: proportional (ML estimate, algorithm: NR-FAST)
  SIMD kernels: AVX
  parallelization: coarse-grained (auto), PTHREADS (auto)

WARNING: Running in REDO mode: existing checkpoints are ignored, and all result files will be overwritten!

WARNING: The model you specified on the command line (PROTGTR) will be ignored 
         since the binary MSA file already contains a model definition.
         If you want to change the model, please re-run RAxML-NG 
         with the original PHYLIP/FASTA alignment and --redo option.

[00:00:00] Loading binary alignment from file: trees_xenPum_ref/t76d10k45.orig.raxml.rba
[00:00:00] Alignment comprises 60 taxa, 1 partitions and 2089 patterns

Partition 0: noname
Model: PROTGTR+FO
Alignment sites / patterns: 2773 / 2089
Gaps: 42.78 %
Invariant sites: 44.14 %


Parallelization scheme autoconfig: 10 worker(s) x 2 thread(s)

Parallel reduction/worker buffer size: 1 KB  / 0 KB

[00:00:00] Generating 10 random starting tree(s) with 60 taxa
[00:00:00] Generating 10 parsimony starting tree(s) with 60 taxa
[00:00:00] Data distribution: max. partitions/sites/weight per thread: 1 / 1045 / 20900
[00:00:00] Data distribution: max. searches per worker: 2

Starting ML tree search with 20 distinct starting trees

[00:00:00 -104277.125522] Initial branch length optimization
[00:00:00 -95437.945708] Model parameter optimization (eps = 10.000000)
[00:21:12 -86535.201785] AUTODETECT spr round 1 (radius: 5)
[00:21:14 -43858.827356] AUTODETECT spr round 2 (radius: 10)
[00:21:19 -40309.171438] AUTODETECT spr round 3 (radius: 15)
[00:21:22 -40309.171003] SPR radius for FAST iterations: 10 (autodetect)
[00:21:22 -40309.171003] Model parameter optimization (eps = 3.000000)
[00:27:31] [worker #6] ML tree search #7, logLikelihood: -39201.196488
[00:28:34] [worker #4] ML tree search #5, logLikelihood: -39205.802411
[00:30:43 -40054.140952] FAST spr round 1 (radius: 10)
[00:30:48 -39275.280890] FAST spr round 2 (radius: 10)
[00:30:51 -39233.516105] FAST spr round 3 (radius: 10)
[00:30:54 -39232.749006] FAST spr round 4 (radius: 10)
[00:30:57 -39232.156001] FAST spr round 5 (radius: 10)
[00:30:59 -39231.781123] FAST spr round 6 (radius: 10)
[00:31:02 -39228.069359] FAST spr round 7 (radius: 10)
[00:31:05 -39217.558375] FAST spr round 8 (radius: 10)
[00:31:08 -39217.558373] Model parameter optimization (eps = 1.000000)
[00:32:13] [worker #9] ML tree search #10, logLikelihood: -39201.233635
[00:33:07] [worker #5] ML tree search #6, logLikelihood: -39201.226030
[00:33:34 -39201.313761] SLOW spr round 1 (radius: 5)
[00:33:40] [worker #7] ML tree search #8, logLikelihood: -39201.197839
[00:33:41 -39201.313607] SLOW spr round 2 (radius: 10)
[00:33:49 -39201.313607] SLOW spr round 3 (radius: 15)
[00:33:57 -39201.313607] SLOW spr round 4 (radius: 20)
[00:34:00 -39201.313607] SLOW spr round 5 (radius: 25)
[00:34:00 -39201.313607] Model parameter optimization (eps = 0.100000)

[00:34:43] [worker #0] ML tree search #1, logLikelihood: -39201.216948

[00:34:43 -51959.169206] Initial branch length optimization
[00:34:43 -42709.122760] Model parameter optimization (eps = 10.000000)
[00:37:36] [worker #1] ML tree search #2, logLikelihood: -39201.227416
[00:40:00] [worker #2] ML tree search #3, logLikelihood: -39201.197853
[00:41:20] [worker #6] ML tree search #17, logLikelihood: -39201.212237
[00:42:01] [worker #8] ML tree search #9, logLikelihood: -39201.206222
[00:42:04 -39292.820575] AUTODETECT spr round 1 (radius: 5)
[00:42:06 -39228.310513] AUTODETECT spr round 2 (radius: 10)
[00:42:10 -39228.310373] SPR radius for FAST iterations: 5 (autodetect)
[00:42:10 -39228.310373] Model parameter optimization (eps = 3.000000)
[00:43:03] [worker #4] ML tree search #15, logLikelihood: -39201.198201
[00:43:36] [worker #3] ML tree search #4, logLikelihood: -39205.855180
[00:45:55 -39224.489496] FAST spr round 1 (radius: 5)
[00:45:57 -39205.371214] FAST spr round 2 (radius: 5)
[00:46:00 -39204.598632] FAST spr round 3 (radius: 5)
[00:46:02 -39203.194012] FAST spr round 4 (radius: 5)
[00:46:05 -39203.194010] Model parameter optimization (eps = 1.000000)
[00:46:12] [worker #9] ML tree search #20, logLikelihood: -39201.253676
[00:47:15] [worker #7] ML tree search #18, logLikelihood: -39201.217657
[00:48:08] [worker #5] ML tree search #16, logLikelihood: -39201.198594
[00:49:02 -39201.215751] SLOW spr round 1 (radius: 5)
[00:49:09 -39201.215697] SLOW spr round 2 (radius: 10)
[00:49:16 -39201.215697] SLOW spr round 3 (radius: 15)
[00:49:24 -39201.215697] SLOW spr round 4 (radius: 20)
[00:49:26 -39201.215697] SLOW spr round 5 (radius: 25)
[00:49:26 -39201.215697] Model parameter optimization (eps = 0.100000)

[00:49:54] [worker #0] ML tree search #11, logLikelihood: -39201.197201

[00:51:39] [worker #1] ML tree search #12, logLikelihood: -39201.205723
[00:52:47] [worker #2] ML tree search #13, logLikelihood: -39204.889749
[00:54:23] [worker #8] ML tree search #19, logLikelihood: -39204.897160
[00:56:45] [worker #3] ML tree search #14, logLikelihood: -39201.215788

Optimized model parameters:

   Partition 0: noname
   Rate heterogeneity: NONE
   Base frequencies (ML): 0.050546 0.040226 0.054426 0.047206 0.025029 0.022320 0.056388 0.056441 0.013254 0.085901 0.110801 0.054859 0.037072 0.077785 0.037369 0.065469 0.047326 0.014887 0.033169 0.069524 
   Substitution rates (ML): 0.141050 1.168541 2.031173 1.747700 4.114615 3.130319 3.455739 1.701116 1.844812 0.804516 2.133595 0.345054 0.646414 5.179322 9.870625 11.945416 0.650708 1.352309 7.266283 1.578523 0.313187 1.760245 11.810060 1.285112 2.102034 14.824821 1.277869 0.856797 18.322546 1.592163 0.768458 0.742921 2.272317 2.266202 0.292873 1.794259 0.725892 8.446050 0.920607 3.112706 1.020281 1.660422 21.555389 0.982951 0.541616 4.561899 1.126768 0.254375 0.269398 7.011679 4.776229 0.679512 2.374566 0.528919 0.675768 2.155761 21.352863 3.289661 4.898998 0.498471 0.199766 1.460330 0.001000 0.389236 1.407584 1.751616 1.493857 0.001000 0.652983 0.355844 1.259407 0.556034 1.975189 0.001000 1.477438 1.287969 0.348560 0.841457 2.420746 0.258293 4.379660 1.599992 4.970448 2.483400 1.013741 9.565265 1.090138 34.660477 0.345527 3.606120 11.565511 4.356751 0.560285 5.789298 2.657490 2.526903 1.776985 1.964350 0.876827 2.396659 1.559502 0.574731 0.897899 3.129221 0.785321 0.238621 1.650265 1.830883 1.769305 0.001000 0.325151 2.198548 2.062993 0.210192 0.432348 1.029211 0.323595 0.361090 0.511423 5.375956 2.049166 0.868587 0.762550 1.053665 0.051854 3.160317 1.916096 2.219137 0.966682 2.521810 2.393787 1.486190 0.001000 21.840049 0.783226 4.974709 1.081539 6.157573 2.423924 0.737859 0.873347 3.671734 1.350478 0.963120 14.353093 0.742463 7.765582 3.601492 1.833813 1.066882 1.400975 0.846137 1.890636 4.427371 1.102016 0.461531 2.195386 1.956083 2.566352 0.001000 1.264754 1.768584 1.546310 0.352483 0.714577 2.513965 0.898790 0.261114 3.976009 0.075279 1.450183 0.661504 1.570454 12.643102 1.736056 5.357325 2.633335 0.001000 0.379369 0.549723 10.935076 0.001000 1.668040 0.885078 0.015679 1.477440 3.853112 4.853179 0.201951 1.000000 


Final LogLikelihood: -39201.196488

AIC score: 79052.392976 / AICc score: 79138.988807 / BIC score: 80978.890616
Free parameters (model + branch lengths): 325

Best ML tree saved to: /global/home/users/uricchio/software/HybPiper-master/sodiumChannelPaperAnalyses/trees_xenPum_ref/t76d10k45.orig.raxml.bestTree
All ML trees saved to: /global/home/users/uricchio/software/HybPiper-master/sodiumChannelPaperAnalyses/trees_xenPum_ref/t76d10k45.orig.raxml.mlTrees
Optimized model saved to: /global/home/users/uricchio/software/HybPiper-master/sodiumChannelPaperAnalyses/trees_xenPum_ref/t76d10k45.orig.raxml.bestModel

Execution log saved to: /global/home/users/uricchio/software/HybPiper-master/sodiumChannelPaperAnalyses/trees_xenPum_ref/t76d10k45.orig.raxml.log

Analysis started: 11-May-2021 03:34:13 / finished: 11-May-2021 04:30:58

Elapsed time: 3405.222 seconds

Consumed energy: 217.403 Wh (= 1 km in an electric car, or 5 km with an e-scooter!)

